#
# There is insufficient memory for the Java Runtime Environment to continue.
# Native memory allocation (malloc) failed to allocate 795536 bytes for Chunk::new
# Possible reasons:
#   The system is out of physical RAM or swap space
#   The process is running with CompressedOops enabled, and the Java Heap may be blocking the growth of the native heap
# Possible solutions:
#   Reduce memory load on the system
#   Increase physical memory or swap space
#   Check if swap backing store is full
#   Decrease Java heap size (-Xmx/-Xms)
#   Decrease number of Java threads
#   Decrease Java thread stack sizes (-Xss)
#   Set larger code cache with -XX:ReservedCodeCacheSize=
#   JVM is running with Unscaled Compressed Oops mode in which the Java heap is
#     placed in the first 4GB address space. The Java Heap base address is the
#     maximum limit for the native heap growth. Please use -XX:HeapBaseMinAddress
#     to set the Java Heap base and to place the Java Heap above 4GB virtual address.
# This output file may be truncated or incomplete.
#
#  Out of Memory Error (arena.cpp:189), pid=18784, tid=12004
#
# JRE version: OpenJDK Runtime Environment (17.0.6) (build 17.0.6+0-b2043.56-9586694)
# Java VM: OpenJDK 64-Bit Server VM (17.0.6+0-b2043.56-9586694, mixed mode, tiered, compressed oops, compressed class ptrs, g1 gc, windows-amd64)
# No core dump will be written. Minidumps are not enabled by default on client versions of Windows
#

---------------  S U M M A R Y ------------

Command Line: --add-opens=java.base/java.util=ALL-UNNAMED --add-opens=java.base/java.lang=ALL-UNNAMED --add-opens=java.base/java.lang.invoke=ALL-UNNAMED --add-opens=java.prefs/java.util.prefs=ALL-UNNAMED --add-opens=java.base/java.nio.charset=ALL-UNNAMED --add-opens=java.base/java.net=ALL-UNNAMED --add-opens=java.base/java.util.concurrent.atomic=ALL-UNNAMED -Xmx2048m -Dfile.encoding=UTF-8 -Duser.country=BR -Duser.language=pt -Duser.variant org.gradle.launcher.daemon.bootstrap.GradleDaemon 8.0

Host: 11th Gen Intel(R) Core(TM) i3-1115G4 @ 3.00GHz, 4 cores, 3G,  Windows 11 , 64 bit Build 22621 (10.0.22621.2070)
Time: Tue Sep  5 19:11:31 2023 Hora oficial do Brasil elapsed time: 28.331468 seconds (0d 0h 0m 28s)

---------------  T H R E A D  ---------------

Current thread (0x00000207f964ba80):  JavaThread "C2 CompilerThread1" daemon [_thread_in_native, id=12004, stack(0x0000003875200000,0x0000003875300000)]


Current CompileTask:
C2:  28331 6310   !   4       java.util.jar.Attributes::read (494 bytes)

Stack: [0x0000003875200000,0x0000003875300000]
Native frames: (J=compiled Java code, j=interpreted, Vv=VM code, C=native code)
V  [jvm.dll+0x683b4a]
V  [jvm.dll+0x842654]
V  [jvm.dll+0x843dfe]
V  [jvm.dll+0x844463]
V  [jvm.dll+0x249b75]
V  [jvm.dll+0xabcac]
V  [jvm.dll+0xac27c]
V  [jvm.dll+0x368857]
V  [jvm.dll+0x1bced2]
V  [jvm.dll+0x21c359]
V  [jvm.dll+0x21b621]
V  [jvm.dll+0x1a4fdd]
V  [jvm.dll+0x22b098]
V  [jvm.dll+0x229159]
V  [jvm.dll+0x7f809c]
V  [jvm.dll+0x7f25fa]
V  [jvm.dll+0x682985]
C  [ucrtbase.dll+0x29363]
C  [KERNEL32.DLL+0x126ad]
C  [ntdll.dll+0x5aa68]


---------------  P R O C E S S  ---------------

Threads class SMR info:
_java_thread_list=0x00000207fc7006e0, length=82, elements={
0x00000207db179e50, 0x00000207f4733250, 0x00000207f4735e10, 0x00000207f475a4e0,
0x00000207f475b090, 0x00000207f46ff630, 0x00000207f4701f00, 0x00000207f4702af0,
0x00000207f4706820, 0x00000207f476e7b0, 0x00000207f528b320, 0x00000207f528d800,
0x00000207f68ec510, 0x00000207f7835b00, 0x00000207f5b9a420, 0x00000207f6a53300,
0x00000207f60bc030, 0x00000207f686b060, 0x00000207f86d34e0, 0x00000207d8fd56f0,
0x00000207f5e72060, 0x00000207f5e72530, 0x00000207f5e733a0, 0x00000207f5e75080,
0x00000207f5e74bb0, 0x00000207f5e746e0, 0x00000207f5e74210, 0x00000207f5e73870,
0x00000207f5e73d40, 0x00000207f5e72a00, 0x00000207f5e75a20, 0x00000207f5e75550,
0x00000207f69fca00, 0x00000207f6a00890, 0x00000207f6a02570, 0x00000207f69fd3a0,
0x00000207f6a033e0, 0x00000207f69fced0, 0x00000207f6a038b0, 0x00000207f69fc530,
0x00000207f69fc060, 0x00000207f69fd870, 0x00000207f69fe210, 0x00000207f6a01230,
0x00000207f69fdd40, 0x00000207f69ff550, 0x00000207f69ffef0, 0x00000207f69febb0,
0x00000207f69fe6e0, 0x00000207f69ff080, 0x00000207f6a00d60, 0x00000207f6a01700,
0x00000207f6a01bd0, 0x00000207f81d2010, 0x00000207f81d6370, 0x00000207f81d5030,
0x00000207f81d71e0, 0x00000207f81d1b40, 0x00000207f81cfe60, 0x00000207f81d59d0,
0x00000207f81d6840, 0x00000207f81d11a0, 0x00000207f81d1670, 0x00000207f81d2e80,
0x00000207f81d29b0, 0x00000207f81d6d10, 0x00000207f81d24e0, 0x00000207f81d76b0,
0x00000207f81d3cf0, 0x00000207f81d0330, 0x00000207f81d5500, 0x00000207f81d5ea0,
0x00000207f81d0800, 0x00000207f81d3350, 0x00000207f81d41c0, 0x00000207f81d0cd0,
0x00000207f81d3820, 0x00000207f81d4690, 0x00000207f81d4b60, 0x00000207f9f173d0,
0x00000207f9f16f00, 0x00000207f964ba80
}

Java Threads: ( => current thread )
  0x00000207db179e50 JavaThread "main" [_thread_blocked, id=9316, stack(0x000000386f700000,0x000000386f800000)]
  0x00000207f4733250 JavaThread "Reference Handler" daemon [_thread_blocked, id=13100, stack(0x000000386fe00000,0x000000386ff00000)]
  0x00000207f4735e10 JavaThread "Finalizer" daemon [_thread_blocked, id=20504, stack(0x000000386ff00000,0x0000003870000000)]
  0x00000207f475a4e0 JavaThread "Signal Dispatcher" daemon [_thread_blocked, id=21328, stack(0x0000003870000000,0x0000003870100000)]
  0x00000207f475b090 JavaThread "Attach Listener" daemon [_thread_blocked, id=10428, stack(0x0000003870100000,0x0000003870200000)]
  0x00000207f46ff630 JavaThread "Service Thread" daemon [_thread_blocked, id=16820, stack(0x0000003870200000,0x0000003870300000)]
  0x00000207f4701f00 JavaThread "Monitor Deflation Thread" daemon [_thread_blocked, id=8360, stack(0x0000003870300000,0x0000003870400000)]
  0x00000207f4702af0 JavaThread "C2 CompilerThread0" daemon [_thread_in_native, id=16900, stack(0x0000003870400000,0x0000003870500000)]
  0x00000207f4706820 JavaThread "C1 CompilerThread0" daemon [_thread_blocked, id=10436, stack(0x0000003870500000,0x0000003870600000)]
  0x00000207f476e7b0 JavaThread "Sweeper thread" daemon [_thread_blocked, id=19012, stack(0x0000003870600000,0x0000003870700000)]
  0x00000207f528b320 JavaThread "Common-Cleaner" daemon [_thread_blocked, id=19248, stack(0x0000003870700000,0x0000003870800000)]
  0x00000207f528d800 JavaThread "Notification Thread" daemon [_thread_blocked, id=8920, stack(0x0000003870800000,0x0000003870900000)]
  0x00000207f68ec510 JavaThread "Daemon health stats" [_thread_blocked, id=11960, stack(0x0000003870d00000,0x0000003870e00000)]
  0x00000207f7835b00 JavaThread "Incoming local TCP Connector on port 56945" [_thread_in_native, id=19388, stack(0x0000003870e00000,0x0000003870f00000)]
  0x00000207f5b9a420 JavaThread "Daemon periodic checks" [_thread_blocked, id=19408, stack(0x0000003870f00000,0x0000003871000000)]
  0x00000207f6a53300 JavaThread "Daemon" [_thread_blocked, id=5288, stack(0x0000003871000000,0x0000003871100000)]
  0x00000207f60bc030 JavaThread "Handler for socket connection from /127.0.0.1:56945 to /127.0.0.1:56946" [_thread_in_native, id=15500, stack(0x0000003871100000,0x0000003871200000)]
  0x00000207f686b060 JavaThread "Cancel handler" [_thread_blocked, id=15196, stack(0x0000003871200000,0x0000003871300000)]
  0x00000207f86d34e0 JavaThread "Daemon worker" [_thread_in_Java, id=17588, stack(0x0000003871300000,0x0000003871400000)]
  0x00000207d8fd56f0 JavaThread "Asynchronous log dispatcher for DefaultDaemonConnection: socket connection from /127.0.0.1:56945 to /127.0.0.1:56946" [_thread_blocked, id=4928, stack(0x0000003871400000,0x0000003871500000)]
  0x00000207f5e72060 JavaThread "Stdin handler" [_thread_blocked, id=6576, stack(0x0000003871500000,0x0000003871600000)]
  0x00000207f5e72530 JavaThread "Daemon client event forwarder" [_thread_blocked, id=8632, stack(0x0000003871600000,0x0000003871700000)]
  0x00000207f5e733a0 JavaThread "Cache worker for journal cache (C:\Users\SuportSofh\.gradle\caches\journal-1)" [_thread_blocked, id=5468, stack(0x0000003871700000,0x0000003871800000)]
  0x00000207f5e75080 JavaThread "File lock request listener" [_thread_in_native, id=10760, stack(0x0000003871800000,0x0000003871900000)]
  0x00000207f5e74bb0 JavaThread "Cache worker for file hash cache (C:\Users\SuportSofh\.gradle\caches\8.0\fileHashes)" [_thread_blocked, id=7132, stack(0x0000003871900000,0x0000003871a00000)]
  0x00000207f5e746e0 JavaThread "File watcher server" daemon [_thread_in_native, id=17080, stack(0x0000003871a00000,0x0000003871b00000)]
  0x00000207f5e74210 JavaThread "File watcher consumer" daemon [_thread_blocked, id=8356, stack(0x0000003871b00000,0x0000003871c00000)]
  0x00000207f5e73870 JavaThread "Cache worker for checksums cache (C:\AndroidStudio\Mechanic\.gradle\8.0\checksums)" [_thread_blocked, id=7504, stack(0x0000003871c00000,0x0000003871d00000)]
  0x00000207f5e73d40 JavaThread "Cache worker for cache directory md-rule (C:\Users\SuportSofh\.gradle\caches\8.0\md-rule)" [_thread_blocked, id=16080, stack(0x0000003871d00000,0x0000003871e00000)]
  0x00000207f5e72a00 JavaThread "Cache worker for file content cache (C:\Users\SuportSofh\.gradle\caches\8.0\fileContent)" [_thread_blocked, id=21356, stack(0x0000003871e00000,0x0000003871f00000)]
  0x00000207f5e75a20 JavaThread "Cache worker for file hash cache (C:\AndroidStudio\Mechanic\.gradle\8.0\fileHashes)" [_thread_blocked, id=10432, stack(0x0000003871f00000,0x0000003872000000)]
  0x00000207f5e75550 JavaThread "Cache worker for cache directory md-supplier (C:\Users\SuportSofh\.gradle\caches\8.0\md-supplier)" [_thread_blocked, id=6256, stack(0x0000003872000000,0x0000003872100000)]
  0x00000207f69fca00 JavaThread "Cache worker for execution history cache (C:\Users\SuportSofh\.gradle\caches\8.0\executionHistory)" [_thread_blocked, id=20028, stack(0x0000003872100000,0x0000003872200000)]
  0x00000207f6a00890 JavaThread "jar transforms" [_thread_blocked, id=20716, stack(0x0000003872200000,0x0000003872300000)]
  0x00000207f6a02570 JavaThread "jar transforms Thread 2" [_thread_blocked, id=10676, stack(0x0000003872300000,0x0000003872400000)]
  0x00000207f69fd3a0 JavaThread "jar transforms Thread 3" [_thread_blocked, id=1044, stack(0x0000003872400000,0x0000003872500000)]
  0x00000207f6a033e0 JavaThread "jar transforms Thread 4" [_thread_blocked, id=9256, stack(0x0000003872500000,0x0000003872600000)]
  0x00000207f69fced0 JavaThread "Cache worker for dependencies-accessors (C:\AndroidStudio\Mechanic\.gradle\8.0\dependencies-accessors)" [_thread_blocked, id=12124, stack(0x0000003872600000,0x0000003872700000)]
  0x00000207f6a038b0 JavaThread "Cache worker for Build Output Cleanup Cache (C:\AndroidStudio\Mechanic\.gradle\buildOutputCleanup)" [_thread_blocked, id=21040, stack(0x0000003872700000,0x0000003872800000)]
  0x00000207f69fc530 JavaThread "Unconstrained build operations" [_thread_blocked, id=2584, stack(0x0000003872800000,0x0000003872900000)]
  0x00000207f69fc060 JavaThread "Unconstrained build operations Thread 2" [_thread_blocked, id=9096, stack(0x0000003872900000,0x0000003872a00000)]
  0x00000207f69fd870 JavaThread "Unconstrained build operations Thread 3" [_thread_blocked, id=3588, stack(0x0000003872a00000,0x0000003872b00000)]
  0x00000207f69fe210 JavaThread "Unconstrained build operations Thread 4" [_thread_blocked, id=13044, stack(0x0000003872b00000,0x0000003872c00000)]
  0x00000207f6a01230 JavaThread "Unconstrained build operations Thread 5" [_thread_blocked, id=4680, stack(0x0000003872c00000,0x0000003872d00000)]
  0x00000207f69fdd40 JavaThread "Unconstrained build operations Thread 6" [_thread_blocked, id=18004, stack(0x0000003872d00000,0x0000003872e00000)]
  0x00000207f69ff550 JavaThread "Unconstrained build operations Thread 7" [_thread_blocked, id=7008, stack(0x0000003872e00000,0x0000003872f00000)]
  0x00000207f69ffef0 JavaThread "Unconstrained build operations Thread 8" [_thread_blocked, id=9532, stack(0x0000003872f00000,0x0000003873000000)]
  0x00000207f69febb0 JavaThread "Unconstrained build operations Thread 9" [_thread_blocked, id=2792, stack(0x0000003873000000,0x0000003873100000)]
  0x00000207f69fe6e0 JavaThread "Unconstrained build operations Thread 10" [_thread_blocked, id=19412, stack(0x0000003873100000,0x0000003873200000)]
  0x00000207f69ff080 JavaThread "Unconstrained build operations Thread 11" [_thread_blocked, id=16856, stack(0x0000003873200000,0x0000003873300000)]
  0x00000207f6a00d60 JavaThread "Unconstrained build operations Thread 12" [_thread_blocked, id=18388, stack(0x0000003873300000,0x0000003873400000)]
  0x00000207f6a01700 JavaThread "Unconstrained build operations Thread 13" [_thread_blocked, id=17364, stack(0x0000003873400000,0x0000003873500000)]
  0x00000207f6a01bd0 JavaThread "Unconstrained build operations Thread 14" [_thread_blocked, id=1312, stack(0x0000003873500000,0x0000003873600000)]
  0x00000207f81d2010 JavaThread "Unconstrained build operations Thread 15" [_thread_blocked, id=4132, stack(0x0000003873600000,0x0000003873700000)]
  0x00000207f81d6370 JavaThread "Unconstrained build operations Thread 16" [_thread_blocked, id=20240, stack(0x0000003873700000,0x0000003873800000)]
  0x00000207f81d5030 JavaThread "Unconstrained build operations Thread 17" [_thread_blocked, id=21148, stack(0x0000003873800000,0x0000003873900000)]
  0x00000207f81d71e0 JavaThread "Unconstrained build operations Thread 18" [_thread_blocked, id=2228, stack(0x0000003873900000,0x0000003873a00000)]
  0x00000207f81d1b40 JavaThread "Unconstrained build operations Thread 19" [_thread_blocked, id=19600, stack(0x0000003873a00000,0x0000003873b00000)]
  0x00000207f81cfe60 JavaThread "Unconstrained build operations Thread 20" [_thread_blocked, id=18572, stack(0x0000003873b00000,0x0000003873c00000)]
  0x00000207f81d59d0 JavaThread "Unconstrained build operations Thread 21" [_thread_blocked, id=17664, stack(0x0000003873c00000,0x0000003873d00000)]
  0x00000207f81d6840 JavaThread "Unconstrained build operations Thread 22" [_thread_blocked, id=4164, stack(0x0000003873d00000,0x0000003873e00000)]
  0x00000207f81d11a0 JavaThread "Unconstrained build operations Thread 23" [_thread_blocked, id=4876, stack(0x0000003873e00000,0x0000003873f00000)]
  0x00000207f81d1670 JavaThread "Unconstrained build operations Thread 24" [_thread_blocked, id=15128, stack(0x0000003873f00000,0x0000003874000000)]
  0x00000207f81d2e80 JavaThread "Unconstrained build operations Thread 25" [_thread_blocked, id=20800, stack(0x0000003874000000,0x0000003874100000)]
  0x00000207f81d29b0 JavaThread "Unconstrained build operations Thread 26" [_thread_blocked, id=3156, stack(0x0000003874100000,0x0000003874200000)]
  0x00000207f81d6d10 JavaThread "Unconstrained build operations Thread 27" [_thread_blocked, id=19812, stack(0x0000003874200000,0x0000003874300000)]
  0x00000207f81d24e0 JavaThread "Unconstrained build operations Thread 28" [_thread_blocked, id=7600, stack(0x0000003874300000,0x0000003874400000)]
  0x00000207f81d76b0 JavaThread "Unconstrained build operations Thread 29" [_thread_blocked, id=7944, stack(0x0000003874400000,0x0000003874500000)]
  0x00000207f81d3cf0 JavaThread "Unconstrained build operations Thread 30" [_thread_blocked, id=14012, stack(0x0000003874500000,0x0000003874600000)]
  0x00000207f81d0330 JavaThread "Unconstrained build operations Thread 31" [_thread_blocked, id=1464, stack(0x0000003874600000,0x0000003874700000)]
  0x00000207f81d5500 JavaThread "Unconstrained build operations Thread 32" [_thread_blocked, id=9860, stack(0x0000003874700000,0x0000003874800000)]
  0x00000207f81d5ea0 JavaThread "Unconstrained build operations Thread 33" [_thread_blocked, id=9968, stack(0x0000003874800000,0x0000003874900000)]
  0x00000207f81d0800 JavaThread "Unconstrained build operations Thread 34" [_thread_blocked, id=14308, stack(0x0000003874900000,0x0000003874a00000)]
  0x00000207f81d3350 JavaThread "Unconstrained build operations Thread 35" [_thread_blocked, id=276, stack(0x0000003874a00000,0x0000003874b00000)]
  0x00000207f81d41c0 JavaThread "Unconstrained build operations Thread 36" [_thread_blocked, id=3064, stack(0x0000003874b00000,0x0000003874c00000)]
  0x00000207f81d0cd0 JavaThread "Unconstrained build operations Thread 37" [_thread_blocked, id=16476, stack(0x0000003874c00000,0x0000003874d00000)]
  0x00000207f81d3820 JavaThread "Unconstrained build operations Thread 38" [_thread_blocked, id=9240, stack(0x0000003874d00000,0x0000003874e00000)]
  0x00000207f81d4690 JavaThread "Unconstrained build operations Thread 39" [_thread_blocked, id=8100, stack(0x0000003874e00000,0x0000003874f00000)]
  0x00000207f81d4b60 JavaThread "Unconstrained build operations Thread 40" [_thread_blocked, id=19876, stack(0x0000003874f00000,0x0000003875000000)]
  0x00000207f9f173d0 JavaThread "build event listener" [_thread_blocked, id=476, stack(0x0000003875000000,0x0000003875100000)]
  0x00000207f9f16f00 JavaThread "Memory manager" [_thread_blocked, id=4916, stack(0x0000003875100000,0x0000003875200000)]
=>0x00000207f964ba80 JavaThread "C2 CompilerThread1" daemon [_thread_in_native, id=12004, stack(0x0000003875200000,0x0000003875300000)]

Other Threads:
  0x00000207f471de50 VMThread "VM Thread" [stack: 0x000000386fd00000,0x000000386fe00000] [id=10936]
  0x00000207f528dcd0 WatcherThread [stack: 0x0000003870900000,0x0000003870a00000] [id=5204]
  0x00000207db1d63d0 GCTaskThread "GC Thread#0" [stack: 0x000000386f800000,0x000000386f900000] [id=1428]
  0x00000207f5a12710 GCTaskThread "GC Thread#1" [stack: 0x0000003870a00000,0x0000003870b00000] [id=14084]
  0x00000207f55b4370 GCTaskThread "GC Thread#2" [stack: 0x0000003870b00000,0x0000003870c00000] [id=1124]
  0x00000207f5da5d20 GCTaskThread "GC Thread#3" [stack: 0x0000003870c00000,0x0000003870d00000] [id=18092]
  0x00000207db1e7310 ConcurrentGCThread "G1 Main Marker" [stack: 0x000000386f900000,0x000000386fa00000] [id=20232]
  0x00000207db1e7d20 ConcurrentGCThread "G1 Conc#0" [stack: 0x000000386fa00000,0x000000386fb00000] [id=15808]
  0x00000207db222990 ConcurrentGCThread "G1 Refine#0" [stack: 0x000000386fb00000,0x000000386fc00000] [id=13096]
  0x00000207db2233b0 ConcurrentGCThread "G1 Service" [stack: 0x000000386fc00000,0x000000386fd00000] [id=9656]

Threads with active compile tasks:
C2 CompilerThread0    28397 6262   !   4       com.google.common.reflect.TypeVisitor::visit (244 bytes)
C2 CompilerThread1    28397 6310   !   4       java.util.jar.Attributes::read (494 bytes)

VM state: not at safepoint (normal execution)

VM Mutex/Monitor currently owned by a thread: None

Heap address: 0x0000000080000000, size: 2048 MB, Compressed Oops mode: 32-bit

CDS archive(s) not mapped
Compressed class space mapped at: 0x0000000100000000-0x0000000140000000, reserved size: 1073741824
Narrow klass base: 0x0000000000000000, Narrow klass shift: 3, Narrow klass range: 0x140000000

GC Precious Log:
 CPUs: 4 total, 4 available
 Memory: 3819M
 Large Page Support: Disabled
 NUMA Support: Disabled
 Compressed Oops: Enabled (32-bit)
 Heap Region Size: 1M
 Heap Min Capacity: 8M
 Heap Initial Capacity: 60M
 Heap Max Capacity: 2G
 Pre-touch: Disabled
 Parallel Workers: 4
 Concurrent Workers: 1
 Concurrent Refinement Workers: 4
 Periodic GC: Disabled

Heap:
 garbage-first heap   total 113664K, used 85585K [0x0000000080000000, 0x0000000100000000)
  region size 1024K, 46 young (47104K), 7 survivors (7168K)
 Metaspace       used 62871K, committed 63360K, reserved 1105920K
  class space    used 8267K, committed 8512K, reserved 1048576K

Heap Regions: E=young(eden), S=young(survivor), O=old, HS=humongous(starts), HC=humongous(continues), CS=collection set, F=free, OA=open archive, CA=closed archive, TAMS=top-at-mark-start (previous, next)
|   0|0x0000000080000000, 0x0000000080100000, 0x0000000080100000|100%| O|  |TAMS 0x0000000080100000, 0x0000000080100000| Untracked 
|   1|0x0000000080100000, 0x0000000080200000, 0x0000000080200000|100%| O|  |TAMS 0x0000000080200000, 0x0000000080200000| Untracked 
|   2|0x0000000080200000, 0x0000000080300000, 0x0000000080300000|100%|HS|  |TAMS 0x0000000080300000, 0x0000000080300000| Complete 
|   3|0x0000000080300000, 0x0000000080400000, 0x0000000080400000|100%|HC|  |TAMS 0x0000000080400000, 0x0000000080400000| Complete 
|   4|0x0000000080400000, 0x0000000080500000, 0x0000000080500000|100%|HC|  |TAMS 0x0000000080500000, 0x0000000080500000| Complete 
|   5|0x0000000080500000, 0x0000000080600000, 0x0000000080600000|100%|HC|  |TAMS 0x0000000080600000, 0x0000000080600000| Complete 
|   6|0x0000000080600000, 0x0000000080700000, 0x0000000080700000|100%| O|  |TAMS 0x0000000080700000, 0x0000000080700000| Untracked 
|   7|0x0000000080700000, 0x0000000080800000, 0x0000000080800000|100%| O|  |TAMS 0x0000000080800000, 0x0000000080800000| Untracked 
|   8|0x0000000080800000, 0x0000000080900000, 0x0000000080900000|100%| O|  |TAMS 0x0000000080900000, 0x0000000080900000| Untracked 
|   9|0x0000000080900000, 0x0000000080a00000, 0x0000000080a00000|100%| O|  |TAMS 0x0000000080a00000, 0x0000000080a00000| Untracked 
|  10|0x0000000080a00000, 0x0000000080b00000, 0x0000000080b00000|100%| O|  |TAMS 0x0000000080b00000, 0x0000000080b00000| Untracked 
|  11|0x0000000080b00000, 0x0000000080c00000, 0x0000000080c00000|100%| O|  |TAMS 0x0000000080c00000, 0x0000000080c00000| Untracked 
|  12|0x0000000080c00000, 0x0000000080d00000, 0x0000000080d00000|100%| O|  |TAMS 0x0000000080d00000, 0x0000000080d00000| Untracked 
|  13|0x0000000080d00000, 0x0000000080e00000, 0x0000000080e00000|100%| O|  |TAMS 0x0000000080e00000, 0x0000000080e00000| Untracked 
|  14|0x0000000080e00000, 0x0000000080f00000, 0x0000000080f00000|100%| O|  |TAMS 0x0000000080f00000, 0x0000000080f00000| Untracked 
|  15|0x0000000080f00000, 0x0000000081000000, 0x0000000081000000|100%| O|  |TAMS 0x0000000081000000, 0x0000000081000000| Untracked 
|  16|0x0000000081000000, 0x0000000081100000, 0x0000000081100000|100%| O|  |TAMS 0x0000000081100000, 0x0000000081100000| Untracked 
|  17|0x0000000081100000, 0x0000000081200000, 0x0000000081200000|100%| O|  |TAMS 0x0000000081200000, 0x0000000081200000| Untracked 
|  18|0x0000000081200000, 0x0000000081300000, 0x0000000081300000|100%| O|  |TAMS 0x0000000081300000, 0x0000000081300000| Untracked 
|  19|0x0000000081300000, 0x0000000081400000, 0x0000000081400000|100%| O|  |TAMS 0x0000000081400000, 0x0000000081400000| Untracked 
|  20|0x0000000081400000, 0x0000000081500000, 0x0000000081500000|100%| O|  |TAMS 0x0000000081500000, 0x0000000081500000| Untracked 
|  21|0x0000000081500000, 0x0000000081600000, 0x0000000081600000|100%| O|  |TAMS 0x0000000081600000, 0x0000000081600000| Untracked 
|  22|0x0000000081600000, 0x0000000081700000, 0x0000000081700000|100%| O|  |TAMS 0x0000000081700000, 0x0000000081700000| Untracked 
|  23|0x0000000081700000, 0x0000000081800000, 0x0000000081800000|100%| O|  |TAMS 0x0000000081800000, 0x0000000081800000| Untracked 
|  24|0x0000000081800000, 0x0000000081900000, 0x0000000081900000|100%| O|  |TAMS 0x0000000081800000, 0x0000000081900000| Untracked 
|  25|0x0000000081900000, 0x0000000081a00000, 0x0000000081a00000|100%| O|  |TAMS 0x0000000081900000, 0x0000000081a00000| Untracked 
|  26|0x0000000081a00000, 0x0000000081b00000, 0x0000000081b00000|100%| O|  |TAMS 0x0000000081a00000, 0x0000000081b00000| Untracked 
|  27|0x0000000081b00000, 0x0000000081c00000, 0x0000000081c00000|100%| O|  |TAMS 0x0000000081c00000, 0x0000000081c00000| Untracked 
|  28|0x0000000081c00000, 0x0000000081d00000, 0x0000000081d00000|100%| O|  |TAMS 0x0000000081d00000, 0x0000000081d00000| Untracked 
|  29|0x0000000081d00000, 0x0000000081e00000, 0x0000000081e00000|100%| O|  |TAMS 0x0000000081e00000, 0x0000000081e00000| Untracked 
|  30|0x0000000081e00000, 0x0000000081f00000, 0x0000000081f00000|100%| O|  |TAMS 0x0000000081e00000, 0x0000000081e1ac00| Untracked 
|  31|0x0000000081f00000, 0x0000000082000000, 0x0000000082000000|100%|HS|  |TAMS 0x0000000081f00000, 0x0000000081f00000| Complete 
|  32|0x0000000082000000, 0x0000000082100000, 0x0000000082100000|100%|HS|  |TAMS 0x0000000082000000, 0x0000000082000000| Complete 
|  33|0x0000000082100000, 0x0000000082200000, 0x0000000082200000|100%|HS|  |TAMS 0x0000000082100000, 0x0000000082100000| Complete 
|  34|0x0000000082200000, 0x0000000082300000, 0x0000000082300000|100%| O|  |TAMS 0x0000000082218400, 0x0000000082300000| Untracked 
|  35|0x0000000082300000, 0x0000000082400000, 0x0000000082400000|100%| O|  |TAMS 0x0000000082300000, 0x0000000082300000| Untracked 
|  36|0x0000000082400000, 0x0000000082500000, 0x0000000082500000|100%| O|  |TAMS 0x0000000082400000, 0x0000000082400000| Untracked 
|  37|0x0000000082500000, 0x0000000082600000, 0x0000000082600000|100%| O|  |TAMS 0x0000000082500000, 0x0000000082500000| Untracked 
|  38|0x0000000082600000, 0x0000000082694400, 0x0000000082700000| 57%| O|  |TAMS 0x0000000082600000, 0x0000000082600000| Untracked 
|  39|0x0000000082700000, 0x0000000082700000, 0x0000000082800000|  0%| F|  |TAMS 0x0000000082700000, 0x0000000082700000| Untracked 
|  40|0x0000000082800000, 0x0000000082800000, 0x0000000082900000|  0%| F|  |TAMS 0x0000000082800000, 0x0000000082800000| Untracked 
|  41|0x0000000082900000, 0x0000000082900000, 0x0000000082a00000|  0%| F|  |TAMS 0x0000000082900000, 0x0000000082900000| Untracked 
|  42|0x0000000082a00000, 0x0000000082a00000, 0x0000000082b00000|  0%| F|  |TAMS 0x0000000082a00000, 0x0000000082a00000| Untracked 
|  43|0x0000000082b00000, 0x0000000082b00000, 0x0000000082c00000|  0%| F|  |TAMS 0x0000000082b00000, 0x0000000082b00000| Untracked 
|  44|0x0000000082c00000, 0x0000000082c00000, 0x0000000082d00000|  0%| F|  |TAMS 0x0000000082c00000, 0x0000000082c00000| Untracked 
|  45|0x0000000082d00000, 0x0000000082d00000, 0x0000000082e00000|  0%| F|  |TAMS 0x0000000082d00000, 0x0000000082d00000| Untracked 
|  46|0x0000000082e00000, 0x0000000082e00000, 0x0000000082f00000|  0%| F|  |TAMS 0x0000000082e00000, 0x0000000082e00000| Untracked 
|  47|0x0000000082f00000, 0x0000000082f00000, 0x0000000083000000|  0%| F|  |TAMS 0x0000000082f00000, 0x0000000082f00000| Untracked 
|  48|0x0000000083000000, 0x0000000083000000, 0x0000000083100000|  0%| F|  |TAMS 0x0000000083000000, 0x0000000083000000| Untracked 
|  49|0x0000000083100000, 0x0000000083100000, 0x0000000083200000|  0%| F|  |TAMS 0x0000000083100000, 0x0000000083100000| Untracked 
|  50|0x0000000083200000, 0x0000000083300000, 0x0000000083300000|100%| S|CS|TAMS 0x0000000083200000, 0x0000000083200000| Complete 
|  51|0x0000000083300000, 0x0000000083400000, 0x0000000083400000|100%| S|CS|TAMS 0x0000000083300000, 0x0000000083300000| Complete 
|  52|0x0000000083400000, 0x0000000083500000, 0x0000000083500000|100%| S|CS|TAMS 0x0000000083400000, 0x0000000083400000| Complete 
|  53|0x0000000083500000, 0x0000000083600000, 0x0000000083600000|100%| S|CS|TAMS 0x0000000083500000, 0x0000000083500000| Complete 
|  54|0x0000000083600000, 0x0000000083700000, 0x0000000083700000|100%| S|CS|TAMS 0x0000000083600000, 0x0000000083600000| Complete 
|  55|0x0000000083700000, 0x0000000083800000, 0x0000000083800000|100%| S|CS|TAMS 0x0000000083700000, 0x0000000083700000| Complete 
|  56|0x0000000083800000, 0x0000000083900000, 0x0000000083900000|100%| S|CS|TAMS 0x0000000083800000, 0x0000000083800000| Complete 
|  57|0x0000000083900000, 0x0000000083900000, 0x0000000083a00000|  0%| F|  |TAMS 0x0000000083900000, 0x0000000083900000| Untracked 
|  58|0x0000000083a00000, 0x0000000083a00000, 0x0000000083b00000|  0%| F|  |TAMS 0x0000000083a00000, 0x0000000083a00000| Untracked 
|  59|0x0000000083b00000, 0x0000000083b00000, 0x0000000083c00000|  0%| F|  |TAMS 0x0000000083b00000, 0x0000000083b00000| Untracked 
|  60|0x0000000083c00000, 0x0000000083c00000, 0x0000000083d00000|  0%| F|  |TAMS 0x0000000083c00000, 0x0000000083c00000| Untracked 
|  61|0x0000000083d00000, 0x0000000083d00000, 0x0000000083e00000|  0%| F|  |TAMS 0x0000000083d00000, 0x0000000083d00000| Untracked 
|  62|0x0000000083e00000, 0x0000000083e00000, 0x0000000083f00000|  0%| F|  |TAMS 0x0000000083e00000, 0x0000000083e00000| Untracked 
|  63|0x0000000083f00000, 0x0000000083f00000, 0x0000000084000000|  0%| F|  |TAMS 0x0000000083f00000, 0x0000000083f00000| Untracked 
|  64|0x0000000084000000, 0x0000000084000000, 0x0000000084100000|  0%| F|  |TAMS 0x0000000084000000, 0x0000000084000000| Untracked 
|  65|0x0000000084100000, 0x0000000084100000, 0x0000000084200000|  0%| F|  |TAMS 0x0000000084100000, 0x0000000084100000| Untracked 
|  66|0x0000000084200000, 0x0000000084200000, 0x0000000084300000|  0%| F|  |TAMS 0x0000000084200000, 0x0000000084200000| Untracked 
|  67|0x0000000084300000, 0x0000000084300000, 0x0000000084400000|  0%| F|  |TAMS 0x0000000084300000, 0x0000000084300000| Untracked 
|  68|0x0000000084400000, 0x0000000084400000, 0x0000000084500000|  0%| F|  |TAMS 0x0000000084400000, 0x0000000084400000| Untracked 
|  69|0x0000000084500000, 0x0000000084500000, 0x0000000084600000|  0%| F|  |TAMS 0x0000000084500000, 0x0000000084500000| Untracked 
|  70|0x0000000084600000, 0x0000000084600000, 0x0000000084700000|  0%| F|  |TAMS 0x0000000084600000, 0x0000000084600000| Untracked 
|  71|0x0000000084700000, 0x0000000084700000, 0x0000000084800000|  0%| F|  |TAMS 0x0000000084700000, 0x0000000084700000| Untracked 
|  72|0x0000000084800000, 0x0000000084900000, 0x0000000084900000|100%| E|  |TAMS 0x0000000084800000, 0x0000000084800000| Complete 
|  73|0x0000000084900000, 0x0000000084a00000, 0x0000000084a00000|100%| E|CS|TAMS 0x0000000084900000, 0x0000000084900000| Complete 
|  74|0x0000000084a00000, 0x0000000084b00000, 0x0000000084b00000|100%| E|CS|TAMS 0x0000000084a00000, 0x0000000084a00000| Complete 
|  75|0x0000000084b00000, 0x0000000084c00000, 0x0000000084c00000|100%| E|CS|TAMS 0x0000000084b00000, 0x0000000084b00000| Complete 
|  76|0x0000000084c00000, 0x0000000084d00000, 0x0000000084d00000|100%| E|CS|TAMS 0x0000000084c00000, 0x0000000084c00000| Complete 
|  77|0x0000000084d00000, 0x0000000084e00000, 0x0000000084e00000|100%| E|CS|TAMS 0x0000000084d00000, 0x0000000084d00000| Complete 
|  78|0x0000000084e00000, 0x0000000084f00000, 0x0000000084f00000|100%| E|CS|TAMS 0x0000000084e00000, 0x0000000084e00000| Complete 
|  79|0x0000000084f00000, 0x0000000085000000, 0x0000000085000000|100%| E|CS|TAMS 0x0000000084f00000, 0x0000000084f00000| Complete 
|  80|0x0000000085000000, 0x0000000085100000, 0x0000000085100000|100%| E|CS|TAMS 0x0000000085000000, 0x0000000085000000| Complete 
|  81|0x0000000085100000, 0x0000000085200000, 0x0000000085200000|100%| E|CS|TAMS 0x0000000085100000, 0x0000000085100000| Complete 
|  82|0x0000000085200000, 0x0000000085300000, 0x0000000085300000|100%| E|CS|TAMS 0x0000000085200000, 0x0000000085200000| Complete 
|  83|0x0000000085300000, 0x0000000085400000, 0x0000000085400000|100%| E|CS|TAMS 0x0000000085300000, 0x0000000085300000| Complete 
|  84|0x0000000085400000, 0x0000000085500000, 0x0000000085500000|100%| E|CS|TAMS 0x0000000085400000, 0x0000000085400000| Complete 
|  85|0x0000000085500000, 0x0000000085600000, 0x0000000085600000|100%| E|CS|TAMS 0x0000000085500000, 0x0000000085500000| Complete 
|  86|0x0000000085600000, 0x0000000085700000, 0x0000000085700000|100%| E|CS|TAMS 0x0000000085600000, 0x0000000085600000| Complete 
|  87|0x0000000085700000, 0x0000000085800000, 0x0000000085800000|100%| E|CS|TAMS 0x0000000085700000, 0x0000000085700000| Complete 
|  88|0x0000000085800000, 0x0000000085900000, 0x0000000085900000|100%| E|CS|TAMS 0x0000000085800000, 0x0000000085800000| Complete 
|  89|0x0000000085900000, 0x0000000085a00000, 0x0000000085a00000|100%| E|CS|TAMS 0x0000000085900000, 0x0000000085900000| Complete 
|  90|0x0000000085a00000, 0x0000000085b00000, 0x0000000085b00000|100%| E|CS|TAMS 0x0000000085a00000, 0x0000000085a00000| Complete 
|  91|0x0000000085b00000, 0x0000000085c00000, 0x0000000085c00000|100%| E|CS|TAMS 0x0000000085b00000, 0x0000000085b00000| Complete 
|  92|0x0000000085c00000, 0x0000000085d00000, 0x0000000085d00000|100%| E|CS|TAMS 0x0000000085c00000, 0x0000000085c00000| Complete 
|  93|0x0000000085d00000, 0x0000000085e00000, 0x0000000085e00000|100%| E|CS|TAMS 0x0000000085d00000, 0x0000000085d00000| Complete 
|  94|0x0000000085e00000, 0x0000000085f00000, 0x0000000085f00000|100%| E|CS|TAMS 0x0000000085e00000, 0x0000000085e00000| Complete 
|  95|0x0000000085f00000, 0x0000000086000000, 0x0000000086000000|100%| E|CS|TAMS 0x0000000085f00000, 0x0000000085f00000| Complete 
|  96|0x0000000086000000, 0x0000000086100000, 0x0000000086100000|100%| E|CS|TAMS 0x0000000086000000, 0x0000000086000000| Complete 
|  97|0x0000000086100000, 0x0000000086200000, 0x0000000086200000|100%| E|CS|TAMS 0x0000000086100000, 0x0000000086100000| Complete 
|  98|0x0000000086200000, 0x0000000086300000, 0x0000000086300000|100%| E|CS|TAMS 0x0000000086200000, 0x0000000086200000| Complete 
|  99|0x0000000086300000, 0x0000000086400000, 0x0000000086400000|100%| E|CS|TAMS 0x0000000086300000, 0x0000000086300000| Complete 
| 100|0x0000000086400000, 0x0000000086500000, 0x0000000086500000|100%| E|CS|TAMS 0x0000000086400000, 0x0000000086400000| Complete 
| 101|0x0000000086500000, 0x0000000086600000, 0x0000000086600000|100%| E|CS|TAMS 0x0000000086500000, 0x0000000086500000| Complete 
| 102|0x0000000086600000, 0x0000000086700000, 0x0000000086700000|100%| E|CS|TAMS 0x0000000086600000, 0x0000000086600000| Complete 
| 103|0x0000000086700000, 0x0000000086800000, 0x0000000086800000|100%| E|CS|TAMS 0x0000000086700000, 0x0000000086700000| Complete 
| 104|0x0000000086800000, 0x0000000086900000, 0x0000000086900000|100%| E|CS|TAMS 0x0000000086800000, 0x0000000086800000| Complete 
| 105|0x0000000086900000, 0x0000000086a00000, 0x0000000086a00000|100%| E|CS|TAMS 0x0000000086900000, 0x0000000086900000| Complete 
| 106|0x0000000086a00000, 0x0000000086b00000, 0x0000000086b00000|100%| E|CS|TAMS 0x0000000086a00000, 0x0000000086a00000| Complete 
| 107|0x0000000086b00000, 0x0000000086c00000, 0x0000000086c00000|100%| E|CS|TAMS 0x0000000086b00000, 0x0000000086b00000| Complete 
| 108|0x0000000086c00000, 0x0000000086d00000, 0x0000000086d00000|100%| E|CS|TAMS 0x0000000086c00000, 0x0000000086c00000| Complete 
| 109|0x0000000086d00000, 0x0000000086e00000, 0x0000000086e00000|100%| E|CS|TAMS 0x0000000086d00000, 0x0000000086d00000| Complete 
| 110|0x0000000086e00000, 0x0000000086f00000, 0x0000000086f00000|100%| E|CS|TAMS 0x0000000086e00000, 0x0000000086e00000| Complete 

Card table byte_map: [0x00000207eda40000,0x00000207ede40000] _byte_map_base: 0x00000207ed640000

Marking Bits (Prev, Next): (CMBitMap*) 0x00000207db1d6a20, (CMBitMap*) 0x00000207db1d69e0
 Prev Bits: [0x00000207f0240000, 0x00000207f2240000)
 Next Bits: [0x00000207ee240000, 0x00000207f0240000)

Polling page: 0x00000207d8fc0000

Metaspace:

Usage:
  Non-class:     53.32 MB used.
      Class:      8.07 MB used.
       Both:     61.40 MB used.

Virtual space:
  Non-class space:       56.00 MB reserved,      53.56 MB ( 96%) committed,  7 nodes.
      Class space:        1.00 GB reserved,       8.31 MB ( <1%) committed,  1 nodes.
             Both:        1.05 GB reserved,      61.88 MB (  6%) committed. 

Chunk freelists:
   Non-Class:  2.38 MB
       Class:  3.64 MB
        Both:  6.02 MB

MaxMetaspaceSize: unlimited
CompressedClassSpaceSize: 1.00 GB
Initial GC threshold: 21.00 MB
Current GC threshold: 70.94 MB
CDS: off
MetaspaceReclaimPolicy: balanced
 - commit_granule_bytes: 65536.
 - commit_granule_words: 8192.
 - virtual_space_node_default_size: 1048576.
 - enlarge_chunks_in_place: 1.
 - new_chunks_are_fully_committed: 0.
 - uncommit_free_chunks: 1.
 - use_allocation_guard: 0.
 - handle_deallocations: 1.


Internal statistics:

num_allocs_failed_limit: 6.
num_arena_births: 588.
num_arena_deaths: 0.
num_vsnodes_births: 8.
num_vsnodes_deaths: 0.
num_space_committed: 990.
num_space_uncommitted: 0.
num_chunks_returned_to_freelist: 6.
num_chunks_taken_from_freelist: 2570.
num_chunk_merges: 3.
num_chunk_splits: 1743.
num_chunks_enlarged: 1187.
num_purges: 0.
num_inconsistent_stats: 0.

CodeHeap 'non-profiled nmethods': size=120000Kb used=2739Kb max_used=3481Kb free=117260Kb
 bounds [0x00000207e6110000, 0x00000207e6490000, 0x00000207ed640000]
CodeHeap 'profiled nmethods': size=120000Kb used=10362Kb max_used=12318Kb free=109637Kb
 bounds [0x00000207de640000, 0x00000207df250000, 0x00000207e5b70000]
CodeHeap 'non-nmethods': size=5760Kb used=2349Kb max_used=2406Kb free=3410Kb
 bounds [0x00000207e5b70000, 0x00000207e5de0000, 0x00000207e6110000]
 total_blobs=6392 nmethods=5529 adapters=775
 compilation: enabled
              stopped_count=0, restarted_count=0
 full_count=0

Compilation events (20 events):
Event: 28.238 Thread 0x00000207f4706820 6356       3       java.lang.Integer::numberOfTrailingZeros (80 bytes)
Event: 28.238 Thread 0x00000207f4706820 nmethod 6356 0x00000207de777b10 code [0x00000207de777cc0, 0x00000207de777f38]
Event: 28.238 Thread 0x00000207f4706820 6358       3       java.math.MutableBigInteger::primitiveLeftShift (89 bytes)
Event: 28.238 Thread 0x00000207f4706820 nmethod 6358 0x00000207dea25910 code [0x00000207dea25ac0, 0x00000207dea25d38]
Event: 28.238 Thread 0x00000207f4706820 6359       3       java.math.MutableBigInteger::subtract (226 bytes)
Event: 28.240 Thread 0x00000207f4706820 nmethod 6359 0x00000207def9fd90 code [0x00000207def9ffa0, 0x00000207defa0718]
Event: 28.240 Thread 0x00000207f4706820 6357       3       java.math.MutableBigInteger::rightShift (79 bytes)
Event: 28.240 Thread 0x00000207f4706820 nmethod 6357 0x00000207decd3e10 code [0x00000207decd4000, 0x00000207decd43a8]
Event: 28.240 Thread 0x00000207f4706820 6360       3       java.math.BigInteger::subN (46 bytes)
Event: 28.241 Thread 0x00000207f4706820 nmethod 6360 0x00000207debcb310 code [0x00000207debcb4c0, 0x00000207debcb6f8]
Event: 28.247 Thread 0x00000207f4706820 6361       3       java.math.BigInteger::montgomerySquare (49 bytes)
Event: 28.248 Thread 0x00000207f4706820 nmethod 6361 0x00000207deb27490 code [0x00000207deb27680, 0x00000207deb27a58]
Event: 28.248 Thread 0x00000207f4706820 6362       3       java.math.BigInteger::implMontgomerySquare (19 bytes)
Event: 28.248 Thread 0x00000207f4706820 nmethod 6362 0x00000207dea3f690 code [0x00000207dea3f840, 0x00000207dea3f9b8]
Event: 28.248 Thread 0x00000207f4706820 6363       3       java.math.BigInteger::squareToLen (33 bytes)
Event: 28.249 Thread 0x00000207f4706820 nmethod 6363 0x00000207dec74810 code [0x00000207dec749c0, 0x00000207dec74c58]
Event: 28.249 Thread 0x00000207f4706820 6364       3       java.math.BigInteger::implSquareToLenChecks (206 bytes)
Event: 28.252 Thread 0x00000207f4706820 nmethod 6364 0x00000207ded21390 code [0x00000207ded218a0, 0x00000207ded23818]
Event: 28.274 Thread 0x00000207f4706820 6366       2       java.math.BigInteger::multiplyToLenCheck (28 bytes)
Event: 28.274 Thread 0x00000207f4706820 nmethod 6366 0x00000207de71be90 code [0x00000207de71c060, 0x00000207de71c2f8]

GC Heap History (20 events):
Event: 10.971 GC heap before
{Heap before GC invocations=8 (full 0):
 garbage-first heap   total 61440K, used 43937K [0x0000000080000000, 0x0000000100000000)
  region size 1024K, 24 young (24576K), 1 survivors (1024K)
 Metaspace       used 28990K, committed 29312K, reserved 1081344K
  class space    used 3887K, committed 4032K, reserved 1048576K
}
Event: 10.980 GC heap after
{Heap after GC invocations=9 (full 0):
 garbage-first heap   total 61440K, used 21642K [0x0000000080000000, 0x0000000100000000)
  region size 1024K, 2 young (2048K), 2 survivors (2048K)
 Metaspace       used 28990K, committed 29312K, reserved 1081344K
  class space    used 3887K, committed 4032K, reserved 1048576K
}
Event: 12.308 GC heap before
{Heap before GC invocations=9 (full 0):
 garbage-first heap   total 61440K, used 45194K [0x0000000080000000, 0x0000000100000000)
  region size 1024K, 25 young (25600K), 2 survivors (2048K)
 Metaspace       used 32342K, committed 32640K, reserved 1081344K
  class space    used 4416K, committed 4544K, reserved 1048576K
}
Event: 12.318 GC heap after
{Heap after GC invocations=10 (full 0):
 garbage-first heap   total 61440K, used 22812K [0x0000000080000000, 0x0000000100000000)
  region size 1024K, 3 young (3072K), 3 survivors (3072K)
 Metaspace       used 32342K, committed 32640K, reserved 1081344K
  class space    used 4416K, committed 4544K, reserved 1048576K
}
Event: 13.818 GC heap before
{Heap before GC invocations=10 (full 0):
 garbage-first heap   total 61440K, used 39196K [0x0000000080000000, 0x0000000100000000)
  region size 1024K, 21 young (21504K), 3 survivors (3072K)
 Metaspace       used 35771K, committed 36096K, reserved 1081344K
  class space    used 4887K, committed 5056K, reserved 1048576K
}
Event: 13.835 GC heap after
{Heap after GC invocations=11 (full 0):
 garbage-first heap   total 61440K, used 24778K [0x0000000080000000, 0x0000000100000000)
  region size 1024K, 4 young (4096K), 4 survivors (4096K)
 Metaspace       used 35771K, committed 36096K, reserved 1081344K
  class space    used 4887K, committed 5056K, reserved 1048576K
}
Event: 14.986 GC heap before
{Heap before GC invocations=12 (full 0):
 garbage-first heap   total 61440K, used 46282K [0x0000000080000000, 0x0000000100000000)
  region size 1024K, 26 young (26624K), 4 survivors (4096K)
 Metaspace       used 40652K, committed 40960K, reserved 1089536K
  class space    used 5370K, committed 5504K, reserved 1048576K
}
Event: 15.004 GC heap after
{Heap after GC invocations=13 (full 0):
 garbage-first heap   total 61440K, used 28120K [0x0000000080000000, 0x0000000100000000)
  region size 1024K, 4 young (4096K), 4 survivors (4096K)
 Metaspace       used 40652K, committed 40960K, reserved 1089536K
  class space    used 5370K, committed 5504K, reserved 1048576K
}
Event: 15.546 GC heap before
{Heap before GC invocations=13 (full 0):
 garbage-first heap   total 61440K, used 50648K [0x0000000080000000, 0x0000000100000000)
  region size 1024K, 23 young (23552K), 4 survivors (4096K)
 Metaspace       used 42407K, committed 42752K, reserved 1089536K
  class space    used 5520K, committed 5632K, reserved 1048576K
}
Event: 15.559 GC heap after
{Heap after GC invocations=14 (full 0):
 garbage-first heap   total 61440K, used 29978K [0x0000000080000000, 0x0000000100000000)
  region size 1024K, 3 young (3072K), 3 survivors (3072K)
 Metaspace       used 42407K, committed 42752K, reserved 1089536K
  class space    used 5520K, committed 5632K, reserved 1048576K
}
Event: 16.098 GC heap before
{Heap before GC invocations=14 (full 0):
 garbage-first heap   total 61440K, used 47386K [0x0000000080000000, 0x0000000100000000)
  region size 1024K, 20 young (20480K), 3 survivors (3072K)
 Metaspace       used 43204K, committed 43520K, reserved 1089536K
  class space    used 5647K, committed 5760K, reserved 1048576K
}
Event: 16.109 GC heap after
{Heap after GC invocations=15 (full 0):
 garbage-first heap   total 61440K, used 31891K [0x0000000080000000, 0x0000000100000000)
  region size 1024K, 2 young (2048K), 2 survivors (2048K)
 Metaspace       used 43204K, committed 43520K, reserved 1089536K
  class space    used 5647K, committed 5760K, reserved 1048576K
}
Event: 17.122 GC heap before
{Heap before GC invocations=16 (full 0):
 garbage-first heap   total 61440K, used 47251K [0x0000000080000000, 0x0000000100000000)
  region size 1024K, 18 young (18432K), 2 survivors (2048K)
 Metaspace       used 45070K, committed 45504K, reserved 1089536K
  class space    used 5940K, committed 6144K, reserved 1048576K
}
Event: 17.132 GC heap after
{Heap after GC invocations=17 (full 0):
 garbage-first heap   total 61440K, used 33563K [0x0000000080000000, 0x0000000100000000)
  region size 1024K, 2 young (2048K), 2 survivors (2048K)
 Metaspace       used 45070K, committed 45504K, reserved 1089536K
  class space    used 5940K, committed 6144K, reserved 1048576K
}
Event: 17.607 GC heap before
{Heap before GC invocations=17 (full 0):
 garbage-first heap   total 61440K, used 40731K [0x0000000080000000, 0x0000000100000000)
  region size 1024K, 11 young (11264K), 2 survivors (2048K)
 Metaspace       used 46321K, committed 46656K, reserved 1089536K
  class space    used 6130K, committed 6272K, reserved 1048576K
}
Event: 17.617 GC heap after
{Heap after GC invocations=18 (full 0):
 garbage-first heap   total 113664K, used 34197K [0x0000000080000000, 0x0000000100000000)
  region size 1024K, 3 young (3072K), 3 survivors (3072K)
 Metaspace       used 46321K, committed 46656K, reserved 1089536K
  class space    used 6130K, committed 6272K, reserved 1048576K
}
Event: 21.721 GC heap before
{Heap before GC invocations=18 (full 0):
 garbage-first heap   total 113664K, used 83349K [0x0000000080000000, 0x0000000100000000)
  region size 1024K, 50 young (51200K), 3 survivors (3072K)
 Metaspace       used 51649K, committed 52032K, reserved 1097728K
  class space    used 6807K, committed 6976K, reserved 1048576K
}
Event: 21.743 GC heap after
{Heap after GC invocations=19 (full 0):
 garbage-first heap   total 113664K, used 36765K [0x0000000080000000, 0x0000000100000000)
  region size 1024K, 5 young (5120K), 5 survivors (5120K)
 Metaspace       used 51649K, committed 52032K, reserved 1097728K
  class space    used 6807K, committed 6976K, reserved 1048576K
}
Event: 24.557 GC heap before
{Heap before GC invocations=19 (full 0):
 garbage-first heap   total 113664K, used 88989K [0x0000000080000000, 0x0000000100000000)
  region size 1024K, 54 young (55296K), 5 survivors (5120K)
 Metaspace       used 55899K, committed 56320K, reserved 1105920K
  class space    used 7381K, committed 7552K, reserved 1048576K
}
Event: 24.578 GC heap after
{Heap after GC invocations=20 (full 0):
 garbage-first heap   total 113664K, used 45649K [0x0000000080000000, 0x0000000100000000)
  region size 1024K, 7 young (7168K), 7 survivors (7168K)
 Metaspace       used 55899K, committed 56320K, reserved 1105920K
  class space    used 7381K, committed 7552K, reserved 1048576K
}

Dll operation events (2 events):
Event: 0.129 Loaded shared library C:\Program Files\Android\Android Studio\jbr\bin\java.dll
Event: 2.157 Loaded shared library C:\Program Files\Android\Android Studio\jbr\bin\verify.dll

Deoptimization events (20 events):
Event: 28.124 Thread 0x00000207f86d34e0 DEOPT PACKING pc=0x00000207de96d1ba sp=0x00000038713f29a0
Event: 28.124 Thread 0x00000207f86d34e0 DEOPT UNPACKING pc=0x00000207e5bcace3 sp=0x00000038713f1e18 mode 0
Event: 28.124 Thread 0x00000207f86d34e0 DEOPT PACKING pc=0x00000207de96d1ba sp=0x00000038713f29a0
Event: 28.124 Thread 0x00000207f86d34e0 DEOPT UNPACKING pc=0x00000207e5bcace3 sp=0x00000038713f1e18 mode 0
Event: 28.124 Thread 0x00000207f86d34e0 DEOPT PACKING pc=0x00000207de96d1ba sp=0x00000038713f29a0
Event: 28.124 Thread 0x00000207f86d34e0 DEOPT UNPACKING pc=0x00000207e5bcace3 sp=0x00000038713f1e18 mode 0
Event: 28.125 Thread 0x00000207f86d34e0 DEOPT PACKING pc=0x00000207de96d1ba sp=0x00000038713f29a0
Event: 28.125 Thread 0x00000207f86d34e0 DEOPT UNPACKING pc=0x00000207e5bcace3 sp=0x00000038713f1e18 mode 0
Event: 28.127 Thread 0x00000207f86d34e0 DEOPT PACKING pc=0x00000207de96d1ba sp=0x00000038713f29a0
Event: 28.127 Thread 0x00000207f86d34e0 DEOPT UNPACKING pc=0x00000207e5bcace3 sp=0x00000038713f1e18 mode 0
Event: 28.127 Thread 0x00000207f86d34e0 DEOPT PACKING pc=0x00000207de96d1ba sp=0x00000038713f29a0
Event: 28.127 Thread 0x00000207f86d34e0 DEOPT UNPACKING pc=0x00000207e5bcace3 sp=0x00000038713f1e18 mode 0
Event: 28.191 Thread 0x00000207f86d34e0 Uncommon trap: trap_request=0xffffffc6 fr.pc=0x00000207e62f2608 relative=0x00000000000009e8
Event: 28.191 Thread 0x00000207f86d34e0 Uncommon trap: reason=bimorphic_or_optimized_type_check action=maybe_recompile pc=0x00000207e62f2608 method=java.util.regex.Pattern$Start.match(Ljava/util/regex/Matcher;ILjava/lang/CharSequence;)Z @ 44 c2
Event: 28.191 Thread 0x00000207f86d34e0 DEOPT PACKING pc=0x00000207e62f2608 sp=0x00000038713f2960
Event: 28.191 Thread 0x00000207f86d34e0 DEOPT UNPACKING pc=0x00000207e5bca1a3 sp=0x00000038713f28c0 mode 2
Event: 28.191 Thread 0x00000207f86d34e0 Uncommon trap: trap_request=0xffffffc6 fr.pc=0x00000207e62f2608 relative=0x00000000000009e8
Event: 28.191 Thread 0x00000207f86d34e0 Uncommon trap: reason=bimorphic_or_optimized_type_check action=maybe_recompile pc=0x00000207e62f2608 method=java.util.regex.Pattern$Start.match(Ljava/util/regex/Matcher;ILjava/lang/CharSequence;)Z @ 44 c2
Event: 28.191 Thread 0x00000207f86d34e0 DEOPT PACKING pc=0x00000207e62f2608 sp=0x00000038713f2960
Event: 28.191 Thread 0x00000207f86d34e0 DEOPT UNPACKING pc=0x00000207e5bca1a3 sp=0x00000038713f28c0 mode 2

Classes unloaded (0 events):
No events

Classes redefined (0 events):
No events

Internal exceptions (20 events):
Event: 22.408 Thread 0x00000207f5e72530 Exception <a 'java/lang/NoSuchMethodError'{0x000000008618b578}: static Lorg/gradle/internal/build/event/types/DefaultOperationFinishedProgressEvent;.<clinit>()V> (0x000000008618b578) 
thrown [s\src\hotspot\share\prims\jni.cpp, line 1108]
Event: 22.419 Thread 0x00000207f5e72530 Exception <a 'java/lang/NoSuchMethodError'{0x00000000860209a8}: static Lorg/gradle/internal/build/event/types/DefaultProjectConfigurationSuccessResult;.<clinit>()V> (0x00000000860209a8) 
thrown [s\src\hotspot\share\prims\jni.cpp, line 1108]
Event: 22.420 Thread 0x00000207f5e72530 Exception <a 'java/lang/NoSuchMethodError'{0x0000000086021ee0}: static Lorg/gradle/internal/build/event/types/AbstractProjectConfigurationResult;.<clinit>()V> (0x0000000086021ee0) 
thrown [s\src\hotspot\share\prims\jni.cpp, line 1108]
Event: 22.420 Thread 0x00000207f5e72530 Exception <a 'java/lang/NoSuchMethodError'{0x00000000860233d0}: static Lorg/gradle/internal/build/event/types/AbstractOperationResult;.<clinit>()V> (0x00000000860233d0) 
thrown [s\src\hotspot\share\prims\jni.cpp, line 1108]
Event: 22.420 Thread 0x00000207f5e72530 Exception <a 'java/lang/NoSuchMethodError'{0x00000000860245e8}: static Lorg/gradle/internal/build/event/types/AbstractResult;.<clinit>()V> (0x00000000860245e8) 
thrown [s\src\hotspot\share\prims\jni.cpp, line 1108]
Event: 22.423 Thread 0x00000207f5e72530 Exception <a 'java/lang/NoSuchMethodError'{0x000000008603b5f8}: static Lorg/gradle/internal/build/event/types/DefaultPluginApplicationResult;.<clinit>()V> (0x000000008603b5f8) 
thrown [s\src\hotspot\share\prims\jni.cpp, line 1108]
Event: 22.424 Thread 0x00000207f5e72530 Exception <a 'java/lang/NoSuchMethodError'{0x00000000860470a0}: static Lorg/gradle/internal/build/event/types/DefaultBinaryPluginIdentifier;.<clinit>()V> (0x00000000860470a0) 
thrown [s\src\hotspot\share\prims\jni.cpp, line 1108]
Event: 22.434 Thread 0x00000207f5e72530 Exception <a 'java/lang/NoSuchMethodError'{0x000000008605dde0}: static Lorg/gradle/internal/build/event/types/DefaultScriptPluginIdentifier;.<clinit>()V> (0x000000008605dde0) 
thrown [s\src\hotspot\share\prims\jni.cpp, line 1108]
Event: 22.468 Thread 0x00000207f86d34e0 Exception <a 'java/lang/ClassNotFoundException'{0x000000008609fa30}: build_8mgtjbasrtjy4mctwuxws4l6nBeanInfo> (0x000000008609fa30) 
thrown [s\src\hotspot\share\classfile\systemDictionary.cpp, line 256]
Event: 22.469 Thread 0x00000207f86d34e0 Exception <a 'java/lang/ClassNotFoundException'{0x00000000860a62b0}: build_8mgtjbasrtjy4mctwuxws4l6nCustomizer> (0x00000000860a62b0) 
thrown [s\src\hotspot\share\classfile\systemDictionary.cpp, line 256]
Event: 23.014 Thread 0x00000207f86d34e0 Exception <a 'java/lang/ClassNotFoundException'{0x00000000858adce0}: org/gradle/api/internal/plugins/DefaultObjectConfigurationActionBeanInfo> (0x00000000858adce0) 
thrown [s\src\hotspot\share\classfile\systemDictionary.cpp, line 256]
Event: 23.018 Thread 0x00000207f86d34e0 Exception <a 'java/lang/ClassNotFoundException'{0x00000000858c0108}: org/gradle/api/internal/plugins/DefaultObjectConfigurationActionCustomizer> (0x00000000858c0108) 
thrown [s\src\hotspot\share\classfile\systemDictionary.cpp, line 256]
Event: 23.579 Thread 0x00000207f86d34e0 Exception <a 'java/lang/NoSuchMethodError'{0x0000000084d6b8b8}: 'java.lang.Object java.lang.invoke.DirectMethodHandle$Holder.newInvokeSpecial(java.lang.Object, java.lang.Object, java.lang.Object, java.lang.Object, int)'> (0x0000000084d6b8b8) 
thrown [s\src\hotspot\share\interpreter\linkResolver.cpp, line 771]
Event: 23.584 Thread 0x00000207f86d34e0 Exception <a 'java/lang/NoSuchMethodError'{0x0000000084d70a58}: 'java.lang.Object java.lang.invoke.DirectMethodHandle$Holder.invokeSpecial(java.lang.Object, java.lang.Object, java.lang.Object, java.lang.Object, java.lang.Object, int)'> (0x0000000084d70a58) 
thrown [s\src\hotspot\share\interpreter\linkResolver.cpp, line 771]
Event: 23.585 Thread 0x00000207f86d34e0 Exception <a 'java/lang/NoSuchMethodError'{0x0000000084d75530}: 'java.lang.Object java.lang.invoke.Invokers$Holder.linkToTargetMethod(java.lang.Object, java.lang.Object, java.lang.Object, int, java.lang.Object)'> (0x0000000084d75530) 
thrown [s\src\hotspot\share\interpreter\linkResolver.cpp, line 771]
Event: 24.481 Thread 0x00000207f86d34e0 Exception <a 'java/lang/NoSuchMethodError'{0x0000000083a5ac58}: 'int java.lang.invoke.DirectMethodHandle$Holder.invokeInterface(java.lang.Object, java.lang.Object, java.lang.Object, java.lang.Object)'> (0x0000000083a5ac58) 
thrown [s\src\hotspot\share\interpreter\linkResolver.cpp, line 771]
Event: 26.719 Thread 0x00000207f86d34e0 Exception <a 'java/lang/IncompatibleClassChangeError'{0x000000008589fa60}: Found class java.lang.Object, but interface was expected> (0x000000008589fa60) 
thrown [s\src\hotspot\share\interpreter\linkResolver.cpp, line 838]
Event: 27.215 Thread 0x00000207f86d34e0 Implicit null exception at 0x00000207e643b8d9 to 0x00000207e643ba70
Event: 27.215 Thread 0x00000207f86d34e0 Implicit null exception at 0x00000207e63c7bf6 to 0x00000207e63c983c
Event: 28.050 Thread 0x00000207f86d34e0 Implicit null exception at 0x00000207e62bb40c to 0x00000207e62bb542

VM Operations (20 events):
Event: 24.474 Executing VM operation: HandshakeAllThreads
Event: 24.474 Executing VM operation: HandshakeAllThreads done
Event: 24.557 Executing VM operation: G1CollectForAllocation
Event: 24.581 Executing VM operation: G1CollectForAllocation done
Event: 25.594 Executing VM operation: Cleanup
Event: 25.597 Executing VM operation: Cleanup done
Event: 26.607 Executing VM operation: Cleanup
Event: 26.608 Executing VM operation: Cleanup done
Event: 27.215 Executing VM operation: HandshakeAllThreads
Event: 27.216 Executing VM operation: HandshakeAllThreads done
Event: 27.500 Executing VM operation: HandshakeAllThreads
Event: 27.500 Executing VM operation: HandshakeAllThreads done
Event: 27.817 Executing VM operation: HandshakeAllThreads
Event: 27.818 Executing VM operation: HandshakeAllThreads done
Event: 27.818 Executing VM operation: Cleanup
Event: 27.818 Executing VM operation: Cleanup done
Event: 27.940 Executing VM operation: HandshakeAllThreads
Event: 27.940 Executing VM operation: HandshakeAllThreads done
Event: 28.071 Executing VM operation: HandshakeAllThreads
Event: 28.071 Executing VM operation: HandshakeAllThreads done

Events (20 events):
Event: 28.192 loading class sun/security/util/Length
Event: 28.192 loading class sun/security/util/Length done
Event: 28.192 loading class javax/crypto/SecretKey
Event: 28.194 loading class javax/crypto/SecretKey done
Event: 28.195 loading class java/security/cert/CertPathValidatorException
Event: 28.203 loading class java/security/cert/CertPathValidatorException done
Event: 28.203 loading class java/time/format/DateTimePrintContext
Event: 28.203 loading class java/time/format/DateTimePrintContext done
Event: 28.203 loading class java/time/Instant$1
Event: 28.203 loading class java/time/Instant$1 done
Event: 28.203 loading class java/security/cert/CertPathValidatorException$BasicReason
Event: 28.204 loading class java/security/cert/CertPathValidatorException$Reason
Event: 28.204 loading class java/security/cert/CertPathValidatorException$Reason done
Event: 28.204 loading class java/security/cert/CertPathValidatorException$BasicReason done
Event: 28.204 loading class java/security/SignatureException
Event: 28.204 loading class java/security/SignatureException done
Event: 28.218 loading class sun/security/rsa/RSASignature$SHA256withRSA
Event: 28.218 loading class sun/security/rsa/RSASignature$SHA256withRSA done
Event: 28.222 loading class sun/security/provider/DSA$SHA256withDSA
Event: 28.222 loading class sun/security/provider/DSA$SHA256withDSA done


Dynamic libraries:
0x00007ff70b430000 - 0x00007ff70b43a000 	C:\Program Files\Android\Android Studio\jbr\bin\java.exe
0x00007ff815c70000 - 0x00007ff815e84000 	C:\Windows\SYSTEM32\ntdll.dll
0x00007ff814320000 - 0x00007ff8143e4000 	C:\Windows\System32\KERNEL32.DLL
0x00007ff813280000 - 0x00007ff813624000 	C:\Windows\System32\KERNELBASE.dll
0x00007ff8138e0000 - 0x00007ff8139f1000 	C:\Windows\System32\ucrtbase.dll
0x00007ff80dec0000 - 0x00007ff80ded7000 	C:\Program Files\Android\Android Studio\jbr\bin\jli.dll
0x00007ff80de20000 - 0x00007ff80de3b000 	C:\Program Files\Android\Android Studio\jbr\bin\VCRUNTIME140.dll
0x00007ff814e60000 - 0x00007ff81500a000 	C:\Windows\System32\USER32.dll
0x00007ff813a00000 - 0x00007ff813a26000 	C:\Windows\System32\win32u.dll
0x00007ff814e30000 - 0x00007ff814e59000 	C:\Windows\System32\GDI32.dll
0x00007ff813160000 - 0x00007ff813279000 	C:\Windows\System32\gdi32full.dll
0x00007ff8130c0000 - 0x00007ff81315a000 	C:\Windows\System32\msvcp_win.dll
0x00007ff809430000 - 0x00007ff8096bf000 	C:\Windows\WinSxS\amd64_microsoft.windows.common-controls_6595b64144ccf1df_6.0.22621.2070_none_2713e6537381f706\COMCTL32.dll
0x00007ff814440000 - 0x00007ff8144e7000 	C:\Windows\System32\msvcrt.dll
0x00007ff813ec0000 - 0x00007ff813ef1000 	C:\Windows\System32\IMM32.DLL
0x00007ff80faf0000 - 0x00007ff80fafc000 	C:\Program Files\Android\Android Studio\jbr\bin\vcruntime140_1.dll
0x00007ffffdee0000 - 0x00007ffffdf6d000 	C:\Program Files\Android\Android Studio\jbr\bin\msvcp140.dll
0x00007fffb3230000 - 0x00007fffb3e9d000 	C:\Program Files\Android\Android Studio\jbr\bin\server\jvm.dll
0x00007ff815a80000 - 0x00007ff815b30000 	C:\Windows\System32\ADVAPI32.dll
0x00007ff813fe0000 - 0x00007ff814086000 	C:\Windows\System32\sechost.dll
0x00007ff815960000 - 0x00007ff815a77000 	C:\Windows\System32\RPCRT4.dll
0x00007ff809f50000 - 0x00007ff809f84000 	C:\Windows\SYSTEM32\WINMM.dll
0x00007ff80cb80000 - 0x00007ff80cb8a000 	C:\Windows\SYSTEM32\VERSION.dll
0x00007ffffaed0000 - 0x00007ffffaed9000 	C:\Windows\SYSTEM32\WSOCK32.dll
0x00007ff815b30000 - 0x00007ff815ba1000 	C:\Windows\System32\ws2_32.DLL
0x00007ff8120f0000 - 0x00007ff812108000 	C:\Windows\SYSTEM32\kernel.appcore.dll
0x00007ff80bac0000 - 0x00007ff80baca000 	C:\Program Files\Android\Android Studio\jbr\bin\jimage.dll
0x00007ff8109b0000 - 0x00007ff810bde000 	C:\Windows\SYSTEM32\DBGHELP.DLL
0x00007ff813b30000 - 0x00007ff813eba000 	C:\Windows\System32\combase.dll
0x00007ff813f00000 - 0x00007ff813fd7000 	C:\Windows\System32\OLEAUT32.dll
0x00007ff800220000 - 0x00007ff800252000 	C:\Windows\SYSTEM32\dbgcore.DLL
0x00007ff813630000 - 0x00007ff8136aa000 	C:\Windows\System32\bcryptPrimitives.dll
0x00007fffff210000 - 0x00007fffff235000 	C:\Program Files\Android\Android Studio\jbr\bin\java.dll
0x00007ffffd750000 - 0x00007ffffd768000 	C:\Program Files\Android\Android Studio\jbr\bin\zip.dll
0x00007ff8145c0000 - 0x00007ff814dd6000 	C:\Windows\System32\SHELL32.dll
0x00007ff810fd0000 - 0x00007ff8118ba000 	C:\Windows\SYSTEM32\windows.storage.dll
0x00007ff810e90000 - 0x00007ff810fce000 	C:\Windows\SYSTEM32\wintypes.dll
0x00007ff813a30000 - 0x00007ff813b23000 	C:\Windows\System32\SHCORE.dll
0x00007ff814090000 - 0x00007ff8140ee000 	C:\Windows\System32\shlwapi.dll
0x00007ff812f80000 - 0x00007ff812fa6000 	C:\Windows\SYSTEM32\profapi.dll
0x00007ffffd6d0000 - 0x00007ffffd6e9000 	C:\Program Files\Android\Android Studio\jbr\bin\net.dll
0x00007ff80b070000 - 0x00007ff80b1a7000 	C:\Windows\SYSTEM32\WINHTTP.dll
0x00007ff812600000 - 0x00007ff812669000 	C:\Windows\system32\mswsock.dll
0x00007ffffd5f0000 - 0x00007ffffd606000 	C:\Program Files\Android\Android Studio\jbr\bin\nio.dll
0x00007ff80a0b0000 - 0x00007ff80a0c0000 	C:\Program Files\Android\Android Studio\jbr\bin\verify.dll
0x00007ff80b9d0000 - 0x00007ff80b9f7000 	C:\Users\SuportSofh\.gradle\native\68d5fa5c4cc2d200863cafc0d521ce42e7d3e7ee720ec0a83991735586a16f82\windows-amd64\native-platform.dll
0x00007fffcd7b0000 - 0x00007fffcd8f4000 	C:\Users\SuportSofh\.gradle\native\e376f236ea51e6404a007f0833ffe2c6e607c4080706a723a18a27aeea778392\windows-amd64\native-platform-file-events.dll
0x00007ff80b7f0000 - 0x00007ff80b7f9000 	C:\Program Files\Android\Android Studio\jbr\bin\management.dll
0x00007ff80b720000 - 0x00007ff80b72b000 	C:\Program Files\Android\Android Studio\jbr\bin\management_ext.dll
0x00007ff815680000 - 0x00007ff815688000 	C:\Windows\System32\PSAPI.DLL
0x00007ff812850000 - 0x00007ff81286b000 	C:\Windows\SYSTEM32\CRYPTSP.dll
0x00007ff812050000 - 0x00007ff812085000 	C:\Windows\system32\rsaenh.dll
0x00007ff8126f0000 - 0x00007ff81271c000 	C:\Windows\SYSTEM32\USERENV.dll
0x00007ff812a10000 - 0x00007ff812a38000 	C:\Windows\SYSTEM32\bcrypt.dll
0x00007ff812870000 - 0x00007ff81287c000 	C:\Windows\SYSTEM32\CRYPTBASE.dll
0x00007ff811b60000 - 0x00007ff811b8d000 	C:\Windows\SYSTEM32\IPHLPAPI.DLL
0x00007ff814430000 - 0x00007ff814439000 	C:\Windows\System32\NSI.dll
0x00007ff808d20000 - 0x00007ff808d39000 	C:\Windows\SYSTEM32\dhcpcsvc6.DLL
0x00007ff8093f0000 - 0x00007ff80940f000 	C:\Windows\SYSTEM32\dhcpcsvc.DLL
0x00007ff811b90000 - 0x00007ff811c83000 	C:\Windows\SYSTEM32\DNSAPI.dll
0x00007ff80a040000 - 0x00007ff80a048000 	C:\Windows\system32\wshunix.dll

dbghelp: loaded successfully - version: 4.0.5 - missing functions: none
symbol engine: initialized successfully - sym options: 0x614 - pdb path: .;C:\Program Files\Android\Android Studio\jbr\bin;C:\Windows\SYSTEM32;C:\Windows\WinSxS\amd64_microsoft.windows.common-controls_6595b64144ccf1df_6.0.22621.2070_none_2713e6537381f706;C:\Program Files\Android\Android Studio\jbr\bin\server;C:\Users\SuportSofh\.gradle\native\68d5fa5c4cc2d200863cafc0d521ce42e7d3e7ee720ec0a83991735586a16f82\windows-amd64;C:\Users\SuportSofh\.gradle\native\e376f236ea51e6404a007f0833ffe2c6e607c4080706a723a18a27aeea778392\windows-amd64

VM Arguments:
jvm_args: --add-opens=java.base/java.util=ALL-UNNAMED --add-opens=java.base/java.lang=ALL-UNNAMED --add-opens=java.base/java.lang.invoke=ALL-UNNAMED --add-opens=java.prefs/java.util.prefs=ALL-UNNAMED --add-opens=java.base/java.nio.charset=ALL-UNNAMED --add-opens=java.base/java.net=ALL-UNNAMED --add-opens=java.base/java.util.concurrent.atomic=ALL-UNNAMED -Xmx2048m -Dfile.encoding=UTF-8 -Duser.country=BR -Duser.language=pt -Duser.variant 
java_command: org.gradle.launcher.daemon.bootstrap.GradleDaemon 8.0
java_class_path (initial): C:\Users\SuportSofh\.gradle\wrapper\dists\gradle-8.0-bin\ca5e32bp14vu59qr306oxotwh\gradle-8.0\lib\gradle-launcher-8.0.jar
Launcher Type: SUN_STANDARD

[Global flags]
     intx CICompilerCount                          = 3                                         {product} {ergonomic}
     uint ConcGCThreads                            = 1                                         {product} {ergonomic}
     uint G1ConcRefinementThreads                  = 4                                         {product} {ergonomic}
   size_t G1HeapRegionSize                         = 1048576                                   {product} {ergonomic}
    uintx GCDrainStackTargetSize                   = 64                                        {product} {ergonomic}
   size_t InitialHeapSize                          = 62914560                                  {product} {ergonomic}
   size_t MarkStackSize                            = 4194304                                   {product} {ergonomic}
   size_t MaxHeapSize                              = 2147483648                                {product} {command line}
   size_t MaxNewSize                               = 1287651328                                {product} {ergonomic}
   size_t MinHeapDeltaBytes                        = 1048576                                   {product} {ergonomic}
   size_t MinHeapSize                              = 8388608                                   {product} {ergonomic}
    uintx NonNMethodCodeHeapSize                   = 5832780                                {pd product} {ergonomic}
    uintx NonProfiledCodeHeapSize                  = 122912730                              {pd product} {ergonomic}
    uintx ProfiledCodeHeapSize                     = 122912730                              {pd product} {ergonomic}
    uintx ReservedCodeCacheSize                    = 251658240                              {pd product} {ergonomic}
     bool SegmentedCodeCache                       = true                                      {product} {ergonomic}
   size_t SoftMaxHeapSize                          = 2147483648                             {manageable} {ergonomic}
     bool UseCompressedClassPointers               = true                           {product lp64_product} {ergonomic}
     bool UseCompressedOops                        = true                           {product lp64_product} {ergonomic}
     bool UseG1GC                                  = true                                      {product} {ergonomic}
     bool UseLargePagesIndividualAllocation        = false                                  {pd product} {ergonomic}

Logging:
Log output configuration:
 #0: stdout all=warning uptime,level,tags
 #1: stderr all=off uptime,level,tags

Environment Variables:
JAVA_HOME=C:\Program Files\Android\Android Studio\jbr
PATH=C:\Windows\System32;C:\Program Files\Eclipse Foundation\jdk-16.0.2.7-hotspot\bin;C:\Program Files\Eclipse Adoptium\jdk-11.0.20.8-hotspot\bin;C:\Program Files (x86)\Common Files\Intel\Shared Libraries\redist\intel64\compiler;C:\Windows\system32;C:\Windows;C:\Windows\System32\Wbem;C:\Windows\System32\WindowsPowerShell\v1.0\;C:\Windows\System32\OpenSSH\;C:\Program Files\Android\Android Studio\jbr\bin\;C:\Program Files\Git\cmd;C:\wamp64\bin\php\php8.1.13;C:\Program Files\Docker\Docker\resources\bin;C:\Program Files\Java\apache-maven-3.9.4\bin;C:\Users\SuportSofh\.m2\repository;C:\Program Files\MySQL\MySQL Shell 8.0\bin\;C:\Users\SuportSofh\AppData\Local\Programs\Python\Python311\Scripts\;C:\Users\SuportSofh\AppData\Local\Programs\Python\Python311\;C:\Users\SuportSofh\AppData\Local\Microsoft\WindowsApps;C:\Users\SuportSofh\AppData\Local\Programs\Microsoft VS Code\bin;C:\Program Files\JetBrains\IntelliJ IDEA Community Edition 2023.1.4\bin;;C:\Users\SuportSofh\AppData\Local\GitHubDesktop\bin;C:\Program Files\JetBrains\PyCharm Community Edition 2023.1.4\bin;
USERNAME=SuportSofh
OS=Windows_NT
PROCESSOR_IDENTIFIER=Intel64 Family 6 Model 140 Stepping 1, GenuineIntel
TMP=C:\Users\SUPORT~1\AppData\Local\Temp
TEMP=C:\Users\SUPORT~1\AppData\Local\Temp



---------------  S Y S T E M  ---------------

OS:
 Windows 11 , 64 bit Build 22621 (10.0.22621.2070)
OS uptime: 7 days 4:07 hours
Hyper-V role detected

CPU: total 4 (initial active 4) (2 cores per cpu, 2 threads per core) family 6 model 140 stepping 1 microcode 0x8a, cx8, cmov, fxsr, ht, mmx, 3dnowpref, sse, sse2, sse3, ssse3, sse4.1, sse4.2, popcnt, lzcnt, tsc, tscinvbit, avx, avx2, aes, erms, clmul, bmi1, bmi2, adx, avx512f, avx512dq, avx512cd, avx512bw, avx512vl, sha, fma, vzeroupper, avx512_vpopcntdq, avx512_vpclmulqdq, avx512_vaes, avx512_vnni, clflush, clflushopt, clwb, avx512_vbmi2, avx512_vbmi, hv

Memory: 4k page, system-wide physical 3819M (530M free)
TotalPageFile size 15595M (AvailPageFile size 9M)
current process WorkingSet (physical memory assigned to process): 250M, peak: 280M
current process commit charge ("private bytes"): 327M, peak: 331M

vm_info: OpenJDK 64-Bit Server VM (17.0.6+0-b2043.56-9586694) for windows-amd64 JRE (17.0.6+0-b2043.56-9586694), built on Feb  9 2023 20:06:20 by "androidbuild" with MS VC++ 16.10 / 16.11 (VS2019)

END.
