#
# There is insufficient memory for the Java Runtime Environment to continue.
# Native memory allocation (mmap) failed to map 452984832 bytes for G1 virtual space
# Possible reasons:
#   The system is out of physical RAM or swap space
#   The process is running with CompressedOops enabled, and the Java Heap may be blocking the growth of the native heap
# Possible solutions:
#   Reduce memory load on the system
#   Increase physical memory or swap space
#   Check if swap backing store is full
#   Decrease Java heap size (-Xmx/-Xms)
#   Decrease number of Java threads
#   Decrease Java thread stack sizes (-Xss)
#   Set larger code cache with -XX:ReservedCodeCacheSize=
#   JVM is running with Unscaled Compressed Oops mode in which the Java heap is
#     placed in the first 4GB address space. The Java Heap base address is the
#     maximum limit for the native heap growth. Please use -XX:HeapBaseMinAddress
#     to set the Java Heap base and to place the Java Heap above 4GB virtual address.
# This output file may be truncated or incomplete.
#
#  Out of Memory Error (os_windows.cpp:3769), pid=5216, tid=9908
#
# JRE version: OpenJDK Runtime Environment (17.0.6) (build 17.0.6+0-b2043.56-9586694)
# Java VM: OpenJDK 64-Bit Server VM (17.0.6+0-b2043.56-9586694, mixed mode, tiered, compressed oops, compressed class ptrs, g1 gc, windows-amd64)
# No core dump will be written. Minidumps are not enabled by default on client versions of Windows
#

---------------  S U M M A R Y ------------

Command Line: --add-opens=java.base/java.util=ALL-UNNAMED --add-opens=java.base/java.lang=ALL-UNNAMED --add-opens=java.base/java.lang.invoke=ALL-UNNAMED --add-opens=java.prefs/java.util.prefs=ALL-UNNAMED --add-opens=java.base/java.nio.charset=ALL-UNNAMED --add-opens=java.base/java.net=ALL-UNNAMED --add-opens=java.base/java.util.concurrent.atomic=ALL-UNNAMED -Xmx2048m -Dfile.encoding=UTF-8 -Duser.country=BR -Duser.language=pt -Duser.variant org.gradle.launcher.daemon.bootstrap.GradleDaemon 8.0

Host: 11th Gen Intel(R) Core(TM) i3-1115G4 @ 3.00GHz, 4 cores, 3G,  Windows 11 , 64 bit Build 22621 (10.0.22621.2428)
Time: Wed Oct 25 12:56:08 2023 Hora oficial do Brasil elapsed time: 9510.519054 seconds (0d 2h 38m 30s)

---------------  T H R E A D  ---------------

Current thread (0x000001e2c92c89e0):  VMThread "VM Thread" [stack: 0x000000959d500000,0x000000959d600000] [id=9908]

Stack: [0x000000959d500000,0x000000959d600000]
Native frames: (J=compiled Java code, j=interpreted, Vv=VM code, C=native code)
V  [jvm.dll+0x683b4a]
V  [jvm.dll+0x842654]
V  [jvm.dll+0x843dfe]
V  [jvm.dll+0x844463]
V  [jvm.dll+0x249b75]
V  [jvm.dll+0x680a19]
V  [jvm.dll+0x674f0a]
V  [jvm.dll+0x309acb]
V  [jvm.dll+0x310f86]
V  [jvm.dll+0x3608ee]
V  [jvm.dll+0x360b1f]
V  [jvm.dll+0x2dfbf8]
V  [jvm.dll+0x2ddec4]
V  [jvm.dll+0x2dd4cc]
V  [jvm.dll+0x321f3b]
V  [jvm.dll+0x84893b]
V  [jvm.dll+0x849674]
V  [jvm.dll+0x849b8d]
V  [jvm.dll+0x849f64]
V  [jvm.dll+0x84a030]
V  [jvm.dll+0x7f25fa]
V  [jvm.dll+0x682985]
C  [ucrtbase.dll+0x29363]
C  [KERNEL32.DLL+0x1257d]
C  [ntdll.dll+0x5aa78]

VM_Operation (0x00000095a34fdac0): G1CollectForAllocation, mode: safepoint, requested by thread 0x000001e2d1e4a500


---------------  P R O C E S S  ---------------

Threads class SMR info:
_java_thread_list=0x000001e2d1f31ab0, length=95, elements={
0x000001e2afd8a6a0, 0x000001e2c934b660, 0x000001e2c9310d70, 0x000001e2c935ab00,
0x000001e2c935b5c0, 0x000001e2c936c510, 0x000001e2c936cec0, 0x000001e2c9d263d0,
0x000001e2c9d2a690, 0x000001e2c9d33090, 0x000001e2c9eaf010, 0x000001e2c9eb6320,
0x000001e2ca97adc0, 0x000001e2cb428f20, 0x000001e2cb708010, 0x000001e2c9f452c0,
0x000001e2c9f42c40, 0x000001e2c9f422a0, 0x000001e2c9f43110, 0x000001e2c9f43f80,
0x000001e2c9f41dd0, 0x000001e2cc792740, 0x000001e2cc790f30, 0x000001e2cc792c10,
0x000001e2cc7900c0, 0x000001e2cc791400, 0x000001e2ce41b030, 0x000001e2cee30da0,
0x000001e2ce420350, 0x000001e2d15ae220, 0x000001e2d15ae6f0, 0x000001e2d15ac540,
0x000001e2ceaa3700, 0x000001e2cea9db90, 0x000001e2cea9e530, 0x000001e2ce422ea0,
0x000001e2ceaa0210, 0x000001e2ce423370, 0x000001e2ce4229d0, 0x000001e2ceaa0bb0,
0x000001e2ce423840, 0x000001e2ce421690, 0x000001e2ce420820, 0x000001e2ce420cf0,
0x000001e2ce4211c0, 0x000001e2ce421b60, 0x000001e2ce422030, 0x000001e2ce422500,
0x000001e2cecc3210, 0x000001e2cecc36e0, 0x000001e2cecc23a0, 0x000001e2cecc1530,
0x000001e2cecc1060, 0x000001e2cecc1a00, 0x000001e2cecc4550, 0x000001e2d15aebc0,
0x000001e2d15af090, 0x000001e2d15afa30, 0x000001e2d15ac070, 0x000001e2d15ad3b0,
0x000001e2d1e4a9d0, 0x000001e2cecc3bb0, 0x000001e2cecc4a20, 0x000001e2cecc2870,
0x000001e2cecc2d40, 0x000001e2cecc1ed0, 0x000001e2d1c64070, 0x000001e2d1c666f0,
0x000001e2d1c64ee0, 0x000001e2d1c66bc0, 0x000001e2d1c67560, 0x000001e2d1c64540,
0x000001e2d1c64a10, 0x000001e2d1c653b0, 0x000001e2ceaa23c0, 0x000001e2cea9ea00,
0x000001e2d15ad880, 0x000001e2d1c65880, 0x000001e2d1c65d50, 0x000001e2d1c66220,
0x000001e2ce878bb0, 0x000001e2d1e4b370, 0x000001e2d15acee0, 0x000001e2cea9f3a0,
0x000001e2cea9f870, 0x000001e2ceaa3230, 0x000001e2ceaa3bd0, 0x000001e2ce879a20,
0x000001e2ce8773a0, 0x000001e2ce876a00, 0x000001e2d15af560, 0x000001e2d1e4a500,
0x000001e2ce88eb30, 0x000001e2d17f1a50, 0x000001e2ce891b50
}

Java Threads: ( => current thread )
  0x000001e2afd8a6a0 JavaThread "main" [_thread_blocked, id=16512, stack(0x000000959cf00000,0x000000959d000000)]
  0x000001e2c934b660 JavaThread "Reference Handler" daemon [_thread_blocked, id=9392, stack(0x000000959d600000,0x000000959d700000)]
  0x000001e2c9310d70 JavaThread "Finalizer" daemon [_thread_blocked, id=6328, stack(0x000000959d700000,0x000000959d800000)]
  0x000001e2c935ab00 JavaThread "Signal Dispatcher" daemon [_thread_blocked, id=15372, stack(0x000000959d800000,0x000000959d900000)]
  0x000001e2c935b5c0 JavaThread "Attach Listener" daemon [_thread_blocked, id=2404, stack(0x000000959d900000,0x000000959da00000)]
  0x000001e2c936c510 JavaThread "Service Thread" daemon [_thread_blocked, id=4696, stack(0x000000959da00000,0x000000959db00000)]
  0x000001e2c936cec0 JavaThread "Monitor Deflation Thread" daemon [_thread_blocked, id=8168, stack(0x000000959db00000,0x000000959dc00000)]
  0x000001e2c9d263d0 JavaThread "C2 CompilerThread0" daemon [_thread_blocked, id=14240, stack(0x000000959dc00000,0x000000959dd00000)]
  0x000001e2c9d2a690 JavaThread "C1 CompilerThread0" daemon [_thread_blocked, id=19308, stack(0x000000959dd00000,0x000000959de00000)]
  0x000001e2c9d33090 JavaThread "Sweeper thread" daemon [_thread_blocked, id=18168, stack(0x000000959de00000,0x000000959df00000)]
  0x000001e2c9eaf010 JavaThread "Common-Cleaner" daemon [_thread_blocked, id=8556, stack(0x000000959df00000,0x000000959e000000)]
  0x000001e2c9eb6320 JavaThread "Notification Thread" daemon [_thread_blocked, id=2096, stack(0x000000959e000000,0x000000959e100000)]
  0x000001e2ca97adc0 JavaThread "Daemon health stats" [_thread_blocked, id=4940, stack(0x000000959e500000,0x000000959e600000)]
  0x000001e2cb428f20 JavaThread "Incoming local TCP Connector on port 60553" [_thread_in_native, id=6240, stack(0x000000959e600000,0x000000959e700000)]
  0x000001e2cb708010 JavaThread "Daemon periodic checks" [_thread_blocked, id=19164, stack(0x000000959e700000,0x000000959e800000)]
  0x000001e2c9f452c0 JavaThread "Cache worker for journal cache (C:\Users\SuportSofh\.gradle\caches\journal-1)" [_thread_blocked, id=18744, stack(0x000000959ef00000,0x000000959f000000)]
  0x000001e2c9f42c40 JavaThread "File lock request listener" [_thread_in_native, id=5552, stack(0x000000959f000000,0x000000959f100000)]
  0x000001e2c9f422a0 JavaThread "Cache worker for file hash cache (C:\Users\SuportSofh\.gradle\caches\8.0\fileHashes)" [_thread_blocked, id=3164, stack(0x000000959f100000,0x000000959f200000)]
  0x000001e2c9f43110 JavaThread "File watcher server" daemon [_thread_blocked, id=4240, stack(0x000000959f200000,0x000000959f300000)]
  0x000001e2c9f43f80 JavaThread "File watcher consumer" daemon [_thread_blocked, id=1384, stack(0x000000959f300000,0x000000959f400000)]
  0x000001e2c9f41dd0 JavaThread "Cache worker for file content cache (C:\Users\SuportSofh\.gradle\caches\8.0\fileContent)" [_thread_blocked, id=7476, stack(0x000000959f600000,0x000000959f700000)]
  0x000001e2cc792740 JavaThread "Cache worker for execution history cache (C:\Users\SuportSofh\.gradle\caches\8.0\executionHistory)" [_thread_blocked, id=13760, stack(0x000000959f900000,0x000000959fa00000)]
  0x000001e2cc790f30 JavaThread "jar transforms" [_thread_blocked, id=8228, stack(0x000000959fa00000,0x000000959fb00000)]
  0x000001e2cc792c10 JavaThread "jar transforms Thread 2" [_thread_blocked, id=4968, stack(0x000000959fb00000,0x000000959fc00000)]
  0x000001e2cc7900c0 JavaThread "jar transforms Thread 3" [_thread_blocked, id=15108, stack(0x000000959fc00000,0x000000959fd00000)]
  0x000001e2cc791400 JavaThread "jar transforms Thread 4" [_thread_blocked, id=19960, stack(0x000000959fd00000,0x000000959fe00000)]
  0x000001e2ce41b030 JavaThread "Memory manager" [_thread_blocked, id=20320, stack(0x00000095a2a00000,0x00000095a2b00000)]
  0x000001e2cee30da0 JavaThread "Cache worker for Java compile cache (C:\Users\SuportSofh\.gradle\caches\8.0\javaCompile)" [_thread_blocked, id=18484, stack(0x00000095a2b00000,0x00000095a2c00000)]
  0x000001e2ce420350 JavaThread "Daemon Thread 4" [_thread_blocked, id=8628, stack(0x000000959cc00000,0x000000959cd00000)]
  0x000001e2d15ae220 JavaThread "Handler for socket connection from /127.0.0.1:60553 to /127.0.0.1:52205" [_thread_in_native, id=20236, stack(0x000000959cd00000,0x000000959ce00000)]
  0x000001e2d15ae6f0 JavaThread "Cancel handler" [_thread_blocked, id=17112, stack(0x000000959ce00000,0x000000959cf00000)]
  0x000001e2d15ac540 JavaThread "Daemon worker Thread 4" [_thread_blocked, id=19356, stack(0x000000959e800000,0x000000959e900000)]
  0x000001e2ceaa3700 JavaThread "Asynchronous log dispatcher for DefaultDaemonConnection: socket connection from /127.0.0.1:60553 to /127.0.0.1:52205" [_thread_blocked, id=14820, stack(0x000000959e900000,0x000000959ea00000)]
  0x000001e2cea9db90 JavaThread "Stdin handler" [_thread_blocked, id=17524, stack(0x000000959ea00000,0x000000959eb00000)]
  0x000001e2cea9e530 JavaThread "Daemon client event forwarder" [_thread_blocked, id=4628, stack(0x000000959eb00000,0x000000959ec00000)]
  0x000001e2ce422ea0 JavaThread "Cache worker for checksums cache (C:\AndroidStudio\Mechanic\.gradle\8.0\checksums)" [_thread_blocked, id=11624, stack(0x000000959ec00000,0x000000959ed00000)]
  0x000001e2ceaa0210 JavaThread "Cache worker for cache directory md-rule (C:\Users\SuportSofh\.gradle\caches\8.0\md-rule)" [_thread_blocked, id=4016, stack(0x000000959ed00000,0x000000959ee00000)]
  0x000001e2ce423370 JavaThread "Cache worker for file hash cache (C:\AndroidStudio\Mechanic\.gradle\8.0\fileHashes)" [_thread_blocked, id=9768, stack(0x000000959ee00000,0x000000959ef00000)]
  0x000001e2ce4229d0 JavaThread "Cache worker for cache directory md-supplier (C:\Users\SuportSofh\.gradle\caches\8.0\md-supplier)" [_thread_blocked, id=20312, stack(0x000000959f400000,0x000000959f500000)]
  0x000001e2ceaa0bb0 JavaThread "Cache worker for dependencies-accessors (C:\AndroidStudio\Mechanic\.gradle\8.0\dependencies-accessors)" [_thread_blocked, id=16124, stack(0x000000959f500000,0x000000959f600000)]
  0x000001e2ce423840 JavaThread "Cache worker for Build Output Cleanup Cache (C:\AndroidStudio\Mechanic\.gradle\buildOutputCleanup)" [_thread_blocked, id=9228, stack(0x000000959f700000,0x000000959f800000)]
  0x000001e2ce421690 JavaThread "Unconstrained build operations" [_thread_blocked, id=11452, stack(0x000000959f800000,0x000000959f900000)]
  0x000001e2ce420820 JavaThread "Unconstrained build operations Thread 2" [_thread_blocked, id=10156, stack(0x000000959fe00000,0x000000959ff00000)]
  0x000001e2ce420cf0 JavaThread "Unconstrained build operations Thread 3" [_thread_blocked, id=10332, stack(0x000000959ff00000,0x00000095a0000000)]
  0x000001e2ce4211c0 JavaThread "Unconstrained build operations Thread 4" [_thread_blocked, id=18108, stack(0x00000095a0000000,0x00000095a0100000)]
  0x000001e2ce421b60 JavaThread "Unconstrained build operations Thread 5" [_thread_blocked, id=20080, stack(0x00000095a0100000,0x00000095a0200000)]
  0x000001e2ce422030 JavaThread "Unconstrained build operations Thread 6" [_thread_blocked, id=18556, stack(0x00000095a0200000,0x00000095a0300000)]
  0x000001e2ce422500 JavaThread "Unconstrained build operations Thread 7" [_thread_blocked, id=11916, stack(0x00000095a0300000,0x00000095a0400000)]
  0x000001e2cecc3210 JavaThread "Unconstrained build operations Thread 8" [_thread_blocked, id=20064, stack(0x00000095a0400000,0x00000095a0500000)]
  0x000001e2cecc36e0 JavaThread "Unconstrained build operations Thread 9" [_thread_blocked, id=13724, stack(0x00000095a0500000,0x00000095a0600000)]
  0x000001e2cecc23a0 JavaThread "Unconstrained build operations Thread 10" [_thread_blocked, id=14224, stack(0x00000095a0600000,0x00000095a0700000)]
  0x000001e2cecc1530 JavaThread "Unconstrained build operations Thread 11" [_thread_blocked, id=16676, stack(0x00000095a0700000,0x00000095a0800000)]
  0x000001e2cecc1060 JavaThread "Unconstrained build operations Thread 12" [_thread_blocked, id=10132, stack(0x00000095a0800000,0x00000095a0900000)]
  0x000001e2cecc1a00 JavaThread "Unconstrained build operations Thread 13" [_thread_blocked, id=11788, stack(0x00000095a0900000,0x00000095a0a00000)]
  0x000001e2cecc4550 JavaThread "Unconstrained build operations Thread 14" [_thread_blocked, id=18476, stack(0x00000095a0a00000,0x00000095a0b00000)]
  0x000001e2d15aebc0 JavaThread "Unconstrained build operations Thread 15" [_thread_blocked, id=11120, stack(0x00000095a0b00000,0x00000095a0c00000)]
  0x000001e2d15af090 JavaThread "Unconstrained build operations Thread 16" [_thread_blocked, id=16536, stack(0x00000095a0c00000,0x00000095a0d00000)]
  0x000001e2d15afa30 JavaThread "Unconstrained build operations Thread 17" [_thread_blocked, id=7508, stack(0x00000095a0d00000,0x00000095a0e00000)]
  0x000001e2d15ac070 JavaThread "Unconstrained build operations Thread 18" [_thread_blocked, id=15056, stack(0x00000095a0e00000,0x00000095a0f00000)]
  0x000001e2d15ad3b0 JavaThread "Unconstrained build operations Thread 19" [_thread_blocked, id=3556, stack(0x00000095a0f00000,0x00000095a1000000)]
  0x000001e2d1e4a9d0 JavaThread "Unconstrained build operations Thread 20" [_thread_blocked, id=19524, stack(0x00000095a1000000,0x00000095a1100000)]
  0x000001e2cecc3bb0 JavaThread "Unconstrained build operations Thread 21" [_thread_blocked, id=1988, stack(0x00000095a1100000,0x00000095a1200000)]
  0x000001e2cecc4a20 JavaThread "Unconstrained build operations Thread 22" [_thread_blocked, id=17692, stack(0x00000095a1200000,0x00000095a1300000)]
  0x000001e2cecc2870 JavaThread "Unconstrained build operations Thread 23" [_thread_blocked, id=2980, stack(0x00000095a1300000,0x00000095a1400000)]
  0x000001e2cecc2d40 JavaThread "Unconstrained build operations Thread 24" [_thread_blocked, id=15608, stack(0x00000095a1400000,0x00000095a1500000)]
  0x000001e2cecc1ed0 JavaThread "Unconstrained build operations Thread 25" [_thread_blocked, id=16496, stack(0x00000095a1500000,0x00000095a1600000)]
  0x000001e2d1c64070 JavaThread "Unconstrained build operations Thread 26" [_thread_blocked, id=18672, stack(0x00000095a1600000,0x00000095a1700000)]
  0x000001e2d1c666f0 JavaThread "Unconstrained build operations Thread 27" [_thread_blocked, id=12728, stack(0x00000095a1700000,0x00000095a1800000)]
  0x000001e2d1c64ee0 JavaThread "Unconstrained build operations Thread 28" [_thread_blocked, id=18288, stack(0x00000095a1800000,0x00000095a1900000)]
  0x000001e2d1c66bc0 JavaThread "Unconstrained build operations Thread 29" [_thread_blocked, id=13344, stack(0x00000095a1900000,0x00000095a1a00000)]
  0x000001e2d1c67560 JavaThread "Unconstrained build operations Thread 30" [_thread_blocked, id=11572, stack(0x00000095a1a00000,0x00000095a1b00000)]
  0x000001e2d1c64540 JavaThread "Unconstrained build operations Thread 31" [_thread_blocked, id=15952, stack(0x00000095a1b00000,0x00000095a1c00000)]
  0x000001e2d1c64a10 JavaThread "Unconstrained build operations Thread 32" [_thread_blocked, id=10544, stack(0x00000095a1c00000,0x00000095a1d00000)]
  0x000001e2d1c653b0 JavaThread "Unconstrained build operations Thread 33" [_thread_blocked, id=7300, stack(0x00000095a1d00000,0x00000095a1e00000)]
  0x000001e2ceaa23c0 JavaThread "Unconstrained build operations Thread 34" [_thread_blocked, id=15896, stack(0x00000095a1e00000,0x00000095a1f00000)]
  0x000001e2cea9ea00 JavaThread "Unconstrained build operations Thread 35" [_thread_blocked, id=9360, stack(0x00000095a1f00000,0x00000095a2000000)]
  0x000001e2d15ad880 JavaThread "Unconstrained build operations Thread 36" [_thread_blocked, id=17068, stack(0x00000095a2000000,0x00000095a2100000)]
  0x000001e2d1c65880 JavaThread "Unconstrained build operations Thread 37" [_thread_blocked, id=10140, stack(0x00000095a2100000,0x00000095a2200000)]
  0x000001e2d1c65d50 JavaThread "Unconstrained build operations Thread 38" [_thread_blocked, id=13388, stack(0x00000095a2200000,0x00000095a2300000)]
  0x000001e2d1c66220 JavaThread "Unconstrained build operations Thread 39" [_thread_blocked, id=13200, stack(0x00000095a2300000,0x00000095a2400000)]
  0x000001e2ce878bb0 JavaThread "Unconstrained build operations Thread 40" [_thread_blocked, id=628, stack(0x00000095a2400000,0x00000095a2500000)]
  0x000001e2d1e4b370 JavaThread "build event listener" [_thread_blocked, id=3836, stack(0x00000095a2500000,0x00000095a2600000)]
  0x000001e2d15acee0 JavaThread "included builds" [_thread_blocked, id=1680, stack(0x00000095a2600000,0x00000095a2700000)]
  0x000001e2cea9f3a0 JavaThread "Execution worker" [_thread_blocked, id=14392, stack(0x00000095a2700000,0x00000095a2800000)]
  0x000001e2cea9f870 JavaThread "Execution worker Thread 2" [_thread_blocked, id=16168, stack(0x00000095a2900000,0x00000095a2a00000)]
  0x000001e2ceaa3230 JavaThread "Execution worker Thread 3" [_thread_blocked, id=18576, stack(0x00000095a2c00000,0x00000095a2d00000)]
  0x000001e2ceaa3bd0 JavaThread "Cache worker for execution history cache (C:\AndroidStudio\Mechanic\.gradle\8.0\executionHistory)" [_thread_blocked, id=11580, stack(0x00000095a2d00000,0x00000095a2e00000)]
  0x000001e2ce879a20 JavaThread "Build operations" [_thread_blocked, id=17800, stack(0x00000095a2e00000,0x00000095a2f00000)]
  0x000001e2ce8773a0 JavaThread "Build operations Thread 2" [_thread_blocked, id=9504, stack(0x00000095a2f00000,0x00000095a3000000)]
  0x000001e2ce876a00 JavaThread "Build operations Thread 3" [_thread_blocked, id=19220, stack(0x00000095a3000000,0x00000095a3100000)]
  0x000001e2d15af560 JavaThread "Build operations Thread 4" [_thread_blocked, id=2104, stack(0x00000095a3100000,0x00000095a3200000)]
  0x000001e2d1e4a500 JavaThread "WorkerExecutor Queue" [_thread_blocked, id=11420, stack(0x00000095a3400000,0x00000095a3500000)]
  0x000001e2ce88eb30 JavaThread "WorkerExecutor Queue Thread 2" [_thread_blocked, id=8344, stack(0x00000095a3500000,0x00000095a3600000)]
  0x000001e2d17f1a50 JavaThread "WorkerExecutor Queue Thread 3" [_thread_blocked, id=11052, stack(0x00000095a3600000,0x00000095a3700000)]
  0x000001e2ce891b50 JavaThread "WorkerExecutor Queue Thread 5" [_thread_blocked, id=16972, stack(0x00000095a3800000,0x00000095a3900000)]

Other Threads:
=>0x000001e2c92c89e0 VMThread "VM Thread" [stack: 0x000000959d500000,0x000000959d600000] [id=9908]
  0x000001e2c9eb67f0 WatcherThread [stack: 0x000000959e100000,0x000000959e200000] [id=16008]
  0x000001e2afde55f0 GCTaskThread "GC Thread#0" [stack: 0x000000959d000000,0x000000959d100000] [id=620]
  0x000001e2ca0af4e0 GCTaskThread "GC Thread#1" [stack: 0x000000959e200000,0x000000959e300000] [id=19312]
  0x000001e2c9f79d80 GCTaskThread "GC Thread#2" [stack: 0x000000959e300000,0x000000959e400000] [id=12712]
  0x000001e2ca9a6860 GCTaskThread "GC Thread#3" [stack: 0x000000959e400000,0x000000959e500000] [id=10088]
  0x000001e2afdf6530 ConcurrentGCThread "G1 Main Marker" [stack: 0x000000959d100000,0x000000959d200000] [id=2556]
  0x000001e2afdf6f40 ConcurrentGCThread "G1 Conc#0" [stack: 0x000000959d200000,0x000000959d300000] [id=13056]
  0x000001e2afe39130 ConcurrentGCThread "G1 Refine#0" [stack: 0x000000959d300000,0x000000959d400000] [id=16568]
  0x000001e2ce87bd30 ConcurrentGCThread "G1 Refine#1" [stack: 0x00000095a2800000,0x00000095a2900000] [id=17340]
  0x000001e2d4831320 ConcurrentGCThread "G1 Refine#2" [stack: 0x00000095a3200000,0x00000095a3300000] [id=16932]
  0x000001e2d30b7fd0 ConcurrentGCThread "G1 Refine#3" [stack: 0x00000095a3300000,0x00000095a3400000] [id=4000]
  0x000001e2afe39b50 ConcurrentGCThread "G1 Service" [stack: 0x000000959d400000,0x000000959d500000] [id=19056]

Threads with active compile tasks:
C2 CompilerThread0  9510629 24938       4       com.android.tools.r8.internal.V7::a (316 bytes)
C1 CompilerThread0  9510629 24956       3       com.android.tools.r8.internal.Hs::b (52 bytes)

VM state: at safepoint (normal execution)

VM Mutex/Monitor currently owned by a thread:  ([mutex/lock_event])
[0x000001e2afd84170] Threads_lock - owner thread: 0x000001e2c92c89e0
[0x000001e2afd84830] Heap_lock - owner thread: 0x000001e2d1e4a500

Heap address: 0x0000000080000000, size: 2048 MB, Compressed Oops mode: 32-bit

CDS archive(s) not mapped
Compressed class space mapped at: 0x0000000100000000-0x0000000140000000, reserved size: 1073741824
Narrow klass base: 0x0000000000000000, Narrow klass shift: 3, Narrow klass range: 0x140000000

GC Precious Log:
 CPUs: 4 total, 4 available
 Memory: 3819M
 Large Page Support: Disabled
 NUMA Support: Disabled
 Compressed Oops: Enabled (32-bit)
 Heap Region Size: 1M
 Heap Min Capacity: 8M
 Heap Initial Capacity: 60M
 Heap Max Capacity: 2G
 Pre-touch: Disabled
 Parallel Workers: 4
 Concurrent Workers: 1
 Concurrent Refinement Workers: 4
 Periodic GC: Disabled

Heap:
 garbage-first heap   total 285696K, used 129427K [0x0000000080000000, 0x0000000100000000)
  region size 1024K, 5 young (5120K), 5 survivors (5120K)
 Metaspace       used 130654K, committed 131456K, reserved 1163264K
  class space    used 17361K, committed 17728K, reserved 1048576K

Heap Regions: E=young(eden), S=young(survivor), O=old, HS=humongous(starts), HC=humongous(continues), CS=collection set, F=free, OA=open archive, CA=closed archive, TAMS=top-at-mark-start (previous, next)
|   0|0x0000000080000000, 0x0000000080100000, 0x0000000080100000|100%| O|  |TAMS 0x0000000080100000, 0x0000000080100000| Untracked 
|   1|0x0000000080100000, 0x0000000080200000, 0x0000000080200000|100%| O|  |TAMS 0x0000000080200000, 0x0000000080200000| Untracked 
|   2|0x0000000080200000, 0x0000000080300000, 0x0000000080300000|100%|HS|  |TAMS 0x0000000080300000, 0x0000000080300000| Complete 
|   3|0x0000000080300000, 0x0000000080400000, 0x0000000080400000|100%|HC|  |TAMS 0x0000000080400000, 0x0000000080400000| Complete 
|   4|0x0000000080400000, 0x0000000080500000, 0x0000000080500000|100%|HC|  |TAMS 0x0000000080500000, 0x0000000080500000| Complete 
|   5|0x0000000080500000, 0x0000000080600000, 0x0000000080600000|100%|HC|  |TAMS 0x0000000080600000, 0x0000000080600000| Complete 
|   6|0x0000000080600000, 0x0000000080700000, 0x0000000080700000|100%| O|  |TAMS 0x0000000080700000, 0x0000000080700000| Untracked 
|   7|0x0000000080700000, 0x0000000080800000, 0x0000000080800000|100%| O|  |TAMS 0x0000000080800000, 0x0000000080800000| Untracked 
|   8|0x0000000080800000, 0x0000000080900000, 0x0000000080900000|100%| O|  |TAMS 0x0000000080900000, 0x0000000080900000| Untracked 
|   9|0x0000000080900000, 0x0000000080a00000, 0x0000000080a00000|100%| O|  |TAMS 0x0000000080a00000, 0x0000000080a00000| Untracked 
|  10|0x0000000080a00000, 0x0000000080b00000, 0x0000000080b00000|100%| O|  |TAMS 0x0000000080b00000, 0x0000000080b00000| Untracked 
|  11|0x0000000080b00000, 0x0000000080c00000, 0x0000000080c00000|100%| O|  |TAMS 0x0000000080c00000, 0x0000000080c00000| Untracked 
|  12|0x0000000080c00000, 0x0000000080d00000, 0x0000000080d00000|100%| O|  |TAMS 0x0000000080d00000, 0x0000000080d00000| Untracked 
|  13|0x0000000080d00000, 0x0000000080e00000, 0x0000000080e00000|100%| O|  |TAMS 0x0000000080e00000, 0x0000000080e00000| Untracked 
|  14|0x0000000080e00000, 0x0000000080f00000, 0x0000000080f00000|100%| O|  |TAMS 0x0000000080f00000, 0x0000000080f00000| Untracked 
|  15|0x0000000080f00000, 0x0000000081000000, 0x0000000081000000|100%| O|  |TAMS 0x0000000081000000, 0x0000000081000000| Untracked 
|  16|0x0000000081000000, 0x0000000081100000, 0x0000000081100000|100%| O|  |TAMS 0x0000000081100000, 0x0000000081100000| Untracked 
|  17|0x0000000081100000, 0x0000000081200000, 0x0000000081200000|100%|HS|  |TAMS 0x0000000081200000, 0x0000000081200000| Complete 
|  18|0x0000000081200000, 0x0000000081300000, 0x0000000081300000|100%| O|  |TAMS 0x0000000081300000, 0x0000000081300000| Untracked 
|  19|0x0000000081300000, 0x0000000081400000, 0x0000000081400000|100%| O|  |TAMS 0x0000000081400000, 0x0000000081400000| Untracked 
|  20|0x0000000081400000, 0x0000000081500000, 0x0000000081500000|100%| O|  |TAMS 0x0000000081500000, 0x0000000081500000| Untracked 
|  21|0x0000000081500000, 0x0000000081600000, 0x0000000081600000|100%| O|  |TAMS 0x0000000081600000, 0x0000000081600000| Untracked 
|  22|0x0000000081600000, 0x0000000081700000, 0x0000000081700000|100%| O|  |TAMS 0x0000000081700000, 0x0000000081700000| Untracked 
|  23|0x0000000081700000, 0x0000000081800000, 0x0000000081800000|100%| O|  |TAMS 0x0000000081800000, 0x0000000081800000| Untracked 
|  24|0x0000000081800000, 0x0000000081900000, 0x0000000081900000|100%| O|  |TAMS 0x0000000081900000, 0x0000000081900000| Untracked 
|  25|0x0000000081900000, 0x0000000081a00000, 0x0000000081a00000|100%| O|  |TAMS 0x0000000081a00000, 0x0000000081a00000| Untracked 
|  26|0x0000000081a00000, 0x0000000081b00000, 0x0000000081b00000|100%| O|  |TAMS 0x0000000081b00000, 0x0000000081b00000| Untracked 
|  27|0x0000000081b00000, 0x0000000081c00000, 0x0000000081c00000|100%| O|  |TAMS 0x0000000081b00000, 0x0000000081c00000| Untracked 
|  28|0x0000000081c00000, 0x0000000081d00000, 0x0000000081d00000|100%| O|  |TAMS 0x0000000081d00000, 0x0000000081d00000| Untracked 
|  29|0x0000000081d00000, 0x0000000081e00000, 0x0000000081e00000|100%| O|  |TAMS 0x0000000081e00000, 0x0000000081e00000| Untracked 
|  30|0x0000000081e00000, 0x0000000081f00000, 0x0000000081f00000|100%|HS|  |TAMS 0x0000000081f00000, 0x0000000081f00000| Complete 
|  31|0x0000000081f00000, 0x0000000082000000, 0x0000000082000000|100%| O|  |TAMS 0x0000000082000000, 0x0000000082000000| Untracked 
|  32|0x0000000082000000, 0x0000000082100000, 0x0000000082100000|100%| O|  |TAMS 0x0000000082100000, 0x0000000082100000| Untracked 
|  33|0x0000000082100000, 0x0000000082200000, 0x0000000082200000|100%| O|  |TAMS 0x0000000082200000, 0x0000000082200000| Untracked 
|  34|0x0000000082200000, 0x0000000082300000, 0x0000000082300000|100%| O|  |TAMS 0x0000000082300000, 0x0000000082300000| Untracked 
|  35|0x0000000082300000, 0x0000000082400000, 0x0000000082400000|100%| O|  |TAMS 0x0000000082400000, 0x0000000082400000| Untracked 
|  36|0x0000000082400000, 0x0000000082500000, 0x0000000082500000|100%| O|  |TAMS 0x0000000082500000, 0x0000000082500000| Untracked 
|  37|0x0000000082500000, 0x0000000082600000, 0x0000000082600000|100%| O|  |TAMS 0x0000000082600000, 0x0000000082600000| Untracked 
|  38|0x0000000082600000, 0x0000000082700000, 0x0000000082700000|100%| O|  |TAMS 0x0000000082700000, 0x0000000082700000| Untracked 
|  39|0x0000000082700000, 0x0000000082800000, 0x0000000082800000|100%| O|  |TAMS 0x0000000082800000, 0x0000000082800000| Untracked 
|  40|0x0000000082800000, 0x0000000082900000, 0x0000000082900000|100%| O|  |TAMS 0x0000000082900000, 0x0000000082900000| Untracked 
|  41|0x0000000082900000, 0x0000000082a00000, 0x0000000082a00000|100%| O|  |TAMS 0x0000000082a00000, 0x0000000082a00000| Untracked 
|  42|0x0000000082a00000, 0x0000000082b00000, 0x0000000082b00000|100%| O|  |TAMS 0x0000000082b00000, 0x0000000082b00000| Untracked 
|  43|0x0000000082b00000, 0x0000000082c00000, 0x0000000082c00000|100%| O|  |TAMS 0x0000000082c00000, 0x0000000082c00000| Untracked 
|  44|0x0000000082c00000, 0x0000000082d00000, 0x0000000082d00000|100%| O|  |TAMS 0x0000000082d00000, 0x0000000082d00000| Untracked 
|  45|0x0000000082d00000, 0x0000000082e00000, 0x0000000082e00000|100%| O|  |TAMS 0x0000000082e00000, 0x0000000082e00000| Untracked 
|  46|0x0000000082e00000, 0x0000000082f00000, 0x0000000082f00000|100%| O|  |TAMS 0x0000000082f00000, 0x0000000082f00000| Untracked 
|  47|0x0000000082f00000, 0x0000000083000000, 0x0000000083000000|100%| O|  |TAMS 0x0000000083000000, 0x0000000083000000| Untracked 
|  48|0x0000000083000000, 0x0000000083100000, 0x0000000083100000|100%| O|  |TAMS 0x0000000083100000, 0x0000000083100000| Untracked 
|  49|0x0000000083100000, 0x0000000083200000, 0x0000000083200000|100%| O|  |TAMS 0x0000000083200000, 0x0000000083200000| Untracked 
|  50|0x0000000083200000, 0x0000000083300000, 0x0000000083300000|100%| O|  |TAMS 0x0000000083300000, 0x0000000083300000| Untracked 
|  51|0x0000000083300000, 0x0000000083400000, 0x0000000083400000|100%| O|  |TAMS 0x0000000083400000, 0x0000000083400000| Untracked 
|  52|0x0000000083400000, 0x0000000083500000, 0x0000000083500000|100%| O|  |TAMS 0x0000000083500000, 0x0000000083500000| Untracked 
|  53|0x0000000083500000, 0x0000000083500000, 0x0000000083600000|  0%| F|  |TAMS 0x0000000083500000, 0x0000000083500000| Untracked 
|  54|0x0000000083600000, 0x0000000083700000, 0x0000000083700000|100%| O|  |TAMS 0x0000000083600000, 0x0000000083700000| Untracked 
|  55|0x0000000083700000, 0x0000000083800000, 0x0000000083800000|100%| O|  |TAMS 0x0000000083800000, 0x0000000083800000| Untracked 
|  56|0x0000000083800000, 0x0000000083900000, 0x0000000083900000|100%| O|  |TAMS 0x0000000083900000, 0x0000000083900000| Untracked 
|  57|0x0000000083900000, 0x0000000083a00000, 0x0000000083a00000|100%| O|  |TAMS 0x0000000083a00000, 0x0000000083a00000| Untracked 
|  58|0x0000000083a00000, 0x0000000083b00000, 0x0000000083b00000|100%| O|  |TAMS 0x0000000083b00000, 0x0000000083b00000| Untracked 
|  59|0x0000000083b00000, 0x0000000083c00000, 0x0000000083c00000|100%| O|  |TAMS 0x0000000083c00000, 0x0000000083c00000| Untracked 
|  60|0x0000000083c00000, 0x0000000083d00000, 0x0000000083d00000|100%| O|  |TAMS 0x0000000083d00000, 0x0000000083d00000| Untracked 
|  61|0x0000000083d00000, 0x0000000083e00000, 0x0000000083e00000|100%| O|  |TAMS 0x0000000083e00000, 0x0000000083e00000| Untracked 
|  62|0x0000000083e00000, 0x0000000083f00000, 0x0000000083f00000|100%| O|  |TAMS 0x0000000083f00000, 0x0000000083f00000| Untracked 
|  63|0x0000000083f00000, 0x0000000084000000, 0x0000000084000000|100%| O|  |TAMS 0x0000000084000000, 0x0000000084000000| Untracked 
|  64|0x0000000084000000, 0x0000000084100000, 0x0000000084100000|100%| O|  |TAMS 0x0000000084100000, 0x0000000084100000| Untracked 
|  65|0x0000000084100000, 0x0000000084200000, 0x0000000084200000|100%| O|  |TAMS 0x0000000084200000, 0x0000000084200000| Untracked 
|  66|0x0000000084200000, 0x0000000084300000, 0x0000000084300000|100%| O|  |TAMS 0x0000000084300000, 0x0000000084300000| Untracked 
|  67|0x0000000084300000, 0x0000000084400000, 0x0000000084400000|100%| O|  |TAMS 0x0000000084400000, 0x0000000084400000| Untracked 
|  68|0x0000000084400000, 0x0000000084500000, 0x0000000084500000|100%| O|  |TAMS 0x0000000084500000, 0x0000000084500000| Untracked 
|  69|0x0000000084500000, 0x0000000084600000, 0x0000000084600000|100%| O|  |TAMS 0x0000000084600000, 0x0000000084600000| Untracked 
|  70|0x0000000084600000, 0x0000000084700000, 0x0000000084700000|100%| O|  |TAMS 0x0000000084700000, 0x0000000084700000| Untracked 
|  71|0x0000000084700000, 0x00000000847fa000, 0x0000000084800000| 97%| O|  |TAMS 0x0000000084700000, 0x00000000847fa000| Untracked 
|  72|0x0000000084800000, 0x0000000084900000, 0x0000000084900000|100%| O|  |TAMS 0x0000000084900000, 0x0000000084900000| Untracked 
|  73|0x0000000084900000, 0x0000000084a00000, 0x0000000084a00000|100%| O|  |TAMS 0x0000000084a00000, 0x0000000084a00000| Untracked 
|  74|0x0000000084a00000, 0x0000000084a00000, 0x0000000084b00000|  0%| F|  |TAMS 0x0000000084a00000, 0x0000000084a00000| Untracked 
|  75|0x0000000084b00000, 0x0000000084c00000, 0x0000000084c00000|100%| O|  |TAMS 0x0000000084c00000, 0x0000000084c00000| Untracked 
|  76|0x0000000084c00000, 0x0000000084d00000, 0x0000000084d00000|100%| O|  |TAMS 0x0000000084d00000, 0x0000000084d00000| Untracked 
|  77|0x0000000084d00000, 0x0000000084e00000, 0x0000000084e00000|100%| O|  |TAMS 0x0000000084e00000, 0x0000000084e00000| Untracked 
|  78|0x0000000084e00000, 0x0000000084f00000, 0x0000000084f00000|100%| O|  |TAMS 0x0000000084f00000, 0x0000000084f00000| Untracked 
|  79|0x0000000084f00000, 0x0000000085000000, 0x0000000085000000|100%| O|  |TAMS 0x0000000085000000, 0x0000000085000000| Untracked 
|  80|0x0000000085000000, 0x0000000085100000, 0x0000000085100000|100%| O|  |TAMS 0x0000000085100000, 0x0000000085100000| Untracked 
|  81|0x0000000085100000, 0x0000000085200000, 0x0000000085200000|100%| O|  |TAMS 0x0000000085200000, 0x0000000085200000| Untracked 
|  82|0x0000000085200000, 0x0000000085300000, 0x0000000085300000|100%| O|  |TAMS 0x0000000085300000, 0x0000000085300000| Untracked 
|  83|0x0000000085300000, 0x0000000085400000, 0x0000000085400000|100%| O|  |TAMS 0x0000000085400000, 0x0000000085400000| Untracked 
|  84|0x0000000085400000, 0x0000000085500000, 0x0000000085500000|100%| O|  |TAMS 0x0000000085500000, 0x0000000085500000| Untracked 
|  85|0x0000000085500000, 0x0000000085600000, 0x0000000085600000|100%| O|  |TAMS 0x0000000085500000, 0x0000000085600000| Untracked 
|  86|0x0000000085600000, 0x0000000085700000, 0x0000000085700000|100%| O|  |TAMS 0x0000000085600000, 0x0000000085700000| Untracked 
|  87|0x0000000085700000, 0x0000000085800000, 0x0000000085800000|100%| O|  |TAMS 0x0000000085800000, 0x0000000085800000| Untracked 
|  88|0x0000000085800000, 0x0000000085900000, 0x0000000085900000|100%| O|  |TAMS 0x0000000085900000, 0x0000000085900000| Untracked 
|  89|0x0000000085900000, 0x0000000085a00000, 0x0000000085a00000|100%| O|  |TAMS 0x0000000085a00000, 0x0000000085a00000| Untracked 
|  90|0x0000000085a00000, 0x0000000085b00000, 0x0000000085b00000|100%| O|  |TAMS 0x0000000085b00000, 0x0000000085b00000| Untracked 
|  91|0x0000000085b00000, 0x0000000085c00000, 0x0000000085c00000|100%| O|  |TAMS 0x0000000085c00000, 0x0000000085c00000| Untracked 
|  92|0x0000000085c00000, 0x0000000085d00000, 0x0000000085d00000|100%| O|  |TAMS 0x0000000085d00000, 0x0000000085d00000| Untracked 
|  93|0x0000000085d00000, 0x0000000085e00000, 0x0000000085e00000|100%| O|  |TAMS 0x0000000085e00000, 0x0000000085e00000| Untracked 
|  94|0x0000000085e00000, 0x0000000085f00000, 0x0000000085f00000|100%| O|  |TAMS 0x0000000085f00000, 0x0000000085f00000| Untracked 
|  95|0x0000000085f00000, 0x0000000086000000, 0x0000000086000000|100%| O|  |TAMS 0x0000000086000000, 0x0000000086000000| Untracked 
|  96|0x0000000086000000, 0x0000000086100000, 0x0000000086100000|100%| O|  |TAMS 0x0000000086100000, 0x0000000086100000| Untracked 
|  97|0x0000000086100000, 0x0000000086200000, 0x0000000086200000|100%| O|  |TAMS 0x0000000086200000, 0x0000000086200000| Untracked 
|  98|0x0000000086200000, 0x0000000086300000, 0x0000000086300000|100%| O|  |TAMS 0x0000000086300000, 0x0000000086300000| Untracked 
|  99|0x0000000086300000, 0x0000000086400000, 0x0000000086400000|100%| O|  |TAMS 0x0000000086400000, 0x0000000086400000| Untracked 
| 100|0x0000000086400000, 0x0000000086500000, 0x0000000086500000|100%| O|  |TAMS 0x0000000086500000, 0x0000000086500000| Untracked 
| 101|0x0000000086500000, 0x0000000086600000, 0x0000000086600000|100%| O|  |TAMS 0x0000000086600000, 0x0000000086600000| Untracked 
| 102|0x0000000086600000, 0x0000000086600000, 0x0000000086700000|  0%| F|  |TAMS 0x0000000086600000, 0x0000000086600000| Untracked 
| 103|0x0000000086700000, 0x0000000086800000, 0x0000000086800000|100%| O|  |TAMS 0x0000000086800000, 0x0000000086800000| Untracked 
| 104|0x0000000086800000, 0x0000000086900000, 0x0000000086900000|100%| O|  |TAMS 0x0000000086900000, 0x0000000086900000| Untracked 
| 105|0x0000000086900000, 0x0000000086a00000, 0x0000000086a00000|100%| O|  |TAMS 0x0000000086a00000, 0x0000000086a00000| Untracked 
| 106|0x0000000086a00000, 0x0000000086b00000, 0x0000000086b00000|100%|HS|  |TAMS 0x0000000086a00000, 0x0000000086b00000| Complete 
| 107|0x0000000086b00000, 0x0000000086c00000, 0x0000000086c00000|100%|HC|  |TAMS 0x0000000086b00000, 0x0000000086c00000| Complete 
| 108|0x0000000086c00000, 0x0000000086d00000, 0x0000000086d00000|100%| O|  |TAMS 0x0000000086c00000, 0x0000000086d00000| Untracked 
| 109|0x0000000086d00000, 0x0000000086e00000, 0x0000000086e00000|100%| O|  |TAMS 0x0000000086d00000, 0x0000000086e00000| Untracked 
| 110|0x0000000086e00000, 0x0000000086f00000, 0x0000000086f00000|100%| O|  |TAMS 0x0000000086e88a00, 0x0000000086f00000| Untracked 
| 111|0x0000000086f00000, 0x0000000087000000, 0x0000000087000000|100%| O|  |TAMS 0x0000000086f00000, 0x0000000087000000| Untracked 
| 112|0x0000000087000000, 0x0000000087100000, 0x0000000087100000|100%| O|  |TAMS 0x0000000087100000, 0x0000000087100000| Untracked 
| 113|0x0000000087100000, 0x0000000087200000, 0x0000000087200000|100%| O|  |TAMS 0x0000000087200000, 0x0000000087200000| Untracked 
| 114|0x0000000087200000, 0x0000000087300000, 0x0000000087300000|100%| O|  |TAMS 0x0000000087300000, 0x0000000087300000| Untracked 
| 115|0x0000000087300000, 0x0000000087400000, 0x0000000087400000|100%| O|  |TAMS 0x0000000087400000, 0x0000000087400000| Untracked 
| 116|0x0000000087400000, 0x0000000087500000, 0x0000000087500000|100%| O|  |TAMS 0x0000000087400000, 0x0000000087500000| Untracked 
| 117|0x0000000087500000, 0x0000000087600000, 0x0000000087600000|100%| O|  |TAMS 0x0000000087500000, 0x0000000087600000| Untracked 
| 118|0x0000000087600000, 0x0000000087700000, 0x0000000087700000|100%| O|  |TAMS 0x0000000087600000, 0x0000000087700000| Untracked 
| 119|0x0000000087700000, 0x0000000087800000, 0x0000000087800000|100%| O|  |TAMS 0x0000000087700000, 0x0000000087800000| Untracked 
| 120|0x0000000087800000, 0x0000000087900000, 0x0000000087900000|100%| O|  |TAMS 0x0000000087800000, 0x0000000087900000| Untracked 
| 121|0x0000000087900000, 0x0000000087a00000, 0x0000000087a00000|100%| O|  |TAMS 0x0000000087900000, 0x0000000087a00000| Untracked 
| 122|0x0000000087a00000, 0x0000000087b00000, 0x0000000087b00000|100%| O|  |TAMS 0x0000000087a00000, 0x0000000087b00000| Untracked 
| 123|0x0000000087b00000, 0x0000000087c00000, 0x0000000087c00000|100%| O|  |TAMS 0x0000000087b00000, 0x0000000087c00000| Untracked 
| 124|0x0000000087c00000, 0x0000000087d00000, 0x0000000087d00000|100%| O|  |TAMS 0x0000000087c00000, 0x0000000087d00000| Untracked 
| 125|0x0000000087d00000, 0x0000000087d00000, 0x0000000087e00000|  0%| F|  |TAMS 0x0000000087d00000, 0x0000000087d00000| Untracked 
| 126|0x0000000087e00000, 0x0000000087e00000, 0x0000000087f00000|  0%| F|  |TAMS 0x0000000087e00000, 0x0000000087e00000| Untracked 
| 127|0x0000000087f00000, 0x0000000087f00000, 0x0000000088000000|  0%| F|  |TAMS 0x0000000087f00000, 0x0000000087f00000| Untracked 
| 128|0x0000000088000000, 0x0000000088000000, 0x0000000088100000|  0%| F|  |TAMS 0x0000000088000000, 0x0000000088000000| Untracked 
| 129|0x0000000088100000, 0x0000000088100000, 0x0000000088200000|  0%| F|  |TAMS 0x0000000088100000, 0x0000000088100000| Untracked 
| 130|0x0000000088200000, 0x0000000088200000, 0x0000000088300000|  0%| F|  |TAMS 0x0000000088200000, 0x0000000088200000| Untracked 
| 131|0x0000000088300000, 0x0000000088300000, 0x0000000088400000|  0%| F|  |TAMS 0x0000000088300000, 0x0000000088300000| Untracked 
| 132|0x0000000088400000, 0x0000000088400000, 0x0000000088500000|  0%| F|  |TAMS 0x0000000088400000, 0x0000000088400000| Untracked 
| 133|0x0000000088500000, 0x0000000088500000, 0x0000000088600000|  0%| F|  |TAMS 0x0000000088500000, 0x0000000088500000| Untracked 
| 134|0x0000000088600000, 0x0000000088600000, 0x0000000088700000|  0%| F|  |TAMS 0x0000000088600000, 0x0000000088600000| Untracked 
| 135|0x0000000088700000, 0x0000000088700000, 0x0000000088800000|  0%| F|  |TAMS 0x0000000088700000, 0x0000000088700000| Untracked 
| 136|0x0000000088800000, 0x0000000088800000, 0x0000000088900000|  0%| F|  |TAMS 0x0000000088800000, 0x0000000088800000| Untracked 
| 137|0x0000000088900000, 0x0000000088900000, 0x0000000088a00000|  0%| F|  |TAMS 0x0000000088900000, 0x0000000088900000| Untracked 
| 138|0x0000000088a00000, 0x0000000088a00000, 0x0000000088b00000|  0%| F|  |TAMS 0x0000000088a00000, 0x0000000088a00000| Untracked 
| 139|0x0000000088b00000, 0x0000000088b00000, 0x0000000088c00000|  0%| F|  |TAMS 0x0000000088b00000, 0x0000000088b00000| Untracked 
| 140|0x0000000088c00000, 0x0000000088c00000, 0x0000000088d00000|  0%| F|  |TAMS 0x0000000088c00000, 0x0000000088c00000| Untracked 
| 141|0x0000000088d00000, 0x0000000088d00000, 0x0000000088e00000|  0%| F|  |TAMS 0x0000000088d00000, 0x0000000088d00000| Untracked 
| 142|0x0000000088e00000, 0x0000000088e00000, 0x0000000088f00000|  0%| F|  |TAMS 0x0000000088e00000, 0x0000000088e00000| Untracked 
| 143|0x0000000088f00000, 0x0000000088f00000, 0x0000000089000000|  0%| F|  |TAMS 0x0000000088f00000, 0x0000000088f00000| Untracked 
| 144|0x0000000089000000, 0x0000000089000000, 0x0000000089100000|  0%| F|  |TAMS 0x0000000089000000, 0x0000000089000000| Untracked 
| 145|0x0000000089100000, 0x0000000089100000, 0x0000000089200000|  0%| F|  |TAMS 0x0000000089100000, 0x0000000089100000| Untracked 
| 146|0x0000000089200000, 0x0000000089200000, 0x0000000089300000|  0%| F|  |TAMS 0x0000000089200000, 0x0000000089200000| Untracked 
| 147|0x0000000089300000, 0x0000000089300000, 0x0000000089400000|  0%| F|  |TAMS 0x0000000089300000, 0x0000000089300000| Untracked 
| 148|0x0000000089400000, 0x0000000089400000, 0x0000000089500000|  0%| F|  |TAMS 0x0000000089400000, 0x0000000089400000| Untracked 
| 149|0x0000000089500000, 0x0000000089500000, 0x0000000089600000|  0%| F|  |TAMS 0x0000000089500000, 0x0000000089500000| Untracked 
| 150|0x0000000089600000, 0x0000000089600000, 0x0000000089700000|  0%| F|  |TAMS 0x0000000089600000, 0x0000000089600000| Untracked 
| 151|0x0000000089700000, 0x0000000089700000, 0x0000000089800000|  0%| F|  |TAMS 0x0000000089700000, 0x0000000089700000| Untracked 
| 152|0x0000000089800000, 0x0000000089800000, 0x0000000089900000|  0%| F|  |TAMS 0x0000000089800000, 0x0000000089800000| Untracked 
| 153|0x0000000089900000, 0x0000000089900000, 0x0000000089a00000|  0%| F|  |TAMS 0x0000000089900000, 0x0000000089900000| Untracked 
| 154|0x0000000089a00000, 0x0000000089a00000, 0x0000000089b00000|  0%| F|  |TAMS 0x0000000089a00000, 0x0000000089a00000| Untracked 
| 155|0x0000000089b00000, 0x0000000089b00000, 0x0000000089c00000|  0%| F|  |TAMS 0x0000000089b00000, 0x0000000089b00000| Untracked 
| 156|0x0000000089c00000, 0x0000000089c00000, 0x0000000089d00000|  0%| F|  |TAMS 0x0000000089c00000, 0x0000000089c00000| Untracked 
| 157|0x0000000089d00000, 0x0000000089d00000, 0x0000000089e00000|  0%| F|  |TAMS 0x0000000089d00000, 0x0000000089d00000| Untracked 
| 158|0x0000000089e00000, 0x0000000089e00000, 0x0000000089f00000|  0%| F|  |TAMS 0x0000000089e00000, 0x0000000089e00000| Untracked 
| 159|0x0000000089f00000, 0x0000000089f00000, 0x000000008a000000|  0%| F|  |TAMS 0x0000000089f00000, 0x0000000089f00000| Untracked 
| 160|0x000000008a000000, 0x000000008a000000, 0x000000008a100000|  0%| F|  |TAMS 0x000000008a000000, 0x000000008a000000| Untracked 
| 161|0x000000008a100000, 0x000000008a100000, 0x000000008a200000|  0%| F|  |TAMS 0x000000008a100000, 0x000000008a100000| Untracked 
| 162|0x000000008a200000, 0x000000008a200000, 0x000000008a300000|  0%| F|  |TAMS 0x000000008a200000, 0x000000008a200000| Untracked 
| 163|0x000000008a300000, 0x000000008a300000, 0x000000008a400000|  0%| F|  |TAMS 0x000000008a300000, 0x000000008a300000| Untracked 
| 164|0x000000008a400000, 0x000000008a400000, 0x000000008a500000|  0%| F|  |TAMS 0x000000008a400000, 0x000000008a400000| Untracked 
| 165|0x000000008a500000, 0x000000008a500000, 0x000000008a600000|  0%| F|  |TAMS 0x000000008a500000, 0x000000008a500000| Untracked 
| 166|0x000000008a600000, 0x000000008a600000, 0x000000008a700000|  0%| F|  |TAMS 0x000000008a600000, 0x000000008a600000| Untracked 
| 167|0x000000008a700000, 0x000000008a700000, 0x000000008a800000|  0%| F|  |TAMS 0x000000008a700000, 0x000000008a700000| Untracked 
| 168|0x000000008a800000, 0x000000008a800000, 0x000000008a900000|  0%| F|  |TAMS 0x000000008a800000, 0x000000008a800000| Untracked 
| 169|0x000000008a900000, 0x000000008a96af80, 0x000000008aa00000| 41%| S|CS|TAMS 0x000000008a900000, 0x000000008a900000| Complete 
| 170|0x000000008aa00000, 0x000000008ab00000, 0x000000008ab00000|100%| S|CS|TAMS 0x000000008aa00000, 0x000000008aa00000| Complete 
| 171|0x000000008ab00000, 0x000000008ac00000, 0x000000008ac00000|100%| S|CS|TAMS 0x000000008ab00000, 0x000000008ab00000| Complete 
| 172|0x000000008ac00000, 0x000000008ad00000, 0x000000008ad00000|100%| S|CS|TAMS 0x000000008ac00000, 0x000000008ac00000| Complete 
| 173|0x000000008ad00000, 0x000000008ae00000, 0x000000008ae00000|100%| S|CS|TAMS 0x000000008ad00000, 0x000000008ad00000| Complete 
| 174|0x000000008ae00000, 0x000000008ae00000, 0x000000008af00000|  0%| F|  |TAMS 0x000000008ae00000, 0x000000008ae00000| Untracked 
| 175|0x000000008af00000, 0x000000008af00000, 0x000000008b000000|  0%| F|  |TAMS 0x000000008af00000, 0x000000008af00000| Untracked 
| 176|0x000000008b000000, 0x000000008b000000, 0x000000008b100000|  0%| F|  |TAMS 0x000000008b000000, 0x000000008b000000| Untracked 
| 177|0x000000008b100000, 0x000000008b100000, 0x000000008b200000|  0%| F|  |TAMS 0x000000008b100000, 0x000000008b100000| Untracked 
| 178|0x000000008b200000, 0x000000008b200000, 0x000000008b300000|  0%| F|  |TAMS 0x000000008b200000, 0x000000008b200000| Untracked 
| 179|0x000000008b300000, 0x000000008b300000, 0x000000008b400000|  0%| F|  |TAMS 0x000000008b300000, 0x000000008b300000| Untracked 
| 180|0x000000008b400000, 0x000000008b400000, 0x000000008b500000|  0%| F|  |TAMS 0x000000008b400000, 0x000000008b400000| Untracked 
| 181|0x000000008b500000, 0x000000008b500000, 0x000000008b600000|  0%| F|  |TAMS 0x000000008b500000, 0x000000008b500000| Untracked 
| 182|0x000000008b600000, 0x000000008b600000, 0x000000008b700000|  0%| F|  |TAMS 0x000000008b600000, 0x000000008b600000| Untracked 
| 183|0x000000008b700000, 0x000000008b700000, 0x000000008b800000|  0%| F|  |TAMS 0x000000008b700000, 0x000000008b700000| Untracked 
| 184|0x000000008b800000, 0x000000008b800000, 0x000000008b900000|  0%| F|  |TAMS 0x000000008b800000, 0x000000008b800000| Untracked 
| 185|0x000000008b900000, 0x000000008b900000, 0x000000008ba00000|  0%| F|  |TAMS 0x000000008b900000, 0x000000008b900000| Untracked 
| 186|0x000000008ba00000, 0x000000008ba00000, 0x000000008bb00000|  0%| F|  |TAMS 0x000000008ba00000, 0x000000008ba00000| Untracked 
| 187|0x000000008bb00000, 0x000000008bb00000, 0x000000008bc00000|  0%| F|  |TAMS 0x000000008bb00000, 0x000000008bb00000| Untracked 
| 188|0x000000008bc00000, 0x000000008bc00000, 0x000000008bd00000|  0%| F|  |TAMS 0x000000008bc00000, 0x000000008bc00000| Untracked 
| 189|0x000000008bd00000, 0x000000008bd00000, 0x000000008be00000|  0%| F|  |TAMS 0x000000008bd00000, 0x000000008bd00000| Untracked 
| 190|0x000000008be00000, 0x000000008be00000, 0x000000008bf00000|  0%| F|  |TAMS 0x000000008be00000, 0x000000008be00000| Untracked 
| 191|0x000000008bf00000, 0x000000008bf00000, 0x000000008c000000|  0%| F|  |TAMS 0x000000008bf00000, 0x000000008bf00000| Untracked 
| 192|0x000000008c000000, 0x000000008c000000, 0x000000008c100000|  0%| F|  |TAMS 0x000000008c000000, 0x000000008c000000| Untracked 
| 193|0x000000008c100000, 0x000000008c100000, 0x000000008c200000|  0%| F|  |TAMS 0x000000008c100000, 0x000000008c100000| Untracked 
| 194|0x000000008c200000, 0x000000008c200000, 0x000000008c300000|  0%| F|  |TAMS 0x000000008c200000, 0x000000008c200000| Untracked 
| 195|0x000000008c300000, 0x000000008c300000, 0x000000008c400000|  0%| F|  |TAMS 0x000000008c300000, 0x000000008c300000| Untracked 
| 196|0x000000008c400000, 0x000000008c400000, 0x000000008c500000|  0%| F|  |TAMS 0x000000008c400000, 0x000000008c400000| Untracked 
| 197|0x000000008c500000, 0x000000008c500000, 0x000000008c600000|  0%| F|  |TAMS 0x000000008c500000, 0x000000008c500000| Untracked 
| 198|0x000000008c600000, 0x000000008c600000, 0x000000008c700000|  0%| F|  |TAMS 0x000000008c600000, 0x000000008c600000| Untracked 
| 199|0x000000008c700000, 0x000000008c700000, 0x000000008c800000|  0%| F|  |TAMS 0x000000008c700000, 0x000000008c700000| Untracked 
| 200|0x000000008c800000, 0x000000008c800000, 0x000000008c900000|  0%| F|  |TAMS 0x000000008c800000, 0x000000008c800000| Untracked 
| 201|0x000000008c900000, 0x000000008c900000, 0x000000008ca00000|  0%| F|  |TAMS 0x000000008c900000, 0x000000008c900000| Untracked 
| 202|0x000000008ca00000, 0x000000008ca00000, 0x000000008cb00000|  0%| F|  |TAMS 0x000000008ca00000, 0x000000008ca00000| Untracked 
| 203|0x000000008cb00000, 0x000000008cb00000, 0x000000008cc00000|  0%| F|  |TAMS 0x000000008cb00000, 0x000000008cb00000| Untracked 
| 204|0x000000008cc00000, 0x000000008cc00000, 0x000000008cd00000|  0%| F|  |TAMS 0x000000008cc00000, 0x000000008cc00000| Untracked 
| 205|0x000000008cd00000, 0x000000008cd00000, 0x000000008ce00000|  0%| F|  |TAMS 0x000000008cd00000, 0x000000008cd00000| Untracked 
| 206|0x000000008ce00000, 0x000000008ce00000, 0x000000008cf00000|  0%| F|  |TAMS 0x000000008ce00000, 0x000000008ce00000| Untracked 
| 207|0x000000008cf00000, 0x000000008cf00000, 0x000000008d000000|  0%| F|  |TAMS 0x000000008cf00000, 0x000000008cf00000| Untracked 
| 208|0x000000008d000000, 0x000000008d000000, 0x000000008d100000|  0%| F|  |TAMS 0x000000008d000000, 0x000000008d000000| Untracked 
| 209|0x000000008d100000, 0x000000008d100000, 0x000000008d200000|  0%| F|  |TAMS 0x000000008d100000, 0x000000008d100000| Untracked 
| 210|0x000000008d200000, 0x000000008d200000, 0x000000008d300000|  0%| F|  |TAMS 0x000000008d200000, 0x000000008d200000| Untracked 
| 211|0x000000008d300000, 0x000000008d300000, 0x000000008d400000|  0%| F|  |TAMS 0x000000008d300000, 0x000000008d300000| Untracked 
| 212|0x000000008d400000, 0x000000008d400000, 0x000000008d500000|  0%| F|  |TAMS 0x000000008d400000, 0x000000008d400000| Untracked 
| 213|0x000000008d500000, 0x000000008d500000, 0x000000008d600000|  0%| F|  |TAMS 0x000000008d500000, 0x000000008d500000| Untracked 
| 214|0x000000008d600000, 0x000000008d600000, 0x000000008d700000|  0%| F|  |TAMS 0x000000008d600000, 0x000000008d600000| Untracked 
| 215|0x000000008d700000, 0x000000008d700000, 0x000000008d800000|  0%| F|  |TAMS 0x000000008d700000, 0x000000008d700000| Untracked 
| 216|0x000000008d800000, 0x000000008d800000, 0x000000008d900000|  0%| F|  |TAMS 0x000000008d800000, 0x000000008d800000| Untracked 
| 217|0x000000008d900000, 0x000000008d900000, 0x000000008da00000|  0%| F|  |TAMS 0x000000008d900000, 0x000000008d900000| Untracked 
| 218|0x000000008da00000, 0x000000008da00000, 0x000000008db00000|  0%| F|  |TAMS 0x000000008da00000, 0x000000008da00000| Untracked 
| 219|0x000000008db00000, 0x000000008db00000, 0x000000008dc00000|  0%| F|  |TAMS 0x000000008db00000, 0x000000008db00000| Untracked 
| 220|0x000000008dc00000, 0x000000008dc00000, 0x000000008dd00000|  0%| F|  |TAMS 0x000000008dc00000, 0x000000008dc00000| Untracked 
| 221|0x000000008dd00000, 0x000000008dd00000, 0x000000008de00000|  0%| F|  |TAMS 0x000000008dd00000, 0x000000008dd00000| Untracked 
| 222|0x000000008de00000, 0x000000008de00000, 0x000000008df00000|  0%| F|  |TAMS 0x000000008de00000, 0x000000008de00000| Untracked 
| 223|0x000000008df00000, 0x000000008df00000, 0x000000008e000000|  0%| F|  |TAMS 0x000000008df00000, 0x000000008df00000| Untracked 
| 224|0x000000008e000000, 0x000000008e000000, 0x000000008e100000|  0%| F|  |TAMS 0x000000008e000000, 0x000000008e000000| Untracked 
| 225|0x000000008e100000, 0x000000008e100000, 0x000000008e200000|  0%| F|  |TAMS 0x000000008e100000, 0x000000008e100000| Untracked 
| 226|0x000000008e200000, 0x000000008e200000, 0x000000008e300000|  0%| F|  |TAMS 0x000000008e200000, 0x000000008e200000| Untracked 
| 227|0x000000008e300000, 0x000000008e300000, 0x000000008e400000|  0%| F|  |TAMS 0x000000008e300000, 0x000000008e300000| Untracked 
| 228|0x000000008e400000, 0x000000008e400000, 0x000000008e500000|  0%| F|  |TAMS 0x000000008e400000, 0x000000008e400000| Untracked 
| 229|0x000000008e500000, 0x000000008e500000, 0x000000008e600000|  0%| F|  |TAMS 0x000000008e500000, 0x000000008e500000| Untracked 
| 230|0x000000008e600000, 0x000000008e600000, 0x000000008e700000|  0%| F|  |TAMS 0x000000008e600000, 0x000000008e600000| Untracked 
| 231|0x000000008e700000, 0x000000008e700000, 0x000000008e800000|  0%| F|  |TAMS 0x000000008e700000, 0x000000008e700000| Untracked 
| 232|0x000000008e800000, 0x000000008e800000, 0x000000008e900000|  0%| F|  |TAMS 0x000000008e800000, 0x000000008e800000| Untracked 
| 233|0x000000008e900000, 0x000000008e900000, 0x000000008ea00000|  0%| F|  |TAMS 0x000000008e900000, 0x000000008e900000| Untracked 
| 234|0x000000008ea00000, 0x000000008ea00000, 0x000000008eb00000|  0%| F|  |TAMS 0x000000008ea00000, 0x000000008ea00000| Untracked 
| 235|0x000000008eb00000, 0x000000008eb00000, 0x000000008ec00000|  0%| F|  |TAMS 0x000000008eb00000, 0x000000008eb00000| Untracked 
| 236|0x000000008ec00000, 0x000000008ec00000, 0x000000008ed00000|  0%| F|  |TAMS 0x000000008ec00000, 0x000000008ec00000| Untracked 
| 237|0x000000008ed00000, 0x000000008ed00000, 0x000000008ee00000|  0%| F|  |TAMS 0x000000008ed00000, 0x000000008ed00000| Untracked 
| 238|0x000000008ee00000, 0x000000008ee00000, 0x000000008ef00000|  0%| F|  |TAMS 0x000000008ee00000, 0x000000008ee00000| Untracked 
| 239|0x000000008ef00000, 0x000000008ef00000, 0x000000008f000000|  0%| F|  |TAMS 0x000000008ef00000, 0x000000008ef00000| Untracked 
| 240|0x000000008f000000, 0x000000008f000000, 0x000000008f100000|  0%| F|  |TAMS 0x000000008f000000, 0x000000008f000000| Untracked 
| 241|0x000000008f100000, 0x000000008f100000, 0x000000008f200000|  0%| F|  |TAMS 0x000000008f100000, 0x000000008f100000| Untracked 
| 242|0x000000008f200000, 0x000000008f200000, 0x000000008f300000|  0%| F|  |TAMS 0x000000008f200000, 0x000000008f200000| Untracked 
| 243|0x000000008f300000, 0x000000008f300000, 0x000000008f400000|  0%| F|  |TAMS 0x000000008f300000, 0x000000008f300000| Untracked 
| 244|0x000000008f400000, 0x000000008f400000, 0x000000008f500000|  0%| F|  |TAMS 0x000000008f400000, 0x000000008f400000| Untracked 
| 245|0x000000008f500000, 0x000000008f500000, 0x000000008f600000|  0%| F|  |TAMS 0x000000008f500000, 0x000000008f500000| Untracked 
| 246|0x000000008f600000, 0x000000008f600000, 0x000000008f700000|  0%| F|  |TAMS 0x000000008f600000, 0x000000008f600000| Untracked 
| 247|0x000000008f700000, 0x000000008f700000, 0x000000008f800000|  0%| F|  |TAMS 0x000000008f700000, 0x000000008f700000| Untracked 
| 248|0x000000008f800000, 0x000000008f800000, 0x000000008f900000|  0%| F|  |TAMS 0x000000008f800000, 0x000000008f800000| Untracked 
| 249|0x000000008f900000, 0x000000008f900000, 0x000000008fa00000|  0%| F|  |TAMS 0x000000008f900000, 0x000000008f900000| Untracked 
| 250|0x000000008fa00000, 0x000000008fa00000, 0x000000008fb00000|  0%| F|  |TAMS 0x000000008fa00000, 0x000000008fa00000| Untracked 
| 251|0x000000008fb00000, 0x000000008fb00000, 0x000000008fc00000|  0%| F|  |TAMS 0x000000008fb00000, 0x000000008fb00000| Untracked 
| 252|0x000000008fc00000, 0x000000008fc00000, 0x000000008fd00000|  0%| F|  |TAMS 0x000000008fc00000, 0x000000008fc00000| Untracked 
| 253|0x000000008fd00000, 0x000000008fd00000, 0x000000008fe00000|  0%| F|  |TAMS 0x000000008fd00000, 0x000000008fd00000| Untracked 
| 254|0x000000008fe00000, 0x000000008fe00000, 0x000000008ff00000|  0%| F|  |TAMS 0x000000008fe00000, 0x000000008fe00000| Untracked 
| 255|0x000000008ff00000, 0x000000008ff00000, 0x0000000090000000|  0%| F|  |TAMS 0x000000008ff00000, 0x000000008ff00000| Untracked 
| 256|0x0000000090000000, 0x0000000090000000, 0x0000000090100000|  0%| F|  |TAMS 0x0000000090000000, 0x0000000090000000| Untracked 
| 257|0x0000000090100000, 0x0000000090100000, 0x0000000090200000|  0%| F|  |TAMS 0x0000000090100000, 0x0000000090100000| Untracked 
| 258|0x0000000090200000, 0x0000000090200000, 0x0000000090300000|  0%| F|  |TAMS 0x0000000090200000, 0x0000000090200000| Untracked 
| 259|0x0000000090300000, 0x0000000090300000, 0x0000000090400000|  0%| F|  |TAMS 0x0000000090300000, 0x0000000090300000| Untracked 
| 260|0x0000000090400000, 0x0000000090400000, 0x0000000090500000|  0%| F|  |TAMS 0x0000000090400000, 0x0000000090400000| Untracked 
| 261|0x0000000090500000, 0x0000000090500000, 0x0000000090600000|  0%| F|  |TAMS 0x0000000090500000, 0x0000000090500000| Untracked 
| 262|0x0000000090600000, 0x0000000090600000, 0x0000000090700000|  0%| F|  |TAMS 0x0000000090600000, 0x0000000090600000| Untracked 
| 263|0x0000000090700000, 0x0000000090700000, 0x0000000090800000|  0%| F|  |TAMS 0x0000000090700000, 0x0000000090700000| Untracked 
| 264|0x0000000090800000, 0x0000000090800000, 0x0000000090900000|  0%| F|  |TAMS 0x0000000090800000, 0x0000000090800000| Untracked 
| 265|0x0000000090900000, 0x0000000090900000, 0x0000000090a00000|  0%| F|  |TAMS 0x0000000090900000, 0x0000000090900000| Untracked 
| 266|0x0000000090a00000, 0x0000000090a00000, 0x0000000090b00000|  0%| F|  |TAMS 0x0000000090a00000, 0x0000000090a00000| Untracked 
| 267|0x0000000090b00000, 0x0000000090b00000, 0x0000000090c00000|  0%| F|  |TAMS 0x0000000090b00000, 0x0000000090b00000| Untracked 
| 268|0x0000000090c00000, 0x0000000090c00000, 0x0000000090d00000|  0%| F|  |TAMS 0x0000000090c00000, 0x0000000090c00000| Untracked 
| 269|0x0000000090d00000, 0x0000000090d00000, 0x0000000090e00000|  0%| F|  |TAMS 0x0000000090d00000, 0x0000000090d00000| Untracked 
| 270|0x0000000090e00000, 0x0000000090e00000, 0x0000000090f00000|  0%| F|  |TAMS 0x0000000090e00000, 0x0000000090e00000| Untracked 
| 271|0x0000000090f00000, 0x0000000090f00000, 0x0000000091000000|  0%| F|  |TAMS 0x0000000090f00000, 0x0000000090f00000| Untracked 
| 272|0x0000000091000000, 0x0000000091000000, 0x0000000091100000|  0%| F|  |TAMS 0x0000000091000000, 0x0000000091000000| Untracked 
| 273|0x0000000091100000, 0x0000000091100000, 0x0000000091200000|  0%| F|  |TAMS 0x0000000091100000, 0x0000000091100000| Untracked 
| 274|0x0000000091200000, 0x0000000091200000, 0x0000000091300000|  0%| F|  |TAMS 0x0000000091200000, 0x0000000091200000| Untracked 
| 275|0x0000000091300000, 0x0000000091300000, 0x0000000091400000|  0%| F|  |TAMS 0x0000000091300000, 0x0000000091300000| Untracked 
| 276|0x0000000091400000, 0x0000000091400000, 0x0000000091500000|  0%| F|  |TAMS 0x0000000091400000, 0x0000000091400000| Untracked 
| 277|0x0000000091500000, 0x0000000091500000, 0x0000000091600000|  0%| F|  |TAMS 0x0000000091500000, 0x0000000091500000| Untracked 
| 278|0x0000000091600000, 0x0000000091600000, 0x0000000091700000|  0%| F|  |TAMS 0x0000000091600000, 0x0000000091600000| Untracked 

Card table byte_map: [0x000001e2c2650000,0x000001e2c2a50000] _byte_map_base: 0x000001e2c2250000

Marking Bits (Prev, Next): (CMBitMap*) 0x000001e2afde5c00, (CMBitMap*) 0x000001e2afde5c40
 Prev Bits: [0x000001e2c2e50000, 0x000001e2c4e50000)
 Next Bits: [0x000001e2c4e50000, 0x000001e2c6e50000)

Polling page: 0x000001e2add50000

Metaspace:

Usage:
  Non-class:    110.64 MB used.
      Class:     16.95 MB used.
       Both:    127.59 MB used.

Virtual space:
  Non-class space:      112.00 MB reserved,     111.06 MB (>99%) committed,  14 nodes.
      Class space:        1.00 GB reserved,      17.31 MB (  2%) committed,  1 nodes.
             Both:        1.11 GB reserved,     128.38 MB ( 11%) committed. 

Chunk freelists:
   Non-Class:  896.00 KB
       Class:  2.58 MB
        Both:  3.45 MB

MaxMetaspaceSize: unlimited
CompressedClassSpaceSize: 1.00 GB
Initial GC threshold: 21.00 MB
Current GC threshold: 210.88 MB
CDS: off
MetaspaceReclaimPolicy: balanced
 - commit_granule_bytes: 65536.
 - commit_granule_words: 8192.
 - virtual_space_node_default_size: 1048576.
 - enlarge_chunks_in_place: 1.
 - new_chunks_are_fully_committed: 0.
 - uncommit_free_chunks: 1.
 - use_allocation_guard: 0.
 - handle_deallocations: 1.


Internal statistics:

num_allocs_failed_limit: 12.
num_arena_births: 1632.
num_arena_deaths: 336.
num_vsnodes_births: 15.
num_vsnodes_deaths: 0.
num_space_committed: 2059.
num_space_uncommitted: 5.
num_chunks_returned_to_freelist: 454.
num_chunks_taken_from_freelist: 6821.
num_chunk_merges: 150.
num_chunk_splits: 4369.
num_chunks_enlarged: 2922.
num_purges: 8.
num_inconsistent_stats: 0.

CodeHeap 'non-profiled nmethods': size=120000Kb used=13785Kb max_used=13785Kb free=106214Kb
 bounds [0x000001e2bad20000, 0x000001e2bbaa0000, 0x000001e2c2250000]
CodeHeap 'profiled nmethods': size=120000Kb used=42108Kb max_used=42108Kb free=77892Kb
 bounds [0x000001e2b3250000, 0x000001e2b5b70000, 0x000001e2ba780000]
CodeHeap 'non-nmethods': size=5760Kb used=2462Kb max_used=2517Kb free=3297Kb
 bounds [0x000001e2ba780000, 0x000001e2baa10000, 0x000001e2bad20000]
 total_blobs=21522 nmethods=20534 adapters=898
 compilation: enabled
              stopped_count=0, restarted_count=0
 full_count=0

Compilation events (20 events):
Event: 9510.360 Thread 0x000001e2c9d2a690 nmethod 24944 0x000001e2b5b66c90 code [0x000001e2b5b67280, 0x000001e2b5b6a998]
Event: 9510.360 Thread 0x000001e2c9d2a690 24943       3       com.android.tools.r8.dex.t0::a (43 bytes)
Event: 9510.360 Thread 0x000001e2c9d2a690 nmethod 24943 0x000001e2b5b6bc90 code [0x000001e2b5b6be40, 0x000001e2b5b6c028]
Event: 9510.360 Thread 0x000001e2c9d2a690 24945       3       com.android.tools.r8.graph.l2$$Lambda$2132/0x0000000100f01058::<init> (20 bytes)
Event: 9510.361 Thread 0x000001e2c9d2a690 nmethod 24945 0x000001e2b5b6c190 code [0x000001e2b5b6c340, 0x000001e2b5b6c5b8]
Event: 9510.371 Thread 0x000001e2c9d2a690 24946       3       com.android.tools.r8.dex.n0$$Lambda$2137/0x0000000100f02bf0::apply (15 bytes)
Event: 9510.373 Thread 0x000001e2c9d2a690 nmethod 24946 0x000001e2b5b6c690 code [0x000001e2b5b6c860, 0x000001e2b5b6cc68]
Event: 9510.417 Thread 0x000001e2c9d2a690 24950       3       com.android.tools.r8.utils.h1::<init> (10 bytes)
Event: 9510.418 Thread 0x000001e2c9d2a690 nmethod 24950 0x000001e2b5b6cd90 code [0x000001e2b5b6cf20, 0x000001e2b5b6d0b8]
Event: 9510.419 Thread 0x000001e2c9d2a690 24951       3       com.android.tools.r8.dex.code.Y::a (1 bytes)
Event: 9510.419 Thread 0x000001e2c9d2a690 nmethod 24951 0x000001e2b5b6d190 code [0x000001e2b5b6d320, 0x000001e2b5b6d438]
Event: 9510.420 Thread 0x000001e2c9d2a690 24952       3       com.android.tools.r8.graph.l2::Q1 (11 bytes)
Event: 9510.421 Thread 0x000001e2c9d2a690 nmethod 24952 0x000001e2b5b6d510 code [0x000001e2b5b6d6c0, 0x000001e2b5b6d888]
Event: 9510.421 Thread 0x000001e2c9d2a690 24953       3       com.android.tools.r8.internal.OM::a (179 bytes)
Event: 9510.422 Thread 0x000001e2c9d2a690 nmethod 24953 0x000001e2b5b6d990 code [0x000001e2b5b6dbe0, 0x000001e2b5b6e3c8]
Event: 9510.432 Thread 0x000001e2c9d2a690 24954       3       com.android.tools.r8.internal.zs::<init> (10 bytes)
Event: 9510.433 Thread 0x000001e2c9d2a690 nmethod 24954 0x000001e2b5b6e710 code [0x000001e2b5b6e8c0, 0x000001e2b5b6eac8]
Event: 9510.433 Thread 0x000001e2c9d2a690 24955       3       com.android.tools.r8.internal.zs::j (8 bytes)
Event: 9510.434 Thread 0x000001e2c9d2a690 nmethod 24955 0x000001e2b5b6ec10 code [0x000001e2b5b6eda0, 0x000001e2b5b6ef98]
Event: 9510.434 Thread 0x000001e2c9d2a690 24956       3       com.android.tools.r8.internal.Hs::b (52 bytes)

GC Heap History (20 events):
Event: 7877.653 GC heap after
{Heap after GC invocations=44 (full 0):
 garbage-first heap   total 283648K, used 116830K [0x0000000080000000, 0x0000000100000000)
  region size 1024K, 1 young (1024K), 1 survivors (1024K)
 Metaspace       used 128249K, committed 129088K, reserved 1163264K
  class space    used 17274K, committed 17664K, reserved 1048576K
}
Event: 8517.286 GC heap before
{Heap before GC invocations=44 (full 0):
 garbage-first heap   total 283648K, used 129118K [0x0000000080000000, 0x0000000100000000)
  region size 1024K, 13 young (13312K), 1 survivors (1024K)
 Metaspace       used 128249K, committed 129088K, reserved 1163264K
  class space    used 17274K, committed 17664K, reserved 1048576K
}
Event: 8517.627 GC heap after
{Heap after GC invocations=45 (full 0):
 garbage-first heap   total 283648K, used 115048K [0x0000000080000000, 0x0000000100000000)
  region size 1024K, 1 young (1024K), 1 survivors (1024K)
 Metaspace       used 128249K, committed 129088K, reserved 1163264K
  class space    used 17274K, committed 17664K, reserved 1048576K
}
Event: 9164.825 GC heap before
{Heap before GC invocations=45 (full 0):
 garbage-first heap   total 283648K, used 126312K [0x0000000080000000, 0x0000000100000000)
  region size 1024K, 13 young (13312K), 1 survivors (1024K)
 Metaspace       used 128249K, committed 129088K, reserved 1163264K
  class space    used 17274K, committed 17664K, reserved 1048576K
}
Event: 9165.064 GC heap after
{Heap after GC invocations=46 (full 0):
 garbage-first heap   total 283648K, used 113448K [0x0000000080000000, 0x0000000100000000)
  region size 1024K, 1 young (1024K), 1 survivors (1024K)
 Metaspace       used 128249K, committed 129088K, reserved 1163264K
  class space    used 17274K, committed 17664K, reserved 1048576K
}
Event: 9489.248 GC heap before
{Heap before GC invocations=46 (full 0):
 garbage-first heap   total 283648K, used 180008K [0x0000000080000000, 0x0000000100000000)
  region size 1024K, 66 young (67584K), 1 survivors (1024K)
 Metaspace       used 128579K, committed 129536K, reserved 1163264K
  class space    used 17318K, committed 17728K, reserved 1048576K
}
Event: 9489.549 GC heap after
{Heap after GC invocations=47 (full 0):
 garbage-first heap   total 283648K, used 120474K [0x0000000080000000, 0x0000000100000000)
  region size 1024K, 8 young (8192K), 8 survivors (8192K)
 Metaspace       used 128579K, committed 129536K, reserved 1163264K
  class space    used 17318K, committed 17728K, reserved 1048576K
}
Event: 9495.417 GC heap before
{Heap before GC invocations=48 (full 0):
 garbage-first heap   total 283648K, used 124570K [0x0000000080000000, 0x0000000100000000)
  region size 1024K, 17 young (17408K), 8 survivors (8192K)
 Metaspace       used 128511K, committed 129536K, reserved 1163264K
  class space    used 17300K, committed 17728K, reserved 1048576K
}
Event: 9495.596 GC heap after
{Heap after GC invocations=49 (full 0):
 garbage-first heap   total 283648K, used 116784K [0x0000000080000000, 0x0000000100000000)
  region size 1024K, 2 young (2048K), 2 survivors (2048K)
 Metaspace       used 128511K, committed 129536K, reserved 1163264K
  class space    used 17300K, committed 17728K, reserved 1048576K
}
Event: 9496.643 GC heap before
{Heap before GC invocations=49 (full 0):
 garbage-first heap   total 283648K, used 129072K [0x0000000080000000, 0x0000000100000000)
  region size 1024K, 13 young (13312K), 2 survivors (2048K)
 Metaspace       used 128519K, committed 129536K, reserved 1163264K
  class space    used 17300K, committed 17728K, reserved 1048576K
}
Event: 9496.692 GC heap after
{Heap after GC invocations=50 (full 0):
 garbage-first heap   total 283648K, used 113186K [0x0000000080000000, 0x0000000100000000)
  region size 1024K, 2 young (2048K), 2 survivors (2048K)
 Metaspace       used 128519K, committed 129536K, reserved 1163264K
  class space    used 17300K, committed 17728K, reserved 1048576K
}
Event: 9497.235 GC heap before
{Heap before GC invocations=50 (full 0):
 garbage-first heap   total 283648K, used 115234K [0x0000000080000000, 0x0000000100000000)
  region size 1024K, 5 young (5120K), 2 survivors (2048K)
 Metaspace       used 128522K, committed 129536K, reserved 1163264K
  class space    used 17300K, committed 17728K, reserved 1048576K
}
Event: 9497.250 GC heap after
{Heap after GC invocations=51 (full 0):
 garbage-first heap   total 283648K, used 114061K [0x0000000080000000, 0x0000000100000000)
  region size 1024K, 3 young (3072K), 3 survivors (3072K)
 Metaspace       used 128522K, committed 129536K, reserved 1163264K
  class space    used 17300K, committed 17728K, reserved 1048576K
}
Event: 9503.631 GC heap before
{Heap before GC invocations=52 (full 0):
 garbage-first heap   total 283648K, used 200077K [0x0000000080000000, 0x0000000100000000)
  region size 1024K, 83 young (84992K), 3 survivors (3072K)
 Metaspace       used 129051K, committed 129920K, reserved 1163264K
  class space    used 17327K, committed 17728K, reserved 1048576K
}
Event: 9503.743 GC heap after
{Heap after GC invocations=53 (full 0):
 garbage-first heap   total 283648K, used 125725K [0x0000000080000000, 0x0000000100000000)
  region size 1024K, 11 young (11264K), 11 survivors (11264K)
 Metaspace       used 129051K, committed 129920K, reserved 1163264K
  class space    used 17327K, committed 17728K, reserved 1048576K
}
Event: 9503.808 GC heap before
{Heap before GC invocations=53 (full 0):
 garbage-first heap   total 283648K, used 127773K [0x0000000080000000, 0x0000000100000000)
  region size 1024K, 13 young (13312K), 11 survivors (11264K)
 Metaspace       used 129082K, committed 129920K, reserved 1163264K
  class space    used 17333K, committed 17728K, reserved 1048576K
}
Event: 9503.937 GC heap after
{Heap after GC invocations=54 (full 0):
 garbage-first heap   total 283648K, used 125309K [0x0000000080000000, 0x0000000100000000)
  region size 1024K, 2 young (2048K), 2 survivors (2048K)
 Metaspace       used 129082K, committed 129920K, reserved 1163264K
  class space    used 17333K, committed 17728K, reserved 1048576K
}
Event: 9504.316 GC heap before
{Heap before GC invocations=54 (full 0):
 garbage-first heap   total 283648K, used 136573K [0x0000000080000000, 0x0000000100000000)
  region size 1024K, 13 young (13312K), 2 survivors (2048K)
 Metaspace       used 129093K, committed 129920K, reserved 1163264K
  class space    used 17333K, committed 17728K, reserved 1048576K
}
Event: 9504.327 GC heap after
{Heap after GC invocations=55 (full 0):
 garbage-first heap   total 283648K, used 126040K [0x0000000080000000, 0x0000000100000000)
  region size 1024K, 2 young (2048K), 2 survivors (2048K)
 Metaspace       used 129093K, committed 129920K, reserved 1163264K
  class space    used 17333K, committed 17728K, reserved 1048576K
}
Event: 9510.446 GC heap before
{Heap before GC invocations=55 (full 0):
 garbage-first heap   total 283648K, used 229464K [0x0000000080000000, 0x0000000100000000)
  region size 1024K, 103 young (105472K), 2 survivors (2048K)
 Metaspace       used 130654K, committed 131456K, reserved 1163264K
  class space    used 17361K, committed 17728K, reserved 1048576K
}

Dll operation events (2 events):
Event: 0.019 Loaded shared library C:\Program Files\Android\Android Studio\jbr\bin\java.dll
Event: 0.759 Loaded shared library C:\Program Files\Android\Android Studio\jbr\bin\verify.dll

Deoptimization events (20 events):
Event: 9507.314 Thread 0x000001e2ce88eb30 DEOPT PACKING pc=0x000001e2bb027cd0 sp=0x00000095a35fc280
Event: 9507.314 Thread 0x000001e2ce88eb30 DEOPT UNPACKING pc=0x000001e2ba7da1a3 sp=0x00000095a35fc228 mode 2
Event: 9507.318 Thread 0x000001e2ce88eb30 Uncommon trap: trap_request=0xffffff45 fr.pc=0x000001e2bba1ed48 relative=0x0000000000000208
Event: 9507.318 Thread 0x000001e2ce88eb30 Uncommon trap: reason=unstable_if action=reinterpret pc=0x000001e2bba1ed48 method=com.android.tools.r8.ir.regalloc.c.compareTo(Ljava/lang/Object;)I @ 28 c2
Event: 9507.318 Thread 0x000001e2ce88eb30 DEOPT PACKING pc=0x000001e2bba1ed48 sp=0x00000095a35fc160
Event: 9507.318 Thread 0x000001e2ce88eb30 DEOPT UNPACKING pc=0x000001e2ba7da1a3 sp=0x00000095a35fc0f8 mode 2
Event: 9507.386 Thread 0x000001e2ce88eb30 Uncommon trap: trap_request=0xffffff45 fr.pc=0x000001e2bb5e25cc relative=0x000000000000054c
Event: 9507.386 Thread 0x000001e2ce88eb30 Uncommon trap: reason=unstable_if action=reinterpret pc=0x000001e2bb5e25cc method=com.android.tools.r8.ir.regalloc.b.a(Lcom/android/tools/r8/internal/Rm;Lcom/android/tools/r8/ir/regalloc/a;)Z @ 146 c2
Event: 9507.386 Thread 0x000001e2ce88eb30 DEOPT PACKING pc=0x000001e2bb5e25cc sp=0x00000095a35fc4f0
Event: 9507.386 Thread 0x000001e2ce88eb30 DEOPT UNPACKING pc=0x000001e2ba7da1a3 sp=0x00000095a35fc488 mode 2
Event: 9507.538 Thread 0x000001e2d1e4a500 Uncommon trap: trap_request=0xffffff45 fr.pc=0x000001e2bb5e0574 relative=0x0000000000000654
Event: 9507.538 Thread 0x000001e2d1e4a500 Uncommon trap: reason=unstable_if action=reinterpret pc=0x000001e2bb5e0574 method=com.android.tools.r8.ir.regalloc.c.d(I)Lcom/android/tools/r8/ir/regalloc/c; @ 126 c2
Event: 9507.538 Thread 0x000001e2d1e4a500 DEOPT PACKING pc=0x000001e2bb5e0574 sp=0x00000095a34fc5c0
Event: 9507.541 Thread 0x000001e2d1e4a500 DEOPT UNPACKING pc=0x000001e2ba7da1a3 sp=0x00000095a34fc4e0 mode 2
Event: 9507.548 Thread 0x000001e2d1e4a500 Uncommon trap: trap_request=0xffffff45 fr.pc=0x000001e2bba3a018 relative=0x00000000000036d8
Event: 9507.548 Thread 0x000001e2d1e4a500 Uncommon trap: reason=unstable_if action=reinterpret pc=0x000001e2bba3a018 method=com.android.tools.r8.ir.optimize.i0.a(Lcom/android/tools/r8/internal/Rm;)Z @ 162 c2
Event: 9507.571 Thread 0x000001e2d1e4a500 DEOPT PACKING pc=0x000001e2bba3a018 sp=0x00000095a34fc980
Event: 9507.575 Thread 0x000001e2d1e4a500 DEOPT UNPACKING pc=0x000001e2ba7da1a3 sp=0x00000095a34fc968 mode 2
Event: 9507.732 Thread 0x000001e2ce88eb30 DEOPT PACKING pc=0x000001e2b4298b02 sp=0x00000095a35fbe50
Event: 9507.732 Thread 0x000001e2ce88eb30 DEOPT UNPACKING pc=0x000001e2ba7dace3 sp=0x00000095a35fb2e0 mode 0

Classes unloaded (20 events):
Event: 9492.125 Thread 0x000001e2c92c89e0 Unloading class 0x0000000100589000 'java/lang/invoke/LambdaForm$MH+0x0000000100589000'
Event: 9492.125 Thread 0x000001e2c92c89e0 Unloading class 0x0000000100588400 'java/lang/invoke/LambdaForm$MH+0x0000000100588400'
Event: 9492.125 Thread 0x000001e2c92c89e0 Unloading class 0x0000000100192800 'java/lang/invoke/LambdaForm$MH+0x0000000100192800'
Event: 9492.125 Thread 0x000001e2c92c89e0 Unloading class 0x0000000100192000 'java/lang/invoke/LambdaForm$MH+0x0000000100192000'
Event: 9492.125 Thread 0x000001e2c92c89e0 Unloading class 0x0000000100191c00 'java/lang/invoke/LambdaForm$MH+0x0000000100191c00'
Event: 9492.125 Thread 0x000001e2c92c89e0 Unloading class 0x0000000100191800 'java/lang/invoke/LambdaForm$MH+0x0000000100191800'
Event: 9492.125 Thread 0x000001e2c92c89e0 Unloading class 0x0000000100191400 'java/lang/invoke/LambdaForm$MH+0x0000000100191400'
Event: 9492.125 Thread 0x000001e2c92c89e0 Unloading class 0x0000000100190c00 'java/lang/invoke/LambdaForm$MH+0x0000000100190c00'
Event: 9497.854 Thread 0x000001e2c92c89e0 Unloading class 0x0000000100d2f800 'jdk/internal/reflect/GeneratedMethodAccessor126'
Event: 9497.854 Thread 0x000001e2c92c89e0 Unloading class 0x0000000100d38400 'jdk/internal/reflect/GeneratedSerializationConstructorAccessor116'
Event: 9497.854 Thread 0x000001e2c92c89e0 Unloading class 0x0000000100d39800 'jdk/internal/reflect/GeneratedSerializationConstructorAccessor115'
Event: 9497.854 Thread 0x000001e2c92c89e0 Unloading class 0x0000000100d3a000 'jdk/internal/reflect/GeneratedSerializationConstructorAccessor114'
Event: 9497.854 Thread 0x000001e2c92c89e0 Unloading class 0x0000000100d3a800 'jdk/internal/reflect/GeneratedSerializationConstructorAccessor113'
Event: 9497.854 Thread 0x000001e2c92c89e0 Unloading class 0x0000000100d8c000 'jdk/internal/reflect/GeneratedSerializationConstructorAccessor112'
Event: 9497.854 Thread 0x000001e2c92c89e0 Unloading class 0x0000000100f2ac00 'jdk/internal/reflect/GeneratedSerializationConstructorAccessor111'
Event: 9497.854 Thread 0x000001e2c92c89e0 Unloading class 0x0000000100f30000 'jdk/internal/reflect/GeneratedSerializationConstructorAccessor110'
Event: 9497.854 Thread 0x000001e2c92c89e0 Unloading class 0x0000000101031400 'jdk/internal/reflect/GeneratedSerializationConstructorAccessor109'
Event: 9497.854 Thread 0x000001e2c92c89e0 Unloading class 0x00000001010e0c00 'java/lang/invoke/LambdaForm$DMH+0x00000001010e0c00'
Event: 9497.855 Thread 0x000001e2c92c89e0 Unloading class 0x0000000101144400 'jdk/internal/reflect/GeneratedSerializationConstructorAccessor105'
Event: 9497.855 Thread 0x000001e2c92c89e0 Unloading class 0x0000000101144000 'jdk/internal/reflect/GeneratedSerializationConstructorAccessor104'

Classes redefined (0 events):
No events

Internal exceptions (20 events):
Event: 9502.820 Thread 0x000001e2cea9f3a0 Exception <a 'sun/nio/fs/WindowsException'{0x000000008cef8db0}> (0x000000008cef8db0) 
thrown [s\src\hotspot\share\prims\jni.cpp, line 517]
Event: 9502.848 Thread 0x000001e2cea9f3a0 Exception <a 'sun/nio/fs/WindowsException'{0x000000008cefa818}> (0x000000008cefa818) 
thrown [s\src\hotspot\share\prims\jni.cpp, line 517]
Event: 9502.853 Thread 0x000001e2cea9f3a0 Exception <a 'sun/nio/fs/WindowsException'{0x000000008ceff260}> (0x000000008ceff260) 
thrown [s\src\hotspot\share\prims\jni.cpp, line 517]
Event: 9502.854 Thread 0x000001e2cea9f3a0 Exception <a 'sun/nio/fs/WindowsException'{0x000000008cd07910}> (0x000000008cd07910) 
thrown [s\src\hotspot\share\prims\jni.cpp, line 517]
Event: 9502.867 Thread 0x000001e2cea9f3a0 Exception <a 'sun/nio/fs/WindowsException'{0x000000008cd09708}> (0x000000008cd09708) 
thrown [s\src\hotspot\share\prims\jni.cpp, line 517]
Event: 9502.878 Thread 0x000001e2cea9f3a0 Exception <a 'sun/nio/fs/WindowsException'{0x000000008cd0b4f8}> (0x000000008cd0b4f8) 
thrown [s\src\hotspot\share\prims\jni.cpp, line 517]
Event: 9502.883 Thread 0x000001e2cea9f3a0 Exception <a 'sun/nio/fs/WindowsException'{0x000000008cd0d4b8}> (0x000000008cd0d4b8) 
thrown [s\src\hotspot\share\prims\jni.cpp, line 517]
Event: 9502.887 Thread 0x000001e2cea9f3a0 Exception <a 'sun/nio/fs/WindowsException'{0x000000008cd0f5a0}> (0x000000008cd0f5a0) 
thrown [s\src\hotspot\share\prims\jni.cpp, line 517]
Event: 9502.889 Thread 0x000001e2cea9f3a0 Exception <a 'sun/nio/fs/WindowsException'{0x000000008cd113e0}> (0x000000008cd113e0) 
thrown [s\src\hotspot\share\prims\jni.cpp, line 517]
Event: 9503.020 Thread 0x000001e2cea9f3a0 Implicit null exception at 0x000001e2baf3b554 to 0x000001e2baf3d7bc
Event: 9503.407 Thread 0x000001e2cea9e530 Exception <a 'java/lang/NoSuchMethodError'{0x000000009160c4d8}: static Lorg/gradle/internal/build/event/types/DefaultJavaCompileTaskSuccessResult;.<clinit>()V> (0x000000009160c4d8) 
thrown [s\src\hotspot\share\prims\jni.cpp, line 1108]
Event: 9503.422 Thread 0x000001e2cea9e530 Exception <a 'java/lang/NoSuchMethodError'{0x000000008c4700e8}: static [Ljava/lang/Object;.<clinit>()V> (0x000000008c4700e8) 
thrown [s\src\hotspot\share\prims\jni.cpp, line 1108]
Event: 9503.427 Thread 0x000001e2cea9f870 Exception <a 'sun/nio/fs/WindowsException'{0x000000008c41c568}> (0x000000008c41c568) 
thrown [s\src\hotspot\share\prims\jni.cpp, line 517]
Event: 9503.622 Thread 0x000001e2cea9f3a0 Exception <a 'sun/nio/fs/WindowsException'{0x000000008c2a6ff8}> (0x000000008c2a6ff8) 
thrown [s\src\hotspot\share\prims\jni.cpp, line 517]
Event: 9503.626 Thread 0x000001e2cea9f3a0 Exception <a 'sun/nio/fs/WindowsException'{0x000000008c2a8438}> (0x000000008c2a8438) 
thrown [s\src\hotspot\share\prims\jni.cpp, line 517]
Event: 9503.745 Thread 0x000001e2cea9f3a0 Exception <a 'sun/nio/fs/WindowsException'{0x0000000091601d10}> (0x0000000091601d10) 
thrown [s\src\hotspot\share\prims\jni.cpp, line 517]
Event: 9503.752 Thread 0x000001e2cea9f3a0 Exception <a 'java/lang/NoSuchMethodError'{0x000000009163da90}: static Lcom/android/build/gradle/internal/tasks/DexArchiveBuilderTaskDelegate$ClasspathServiceKey;.<clinit>()V> (0x000000009163da90) 
thrown [s\src\hotspot\share\prims\jni.cpp, line 1108]
Event: 9504.253 Thread 0x000001e2d1e4a500 Exception <a 'sun/nio/fs/WindowsException'{0x0000000090827e90}> (0x0000000090827e90) 
thrown [s\src\hotspot\share\prims\jni.cpp, line 517]
Event: 9504.281 Thread 0x000001e2ce88eb30 Exception <a 'sun/nio/fs/WindowsException'{0x000000009088b018}> (0x000000009088b018) 
thrown [s\src\hotspot\share\prims\jni.cpp, line 517]
Event: 9506.992 Thread 0x000001e2d1e4a500 Exception <a 'java/lang/NoSuchMethodError'{0x000000008f1cc850}: 'void java.lang.invoke.DirectMethodHandle$Holder.invokeSpecialIFC(java.lang.Object, java.lang.Object, java.lang.Object, java.lang.Object)'> (0x000000008f1cc850) 
thrown [s\src\hotspot\share\interpreter\linkResolver.cpp, line 771]

VM Operations (20 events):
Event: 9506.513 Executing VM operation: HandshakeAllThreads done
Event: 9506.515 Executing VM operation: ICBufferFull
Event: 9506.516 Executing VM operation: ICBufferFull done
Event: 9506.838 Executing VM operation: HandshakeAllThreads
Event: 9506.839 Executing VM operation: HandshakeAllThreads done
Event: 9506.847 Executing VM operation: HandshakeAllThreads
Event: 9506.848 Executing VM operation: HandshakeAllThreads done
Event: 9507.116 Executing VM operation: HandshakeAllThreads
Event: 9507.116 Executing VM operation: HandshakeAllThreads done
Event: 9507.168 Executing VM operation: ICBufferFull
Event: 9507.176 Executing VM operation: ICBufferFull done
Event: 9507.571 Executing VM operation: HandshakeAllThreads
Event: 9507.649 Executing VM operation: HandshakeAllThreads done
Event: 9507.701 Executing VM operation: ICBufferFull
Event: 9507.709 Executing VM operation: ICBufferFull done
Event: 9508.444 Executing VM operation: ICBufferFull
Event: 9508.444 Executing VM operation: ICBufferFull done
Event: 9509.446 Executing VM operation: Cleanup
Event: 9509.470 Executing VM operation: Cleanup done
Event: 9510.434 Executing VM operation: G1CollectForAllocation

Events (20 events):
Event: 9507.680 Thread 0x000001e2c9d33090 flushing nmethod 0x000001e2b3fccc10
Event: 9507.681 Thread 0x000001e2c9d33090 flushing nmethod 0x000001e2b41a3090
Event: 9507.685 Thread 0x000001e2c9d33090 flushing nmethod 0x000001e2b442e010
Event: 9507.686 Thread 0x000001e2c9d33090 flushing nmethod 0x000001e2b4533710
Event: 9507.686 Thread 0x000001e2c9d33090 flushing nmethod 0x000001e2b4534090
Event: 9507.687 Thread 0x000001e2c9d33090 flushing nmethod 0x000001e2b4648410
Event: 9507.689 Thread 0x000001e2c9d33090 flushing nmethod 0x000001e2b4805010
Event: 9507.692 Thread 0x000001e2c9d33090 flushing nmethod 0x000001e2b4ab4210
Event: 9507.692 Thread 0x000001e2c9d33090 flushing nmethod 0x000001e2b4ab7c90
Event: 9507.692 Thread 0x000001e2c9d33090 flushing nmethod 0x000001e2b4ac2990
Event: 9507.692 Thread 0x000001e2c9d33090 flushing nmethod 0x000001e2b4ac3390
Event: 9507.693 Thread 0x000001e2c9d33090 flushing nmethod 0x000001e2b4ae0510
Event: 9507.693 Thread 0x000001e2c9d33090 flushing nmethod 0x000001e2b4af9590
Event: 9507.693 Thread 0x000001e2c9d33090 flushing nmethod 0x000001e2b4b13010
Event: 9507.694 Thread 0x000001e2c9d33090 flushing nmethod 0x000001e2b4b39810
Event: 9507.694 Thread 0x000001e2c9d33090 flushing nmethod 0x000001e2b4b3e410
Event: 9507.694 Thread 0x000001e2c9d33090 flushing nmethod 0x000001e2b4b55e90
Event: 9507.694 Thread 0x000001e2c9d33090 flushing nmethod 0x000001e2b4b59790
Event: 9507.712 Thread 0x000001e2c9d33090 flushing nmethod 0x000001e2b5268c10
Event: 9507.717 Thread 0x000001e2c9d33090 flushing nmethod 0x000001e2b564d110


Dynamic libraries:
0x00007ff70bbe0000 - 0x00007ff70bbea000 	C:\Program Files\Android\Android Studio\jbr\bin\java.exe
0x00007ff9dc9f0000 - 0x00007ff9dcc07000 	C:\Windows\SYSTEM32\ntdll.dll
0x00007ff9dc5c0000 - 0x00007ff9dc684000 	C:\Windows\System32\KERNEL32.DLL
0x00007ff9da060000 - 0x00007ff9da406000 	C:\Windows\System32\KERNELBASE.dll
0x00007ff9d9d70000 - 0x00007ff9d9e81000 	C:\Windows\System32\ucrtbase.dll
0x00007ff9c83f0000 - 0x00007ff9c840b000 	C:\Program Files\Android\Android Studio\jbr\bin\VCRUNTIME140.dll
0x00007ff9c8500000 - 0x00007ff9c8517000 	C:\Program Files\Android\Android Studio\jbr\bin\jli.dll
0x00007ff9dbd00000 - 0x00007ff9dbead000 	C:\Windows\System32\USER32.dll
0x00007ff9da6a0000 - 0x00007ff9da6c6000 	C:\Windows\System32\win32u.dll
0x00007ff9c5330000 - 0x00007ff9c55c3000 	C:\Windows\WinSxS\amd64_microsoft.windows.common-controls_6595b64144ccf1df_6.0.22621.2361_none_2712ced57382f843\COMCTL32.dll
0x00007ff9da870000 - 0x00007ff9da899000 	C:\Windows\System32\GDI32.dll
0x00007ff9dbfd0000 - 0x00007ff9dc077000 	C:\Windows\System32\msvcrt.dll
0x00007ff9da580000 - 0x00007ff9da698000 	C:\Windows\System32\gdi32full.dll
0x00007ff9d9f50000 - 0x00007ff9d9fea000 	C:\Windows\System32\msvcp_win.dll
0x00007ff9dc500000 - 0x00007ff9dc531000 	C:\Windows\System32\IMM32.DLL
0x00007ff9c84f0000 - 0x00007ff9c84fc000 	C:\Program Files\Android\Android Studio\jbr\bin\vcruntime140_1.dll
0x00007ff9910d0000 - 0x00007ff99115d000 	C:\Program Files\Android\Android Studio\jbr\bin\msvcp140.dll
0x00007ff951f70000 - 0x00007ff952bdd000 	C:\Program Files\Android\Android Studio\jbr\bin\server\jvm.dll
0x00007ff9da7c0000 - 0x00007ff9da870000 	C:\Windows\System32\ADVAPI32.dll
0x00007ff9db620000 - 0x00007ff9db6c6000 	C:\Windows\System32\sechost.dll
0x00007ff9dbeb0000 - 0x00007ff9dbfc7000 	C:\Windows\System32\RPCRT4.dll
0x00007ff9c03c0000 - 0x00007ff9c03c9000 	C:\Windows\SYSTEM32\WSOCK32.dll
0x00007ff9c7280000 - 0x00007ff9c728a000 	C:\Windows\SYSTEM32\VERSION.dll
0x00007ff9dc540000 - 0x00007ff9dc5b1000 	C:\Windows\System32\WS2_32.dll
0x00007ff9ca2b0000 - 0x00007ff9ca2e4000 	C:\Windows\SYSTEM32\WINMM.dll
0x00007ff9d8ea0000 - 0x00007ff9d8eb8000 	C:\Windows\SYSTEM32\kernel.appcore.dll
0x00007ff9d5b00000 - 0x00007ff9d5b0a000 	C:\Program Files\Android\Android Studio\jbr\bin\jimage.dll
0x00007ff9d76b0000 - 0x00007ff9d78de000 	C:\Windows\SYSTEM32\DBGHELP.DLL
0x00007ff9db720000 - 0x00007ff9dbaaa000 	C:\Windows\System32\combase.dll
0x00007ff9dc7c0000 - 0x00007ff9dc897000 	C:\Windows\System32\OLEAUT32.dll
0x00007ff9bad40000 - 0x00007ff9bad72000 	C:\Windows\SYSTEM32\dbgcore.DLL
0x00007ff9da6d0000 - 0x00007ff9da74a000 	C:\Windows\System32\bcryptPrimitives.dll
0x00007ff9c8470000 - 0x00007ff9c8495000 	C:\Program Files\Android\Android Studio\jbr\bin\java.dll
0x00007ff9c8dc0000 - 0x00007ff9c8dd8000 	C:\Program Files\Android\Android Studio\jbr\bin\zip.dll
0x00007ff9dac00000 - 0x00007ff9db458000 	C:\Windows\System32\SHELL32.dll
0x00007ff9d7c80000 - 0x00007ff9d8572000 	C:\Windows\SYSTEM32\windows.storage.dll
0x00007ff9d7b40000 - 0x00007ff9d7c7e000 	C:\Windows\SYSTEM32\wintypes.dll
0x00007ff9dc8b0000 - 0x00007ff9dc9a3000 	C:\Windows\System32\SHCORE.dll
0x00007ff9da750000 - 0x00007ff9da7ae000 	C:\Windows\System32\shlwapi.dll
0x00007ff9d9ca0000 - 0x00007ff9d9cc6000 	C:\Windows\SYSTEM32\profapi.dll
0x00007ff9c8450000 - 0x00007ff9c8469000 	C:\Program Files\Android\Android Studio\jbr\bin\net.dll
0x00007ff9d00c0000 - 0x00007ff9d01f7000 	C:\Windows\SYSTEM32\WINHTTP.dll
0x00007ff9d9320000 - 0x00007ff9d9389000 	C:\Windows\system32\mswsock.dll
0x00007ff9c8430000 - 0x00007ff9c8446000 	C:\Program Files\Android\Android Studio\jbr\bin\nio.dll
0x00007ff9c90f0000 - 0x00007ff9c9100000 	C:\Program Files\Android\Android Studio\jbr\bin\verify.dll
0x00007ff9c2f50000 - 0x00007ff9c2f77000 	C:\Users\SuportSofh\.gradle\native\68d5fa5c4cc2d200863cafc0d521ce42e7d3e7ee720ec0a83991735586a16f82\windows-amd64\native-platform.dll
0x00007ff990600000 - 0x00007ff990744000 	C:\Users\SuportSofh\.gradle\native\e376f236ea51e6404a007f0833ffe2c6e607c4080706a723a18a27aeea778392\windows-amd64\native-platform-file-events.dll
0x00007ff9c9d20000 - 0x00007ff9c9d29000 	C:\Program Files\Android\Android Studio\jbr\bin\management.dll
0x00007ff9c9350000 - 0x00007ff9c935b000 	C:\Program Files\Android\Android Studio\jbr\bin\management_ext.dll
0x00007ff9dc8a0000 - 0x00007ff9dc8a8000 	C:\Windows\System32\PSAPI.DLL
0x00007ff9d9570000 - 0x00007ff9d958b000 	C:\Windows\SYSTEM32\CRYPTSP.dll
0x00007ff9d8de0000 - 0x00007ff9d8e15000 	C:\Windows\system32\rsaenh.dll
0x00007ff9d9410000 - 0x00007ff9d943c000 	C:\Windows\SYSTEM32\USERENV.dll
0x00007ff9d9730000 - 0x00007ff9d9758000 	C:\Windows\SYSTEM32\bcrypt.dll
0x00007ff9d9590000 - 0x00007ff9d959c000 	C:\Windows\SYSTEM32\CRYPTBASE.dll
0x00007ff9d8820000 - 0x00007ff9d884d000 	C:\Windows\SYSTEM32\IPHLPAPI.DLL
0x00007ff9daa30000 - 0x00007ff9daa39000 	C:\Windows\System32\NSI.dll
0x00007ff9d00a0000 - 0x00007ff9d00b9000 	C:\Windows\SYSTEM32\dhcpcsvc6.DLL
0x00007ff9cff70000 - 0x00007ff9cff8f000 	C:\Windows\SYSTEM32\dhcpcsvc.DLL
0x00007ff9d88a0000 - 0x00007ff9d8999000 	C:\Windows\SYSTEM32\DNSAPI.dll
0x00007ff9c9060000 - 0x00007ff9c9068000 	C:\Windows\system32\wshunix.dll

dbghelp: loaded successfully - version: 4.0.5 - missing functions: none
symbol engine: initialized successfully - sym options: 0x614 - pdb path: .;C:\Program Files\Android\Android Studio\jbr\bin;C:\Windows\SYSTEM32;C:\Windows\WinSxS\amd64_microsoft.windows.common-controls_6595b64144ccf1df_6.0.22621.2361_none_2712ced57382f843;C:\Program Files\Android\Android Studio\jbr\bin\server;C:\Users\SuportSofh\.gradle\native\68d5fa5c4cc2d200863cafc0d521ce42e7d3e7ee720ec0a83991735586a16f82\windows-amd64;C:\Users\SuportSofh\.gradle\native\e376f236ea51e6404a007f0833ffe2c6e607c4080706a723a18a27aeea778392\windows-amd64

VM Arguments:
jvm_args: --add-opens=java.base/java.util=ALL-UNNAMED --add-opens=java.base/java.lang=ALL-UNNAMED --add-opens=java.base/java.lang.invoke=ALL-UNNAMED --add-opens=java.prefs/java.util.prefs=ALL-UNNAMED --add-opens=java.base/java.nio.charset=ALL-UNNAMED --add-opens=java.base/java.net=ALL-UNNAMED --add-opens=java.base/java.util.concurrent.atomic=ALL-UNNAMED -Xmx2048m -Dfile.encoding=UTF-8 -Duser.country=BR -Duser.language=pt -Duser.variant 
java_command: org.gradle.launcher.daemon.bootstrap.GradleDaemon 8.0
java_class_path (initial): C:\Users\SuportSofh\.gradle\wrapper\dists\gradle-8.0-bin\ca5e32bp14vu59qr306oxotwh\gradle-8.0\lib\gradle-launcher-8.0.jar
Launcher Type: SUN_STANDARD

[Global flags]
     intx CICompilerCount                          = 3                                         {product} {ergonomic}
     uint ConcGCThreads                            = 1                                         {product} {ergonomic}
     uint G1ConcRefinementThreads                  = 4                                         {product} {ergonomic}
   size_t G1HeapRegionSize                         = 1048576                                   {product} {ergonomic}
    uintx GCDrainStackTargetSize                   = 64                                        {product} {ergonomic}
   size_t InitialHeapSize                          = 62914560                                  {product} {ergonomic}
   size_t MarkStackSize                            = 4194304                                   {product} {ergonomic}
   size_t MaxHeapSize                              = 2147483648                                {product} {command line}
   size_t MaxNewSize                               = 1287651328                                {product} {ergonomic}
   size_t MinHeapDeltaBytes                        = 1048576                                   {product} {ergonomic}
   size_t MinHeapSize                              = 8388608                                   {product} {ergonomic}
    uintx NonNMethodCodeHeapSize                   = 5832780                                {pd product} {ergonomic}
    uintx NonProfiledCodeHeapSize                  = 122912730                              {pd product} {ergonomic}
    uintx ProfiledCodeHeapSize                     = 122912730                              {pd product} {ergonomic}
    uintx ReservedCodeCacheSize                    = 251658240                              {pd product} {ergonomic}
     bool SegmentedCodeCache                       = true                                      {product} {ergonomic}
   size_t SoftMaxHeapSize                          = 2147483648                             {manageable} {ergonomic}
     bool UseCompressedClassPointers               = true                           {product lp64_product} {ergonomic}
     bool UseCompressedOops                        = true                           {product lp64_product} {ergonomic}
     bool UseG1GC                                  = true                                      {product} {ergonomic}
     bool UseLargePagesIndividualAllocation        = false                                  {pd product} {ergonomic}

Logging:
Log output configuration:
 #0: stdout all=warning uptime,level,tags
 #1: stderr all=off uptime,level,tags

Environment Variables:
JAVA_HOME=C:\Program Files\Android\Android Studio\jbr
PATH=C:\Windows\System32;C:\Program Files\Eclipse Foundation\jdk-16.0.2.7-hotspot\bin;C:\Program Files\Eclipse Adoptium\jdk-11.0.20.8-hotspot\bin;C:\Program Files (x86)\Common Files\Intel\Shared Libraries\redist\intel64\compiler;C:\Windows\system32;C:\Windows;C:\Windows\System32\Wbem;C:\Windows\System32\WindowsPowerShell\v1.0\;C:\Windows\System32\OpenSSH\;C:\Program Files\Android\Android Studio\jbr\bin\;C:\Program Files\Git\cmd;C:\wamp64\bin\php\php8.1.13;C:\Program Files\Docker\Docker\resources\bin;C:\Program Files\Java\apache-maven-3.9.4\bin;C:\Users\SuportSofh\.m2\repository;C:\Program Files\MySQL\MySQL Shell 8.0\bin\;C:\Users\SuportSofh\AppData\Local\Programs\Python\Python311\Scripts\;C:\Users\SuportSofh\AppData\Local\Programs\Python\Python311\;C:\Users\SuportSofh\AppData\Local\Microsoft\WindowsApps;C:\Users\SuportSofh\AppData\Local\Programs\Microsoft VS Code\bin;C:\Program Files\JetBrains\IntelliJ IDEA Community Edition 2023.1.4\bin;;C:\Users\SuportSofh\AppData\Local\GitHubDesktop\bin;C:\Program Files\JetBrains\PyCharm Community Edition 2023.1.4\bin;
USERNAME=SuportSofh
OS=Windows_NT
PROCESSOR_IDENTIFIER=Intel64 Family 6 Model 140 Stepping 1, GenuineIntel
TMP=C:\Users\SUPORT~1\AppData\Local\Temp
TEMP=C:\Users\SUPORT~1\AppData\Local\Temp



---------------  S Y S T E M  ---------------

OS:
 Windows 11 , 64 bit Build 22621 (10.0.22621.2428)
OS uptime: 2 days 21:25 hours
Hyper-V role detected

CPU: total 4 (initial active 4) (2 cores per cpu, 2 threads per core) family 6 model 140 stepping 1 microcode 0x8a, cx8, cmov, fxsr, ht, mmx, 3dnowpref, sse, sse2, sse3, ssse3, sse4.1, sse4.2, popcnt, lzcnt, tsc, tscinvbit, avx, avx2, aes, erms, clmul, bmi1, bmi2, adx, avx512f, avx512dq, avx512cd, avx512bw, avx512vl, sha, fma, vzeroupper, avx512_vpopcntdq, avx512_vpclmulqdq, avx512_vaes, avx512_vnni, clflush, clflushopt, clwb, avx512_vbmi2, avx512_vbmi, hv

Memory: 4k page, system-wide physical 3819M (130M free)
TotalPageFile size 15595M (AvailPageFile size 407M)
current process WorkingSet (physical memory assigned to process): 460M, peak: 482M
current process commit charge ("private bytes"): 636M, peak: 1068M

vm_info: OpenJDK 64-Bit Server VM (17.0.6+0-b2043.56-9586694) for windows-amd64 JRE (17.0.6+0-b2043.56-9586694), built on Feb  9 2023 20:06:20 by "androidbuild" with MS VC++ 16.10 / 16.11 (VS2019)

END.
