#
# There is insufficient memory for the Java Runtime Environment to continue.
# Native memory allocation (mmap) failed to map 585105408 bytes for G1 virtual space
# Possible reasons:
#   The system is out of physical RAM or swap space
#   The process is running with CompressedOops enabled, and the Java Heap may be blocking the growth of the native heap
# Possible solutions:
#   Reduce memory load on the system
#   Increase physical memory or swap space
#   Check if swap backing store is full
#   Decrease Java heap size (-Xmx/-Xms)
#   Decrease number of Java threads
#   Decrease Java thread stack sizes (-Xss)
#   Set larger code cache with -XX:ReservedCodeCacheSize=
#   JVM is running with Unscaled Compressed Oops mode in which the Java heap is
#     placed in the first 4GB address space. The Java Heap base address is the
#     maximum limit for the native heap growth. Please use -XX:HeapBaseMinAddress
#     to set the Java Heap base and to place the Java Heap above 4GB virtual address.
# This output file may be truncated or incomplete.
#
#  Out of Memory Error (os_windows.cpp:3769), pid=20628, tid=20128
#
# JRE version: OpenJDK Runtime Environment (17.0.6) (build 17.0.6+0-b2043.56-9586694)
# Java VM: OpenJDK 64-Bit Server VM (17.0.6+0-b2043.56-9586694, mixed mode, tiered, compressed oops, compressed class ptrs, g1 gc, windows-amd64)
# No core dump will be written. Minidumps are not enabled by default on client versions of Windows
#

---------------  S U M M A R Y ------------

Command Line: --add-opens=java.base/java.util=ALL-UNNAMED --add-opens=java.base/java.lang=ALL-UNNAMED --add-opens=java.base/java.lang.invoke=ALL-UNNAMED --add-opens=java.prefs/java.util.prefs=ALL-UNNAMED --add-opens=java.base/java.nio.charset=ALL-UNNAMED --add-opens=java.base/java.net=ALL-UNNAMED --add-opens=java.base/java.util.concurrent.atomic=ALL-UNNAMED -Xmx2048m -Dfile.encoding=UTF-8 -Duser.country=BR -Duser.language=pt -Duser.variant org.gradle.launcher.daemon.bootstrap.GradleDaemon 8.0

Host: 11th Gen Intel(R) Core(TM) i3-1115G4 @ 3.00GHz, 4 cores, 3G,  Windows 11 , 64 bit Build 22621 (10.0.22621.2215)
Time: Sun Oct  1 21:01:07 2023 Hora oficial do Brasil elapsed time: 750.424324 seconds (0d 0h 12m 30s)

---------------  T H R E A D  ---------------

Current thread (0x0000028eba69e2b0):  VMThread "VM Thread" [stack: 0x000000b4a4b00000,0x000000b4a4c00000] [id=20128]

Stack: [0x000000b4a4b00000,0x000000b4a4c00000]
Native frames: (J=compiled Java code, j=interpreted, Vv=VM code, C=native code)
V  [jvm.dll+0x683b4a]
V  [jvm.dll+0x842654]
V  [jvm.dll+0x843dfe]
V  [jvm.dll+0x844463]
V  [jvm.dll+0x249b75]
V  [jvm.dll+0x680a19]
V  [jvm.dll+0x674f0a]
V  [jvm.dll+0x309acb]
V  [jvm.dll+0x310f86]
V  [jvm.dll+0x3608ee]
V  [jvm.dll+0x360b1f]
V  [jvm.dll+0x2dfbf8]
V  [jvm.dll+0x2ddec4]
V  [jvm.dll+0x2dd4cc]
V  [jvm.dll+0x322261]
V  [jvm.dll+0x84893b]
V  [jvm.dll+0x849674]
V  [jvm.dll+0x849b8d]
V  [jvm.dll+0x849f64]
V  [jvm.dll+0x84a030]
V  [jvm.dll+0x7f25fa]
V  [jvm.dll+0x682985]
C  [ucrtbase.dll+0x29363]
C  [KERNEL32.DLL+0x1257d]
C  [ntdll.dll+0x5aa68]

VM_Operation (0x000000b4a9ef89c0): G1TryInitiateConcMark, mode: safepoint, requested by thread 0x0000028ebe463670


---------------  P R O C E S S  ---------------

Threads class SMR info:
_java_thread_list=0x0000028ec31477f0, length=92, elements={
0x0000028ea111a370, 0x0000028eba6a2c80, 0x0000028eba6a3830, 0x0000028eba6fc030,
0x0000028eba6fc700, 0x0000028eba6fd2b0, 0x0000028eba701c80, 0x0000028eba702960,
0x0000028ebb120520, 0x0000028ebb129730, 0x0000028ebb2a0500, 0x0000028ebb2a31f0,
0x0000028ebc9e2030, 0x0000028ebc3aa5f0, 0x0000028ebcb61020, 0x0000028ebcb4dec0,
0x0000028ebcb4d9f0, 0x0000028ebcb4d520, 0x0000028ebde59430, 0x0000028ebde5c450,
0x0000028ebde57280, 0x0000028ebde5b110, 0x0000028ebde59dd0, 0x0000028ebde57750,
0x0000028ebde580f0, 0x0000028ebde5d790, 0x0000028ebe461990, 0x0000028ebe462cd0,
0x0000028ec28b6a00, 0x0000028ec28b8210, 0x0000028ec28b9080, 0x0000028ec28bb700,
0x0000028ec28b6ed0, 0x0000028ec28b9ef0, 0x0000028ec28b86e0, 0x0000028ec28bca40,
0x0000028ec28b7d40, 0x0000028ec28bcf10, 0x0000028ec28b73a0, 0x0000028ec28b9550,
0x0000028ec28ba3c0, 0x0000028ec28bd8b0, 0x0000028ec28bbbd0, 0x0000028ec28b7870,
0x0000028ec28bc570, 0x0000028ec28bc0a0, 0x0000028ec28bd3e0, 0x0000028ec28b6530,
0x0000028ec28b6060, 0x0000028ec28ba890, 0x0000028ec28bad60, 0x0000028ec28bb230,
0x0000028ebf957870, 0x0000028ebf957d40, 0x0000028ebf95d8b0, 0x0000028ebf958bb0,
0x0000028ebf95c570, 0x0000028ebf959080, 0x0000028ebf9586e0, 0x0000028ebf959550,
0x0000028ebf959a20, 0x0000028ebf95ca40, 0x0000028ebf95cf10, 0x0000028ebf95a890,
0x0000028ebf959ef0, 0x0000028ebf95a3c0, 0x0000028ebf956060, 0x0000028ebf95ad60,
0x0000028ebf95b230, 0x0000028ebf95b700, 0x0000028ebf95d3e0, 0x0000028ebf956530,
0x0000028ebf956a00, 0x0000028ebf956ed0, 0x0000028ebf9573a0, 0x0000028ebe460ff0,
0x0000028ebe462330, 0x0000028ebe4614c0, 0x0000028ebe4631a0, 0x0000028ebe460b20,
0x0000028ebe465350, 0x0000028ebe462800, 0x0000028ebe4661c0, 0x0000028ebe463670,
0x0000028ebe45f7e0, 0x0000028ebe463b40, 0x0000028ebe4644e0, 0x0000028ec2e70950,
0x0000028ebe45fcb0, 0x0000028ebe4649b0, 0x0000028ebe466690, 0x0000028ebe466b60
}

Java Threads: ( => current thread )
  0x0000028ea111a370 JavaThread "main" [_thread_blocked, id=4980, stack(0x000000b4a4500000,0x000000b4a4600000)]
  0x0000028eba6a2c80 JavaThread "Reference Handler" daemon [_thread_blocked, id=17804, stack(0x000000b4a4c00000,0x000000b4a4d00000)]
  0x0000028eba6a3830 JavaThread "Finalizer" daemon [_thread_blocked, id=20616, stack(0x000000b4a4d00000,0x000000b4a4e00000)]
  0x0000028eba6fc030 JavaThread "Signal Dispatcher" daemon [_thread_blocked, id=21708, stack(0x000000b4a4e00000,0x000000b4a4f00000)]
  0x0000028eba6fc700 JavaThread "Attach Listener" daemon [_thread_blocked, id=8692, stack(0x000000b4a4f00000,0x000000b4a5000000)]
  0x0000028eba6fd2b0 JavaThread "Service Thread" daemon [_thread_blocked, id=22200, stack(0x000000b4a5000000,0x000000b4a5100000)]
  0x0000028eba701c80 JavaThread "Monitor Deflation Thread" daemon [_thread_blocked, id=8572, stack(0x000000b4a5100000,0x000000b4a5200000)]
  0x0000028eba702960 JavaThread "C2 CompilerThread0" daemon [_thread_blocked, id=21472, stack(0x000000b4a5200000,0x000000b4a5300000)]
  0x0000028ebb120520 JavaThread "C1 CompilerThread0" daemon [_thread_blocked, id=20044, stack(0x000000b4a5300000,0x000000b4a5400000)]
  0x0000028ebb129730 JavaThread "Sweeper thread" daemon [_thread_blocked, id=16424, stack(0x000000b4a5400000,0x000000b4a5500000)]
  0x0000028ebb2a0500 JavaThread "Common-Cleaner" daemon [_thread_blocked, id=7124, stack(0x000000b4a5500000,0x000000b4a5600000)]
  0x0000028ebb2a31f0 JavaThread "Notification Thread" daemon [_thread_blocked, id=5672, stack(0x000000b4a5600000,0x000000b4a5700000)]
  0x0000028ebc9e2030 JavaThread "Daemon health stats" [_thread_blocked, id=6544, stack(0x000000b4a5b00000,0x000000b4a5c00000)]
  0x0000028ebc3aa5f0 JavaThread "Incoming local TCP Connector on port 55961" [_thread_in_native, id=3840, stack(0x000000b4a5c00000,0x000000b4a5d00000)]
  0x0000028ebcb61020 JavaThread "Daemon periodic checks" [_thread_blocked, id=2344, stack(0x000000b4a5d00000,0x000000b4a5e00000)]
  0x0000028ebcb4dec0 JavaThread "Cache worker for journal cache (C:\Users\SuportSofh\.gradle\caches\journal-1)" [_thread_blocked, id=15784, stack(0x000000b4a6500000,0x000000b4a6600000)]
  0x0000028ebcb4d9f0 JavaThread "File lock request listener" [_thread_in_native, id=2444, stack(0x000000b4a6600000,0x000000b4a6700000)]
  0x0000028ebcb4d520 JavaThread "Cache worker for file hash cache (C:\Users\SuportSofh\.gradle\caches\8.0\fileHashes)" [_thread_blocked, id=2284, stack(0x000000b4a6700000,0x000000b4a6800000)]
  0x0000028ebde59430 JavaThread "File watcher server" daemon [_thread_blocked, id=22196, stack(0x000000b4a6800000,0x000000b4a6900000)]
  0x0000028ebde5c450 JavaThread "File watcher consumer" daemon [_thread_blocked, id=5400, stack(0x000000b4a6900000,0x000000b4a6a00000)]
  0x0000028ebde57280 JavaThread "Cache worker for file content cache (C:\Users\SuportSofh\.gradle\caches\8.0\fileContent)" [_thread_blocked, id=17596, stack(0x000000b4a6c00000,0x000000b4a6d00000)]
  0x0000028ebde5b110 JavaThread "Cache worker for execution history cache (C:\Users\SuportSofh\.gradle\caches\8.0\executionHistory)" [_thread_blocked, id=9504, stack(0x000000b4a6f00000,0x000000b4a7000000)]
  0x0000028ebde59dd0 JavaThread "jar transforms" [_thread_blocked, id=20516, stack(0x000000b4a7100000,0x000000b4a7200000)]
  0x0000028ebde57750 JavaThread "jar transforms Thread 2" [_thread_blocked, id=21588, stack(0x000000b4a7200000,0x000000b4a7300000)]
  0x0000028ebde580f0 JavaThread "jar transforms Thread 3" [_thread_blocked, id=21644, stack(0x000000b4a7300000,0x000000b4a7400000)]
  0x0000028ebde5d790 JavaThread "jar transforms Thread 4" [_thread_blocked, id=2184, stack(0x000000b4a7400000,0x000000b4a7500000)]
  0x0000028ebe461990 JavaThread "Memory manager" [_thread_blocked, id=15212, stack(0x000000b4aa100000,0x000000b4aa200000)]
  0x0000028ebe462cd0 JavaThread "Cache worker for Java compile cache (C:\Users\SuportSofh\.gradle\caches\8.0\javaCompile)" [_thread_blocked, id=6684, stack(0x000000b4aab00000,0x000000b4aac00000)]
  0x0000028ec28b6a00 JavaThread "Daemon Thread 3" [_thread_blocked, id=21844, stack(0x000000b4a4200000,0x000000b4a4300000)]
  0x0000028ec28b8210 JavaThread "Handler for socket connection from /127.0.0.1:55961 to /127.0.0.1:56567" [_thread_in_native, id=18928, stack(0x000000b4a4300000,0x000000b4a4400000)]
  0x0000028ec28b9080 JavaThread "Cancel handler" [_thread_blocked, id=16048, stack(0x000000b4a4400000,0x000000b4a4500000)]
  0x0000028ec28bb700 JavaThread "Daemon worker Thread 3" [_thread_blocked, id=1240, stack(0x000000b4a5e00000,0x000000b4a5f00000)]
  0x0000028ec28b6ed0 JavaThread "Asynchronous log dispatcher for DefaultDaemonConnection: socket connection from /127.0.0.1:55961 to /127.0.0.1:56567" [_thread_blocked, id=14188, stack(0x000000b4a5f00000,0x000000b4a6000000)]
  0x0000028ec28b9ef0 JavaThread "Stdin handler" [_thread_blocked, id=12916, stack(0x000000b4a6000000,0x000000b4a6100000)]
  0x0000028ec28b86e0 JavaThread "Daemon client event forwarder" [_thread_blocked, id=13028, stack(0x000000b4a6100000,0x000000b4a6200000)]
  0x0000028ec28bca40 JavaThread "Cache worker for checksums cache (C:\AndroidStudio\Mechanic\.gradle\8.0\checksums)" [_thread_blocked, id=15044, stack(0x000000b4a6200000,0x000000b4a6300000)]
  0x0000028ec28b7d40 JavaThread "Cache worker for cache directory md-rule (C:\Users\SuportSofh\.gradle\caches\8.0\md-rule)" [_thread_blocked, id=13772, stack(0x000000b4a6300000,0x000000b4a6400000)]
  0x0000028ec28bcf10 JavaThread "Cache worker for file hash cache (C:\AndroidStudio\Mechanic\.gradle\8.0\fileHashes)" [_thread_blocked, id=1120, stack(0x000000b4a6400000,0x000000b4a6500000)]
  0x0000028ec28b73a0 JavaThread "Cache worker for cache directory md-supplier (C:\Users\SuportSofh\.gradle\caches\8.0\md-supplier)" [_thread_blocked, id=9648, stack(0x000000b4a6a00000,0x000000b4a6b00000)]
  0x0000028ec28b9550 JavaThread "Cache worker for dependencies-accessors (C:\AndroidStudio\Mechanic\.gradle\8.0\dependencies-accessors)" [_thread_blocked, id=21324, stack(0x000000b4a6b00000,0x000000b4a6c00000)]
  0x0000028ec28ba3c0 JavaThread "Cache worker for Build Output Cleanup Cache (C:\AndroidStudio\Mechanic\.gradle\buildOutputCleanup)" [_thread_blocked, id=6400, stack(0x000000b4a6d00000,0x000000b4a6e00000)]
  0x0000028ec28bd8b0 JavaThread "Unconstrained build operations" [_thread_blocked, id=19140, stack(0x000000b4a6e00000,0x000000b4a6f00000)]
  0x0000028ec28bbbd0 JavaThread "Unconstrained build operations Thread 2" [_thread_blocked, id=2808, stack(0x000000b4a7500000,0x000000b4a7600000)]
  0x0000028ec28b7870 JavaThread "Unconstrained build operations Thread 3" [_thread_blocked, id=13728, stack(0x000000b4a7600000,0x000000b4a7700000)]
  0x0000028ec28bc570 JavaThread "Unconstrained build operations Thread 4" [_thread_blocked, id=22024, stack(0x000000b4a7700000,0x000000b4a7800000)]
  0x0000028ec28bc0a0 JavaThread "Unconstrained build operations Thread 5" [_thread_blocked, id=16064, stack(0x000000b4a7800000,0x000000b4a7900000)]
  0x0000028ec28bd3e0 JavaThread "Unconstrained build operations Thread 6" [_thread_blocked, id=19240, stack(0x000000b4a7900000,0x000000b4a7a00000)]
  0x0000028ec28b6530 JavaThread "Unconstrained build operations Thread 7" [_thread_blocked, id=16492, stack(0x000000b4a7a00000,0x000000b4a7b00000)]
  0x0000028ec28b6060 JavaThread "Unconstrained build operations Thread 8" [_thread_blocked, id=6600, stack(0x000000b4a7b00000,0x000000b4a7c00000)]
  0x0000028ec28ba890 JavaThread "Unconstrained build operations Thread 9" [_thread_blocked, id=11016, stack(0x000000b4a7c00000,0x000000b4a7d00000)]
  0x0000028ec28bad60 JavaThread "Unconstrained build operations Thread 10" [_thread_blocked, id=10500, stack(0x000000b4a7d00000,0x000000b4a7e00000)]
  0x0000028ec28bb230 JavaThread "Unconstrained build operations Thread 11" [_thread_blocked, id=11804, stack(0x000000b4a7e00000,0x000000b4a7f00000)]
  0x0000028ebf957870 JavaThread "Unconstrained build operations Thread 12" [_thread_blocked, id=20876, stack(0x000000b4a7f00000,0x000000b4a8000000)]
  0x0000028ebf957d40 JavaThread "Unconstrained build operations Thread 13" [_thread_blocked, id=8676, stack(0x000000b4a8000000,0x000000b4a8100000)]
  0x0000028ebf95d8b0 JavaThread "Unconstrained build operations Thread 14" [_thread_blocked, id=21912, stack(0x000000b4a8100000,0x000000b4a8200000)]
  0x0000028ebf958bb0 JavaThread "Unconstrained build operations Thread 15" [_thread_blocked, id=14268, stack(0x000000b4a8200000,0x000000b4a8300000)]
  0x0000028ebf95c570 JavaThread "Unconstrained build operations Thread 16" [_thread_blocked, id=21808, stack(0x000000b4a8300000,0x000000b4a8400000)]
  0x0000028ebf959080 JavaThread "Unconstrained build operations Thread 17" [_thread_blocked, id=19332, stack(0x000000b4a8400000,0x000000b4a8500000)]
  0x0000028ebf9586e0 JavaThread "Unconstrained build operations Thread 18" [_thread_blocked, id=18820, stack(0x000000b4a8500000,0x000000b4a8600000)]
  0x0000028ebf959550 JavaThread "Unconstrained build operations Thread 19" [_thread_blocked, id=10304, stack(0x000000b4a8600000,0x000000b4a8700000)]
  0x0000028ebf959a20 JavaThread "Unconstrained build operations Thread 20" [_thread_blocked, id=14484, stack(0x000000b4a8700000,0x000000b4a8800000)]
  0x0000028ebf95ca40 JavaThread "Unconstrained build operations Thread 21" [_thread_blocked, id=17864, stack(0x000000b4a8800000,0x000000b4a8900000)]
  0x0000028ebf95cf10 JavaThread "Unconstrained build operations Thread 22" [_thread_blocked, id=15636, stack(0x000000b4a8900000,0x000000b4a8a00000)]
  0x0000028ebf95a890 JavaThread "Unconstrained build operations Thread 23" [_thread_blocked, id=3412, stack(0x000000b4a8a00000,0x000000b4a8b00000)]
  0x0000028ebf959ef0 JavaThread "Unconstrained build operations Thread 24" [_thread_blocked, id=4388, stack(0x000000b4a8b00000,0x000000b4a8c00000)]
  0x0000028ebf95a3c0 JavaThread "Unconstrained build operations Thread 25" [_thread_blocked, id=21756, stack(0x000000b4a8c00000,0x000000b4a8d00000)]
  0x0000028ebf956060 JavaThread "Unconstrained build operations Thread 26" [_thread_blocked, id=7140, stack(0x000000b4a8d00000,0x000000b4a8e00000)]
  0x0000028ebf95ad60 JavaThread "Unconstrained build operations Thread 27" [_thread_blocked, id=17368, stack(0x000000b4a8e00000,0x000000b4a8f00000)]
  0x0000028ebf95b230 JavaThread "Unconstrained build operations Thread 28" [_thread_blocked, id=14396, stack(0x000000b4a8f00000,0x000000b4a9000000)]
  0x0000028ebf95b700 JavaThread "Unconstrained build operations Thread 29" [_thread_blocked, id=20356, stack(0x000000b4a9000000,0x000000b4a9100000)]
  0x0000028ebf95d3e0 JavaThread "Unconstrained build operations Thread 30" [_thread_blocked, id=22252, stack(0x000000b4a9100000,0x000000b4a9200000)]
  0x0000028ebf956530 JavaThread "Unconstrained build operations Thread 31" [_thread_blocked, id=21516, stack(0x000000b4a9200000,0x000000b4a9300000)]
  0x0000028ebf956a00 JavaThread "Unconstrained build operations Thread 32" [_thread_blocked, id=9136, stack(0x000000b4a9300000,0x000000b4a9400000)]
  0x0000028ebf956ed0 JavaThread "Unconstrained build operations Thread 33" [_thread_blocked, id=6968, stack(0x000000b4a9400000,0x000000b4a9500000)]
  0x0000028ebf9573a0 JavaThread "Unconstrained build operations Thread 34" [_thread_blocked, id=19704, stack(0x000000b4a9500000,0x000000b4a9600000)]
  0x0000028ebe460ff0 JavaThread "Unconstrained build operations Thread 35" [_thread_blocked, id=14616, stack(0x000000b4a9600000,0x000000b4a9700000)]
  0x0000028ebe462330 JavaThread "Unconstrained build operations Thread 36" [_thread_blocked, id=6616, stack(0x000000b4a9700000,0x000000b4a9800000)]
  0x0000028ebe4614c0 JavaThread "Unconstrained build operations Thread 37" [_thread_blocked, id=14308, stack(0x000000b4a9800000,0x000000b4a9900000)]
  0x0000028ebe4631a0 JavaThread "Unconstrained build operations Thread 38" [_thread_blocked, id=452, stack(0x000000b4a9900000,0x000000b4a9a00000)]
  0x0000028ebe460b20 JavaThread "Unconstrained build operations Thread 39" [_thread_blocked, id=4604, stack(0x000000b4a9a00000,0x000000b4a9b00000)]
  0x0000028ebe465350 JavaThread "Unconstrained build operations Thread 40" [_thread_blocked, id=14056, stack(0x000000b4a9b00000,0x000000b4a9c00000)]
  0x0000028ebe462800 JavaThread "build event listener" [_thread_blocked, id=12052, stack(0x000000b4a9c00000,0x000000b4a9d00000)]
  0x0000028ebe4661c0 JavaThread "included builds" [_thread_blocked, id=20144, stack(0x000000b4a9d00000,0x000000b4a9e00000)]
  0x0000028ebe463670 JavaThread "Execution worker" [_thread_blocked, id=13556, stack(0x000000b4a9e00000,0x000000b4a9f00000)]
  0x0000028ebe45f7e0 JavaThread "Execution worker Thread 2" [_thread_blocked, id=16680, stack(0x000000b4a9f00000,0x000000b4aa000000)]
  0x0000028ebe463b40 JavaThread "Execution worker Thread 3" [_thread_blocked, id=13296, stack(0x000000b4aa000000,0x000000b4aa100000)]
  0x0000028ebe4644e0 JavaThread "Cache worker for execution history cache (C:\AndroidStudio\Mechanic\.gradle\8.0\executionHistory)" [_thread_blocked, id=20284, stack(0x000000b4aa300000,0x000000b4aa400000)]
  0x0000028ec2e70950 JavaThread "C2 CompilerThread1" daemon [_thread_blocked, id=20444, stack(0x000000b4aa400000,0x000000b4aa500000)]
  0x0000028ebe45fcb0 JavaThread "Build operations" [_thread_blocked, id=10924, stack(0x000000b4aa500000,0x000000b4aa600000)]
  0x0000028ebe4649b0 JavaThread "Build operations Thread 2" [_thread_blocked, id=6568, stack(0x000000b4aa600000,0x000000b4aa700000)]
  0x0000028ebe466690 JavaThread "Build operations Thread 3" [_thread_blocked, id=21684, stack(0x000000b4aa700000,0x000000b4aa800000)]
  0x0000028ebe466b60 JavaThread "Build operations Thread 4" [_thread_blocked, id=11108, stack(0x000000b4aa800000,0x000000b4aa900000)]

Other Threads:
=>0x0000028eba69e2b0 VMThread "VM Thread" [stack: 0x000000b4a4b00000,0x000000b4a4c00000] [id=20128]
  0x0000028eba6e12e0 WatcherThread [stack: 0x000000b4a5700000,0x000000b4a5800000] [id=14404]
  0x0000028ea11738d0 GCTaskThread "GC Thread#0" [stack: 0x000000b4a4600000,0x000000b4a4700000] [id=15028]
  0x0000028ebb67b300 GCTaskThread "GC Thread#1" [stack: 0x000000b4a5800000,0x000000b4a5900000] [id=10712]
  0x0000028ebba65140 GCTaskThread "GC Thread#2" [stack: 0x000000b4a5900000,0x000000b4a5a00000] [id=12696]
  0x0000028ebc09a350 GCTaskThread "GC Thread#3" [stack: 0x000000b4a5a00000,0x000000b4a5b00000] [id=20376]
  0x0000028ea1184810 ConcurrentGCThread "G1 Main Marker" [stack: 0x000000b4a4700000,0x000000b4a4800000] [id=4804]
  0x0000028ea1185220 ConcurrentGCThread "G1 Conc#0" [stack: 0x000000b4a4800000,0x000000b4a4900000] [id=10440]
  0x0000028ea11c5bb0 ConcurrentGCThread "G1 Refine#0" [stack: 0x000000b4a4900000,0x000000b4a4a00000] [id=7180]
  0x0000028ebbed6650 ConcurrentGCThread "G1 Refine#1" [stack: 0x000000b4a7000000,0x000000b4a7100000] [id=13668]
  0x0000028ebe038a40 ConcurrentGCThread "G1 Refine#2" [stack: 0x000000b4aa200000,0x000000b4aa300000] [id=12844]
  0x0000028ebe03a9e0 ConcurrentGCThread "G1 Refine#3" [stack: 0x000000b4aa900000,0x000000b4aaa00000] [id=14080]
  0x0000028ea11c65d0 ConcurrentGCThread "G1 Service" [stack: 0x000000b4a4a00000,0x000000b4a4b00000] [id=17712]

Threads with active compile tasks:

VM state: at safepoint (normal execution)

VM Mutex/Monitor currently owned by a thread:  ([mutex/lock_event])
[0x0000028ea1113db0] Threads_lock - owner thread: 0x0000028eba69e2b0
[0x0000028ea1114bc0] Heap_lock - owner thread: 0x0000028ebe463670

Heap address: 0x0000000080000000, size: 2048 MB, Compressed Oops mode: 32-bit

CDS archive(s) not mapped
Compressed class space mapped at: 0x0000000100000000-0x0000000140000000, reserved size: 1073741824
Narrow klass base: 0x0000000000000000, Narrow klass shift: 3, Narrow klass range: 0x140000000

GC Precious Log:
 CPUs: 4 total, 4 available
 Memory: 3819M
 Large Page Support: Disabled
 NUMA Support: Disabled
 Compressed Oops: Enabled (32-bit)
 Heap Region Size: 1M
 Heap Min Capacity: 8M
 Heap Initial Capacity: 60M
 Heap Max Capacity: 2G
 Pre-touch: Disabled
 Parallel Workers: 4
 Concurrent Workers: 1
 Concurrent Refinement Workers: 4
 Periodic GC: Disabled

Heap:
 garbage-first heap   total 285696K, used 147066K [0x0000000080000000, 0x0000000100000000)
  region size 1024K, 9 young (9216K), 9 survivors (9216K)
 Metaspace       used 127393K, committed 128256K, reserved 1163264K
  class space    used 17296K, committed 17728K, reserved 1048576K

Heap Regions: E=young(eden), S=young(survivor), O=old, HS=humongous(starts), HC=humongous(continues), CS=collection set, F=free, OA=open archive, CA=closed archive, TAMS=top-at-mark-start (previous, next)
|   0|0x0000000080000000, 0x0000000080100000, 0x0000000080100000|100%| O|  |TAMS 0x0000000080100000, 0x0000000080100000| Untracked 
|   1|0x0000000080100000, 0x0000000080200000, 0x0000000080200000|100%| O|  |TAMS 0x0000000080200000, 0x0000000080200000| Untracked 
|   2|0x0000000080200000, 0x0000000080300000, 0x0000000080300000|100%|HS|  |TAMS 0x0000000080300000, 0x0000000080300000| Complete 
|   3|0x0000000080300000, 0x0000000080400000, 0x0000000080400000|100%|HC|  |TAMS 0x0000000080400000, 0x0000000080400000| Complete 
|   4|0x0000000080400000, 0x0000000080500000, 0x0000000080500000|100%|HC|  |TAMS 0x0000000080500000, 0x0000000080500000| Complete 
|   5|0x0000000080500000, 0x0000000080600000, 0x0000000080600000|100%|HC|  |TAMS 0x0000000080600000, 0x0000000080600000| Complete 
|   6|0x0000000080600000, 0x0000000080700000, 0x0000000080700000|100%| O|  |TAMS 0x0000000080700000, 0x0000000080700000| Untracked 
|   7|0x0000000080700000, 0x0000000080800000, 0x0000000080800000|100%| O|  |TAMS 0x0000000080800000, 0x0000000080800000| Untracked 
|   8|0x0000000080800000, 0x0000000080900000, 0x0000000080900000|100%| O|  |TAMS 0x0000000080900000, 0x0000000080900000| Untracked 
|   9|0x0000000080900000, 0x0000000080a00000, 0x0000000080a00000|100%| O|  |TAMS 0x0000000080a00000, 0x0000000080a00000| Untracked 
|  10|0x0000000080a00000, 0x0000000080b00000, 0x0000000080b00000|100%| O|  |TAMS 0x0000000080b00000, 0x0000000080b00000| Untracked 
|  11|0x0000000080b00000, 0x0000000080c00000, 0x0000000080c00000|100%| O|  |TAMS 0x0000000080c00000, 0x0000000080c00000| Untracked 
|  12|0x0000000080c00000, 0x0000000080d00000, 0x0000000080d00000|100%| O|  |TAMS 0x0000000080d00000, 0x0000000080d00000| Untracked 
|  13|0x0000000080d00000, 0x0000000080e00000, 0x0000000080e00000|100%| O|  |TAMS 0x0000000080e00000, 0x0000000080e00000| Untracked 
|  14|0x0000000080e00000, 0x0000000080f00000, 0x0000000080f00000|100%| O|  |TAMS 0x0000000080f00000, 0x0000000080f00000| Untracked 
|  15|0x0000000080f00000, 0x0000000081000000, 0x0000000081000000|100%| O|  |TAMS 0x0000000081000000, 0x0000000081000000| Untracked 
|  16|0x0000000081000000, 0x0000000081100000, 0x0000000081100000|100%| O|  |TAMS 0x0000000081100000, 0x0000000081100000| Untracked 
|  17|0x0000000081100000, 0x0000000081200000, 0x0000000081200000|100%| O|  |TAMS 0x0000000081200000, 0x0000000081200000| Untracked 
|  18|0x0000000081200000, 0x0000000081300000, 0x0000000081300000|100%| O|  |TAMS 0x0000000081300000, 0x0000000081300000| Untracked 
|  19|0x0000000081300000, 0x0000000081400000, 0x0000000081400000|100%| O|  |TAMS 0x0000000081400000, 0x0000000081400000| Untracked 
|  20|0x0000000081400000, 0x0000000081500000, 0x0000000081500000|100%| O|  |TAMS 0x0000000081500000, 0x0000000081500000| Untracked 
|  21|0x0000000081500000, 0x0000000081600000, 0x0000000081600000|100%| O|  |TAMS 0x0000000081600000, 0x0000000081600000| Untracked 
|  22|0x0000000081600000, 0x0000000081700000, 0x0000000081700000|100%| O|  |TAMS 0x0000000081700000, 0x0000000081700000| Untracked 
|  23|0x0000000081700000, 0x0000000081800000, 0x0000000081800000|100%| O|  |TAMS 0x0000000081800000, 0x0000000081800000| Untracked 
|  24|0x0000000081800000, 0x0000000081900000, 0x0000000081900000|100%| O|  |TAMS 0x0000000081900000, 0x0000000081900000| Untracked 
|  25|0x0000000081900000, 0x0000000081a00000, 0x0000000081a00000|100%| O|  |TAMS 0x0000000081a00000, 0x0000000081a00000| Untracked 
|  26|0x0000000081a00000, 0x0000000081b00000, 0x0000000081b00000|100%| O|  |TAMS 0x0000000081b00000, 0x0000000081b00000| Untracked 
|  27|0x0000000081b00000, 0x0000000081c00000, 0x0000000081c00000|100%| O|  |TAMS 0x0000000081c00000, 0x0000000081c00000| Untracked 
|  28|0x0000000081c00000, 0x0000000081d00000, 0x0000000081d00000|100%| O|  |TAMS 0x0000000081d00000, 0x0000000081d00000| Untracked 
|  29|0x0000000081d00000, 0x0000000081e00000, 0x0000000081e00000|100%| O|  |TAMS 0x0000000081e00000, 0x0000000081e00000| Untracked 
|  30|0x0000000081e00000, 0x0000000081f00000, 0x0000000081f00000|100%| O|  |TAMS 0x0000000081f00000, 0x0000000081f00000| Untracked 
|  31|0x0000000081f00000, 0x0000000082000000, 0x0000000082000000|100%| O|  |TAMS 0x0000000082000000, 0x0000000082000000| Untracked 
|  32|0x0000000082000000, 0x0000000082100000, 0x0000000082100000|100%| O|  |TAMS 0x0000000082100000, 0x0000000082100000| Untracked 
|  33|0x0000000082100000, 0x0000000082200000, 0x0000000082200000|100%| O|  |TAMS 0x0000000082200000, 0x0000000082200000| Untracked 
|  34|0x0000000082200000, 0x0000000082300000, 0x0000000082300000|100%| O|  |TAMS 0x0000000082300000, 0x0000000082300000| Untracked 
|  35|0x0000000082300000, 0x0000000082400000, 0x0000000082400000|100%| O|  |TAMS 0x0000000082400000, 0x0000000082400000| Untracked 
|  36|0x0000000082400000, 0x0000000082500000, 0x0000000082500000|100%| O|  |TAMS 0x0000000082500000, 0x0000000082500000| Untracked 
|  37|0x0000000082500000, 0x0000000082600000, 0x0000000082600000|100%| O|  |TAMS 0x0000000082600000, 0x0000000082600000| Untracked 
|  38|0x0000000082600000, 0x0000000082700000, 0x0000000082700000|100%| O|  |TAMS 0x0000000082700000, 0x0000000082700000| Untracked 
|  39|0x0000000082700000, 0x0000000082800000, 0x0000000082800000|100%|HS|  |TAMS 0x0000000082800000, 0x0000000082800000| Complete 
|  40|0x0000000082800000, 0x0000000082900000, 0x0000000082900000|100%|HS|  |TAMS 0x0000000082900000, 0x0000000082900000| Complete 
|  41|0x0000000082900000, 0x0000000082a00000, 0x0000000082a00000|100%| O|  |TAMS 0x0000000082a00000, 0x0000000082a00000| Untracked 
|  42|0x0000000082a00000, 0x0000000082b00000, 0x0000000082b00000|100%| O|  |TAMS 0x0000000082b00000, 0x0000000082b00000| Untracked 
|  43|0x0000000082b00000, 0x0000000082c00000, 0x0000000082c00000|100%| O|  |TAMS 0x0000000082c00000, 0x0000000082c00000| Untracked 
|  44|0x0000000082c00000, 0x0000000082d00000, 0x0000000082d00000|100%| O|  |TAMS 0x0000000082d00000, 0x0000000082d00000| Untracked 
|  45|0x0000000082d00000, 0x0000000082e00000, 0x0000000082e00000|100%| O|  |TAMS 0x0000000082e00000, 0x0000000082e00000| Untracked 
|  46|0x0000000082e00000, 0x0000000082f00000, 0x0000000082f00000|100%| O|  |TAMS 0x0000000082f00000, 0x0000000082f00000| Untracked 
|  47|0x0000000082f00000, 0x0000000083000000, 0x0000000083000000|100%| O|  |TAMS 0x0000000083000000, 0x0000000083000000| Untracked 
|  48|0x0000000083000000, 0x0000000083100000, 0x0000000083100000|100%| O|  |TAMS 0x0000000083100000, 0x0000000083100000| Untracked 
|  49|0x0000000083100000, 0x0000000083200000, 0x0000000083200000|100%| O|  |TAMS 0x0000000083200000, 0x0000000083200000| Untracked 
|  50|0x0000000083200000, 0x0000000083300000, 0x0000000083300000|100%| O|  |TAMS 0x0000000083300000, 0x0000000083300000| Untracked 
|  51|0x0000000083300000, 0x0000000083400000, 0x0000000083400000|100%| O|  |TAMS 0x0000000083400000, 0x0000000083400000| Untracked 
|  52|0x0000000083400000, 0x0000000083500000, 0x0000000083500000|100%| O|  |TAMS 0x0000000083500000, 0x0000000083500000| Untracked 
|  53|0x0000000083500000, 0x0000000083600000, 0x0000000083600000|100%| O|  |TAMS 0x0000000083600000, 0x0000000083600000| Untracked 
|  54|0x0000000083600000, 0x0000000083700000, 0x0000000083700000|100%| O|  |TAMS 0x0000000083700000, 0x0000000083700000| Untracked 
|  55|0x0000000083700000, 0x0000000083800000, 0x0000000083800000|100%| O|  |TAMS 0x0000000083800000, 0x0000000083800000| Untracked 
|  56|0x0000000083800000, 0x0000000083900000, 0x0000000083900000|100%| O|  |TAMS 0x0000000083900000, 0x0000000083900000| Untracked 
|  57|0x0000000083900000, 0x0000000083a00000, 0x0000000083a00000|100%| O|  |TAMS 0x0000000083a00000, 0x0000000083a00000| Untracked 
|  58|0x0000000083a00000, 0x0000000083b00000, 0x0000000083b00000|100%| O|  |TAMS 0x0000000083b00000, 0x0000000083b00000| Untracked 
|  59|0x0000000083b00000, 0x0000000083c00000, 0x0000000083c00000|100%| O|  |TAMS 0x0000000083c00000, 0x0000000083c00000| Untracked 
|  60|0x0000000083c00000, 0x0000000083d00000, 0x0000000083d00000|100%| O|  |TAMS 0x0000000083d00000, 0x0000000083d00000| Untracked 
|  61|0x0000000083d00000, 0x0000000083e00000, 0x0000000083e00000|100%| O|  |TAMS 0x0000000083e00000, 0x0000000083e00000| Untracked 
|  62|0x0000000083e00000, 0x0000000083f00000, 0x0000000083f00000|100%| O|  |TAMS 0x0000000083f00000, 0x0000000083f00000| Untracked 
|  63|0x0000000083f00000, 0x0000000084000000, 0x0000000084000000|100%| O|  |TAMS 0x0000000084000000, 0x0000000084000000| Untracked 
|  64|0x0000000084000000, 0x0000000084100000, 0x0000000084100000|100%| O|  |TAMS 0x0000000084100000, 0x0000000084100000| Untracked 
|  65|0x0000000084100000, 0x0000000084200000, 0x0000000084200000|100%| O|  |TAMS 0x0000000084200000, 0x0000000084200000| Untracked 
|  66|0x0000000084200000, 0x0000000084300000, 0x0000000084300000|100%| O|  |TAMS 0x0000000084300000, 0x0000000084300000| Untracked 
|  67|0x0000000084300000, 0x0000000084400000, 0x0000000084400000|100%| O|  |TAMS 0x0000000084400000, 0x0000000084400000| Untracked 
|  68|0x0000000084400000, 0x0000000084500000, 0x0000000084500000|100%| O|  |TAMS 0x0000000084500000, 0x0000000084500000| Untracked 
|  69|0x0000000084500000, 0x0000000084600000, 0x0000000084600000|100%| O|  |TAMS 0x0000000084600000, 0x0000000084600000| Untracked 
|  70|0x0000000084600000, 0x0000000084700000, 0x0000000084700000|100%| O|  |TAMS 0x0000000084700000, 0x0000000084700000| Untracked 
|  71|0x0000000084700000, 0x0000000084700000, 0x0000000084800000|  0%| F|  |TAMS 0x0000000084700000, 0x0000000084700000| Untracked 
|  72|0x0000000084800000, 0x0000000084900000, 0x0000000084900000|100%| O|  |TAMS 0x0000000084900000, 0x0000000084900000| Untracked 
|  73|0x0000000084900000, 0x0000000084a00000, 0x0000000084a00000|100%| O|  |TAMS 0x0000000084a00000, 0x0000000084a00000| Untracked 
|  74|0x0000000084a00000, 0x0000000084b00000, 0x0000000084b00000|100%| O|  |TAMS 0x0000000084b00000, 0x0000000084b00000| Untracked 
|  75|0x0000000084b00000, 0x0000000084c00000, 0x0000000084c00000|100%| O|  |TAMS 0x0000000084c00000, 0x0000000084c00000| Untracked 
|  76|0x0000000084c00000, 0x0000000084d00000, 0x0000000084d00000|100%| O|  |TAMS 0x0000000084d00000, 0x0000000084d00000| Untracked 
|  77|0x0000000084d00000, 0x0000000084e00000, 0x0000000084e00000|100%| O|  |TAMS 0x0000000084e00000, 0x0000000084e00000| Untracked 
|  78|0x0000000084e00000, 0x0000000084f00000, 0x0000000084f00000|100%| O|  |TAMS 0x0000000084f00000, 0x0000000084f00000| Untracked 
|  79|0x0000000084f00000, 0x0000000085000000, 0x0000000085000000|100%| O|  |TAMS 0x0000000085000000, 0x0000000085000000| Untracked 
|  80|0x0000000085000000, 0x0000000085100000, 0x0000000085100000|100%| O|  |TAMS 0x0000000085000000, 0x0000000085100000| Untracked 
|  81|0x0000000085100000, 0x0000000085200000, 0x0000000085200000|100%| O|  |TAMS 0x0000000085200000, 0x0000000085200000| Untracked 
|  82|0x0000000085200000, 0x0000000085300000, 0x0000000085300000|100%| O|  |TAMS 0x0000000085300000, 0x0000000085300000| Untracked 
|  83|0x0000000085300000, 0x0000000085400000, 0x0000000085400000|100%| O|  |TAMS 0x0000000085400000, 0x0000000085400000| Untracked 
|  84|0x0000000085400000, 0x0000000085500000, 0x0000000085500000|100%| O|  |TAMS 0x0000000085500000, 0x0000000085500000| Untracked 
|  85|0x0000000085500000, 0x0000000085600000, 0x0000000085600000|100%| O|  |TAMS 0x0000000085600000, 0x0000000085600000| Untracked 
|  86|0x0000000085600000, 0x0000000085700000, 0x0000000085700000|100%| O|  |TAMS 0x0000000085600000, 0x0000000085700000| Untracked 
|  87|0x0000000085700000, 0x0000000085800000, 0x0000000085800000|100%| O|  |TAMS 0x0000000085800000, 0x0000000085800000| Untracked 
|  88|0x0000000085800000, 0x0000000085900000, 0x0000000085900000|100%| O|  |TAMS 0x0000000085900000, 0x0000000085900000| Untracked 
|  89|0x0000000085900000, 0x0000000085a00000, 0x0000000085a00000|100%| O|  |TAMS 0x0000000085a00000, 0x0000000085a00000| Untracked 
|  90|0x0000000085a00000, 0x0000000085b00000, 0x0000000085b00000|100%| O|  |TAMS 0x0000000085b00000, 0x0000000085b00000| Untracked 
|  91|0x0000000085b00000, 0x0000000085c00000, 0x0000000085c00000|100%| O|  |TAMS 0x0000000085b00000, 0x0000000085c00000| Untracked 
|  92|0x0000000085c00000, 0x0000000085d00000, 0x0000000085d00000|100%| O|  |TAMS 0x0000000085c00000, 0x0000000085d00000| Untracked 
|  93|0x0000000085d00000, 0x0000000085e00000, 0x0000000085e00000|100%| O|  |TAMS 0x0000000085e00000, 0x0000000085e00000| Untracked 
|  94|0x0000000085e00000, 0x0000000085f00000, 0x0000000085f00000|100%| O|  |TAMS 0x0000000085f00000, 0x0000000085f00000| Untracked 
|  95|0x0000000085f00000, 0x0000000086000000, 0x0000000086000000|100%| O|  |TAMS 0x0000000086000000, 0x0000000086000000| Untracked 
|  96|0x0000000086000000, 0x0000000086100000, 0x0000000086100000|100%| O|  |TAMS 0x0000000086100000, 0x0000000086100000| Untracked 
|  97|0x0000000086100000, 0x0000000086200000, 0x0000000086200000|100%| O|  |TAMS 0x0000000086200000, 0x0000000086200000| Untracked 
|  98|0x0000000086200000, 0x0000000086300000, 0x0000000086300000|100%| O|  |TAMS 0x0000000086300000, 0x0000000086300000| Untracked 
|  99|0x0000000086300000, 0x0000000086400000, 0x0000000086400000|100%| O|  |TAMS 0x0000000086400000, 0x0000000086400000| Untracked 
| 100|0x0000000086400000, 0x0000000086400000, 0x0000000086500000|  0%| F|  |TAMS 0x0000000086400000, 0x0000000086400000| Untracked 
| 101|0x0000000086500000, 0x0000000086500000, 0x0000000086600000|  0%| F|  |TAMS 0x0000000086500000, 0x0000000086500000| Untracked 
| 102|0x0000000086600000, 0x0000000086700000, 0x0000000086700000|100%| O|  |TAMS 0x0000000086700000, 0x0000000086700000| Untracked 
| 103|0x0000000086700000, 0x0000000086700000, 0x0000000086800000|  0%| F|  |TAMS 0x0000000086700000, 0x0000000086700000| Untracked 
| 104|0x0000000086800000, 0x0000000086800000, 0x0000000086900000|  0%| F|  |TAMS 0x0000000086800000, 0x0000000086800000| Untracked 
| 105|0x0000000086900000, 0x0000000086a00000, 0x0000000086a00000|100%| O|  |TAMS 0x0000000086a00000, 0x0000000086a00000| Untracked 
| 106|0x0000000086a00000, 0x0000000086b00000, 0x0000000086b00000|100%| O|  |TAMS 0x0000000086b00000, 0x0000000086b00000| Untracked 
| 107|0x0000000086b00000, 0x0000000086c00000, 0x0000000086c00000|100%| O|  |TAMS 0x0000000086c00000, 0x0000000086c00000| Untracked 
| 108|0x0000000086c00000, 0x0000000086d00000, 0x0000000086d00000|100%| O|  |TAMS 0x0000000086d00000, 0x0000000086d00000| Untracked 
| 109|0x0000000086d00000, 0x0000000086e00000, 0x0000000086e00000|100%| O|  |TAMS 0x0000000086e00000, 0x0000000086e00000| Untracked 
| 110|0x0000000086e00000, 0x0000000086f00000, 0x0000000086f00000|100%| O|  |TAMS 0x0000000086f00000, 0x0000000086f00000| Untracked 
| 111|0x0000000086f00000, 0x0000000087000000, 0x0000000087000000|100%| O|  |TAMS 0x0000000087000000, 0x0000000087000000| Untracked 
| 112|0x0000000087000000, 0x0000000087100000, 0x0000000087100000|100%| O|  |TAMS 0x0000000087100000, 0x0000000087100000| Untracked 
| 113|0x0000000087100000, 0x0000000087200000, 0x0000000087200000|100%| O|  |TAMS 0x0000000087200000, 0x0000000087200000| Untracked 
| 114|0x0000000087200000, 0x0000000087300000, 0x0000000087300000|100%| O|  |TAMS 0x0000000087300000, 0x0000000087300000| Untracked 
| 115|0x0000000087300000, 0x0000000087400000, 0x0000000087400000|100%| O|  |TAMS 0x0000000087400000, 0x0000000087400000| Untracked 
| 116|0x0000000087400000, 0x0000000087500000, 0x0000000087500000|100%| O|  |TAMS 0x0000000087500000, 0x0000000087500000| Untracked 
| 117|0x0000000087500000, 0x0000000087600000, 0x0000000087600000|100%| O|  |TAMS 0x00000000875a9800, 0x0000000087600000| Untracked 
| 118|0x0000000087600000, 0x0000000087700000, 0x0000000087700000|100%| O|  |TAMS 0x0000000087600000, 0x0000000087700000| Untracked 
| 119|0x0000000087700000, 0x0000000087800000, 0x0000000087800000|100%| O|  |TAMS 0x0000000087700000, 0x0000000087800000| Untracked 
| 120|0x0000000087800000, 0x0000000087900000, 0x0000000087900000|100%| O|  |TAMS 0x0000000087800000, 0x0000000087900000| Untracked 
| 121|0x0000000087900000, 0x0000000087a00000, 0x0000000087a00000|100%| O|  |TAMS 0x0000000087900000, 0x0000000087a00000| Untracked 
| 122|0x0000000087a00000, 0x0000000087b00000, 0x0000000087b00000|100%|HS|  |TAMS 0x0000000087b00000, 0x0000000087b00000| Complete 
| 123|0x0000000087b00000, 0x0000000087c00000, 0x0000000087c00000|100%|HC|  |TAMS 0x0000000087c00000, 0x0000000087c00000| Complete 
| 124|0x0000000087c00000, 0x0000000087d00000, 0x0000000087d00000|100%| O|  |TAMS 0x0000000087c00000, 0x0000000087d00000| Untracked 
| 125|0x0000000087d00000, 0x0000000087e00000, 0x0000000087e00000|100%| O|  |TAMS 0x0000000087e00000, 0x0000000087e00000| Untracked 
| 126|0x0000000087e00000, 0x0000000087f00000, 0x0000000087f00000|100%| O|  |TAMS 0x0000000087f00000, 0x0000000087f00000| Untracked 
| 127|0x0000000087f00000, 0x0000000088000000, 0x0000000088000000|100%| O|  |TAMS 0x0000000088000000, 0x0000000088000000| Untracked 
| 128|0x0000000088000000, 0x0000000088100000, 0x0000000088100000|100%| O|  |TAMS 0x0000000088100000, 0x0000000088100000| Untracked 
| 129|0x0000000088100000, 0x0000000088200000, 0x0000000088200000|100%| O|  |TAMS 0x0000000088100000, 0x0000000088200000| Untracked 
| 130|0x0000000088200000, 0x0000000088300000, 0x0000000088300000|100%| O|  |TAMS 0x0000000088200000, 0x0000000088300000| Untracked 
| 131|0x0000000088300000, 0x0000000088400000, 0x0000000088400000|100%| O|  |TAMS 0x0000000088300000, 0x0000000088400000| Untracked 
| 132|0x0000000088400000, 0x0000000088500000, 0x0000000088500000|100%| O|  |TAMS 0x0000000088400000, 0x0000000088500000| Untracked 
| 133|0x0000000088500000, 0x0000000088600000, 0x0000000088600000|100%| O|  |TAMS 0x0000000088500000, 0x0000000088600000| Untracked 
| 134|0x0000000088600000, 0x0000000088700000, 0x0000000088700000|100%| O|  |TAMS 0x0000000088600000, 0x0000000088700000| Untracked 
| 135|0x0000000088700000, 0x0000000088800000, 0x0000000088800000|100%| O|  |TAMS 0x0000000088700000, 0x0000000088800000| Untracked 
| 136|0x0000000088800000, 0x0000000088900000, 0x0000000088900000|100%| O|  |TAMS 0x0000000088800000, 0x0000000088900000| Untracked 
| 137|0x0000000088900000, 0x0000000088a00000, 0x0000000088a00000|100%| O|  |TAMS 0x0000000088900000, 0x0000000088a00000| Untracked 
| 138|0x0000000088a00000, 0x0000000088b00000, 0x0000000088b00000|100%| O|  |TAMS 0x0000000088a00000, 0x0000000088b00000| Untracked 
| 139|0x0000000088b00000, 0x0000000088c00000, 0x0000000088c00000|100%| O|  |TAMS 0x0000000088b00000, 0x0000000088c00000| Untracked 
| 140|0x0000000088c00000, 0x0000000088c22000, 0x0000000088d00000| 13%| O|  |TAMS 0x0000000088c00000, 0x0000000088c22000| Untracked 
| 141|0x0000000088d00000, 0x0000000088d00000, 0x0000000088e00000|  0%| F|  |TAMS 0x0000000088d00000, 0x0000000088d00000| Untracked 
| 142|0x0000000088e00000, 0x0000000088e00000, 0x0000000088f00000|  0%| F|  |TAMS 0x0000000088e00000, 0x0000000088e00000| Untracked 
| 143|0x0000000088f00000, 0x0000000088f00000, 0x0000000089000000|  0%| F|  |TAMS 0x0000000088f00000, 0x0000000088f00000| Untracked 
| 144|0x0000000089000000, 0x0000000089000000, 0x0000000089100000|  0%| F|  |TAMS 0x0000000089000000, 0x0000000089000000| Untracked 
| 145|0x0000000089100000, 0x0000000089100000, 0x0000000089200000|  0%| F|  |TAMS 0x0000000089100000, 0x0000000089100000| Untracked 
| 146|0x0000000089200000, 0x0000000089200000, 0x0000000089300000|  0%| F|  |TAMS 0x0000000089200000, 0x0000000089200000| Untracked 
| 147|0x0000000089300000, 0x0000000089300000, 0x0000000089400000|  0%| F|  |TAMS 0x0000000089300000, 0x0000000089300000| Untracked 
| 148|0x0000000089400000, 0x0000000089400000, 0x0000000089500000|  0%| F|  |TAMS 0x0000000089400000, 0x0000000089400000| Untracked 
| 149|0x0000000089500000, 0x0000000089500000, 0x0000000089600000|  0%| F|  |TAMS 0x0000000089500000, 0x0000000089500000| Untracked 
| 150|0x0000000089600000, 0x0000000089600000, 0x0000000089700000|  0%| F|  |TAMS 0x0000000089600000, 0x0000000089600000| Untracked 
| 151|0x0000000089700000, 0x0000000089700000, 0x0000000089800000|  0%| F|  |TAMS 0x0000000089700000, 0x0000000089700000| Untracked 
| 152|0x0000000089800000, 0x0000000089800000, 0x0000000089900000|  0%| F|  |TAMS 0x0000000089800000, 0x0000000089800000| Untracked 
| 153|0x0000000089900000, 0x0000000089900000, 0x0000000089a00000|  0%| F|  |TAMS 0x0000000089900000, 0x0000000089900000| Untracked 
| 154|0x0000000089a00000, 0x0000000089a00000, 0x0000000089b00000|  0%| F|  |TAMS 0x0000000089a00000, 0x0000000089a00000| Untracked 
| 155|0x0000000089b00000, 0x0000000089b00000, 0x0000000089c00000|  0%| F|  |TAMS 0x0000000089b00000, 0x0000000089b00000| Untracked 
| 156|0x0000000089c00000, 0x0000000089c00000, 0x0000000089d00000|  0%| F|  |TAMS 0x0000000089c00000, 0x0000000089c00000| Untracked 
| 157|0x0000000089d00000, 0x0000000089d00000, 0x0000000089e00000|  0%| F|  |TAMS 0x0000000089d00000, 0x0000000089d00000| Untracked 
| 158|0x0000000089e00000, 0x0000000089e00000, 0x0000000089f00000|  0%| F|  |TAMS 0x0000000089e00000, 0x0000000089e00000| Untracked 
| 159|0x0000000089f00000, 0x0000000089f00000, 0x000000008a000000|  0%| F|  |TAMS 0x0000000089f00000, 0x0000000089f00000| Untracked 
| 160|0x000000008a000000, 0x000000008a000000, 0x000000008a100000|  0%| F|  |TAMS 0x000000008a000000, 0x000000008a000000| Untracked 
| 161|0x000000008a100000, 0x000000008a100000, 0x000000008a200000|  0%| F|  |TAMS 0x000000008a100000, 0x000000008a100000| Untracked 
| 162|0x000000008a200000, 0x000000008a200000, 0x000000008a300000|  0%| F|  |TAMS 0x000000008a200000, 0x000000008a200000| Untracked 
| 163|0x000000008a300000, 0x000000008a300000, 0x000000008a400000|  0%| F|  |TAMS 0x000000008a300000, 0x000000008a300000| Untracked 
| 164|0x000000008a400000, 0x000000008a400000, 0x000000008a500000|  0%| F|  |TAMS 0x000000008a400000, 0x000000008a400000| Untracked 
| 165|0x000000008a500000, 0x000000008a500000, 0x000000008a600000|  0%| F|  |TAMS 0x000000008a500000, 0x000000008a500000| Untracked 
| 166|0x000000008a600000, 0x000000008a600000, 0x000000008a700000|  0%| F|  |TAMS 0x000000008a600000, 0x000000008a600000| Untracked 
| 167|0x000000008a700000, 0x000000008a700000, 0x000000008a800000|  0%| F|  |TAMS 0x000000008a700000, 0x000000008a700000| Untracked 
| 168|0x000000008a800000, 0x000000008a800000, 0x000000008a900000|  0%| F|  |TAMS 0x000000008a800000, 0x000000008a800000| Untracked 
| 169|0x000000008a900000, 0x000000008a900000, 0x000000008aa00000|  0%| F|  |TAMS 0x000000008a900000, 0x000000008a900000| Untracked 
| 170|0x000000008aa00000, 0x000000008aa00000, 0x000000008ab00000|  0%| F|  |TAMS 0x000000008aa00000, 0x000000008aa00000| Untracked 
| 171|0x000000008ab00000, 0x000000008ab00000, 0x000000008ac00000|  0%| F|  |TAMS 0x000000008ab00000, 0x000000008ab00000| Untracked 
| 172|0x000000008ac00000, 0x000000008ac00000, 0x000000008ad00000|  0%| F|  |TAMS 0x000000008ac00000, 0x000000008ac00000| Untracked 
| 173|0x000000008ad00000, 0x000000008ad00000, 0x000000008ae00000|  0%| F|  |TAMS 0x000000008ad00000, 0x000000008ad00000| Untracked 
| 174|0x000000008ae00000, 0x000000008ae00000, 0x000000008af00000|  0%| F|  |TAMS 0x000000008ae00000, 0x000000008ae00000| Untracked 
| 175|0x000000008af00000, 0x000000008af00000, 0x000000008b000000|  0%| F|  |TAMS 0x000000008af00000, 0x000000008af00000| Untracked 
| 176|0x000000008b000000, 0x000000008b000000, 0x000000008b100000|  0%| F|  |TAMS 0x000000008b000000, 0x000000008b000000| Untracked 
| 177|0x000000008b100000, 0x000000008b100000, 0x000000008b200000|  0%| F|  |TAMS 0x000000008b100000, 0x000000008b100000| Untracked 
| 178|0x000000008b200000, 0x000000008b200000, 0x000000008b300000|  0%| F|  |TAMS 0x000000008b200000, 0x000000008b200000| Untracked 
| 179|0x000000008b300000, 0x000000008b300000, 0x000000008b400000|  0%| F|  |TAMS 0x000000008b300000, 0x000000008b300000| Untracked 
| 180|0x000000008b400000, 0x000000008b400000, 0x000000008b500000|  0%| F|  |TAMS 0x000000008b400000, 0x000000008b400000| Untracked 
| 181|0x000000008b500000, 0x000000008b500000, 0x000000008b600000|  0%| F|  |TAMS 0x000000008b500000, 0x000000008b500000| Untracked 
| 182|0x000000008b600000, 0x000000008b600000, 0x000000008b700000|  0%| F|  |TAMS 0x000000008b600000, 0x000000008b600000| Untracked 
| 183|0x000000008b700000, 0x000000008b700000, 0x000000008b800000|  0%| F|  |TAMS 0x000000008b700000, 0x000000008b700000| Untracked 
| 184|0x000000008b800000, 0x000000008b800000, 0x000000008b900000|  0%| F|  |TAMS 0x000000008b800000, 0x000000008b800000| Untracked 
| 185|0x000000008b900000, 0x000000008b900000, 0x000000008ba00000|  0%| F|  |TAMS 0x000000008b900000, 0x000000008b900000| Untracked 
| 186|0x000000008ba00000, 0x000000008ba00000, 0x000000008bb00000|  0%| F|  |TAMS 0x000000008ba00000, 0x000000008ba00000| Untracked 
| 187|0x000000008bb00000, 0x000000008bb00000, 0x000000008bc00000|  0%| F|  |TAMS 0x000000008bb00000, 0x000000008bb00000| Untracked 
| 188|0x000000008bc00000, 0x000000008bc00000, 0x000000008bd00000|  0%| F|  |TAMS 0x000000008bc00000, 0x000000008bc00000| Untracked 
| 189|0x000000008bd00000, 0x000000008bd00000, 0x000000008be00000|  0%| F|  |TAMS 0x000000008bd00000, 0x000000008bd00000| Untracked 
| 190|0x000000008be00000, 0x000000008be00000, 0x000000008bf00000|  0%| F|  |TAMS 0x000000008be00000, 0x000000008be00000| Untracked 
| 191|0x000000008bf00000, 0x000000008bf00000, 0x000000008c000000|  0%| F|  |TAMS 0x000000008bf00000, 0x000000008bf00000| Untracked 
| 192|0x000000008c000000, 0x000000008c000000, 0x000000008c100000|  0%| F|  |TAMS 0x000000008c000000, 0x000000008c000000| Untracked 
| 193|0x000000008c100000, 0x000000008c100000, 0x000000008c200000|  0%| F|  |TAMS 0x000000008c100000, 0x000000008c100000| Untracked 
| 194|0x000000008c200000, 0x000000008c200000, 0x000000008c300000|  0%| F|  |TAMS 0x000000008c200000, 0x000000008c200000| Untracked 
| 195|0x000000008c300000, 0x000000008c300000, 0x000000008c400000|  0%| F|  |TAMS 0x000000008c300000, 0x000000008c300000| Untracked 
| 196|0x000000008c400000, 0x000000008c400000, 0x000000008c500000|  0%| F|  |TAMS 0x000000008c400000, 0x000000008c400000| Untracked 
| 197|0x000000008c500000, 0x000000008c500000, 0x000000008c600000|  0%| F|  |TAMS 0x000000008c500000, 0x000000008c500000| Untracked 
| 198|0x000000008c600000, 0x000000008c600000, 0x000000008c700000|  0%| F|  |TAMS 0x000000008c600000, 0x000000008c600000| Untracked 
| 199|0x000000008c700000, 0x000000008c700000, 0x000000008c800000|  0%| F|  |TAMS 0x000000008c700000, 0x000000008c700000| Untracked 
| 200|0x000000008c800000, 0x000000008c800000, 0x000000008c900000|  0%| F|  |TAMS 0x000000008c800000, 0x000000008c800000| Untracked 
| 201|0x000000008c900000, 0x000000008c900000, 0x000000008ca00000|  0%| F|  |TAMS 0x000000008c900000, 0x000000008c900000| Untracked 
| 202|0x000000008ca00000, 0x000000008ca00000, 0x000000008cb00000|  0%| F|  |TAMS 0x000000008ca00000, 0x000000008ca00000| Untracked 
| 203|0x000000008cb00000, 0x000000008cb00000, 0x000000008cc00000|  0%| F|  |TAMS 0x000000008cb00000, 0x000000008cb00000| Untracked 
| 204|0x000000008cc00000, 0x000000008cc00000, 0x000000008cd00000|  0%| F|  |TAMS 0x000000008cc00000, 0x000000008cc00000| Untracked 
| 205|0x000000008cd00000, 0x000000008cd00000, 0x000000008ce00000|  0%| F|  |TAMS 0x000000008cd00000, 0x000000008cd00000| Untracked 
| 206|0x000000008ce00000, 0x000000008ce00000, 0x000000008cf00000|  0%| F|  |TAMS 0x000000008ce00000, 0x000000008ce00000| Untracked 
| 207|0x000000008cf00000, 0x000000008cf00000, 0x000000008d000000|  0%| F|  |TAMS 0x000000008cf00000, 0x000000008cf00000| Untracked 
| 208|0x000000008d000000, 0x000000008d000000, 0x000000008d100000|  0%| F|  |TAMS 0x000000008d000000, 0x000000008d000000| Untracked 
| 209|0x000000008d100000, 0x000000008d100000, 0x000000008d200000|  0%| F|  |TAMS 0x000000008d100000, 0x000000008d100000| Untracked 
| 210|0x000000008d200000, 0x000000008d200000, 0x000000008d300000|  0%| F|  |TAMS 0x000000008d200000, 0x000000008d200000| Untracked 
| 211|0x000000008d300000, 0x000000008d300000, 0x000000008d400000|  0%| F|  |TAMS 0x000000008d300000, 0x000000008d300000| Untracked 
| 212|0x000000008d400000, 0x000000008d400000, 0x000000008d500000|  0%| F|  |TAMS 0x000000008d400000, 0x000000008d400000| Untracked 
| 213|0x000000008d500000, 0x000000008d500000, 0x000000008d600000|  0%| F|  |TAMS 0x000000008d500000, 0x000000008d500000| Untracked 
| 214|0x000000008d600000, 0x000000008d600000, 0x000000008d700000|  0%| F|  |TAMS 0x000000008d600000, 0x000000008d600000| Untracked 
| 215|0x000000008d700000, 0x000000008d700000, 0x000000008d800000|  0%| F|  |TAMS 0x000000008d700000, 0x000000008d700000| Untracked 
| 216|0x000000008d800000, 0x000000008d800000, 0x000000008d900000|  0%| F|  |TAMS 0x000000008d800000, 0x000000008d800000| Untracked 
| 217|0x000000008d900000, 0x000000008d900000, 0x000000008da00000|  0%| F|  |TAMS 0x000000008d900000, 0x000000008d900000| Untracked 
| 218|0x000000008da00000, 0x000000008da00000, 0x000000008db00000|  0%| F|  |TAMS 0x000000008da00000, 0x000000008da00000| Untracked 
| 219|0x000000008db00000, 0x000000008db7cad8, 0x000000008dc00000| 48%| S|CS|TAMS 0x000000008db00000, 0x000000008db00000| Complete 
| 220|0x000000008dc00000, 0x000000008dd00000, 0x000000008dd00000|100%| S|CS|TAMS 0x000000008dc00000, 0x000000008dc00000| Complete 
| 221|0x000000008dd00000, 0x000000008de00000, 0x000000008de00000|100%| S|CS|TAMS 0x000000008dd00000, 0x000000008dd00000| Complete 
| 222|0x000000008de00000, 0x000000008df00000, 0x000000008df00000|100%| S|CS|TAMS 0x000000008de00000, 0x000000008de00000| Complete 
| 223|0x000000008df00000, 0x000000008e000000, 0x000000008e000000|100%| S|CS|TAMS 0x000000008df00000, 0x000000008df00000| Complete 
| 224|0x000000008e000000, 0x000000008e100000, 0x000000008e100000|100%| S|CS|TAMS 0x000000008e000000, 0x000000008e000000| Complete 
| 225|0x000000008e100000, 0x000000008e200000, 0x000000008e200000|100%| S|CS|TAMS 0x000000008e100000, 0x000000008e100000| Complete 
| 226|0x000000008e200000, 0x000000008e300000, 0x000000008e300000|100%| S|CS|TAMS 0x000000008e200000, 0x000000008e200000| Complete 
| 227|0x000000008e300000, 0x000000008e400000, 0x000000008e400000|100%| S|CS|TAMS 0x000000008e300000, 0x000000008e300000| Complete 
| 228|0x000000008e400000, 0x000000008e400000, 0x000000008e500000|  0%| F|  |TAMS 0x000000008e400000, 0x000000008e400000| Untracked 
| 229|0x000000008e500000, 0x000000008e500000, 0x000000008e600000|  0%| F|  |TAMS 0x000000008e500000, 0x000000008e500000| Untracked 
| 230|0x000000008e600000, 0x000000008e600000, 0x000000008e700000|  0%| F|  |TAMS 0x000000008e600000, 0x000000008e600000| Untracked 
| 231|0x000000008e700000, 0x000000008e700000, 0x000000008e800000|  0%| F|  |TAMS 0x000000008e700000, 0x000000008e700000| Untracked 
| 232|0x000000008e800000, 0x000000008e800000, 0x000000008e900000|  0%| F|  |TAMS 0x000000008e800000, 0x000000008e800000| Untracked 
| 233|0x000000008e900000, 0x000000008e900000, 0x000000008ea00000|  0%| F|  |TAMS 0x000000008e900000, 0x000000008e900000| Untracked 
| 234|0x000000008ea00000, 0x000000008ea00000, 0x000000008eb00000|  0%| F|  |TAMS 0x000000008ea00000, 0x000000008ea00000| Untracked 
| 235|0x000000008eb00000, 0x000000008eb00000, 0x000000008ec00000|  0%| F|  |TAMS 0x000000008eb00000, 0x000000008eb00000| Untracked 
| 236|0x000000008ec00000, 0x000000008ec00000, 0x000000008ed00000|  0%| F|  |TAMS 0x000000008ec00000, 0x000000008ec00000| Untracked 
| 237|0x000000008ed00000, 0x000000008ed00000, 0x000000008ee00000|  0%| F|  |TAMS 0x000000008ed00000, 0x000000008ed00000| Untracked 
| 238|0x000000008ee00000, 0x000000008ee00000, 0x000000008ef00000|  0%| F|  |TAMS 0x000000008ee00000, 0x000000008ee00000| Untracked 
| 239|0x000000008ef00000, 0x000000008ef00000, 0x000000008f000000|  0%| F|  |TAMS 0x000000008ef00000, 0x000000008ef00000| Untracked 
| 240|0x000000008f000000, 0x000000008f000000, 0x000000008f100000|  0%| F|  |TAMS 0x000000008f000000, 0x000000008f000000| Untracked 
| 241|0x000000008f100000, 0x000000008f100000, 0x000000008f200000|  0%| F|  |TAMS 0x000000008f100000, 0x000000008f100000| Untracked 
| 242|0x000000008f200000, 0x000000008f200000, 0x000000008f300000|  0%| F|  |TAMS 0x000000008f200000, 0x000000008f200000| Untracked 
| 243|0x000000008f300000, 0x000000008f300000, 0x000000008f400000|  0%| F|  |TAMS 0x000000008f300000, 0x000000008f300000| Untracked 
| 244|0x000000008f400000, 0x000000008f400000, 0x000000008f500000|  0%| F|  |TAMS 0x000000008f400000, 0x000000008f400000| Untracked 
| 245|0x000000008f500000, 0x000000008f500000, 0x000000008f600000|  0%| F|  |TAMS 0x000000008f500000, 0x000000008f500000| Untracked 
| 246|0x000000008f600000, 0x000000008f600000, 0x000000008f700000|  0%| F|  |TAMS 0x000000008f600000, 0x000000008f600000| Untracked 
| 247|0x000000008f700000, 0x000000008f700000, 0x000000008f800000|  0%| F|  |TAMS 0x000000008f700000, 0x000000008f700000| Untracked 
| 248|0x000000008f800000, 0x000000008f800000, 0x000000008f900000|  0%| F|  |TAMS 0x000000008f800000, 0x000000008f800000| Untracked 
| 249|0x000000008f900000, 0x000000008f900000, 0x000000008fa00000|  0%| F|  |TAMS 0x000000008f900000, 0x000000008f900000| Untracked 
| 250|0x000000008fa00000, 0x000000008fa00000, 0x000000008fb00000|  0%| F|  |TAMS 0x000000008fa00000, 0x000000008fa00000| Untracked 
| 251|0x000000008fb00000, 0x000000008fb00000, 0x000000008fc00000|  0%| F|  |TAMS 0x000000008fb00000, 0x000000008fb00000| Untracked 
| 252|0x000000008fc00000, 0x000000008fc00000, 0x000000008fd00000|  0%| F|  |TAMS 0x000000008fc00000, 0x000000008fc00000| Untracked 
| 253|0x000000008fd00000, 0x000000008fd00000, 0x000000008fe00000|  0%| F|  |TAMS 0x000000008fd00000, 0x000000008fd00000| Untracked 
| 254|0x000000008fe00000, 0x000000008fe00000, 0x000000008ff00000|  0%| F|  |TAMS 0x000000008fe00000, 0x000000008fe00000| Untracked 
| 255|0x000000008ff00000, 0x000000008ff00000, 0x0000000090000000|  0%| F|  |TAMS 0x000000008ff00000, 0x000000008ff00000| Untracked 
| 256|0x0000000090000000, 0x0000000090000000, 0x0000000090100000|  0%| F|  |TAMS 0x0000000090000000, 0x0000000090000000| Untracked 
| 257|0x0000000090100000, 0x0000000090100000, 0x0000000090200000|  0%| F|  |TAMS 0x0000000090100000, 0x0000000090100000| Untracked 
| 258|0x0000000090200000, 0x0000000090200000, 0x0000000090300000|  0%| F|  |TAMS 0x0000000090200000, 0x0000000090200000| Untracked 
| 259|0x0000000090300000, 0x0000000090300000, 0x0000000090400000|  0%| F|  |TAMS 0x0000000090300000, 0x0000000090300000| Untracked 
| 260|0x0000000090400000, 0x0000000090400000, 0x0000000090500000|  0%| F|  |TAMS 0x0000000090400000, 0x0000000090400000| Untracked 
| 261|0x0000000090500000, 0x0000000090500000, 0x0000000090600000|  0%| F|  |TAMS 0x0000000090500000, 0x0000000090500000| Untracked 
| 262|0x0000000090600000, 0x0000000090600000, 0x0000000090700000|  0%| F|  |TAMS 0x0000000090600000, 0x0000000090600000| Untracked 
| 263|0x0000000090700000, 0x0000000090700000, 0x0000000090800000|  0%| F|  |TAMS 0x0000000090700000, 0x0000000090700000| Untracked 
| 264|0x0000000090800000, 0x0000000090800000, 0x0000000090900000|  0%| F|  |TAMS 0x0000000090800000, 0x0000000090800000| Untracked 
| 265|0x0000000090900000, 0x0000000090900000, 0x0000000090a00000|  0%| F|  |TAMS 0x0000000090900000, 0x0000000090900000| Untracked 
| 266|0x0000000090a00000, 0x0000000090a00000, 0x0000000090b00000|  0%| F|  |TAMS 0x0000000090a00000, 0x0000000090a00000| Untracked 
| 267|0x0000000090b00000, 0x0000000090b00000, 0x0000000090c00000|  0%| F|  |TAMS 0x0000000090b00000, 0x0000000090b00000| Untracked 
| 268|0x0000000090c00000, 0x0000000090c00000, 0x0000000090d00000|  0%| F|  |TAMS 0x0000000090c00000, 0x0000000090c00000| Untracked 
| 269|0x0000000090d00000, 0x0000000090d00000, 0x0000000090e00000|  0%| F|  |TAMS 0x0000000090d00000, 0x0000000090d00000| Untracked 
| 270|0x0000000090e00000, 0x0000000090e00000, 0x0000000090f00000|  0%| F|  |TAMS 0x0000000090e00000, 0x0000000090e00000| Untracked 
| 271|0x0000000090f00000, 0x0000000090f00000, 0x0000000091000000|  0%| F|  |TAMS 0x0000000090f00000, 0x0000000090f00000| Untracked 
| 272|0x0000000091000000, 0x0000000091000000, 0x0000000091100000|  0%| F|  |TAMS 0x0000000091000000, 0x0000000091000000| Untracked 
| 273|0x0000000091100000, 0x0000000091100000, 0x0000000091200000|  0%| F|  |TAMS 0x0000000091100000, 0x0000000091100000| Untracked 
| 274|0x0000000091200000, 0x0000000091200000, 0x0000000091300000|  0%| F|  |TAMS 0x0000000091200000, 0x0000000091200000| Untracked 
| 275|0x0000000091300000, 0x0000000091300000, 0x0000000091400000|  0%| F|  |TAMS 0x0000000091300000, 0x0000000091300000| Untracked 
| 276|0x0000000091400000, 0x0000000091400000, 0x0000000091500000|  0%| F|  |TAMS 0x0000000091400000, 0x0000000091400000| Untracked 
| 277|0x0000000091500000, 0x0000000091500000, 0x0000000091600000|  0%| F|  |TAMS 0x0000000091500000, 0x0000000091500000| Untracked 
| 278|0x0000000091600000, 0x0000000091600000, 0x0000000091700000|  0%| F|  |TAMS 0x0000000091600000, 0x0000000091600000| Untracked 

Card table byte_map: [0x0000028eb39e0000,0x0000028eb3de0000] _byte_map_base: 0x0000028eb35e0000

Marking Bits (Prev, Next): (CMBitMap*) 0x0000028ea1173ee0, (CMBitMap*) 0x0000028ea1173f20
 Prev Bits: [0x0000028eb41e0000, 0x0000028eb61e0000)
 Next Bits: [0x0000028eb61e0000, 0x0000028eb81e0000)

Polling page: 0x0000028e9f0e0000

Metaspace:

Usage:
  Non-class:    107.52 MB used.
      Class:     16.89 MB used.
       Both:    124.41 MB used.

Virtual space:
  Non-class space:      112.00 MB reserved,     107.94 MB ( 96%) committed,  14 nodes.
      Class space:        1.00 GB reserved,      17.31 MB (  2%) committed,  1 nodes.
             Both:        1.11 GB reserved,     125.25 MB ( 11%) committed. 

Chunk freelists:
   Non-Class:  3.58 MB
       Class:  2.72 MB
        Both:  6.30 MB

MaxMetaspaceSize: unlimited
CompressedClassSpaceSize: 1.00 GB
Initial GC threshold: 21.00 MB
Current GC threshold: 207.12 MB
CDS: off
MetaspaceReclaimPolicy: balanced
 - commit_granule_bytes: 65536.
 - commit_granule_words: 8192.
 - virtual_space_node_default_size: 1048576.
 - enlarge_chunks_in_place: 1.
 - new_chunks_are_fully_committed: 0.
 - uncommit_free_chunks: 1.
 - use_allocation_guard: 0.
 - handle_deallocations: 1.


Internal statistics:

num_allocs_failed_limit: 33.
num_arena_births: 1342.
num_arena_deaths: 16.
num_vsnodes_births: 15.
num_vsnodes_deaths: 0.
num_space_committed: 2004.
num_space_uncommitted: 0.
num_chunks_returned_to_freelist: 54.
num_chunks_taken_from_freelist: 6054.
num_chunk_merges: 33.
num_chunk_splits: 4061.
num_chunks_enlarged: 2733.
num_purges: 4.
num_inconsistent_stats: 0.

CodeHeap 'non-profiled nmethods': size=120000Kb used=10629Kb max_used=10629Kb free=109370Kb
 bounds [0x0000028eac0b0000, 0x0000028eacb20000, 0x0000028eb35e0000]
CodeHeap 'profiled nmethods': size=120000Kb used=30620Kb max_used=30620Kb free=89379Kb
 bounds [0x0000028ea45e0000, 0x0000028ea63d0000, 0x0000028eabb10000]
CodeHeap 'non-nmethods': size=5760Kb used=2476Kb max_used=2531Kb free=3283Kb
 bounds [0x0000028eabb10000, 0x0000028eabd90000, 0x0000028eac0b0000]
 total_blobs=16984 nmethods=15974 adapters=922
 compilation: enabled
              stopped_count=0, restarted_count=0
 full_count=0

Compilation events (20 events):
Event: 750.311 Thread 0x0000028ec2e70950 nmethod 19432 0x0000028eacb07810 code [0x0000028eacb07a60, 0x0000028eacb08998]
Event: 750.320 Thread 0x0000028ebb120520 19433       3       org.gradle.internal.vfs.impl.DefaultSnapshotHierarchy::invalidate (64 bytes)
Event: 750.322 Thread 0x0000028ebb120520 nmethod 19433 0x0000028ea63c4c90 code [0x0000028ea63c5040, 0x0000028ea63c6a18]
Event: 750.322 Thread 0x0000028ebb120520 19436       1       com.android.build.api.variant.impl.FileBasedDirectoryEntryImpl::getFilter (5 bytes)
Event: 750.323 Thread 0x0000028ebb120520 nmethod 19436 0x0000028eacb09290 code [0x0000028eacb09420, 0x0000028eacb094f8]
Event: 750.323 Thread 0x0000028ebb120520 19434       3       org.gradle.internal.vfs.impl.DefaultSnapshotHierarchy$$Lambda$1013/0x0000000100c341b0::<init> (10 bytes)
Event: 750.323 Thread 0x0000028ebb120520 nmethod 19434 0x0000028ea63c7290 code [0x0000028ea63c7420, 0x0000028ea63c75d8]
Event: 750.323 Thread 0x0000028ebb120520 19435       3       org.gradle.internal.vfs.impl.DefaultSnapshotHierarchy$$Lambda$1013/0x0000000100c341b0::apply (12 bytes)
Event: 750.323 Thread 0x0000028ebb120520 nmethod 19435 0x0000028ea63c7690 code [0x0000028ea63c7860, 0x0000028ea63c7cf8]
Event: 750.324 Thread 0x0000028ebb120520 19437       3       org.gradle.api.internal.file.pattern.EndOfPathMatcher::matches (12 bytes)
Event: 750.324 Thread 0x0000028ebb120520 nmethod 19437 0x0000028ea63c7e90 code [0x0000028ea63c8020, 0x0000028ea63c8198]
Event: 750.330 Thread 0x0000028ebb120520 19438       3       org.gradle.api.internal.file.AbstractFileTree::<init> (7 bytes)
Event: 750.330 Thread 0x0000028ebb120520 nmethod 19438 0x0000028ea63c8290 code [0x0000028ea63c8440, 0x0000028ea63c86b8]
Event: 750.340 Thread 0x0000028ebb120520 19439       3       org.gradle.api.tasks.util.PatternSet::getExcludes (19 bytes)
Event: 750.341 Thread 0x0000028ebb120520 nmethod 19439 0x0000028ea63c8790 code [0x0000028ea63c8960, 0x0000028ea63c8c68]
Event: 750.368 Thread 0x0000028ebb120520 19440       3       com.sun.tools.javac.main.Option$$Lambda$1210/0x0000000100cc0480::test (12 bytes)
Event: 750.369 Thread 0x0000028ebb120520 nmethod 19440 0x0000028ea63c8d90 code [0x0000028ea63c8f40, 0x0000028ea63c91f8]
Event: 750.369 Thread 0x0000028ebb120520 19441       3       com.sun.tools.javac.main.Option::lambda$getOptions$3 (14 bytes)
Event: 750.369 Thread 0x0000028ebb120520 nmethod 19441 0x0000028ea63c9310 code [0x0000028ea63c94a0, 0x0000028ea63c95f8]
Event: 750.376 Thread 0x0000028eba702960 nmethod 19426 0x0000028eacb09590 code [0x0000028eacb09ba0, 0x0000028eacb0e618]

GC Heap History (20 events):
Event: 35.168 GC heap after
{Heap after GC invocations=46 (full 0):
 garbage-first heap   total 243712K, used 112939K [0x0000000080000000, 0x0000000100000000)
  region size 1024K, 10 young (10240K), 10 survivors (10240K)
 Metaspace       used 100313K, committed 100992K, reserved 1138688K
  class space    used 13501K, committed 13824K, reserved 1048576K
}
Event: 37.085 GC heap before
{Heap before GC invocations=46 (full 0):
 garbage-first heap   total 243712K, used 189739K [0x0000000080000000, 0x0000000100000000)
  region size 1024K, 86 young (88064K), 10 survivors (10240K)
 Metaspace       used 104989K, committed 105728K, reserved 1146880K
  class space    used 14141K, committed 14464K, reserved 1048576K
}
Event: 37.102 GC heap after
{Heap after GC invocations=47 (full 0):
 garbage-first heap   total 243712K, used 110457K [0x0000000080000000, 0x0000000100000000)
  region size 1024K, 5 young (5120K), 5 survivors (5120K)
 Metaspace       used 104989K, committed 105728K, reserved 1146880K
  class space    used 14141K, committed 14464K, reserved 1048576K
}
Event: 38.619 GC heap before
{Heap before GC invocations=47 (full 0):
 garbage-first heap   total 243712K, used 191353K [0x0000000080000000, 0x0000000100000000)
  region size 1024K, 85 young (87040K), 5 survivors (5120K)
 Metaspace       used 116757K, committed 117504K, reserved 1155072K
  class space    used 15981K, committed 16320K, reserved 1048576K
}
Event: 38.632 GC heap after
{Heap after GC invocations=48 (full 0):
 garbage-first heap   total 243712K, used 113441K [0x0000000080000000, 0x0000000100000000)
  region size 1024K, 8 young (8192K), 8 survivors (8192K)
 Metaspace       used 116757K, committed 117504K, reserved 1155072K
  class space    used 15981K, committed 16320K, reserved 1048576K
}
Event: 40.014 GC heap before
{Heap before GC invocations=48 (full 0):
 garbage-first heap   total 243712K, used 192289K [0x0000000080000000, 0x0000000100000000)
  region size 1024K, 87 young (89088K), 8 survivors (8192K)
 Metaspace       used 119194K, committed 119936K, reserved 1155072K
  class space    used 16392K, committed 16704K, reserved 1048576K
}
Event: 40.038 GC heap after
{Heap after GC invocations=49 (full 0):
 garbage-first heap   total 243712K, used 117141K [0x0000000080000000, 0x0000000100000000)
  region size 1024K, 8 young (8192K), 8 survivors (8192K)
 Metaspace       used 119194K, committed 119936K, reserved 1155072K
  class space    used 16392K, committed 16704K, reserved 1048576K
}
Event: 137.545 GC heap before
{Heap before GC invocations=50 (full 0):
 garbage-first heap   total 243712K, used 216469K [0x0000000080000000, 0x0000000100000000)
  region size 1024K, 88 young (90112K), 8 survivors (8192K)
 Metaspace       used 125364K, committed 126208K, reserved 1163264K
  class space    used 17237K, committed 17664K, reserved 1048576K
}
Event: 137.851 GC heap after
{Heap after GC invocations=51 (full 0):
 garbage-first heap   total 243712K, used 124357K [0x0000000080000000, 0x0000000100000000)
  region size 1024K, 11 young (11264K), 11 survivors (11264K)
 Metaspace       used 125364K, committed 126208K, reserved 1163264K
  class space    used 17237K, committed 17664K, reserved 1048576K
}
Event: 138.115 GC heap before
{Heap before GC invocations=51 (full 0):
 garbage-first heap   total 243712K, used 125381K [0x0000000080000000, 0x0000000100000000)
  region size 1024K, 12 young (12288K), 11 survivors (11264K)
 Metaspace       used 125377K, committed 126272K, reserved 1163264K
  class space    used 17237K, committed 17664K, reserved 1048576K
}
Event: 138.347 GC heap after
{Heap after GC invocations=52 (full 0):
 garbage-first heap   total 243712K, used 123558K [0x0000000080000000, 0x0000000100000000)
  region size 1024K, 1 young (1024K), 1 survivors (1024K)
 Metaspace       used 125377K, committed 126272K, reserved 1163264K
  class space    used 17237K, committed 17664K, reserved 1048576K
}
Event: 149.959 GC heap before
{Heap before GC invocations=52 (full 0):
 garbage-first heap   total 243712K, used 203430K [0x0000000080000000, 0x0000000100000000)
  region size 1024K, 74 young (75776K), 1 survivors (1024K)
 Metaspace       used 126077K, committed 126912K, reserved 1163264K
  class space    used 17266K, committed 17664K, reserved 1048576K
}
Event: 150.034 GC heap after
{Heap after GC invocations=53 (full 0):
 garbage-first heap   total 243712K, used 143827K [0x0000000080000000, 0x0000000100000000)
  region size 1024K, 10 young (10240K), 10 survivors (10240K)
 Metaspace       used 126077K, committed 126912K, reserved 1163264K
  class space    used 17266K, committed 17664K, reserved 1048576K
}
Event: 152.189 GC heap before
{Heap before GC invocations=53 (full 0):
 garbage-first heap   total 285696K, used 169427K [0x0000000080000000, 0x0000000100000000)
  region size 1024K, 38 young (38912K), 10 survivors (10240K)
 Metaspace       used 126361K, committed 127232K, reserved 1163264K
  class space    used 17262K, committed 17664K, reserved 1048576K
}
Event: 152.227 GC heap after
{Heap after GC invocations=54 (full 0):
 garbage-first heap   total 285696K, used 140249K [0x0000000080000000, 0x0000000100000000)
  region size 1024K, 5 young (5120K), 5 survivors (5120K)
 Metaspace       used 126361K, committed 127232K, reserved 1163264K
  class space    used 17262K, committed 17664K, reserved 1048576K
}
Event: 746.530 GC heap before
{Heap before GC invocations=55 (full 0):
 garbage-first heap   total 285696K, used 231385K [0x0000000080000000, 0x0000000100000000)
  region size 1024K, 77 young (78848K), 5 survivors (5120K)
 Metaspace       used 127124K, committed 128064K, reserved 1163264K
  class space    used 17289K, committed 17728K, reserved 1048576K
}
Event: 746.678 GC heap after
{Heap after GC invocations=56 (full 0):
 garbage-first heap   total 285696K, used 143846K [0x0000000080000000, 0x0000000100000000)
  region size 1024K, 9 young (9216K), 9 survivors (9216K)
 Metaspace       used 127124K, committed 128064K, reserved 1163264K
  class space    used 17289K, committed 17728K, reserved 1048576K
}
Event: 746.855 GC heap before
{Heap before GC invocations=56 (full 0):
 garbage-first heap   total 285696K, used 147942K [0x0000000080000000, 0x0000000100000000)
  region size 1024K, 13 young (13312K), 9 survivors (9216K)
 Metaspace       used 127139K, committed 128064K, reserved 1163264K
  class space    used 17290K, committed 17728K, reserved 1048576K
}
Event: 746.982 GC heap after
{Heap after GC invocations=57 (full 0):
 garbage-first heap   total 285696K, used 139763K [0x0000000080000000, 0x0000000100000000)
  region size 1024K, 2 young (2048K), 2 survivors (2048K)
 Metaspace       used 127139K, committed 128064K, reserved 1163264K
  class space    used 17290K, committed 17728K, reserved 1048576K
}
Event: 750.380 GC heap before
{Heap before GC invocations=57 (full 0):
 garbage-first heap   total 285696K, used 187891K [0x0000000080000000, 0x0000000100000000)
  region size 1024K, 51 young (52224K), 2 survivors (2048K)
 Metaspace       used 127393K, committed 128256K, reserved 1163264K
  class space    used 17296K, committed 17728K, reserved 1048576K
}

Dll operation events (2 events):
Event: 0.013 Loaded shared library C:\Program Files\Android\Android Studio\jbr\bin\java.dll
Event: 0.533 Loaded shared library C:\Program Files\Android\Android Studio\jbr\bin\verify.dll

Deoptimization events (20 events):
Event: 748.269 Thread 0x0000028ec28bb700 DEOPT PACKING pc=0x0000028ea54aa808 sp=0x000000b4a5ef8440
Event: 748.271 Thread 0x0000028ec28bb700 DEOPT UNPACKING pc=0x0000028eabb6ace3 sp=0x000000b4a5ef7910 mode 0
Event: 748.272 Thread 0x0000028ec28bb700 DEOPT PACKING pc=0x0000028ea54aa808 sp=0x000000b4a5ef84d0
Event: 748.272 Thread 0x0000028ec28bb700 DEOPT UNPACKING pc=0x0000028eabb6ace3 sp=0x000000b4a5ef7990 mode 0
Event: 750.033 Thread 0x0000028ebe463670 Uncommon trap: trap_request=0xffffffdc fr.pc=0x0000028eaca1aad8 relative=0x0000000000000238
Event: 750.033 Thread 0x0000028ebe463670 Uncommon trap: reason=class_check action=make_not_entrant pc=0x0000028eaca1aad8 method=java.util.ArrayDeque.toArray(Ljava/lang/Class;)[Ljava/lang/Object; @ 45 c2
Event: 750.033 Thread 0x0000028ebe463670 DEOPT PACKING pc=0x0000028eaca1aad8 sp=0x000000b4a9efa5d0
Event: 750.033 Thread 0x0000028ebe463670 DEOPT UNPACKING pc=0x0000028eabb6a1a3 sp=0x000000b4a9efa570 mode 2
Event: 750.250 Thread 0x0000028ebe463670 Uncommon trap: trap_request=0xffffff45 fr.pc=0x0000028eac992aec relative=0x000000000000060c
Event: 750.250 Thread 0x0000028ebe463670 Uncommon trap: reason=unstable_if action=reinterpret pc=0x0000028eac992aec method=com.google.common.collect.Sets$3$1.computeNext()Ljava/lang/Object; @ 9 c2
Event: 750.250 Thread 0x0000028ebe463670 DEOPT PACKING pc=0x0000028eac992aec sp=0x000000b4a9efa4a0
Event: 750.250 Thread 0x0000028ebe463670 DEOPT UNPACKING pc=0x0000028eabb6a1a3 sp=0x000000b4a9efa460 mode 2
Event: 750.288 Thread 0x0000028ebe463670 Uncommon trap: trap_request=0xffffffde fr.pc=0x0000028eac75b5a0 relative=0x00000000000003c0
Event: 750.288 Thread 0x0000028ebe463670 Uncommon trap: reason=class_check action=maybe_recompile pc=0x0000028eac75b5a0 method=org.gradle.api.internal.file.pattern.PatternMatcherFactory$DefaultPatternMatcher.test([Ljava/lang/String;Z)Z @ 17 c2
Event: 750.288 Thread 0x0000028ebe463670 DEOPT PACKING pc=0x0000028eac75b5a0 sp=0x000000b4a9ef9250
Event: 750.288 Thread 0x0000028ebe463670 DEOPT UNPACKING pc=0x0000028eabb6a1a3 sp=0x000000b4a9ef91f8 mode 2
Event: 750.288 Thread 0x0000028ebe463670 Uncommon trap: trap_request=0xffffffde fr.pc=0x0000028eac75b5a0 relative=0x00000000000003c0
Event: 750.288 Thread 0x0000028ebe463670 Uncommon trap: reason=class_check action=maybe_recompile pc=0x0000028eac75b5a0 method=org.gradle.api.internal.file.pattern.PatternMatcherFactory$DefaultPatternMatcher.test([Ljava/lang/String;Z)Z @ 17 c2
Event: 750.288 Thread 0x0000028ebe463670 DEOPT PACKING pc=0x0000028eac75b5a0 sp=0x000000b4a9ef9250
Event: 750.288 Thread 0x0000028ebe463670 DEOPT UNPACKING pc=0x0000028eabb6a1a3 sp=0x000000b4a9ef91f8 mode 2

Classes unloaded (8 events):
Event: 40.431 Thread 0x0000028eba69e2b0 Unloading class 0x0000000100c60c00 'java/lang/invoke/LambdaForm$DMH+0x0000000100c60c00'
Event: 151.411 Thread 0x0000028eba69e2b0 Unloading class 0x0000000100ff0000 'java/lang/invoke/LambdaForm$DMH+0x0000000100ff0000'
Event: 151.412 Thread 0x0000028eba69e2b0 Unloading class 0x0000000100f74400 'java/lang/invoke/LambdaForm$DMH+0x0000000100f74400'
Event: 151.413 Thread 0x0000028eba69e2b0 Unloading class 0x0000000100eccc00 'java/lang/invoke/LambdaForm$DMH+0x0000000100eccc00'
Event: 151.414 Thread 0x0000028eba69e2b0 Unloading class 0x0000000100ecc400 'java/lang/invoke/LambdaForm$DMH+0x0000000100ecc400'
Event: 151.414 Thread 0x0000028eba69e2b0 Unloading class 0x0000000100ea8000 'java/lang/invoke/LambdaForm$DMH+0x0000000100ea8000'
Event: 151.415 Thread 0x0000028eba69e2b0 Unloading class 0x0000000100e71000 'java/lang/invoke/LambdaForm$DMH+0x0000000100e71000'
Event: 151.415 Thread 0x0000028eba69e2b0 Unloading class 0x0000000100e70400 'java/lang/invoke/LambdaForm$DMH+0x0000000100e70400'

Classes redefined (0 events):
No events

Internal exceptions (20 events):
Event: 155.232 Thread 0x0000028ec28b9550 Exception <a 'sun/nio/fs/WindowsException'{0x000000008f0900c8}> (0x000000008f0900c8) 
thrown [s\src\hotspot\share\prims\jni.cpp, line 517]
Event: 155.609 Thread 0x0000028ec28bbbd0 Implicit null exception at 0x0000028eac7d7991 to 0x0000028eac7d7ac4
Event: 155.771 Thread 0x0000028ebf95ca40 Exception <a 'sun/nio/fs/WindowsException'{0x000000008ebe5050}> (0x000000008ebe5050) 
thrown [s\src\hotspot\share\prims\jni.cpp, line 517]
Event: 155.771 Thread 0x0000028ebf95ca40 Exception <a 'sun/nio/fs/WindowsException'{0x000000008ebe53a8}> (0x000000008ebe53a8) 
thrown [s\src\hotspot\share\prims\jni.cpp, line 517]
Event: 155.771 Thread 0x0000028ebf95ca40 Exception <a 'sun/nio/fs/WindowsException'{0x000000008ebe71b8}> (0x000000008ebe71b8) 
thrown [s\src\hotspot\share\prims\jni.cpp, line 517]
Event: 745.162 Thread 0x0000028ec28bb700 Implicit null exception at 0x0000028eac661917 to 0x0000028eac661c10
Event: 747.162 Thread 0x0000028ec28bb700 Exception <a 'sun/nio/fs/WindowsException'{0x000000009159ceb0}> (0x000000009159ceb0) 
thrown [s\src\hotspot\share\prims\jni.cpp, line 517]
Event: 747.879 Thread 0x0000028ec28bb700 Exception <a 'java/lang/NoClassDefFoundError'{0x0000000090f05a00}: org/jetbrains/kotlin/gradle/plugin/KotlinBasePluginWrapper> (0x0000000090f05a00) 
thrown [s\src\hotspot\share\oops\constantPool.cpp, line 835]
Event: 748.137 Thread 0x0000028ec28bb700 Exception <a 'sun/nio/fs/WindowsException'{0x0000000090cee6d8}> (0x0000000090cee6d8) 
thrown [s\src\hotspot\share\prims\jni.cpp, line 517]
Event: 748.260 Thread 0x0000028ec28bb700 Exception <a 'sun/nio/fs/WindowsException'{0x0000000090b91de0}> (0x0000000090b91de0) 
thrown [s\src\hotspot\share\prims\jni.cpp, line 517]
Event: 748.262 Thread 0x0000028ec28bb700 Exception <a 'sun/nio/fs/WindowsException'{0x0000000090b93428}> (0x0000000090b93428) 
thrown [s\src\hotspot\share\prims\jni.cpp, line 517]
Event: 748.262 Thread 0x0000028ec28bb700 Exception <a 'sun/nio/fs/WindowsException'{0x0000000090b94ac0}> (0x0000000090b94ac0) 
thrown [s\src\hotspot\share\prims\jni.cpp, line 517]
Event: 748.262 Thread 0x0000028ec28bb700 Exception <a 'sun/nio/fs/WindowsException'{0x0000000090b96158}> (0x0000000090b96158) 
thrown [s\src\hotspot\share\prims\jni.cpp, line 517]
Event: 748.706 Thread 0x0000028ebe4661c0 Exception <a 'sun/nio/fs/WindowsException'{0x00000000908bef60}> (0x00000000908bef60) 
thrown [s\src\hotspot\share\prims\jni.cpp, line 517]
Event: 750.261 Thread 0x0000028ebe463670 Exception <a 'sun/nio/fs/WindowsException'{0x000000008e57e438}> (0x000000008e57e438) 
thrown [s\src\hotspot\share\prims\jni.cpp, line 517]
Event: 750.277 Thread 0x0000028ebe463670 Exception <a 'sun/nio/fs/WindowsException'{0x000000008e59d980}> (0x000000008e59d980) 
thrown [s\src\hotspot\share\prims\jni.cpp, line 517]
Event: 750.305 Thread 0x0000028ebe463670 Exception <a 'sun/nio/fs/WindowsException'{0x000000008e5b9fc0}> (0x000000008e5b9fc0) 
thrown [s\src\hotspot\share\prims\jni.cpp, line 517]
Event: 750.317 Thread 0x0000028ebe463670 Exception <a 'sun/nio/fs/WindowsException'{0x000000008e5bab68}> (0x000000008e5bab68) 
thrown [s\src\hotspot\share\prims\jni.cpp, line 517]
Event: 750.318 Thread 0x0000028ebe463670 Exception <a 'sun/nio/fs/WindowsException'{0x000000008e5bb870}> (0x000000008e5bb870) 
thrown [s\src\hotspot\share\prims\jni.cpp, line 517]
Event: 750.320 Thread 0x0000028ebe463670 Exception <a 'sun/nio/fs/WindowsException'{0x000000008e5be190}> (0x000000008e5be190) 
thrown [s\src\hotspot\share\prims\jni.cpp, line 517]

VM Operations (20 events):
Event: 663.131 Executing VM operation: Cleanup done
Event: 678.233 Executing VM operation: Cleanup
Event: 678.233 Executing VM operation: Cleanup done
Event: 689.315 Executing VM operation: Cleanup
Event: 689.315 Executing VM operation: Cleanup done
Event: 698.358 Executing VM operation: Cleanup
Event: 698.358 Executing VM operation: Cleanup done
Event: 741.652 Executing VM operation: Cleanup
Event: 741.655 Executing VM operation: Cleanup done
Event: 745.689 Executing VM operation: Cleanup
Event: 745.690 Executing VM operation: Cleanup done
Event: 746.529 Executing VM operation: G1CollectForAllocation
Event: 746.679 Executing VM operation: G1CollectForAllocation done
Event: 746.855 Executing VM operation: G1CollectForAllocation
Event: 746.982 Executing VM operation: G1CollectForAllocation done
Event: 748.995 Executing VM operation: Cleanup
Event: 748.996 Executing VM operation: Cleanup done
Event: 749.998 Executing VM operation: Cleanup
Event: 750.016 Executing VM operation: Cleanup done
Event: 750.380 Executing VM operation: G1TryInitiateConcMark

Events (20 events):
Event: 746.390 Thread 0x0000028ebf9573a0 Thread added: 0x0000028ebf9573a0
Event: 746.391 Thread 0x0000028ebe460ff0 Thread added: 0x0000028ebe460ff0
Event: 746.391 Thread 0x0000028ebe462330 Thread added: 0x0000028ebe462330
Event: 746.392 Thread 0x0000028ebe4614c0 Thread added: 0x0000028ebe4614c0
Event: 746.392 Thread 0x0000028ebe4631a0 Thread added: 0x0000028ebe4631a0
Event: 746.393 Thread 0x0000028ebe460b20 Thread added: 0x0000028ebe460b20
Event: 746.393 Thread 0x0000028ebe465350 Thread added: 0x0000028ebe465350
Event: 746.823 Thread 0x0000028ebe462800 Thread added: 0x0000028ebe462800
Event: 748.560 Thread 0x0000028ebe4661c0 Thread added: 0x0000028ebe4661c0
Event: 748.566 Thread 0x0000028ebe463670 Thread added: 0x0000028ebe463670
Event: 748.567 Thread 0x0000028ebe45f7e0 Thread added: 0x0000028ebe45f7e0
Event: 748.569 Thread 0x0000028ebe463b40 Thread added: 0x0000028ebe463b40
Event: 748.590 Thread 0x0000028ebe4644e0 Thread added: 0x0000028ebe4644e0
Event: 749.454 Thread 0x0000028ec2e70950 Thread added: 0x0000028ec2e70950
Event: 749.839 loading class jdk/internal/misc/ScopedMemoryAccess$Scope$Handle
Event: 749.841 loading class jdk/internal/misc/ScopedMemoryAccess$Scope$Handle done
Event: 750.187 Thread 0x0000028ebe45fcb0 Thread added: 0x0000028ebe45fcb0
Event: 750.187 Thread 0x0000028ebe4649b0 Thread added: 0x0000028ebe4649b0
Event: 750.187 Thread 0x0000028ebe466690 Thread added: 0x0000028ebe466690
Event: 750.187 Thread 0x0000028ebe466b60 Thread added: 0x0000028ebe466b60


Dynamic libraries:
0x00007ff7d3060000 - 0x00007ff7d306a000 	C:\Program Files\Android\Android Studio\jbr\bin\java.exe
0x00007ff9f8610000 - 0x00007ff9f8824000 	C:\Windows\SYSTEM32\ntdll.dll
0x00007ff9f7f40000 - 0x00007ff9f8004000 	C:\Windows\System32\KERNEL32.DLL
0x00007ff9f5c30000 - 0x00007ff9f5fd4000 	C:\Windows\System32\KERNELBASE.dll
0x00007ff9f60a0000 - 0x00007ff9f61b1000 	C:\Windows\System32\ucrtbase.dll
0x00007ff9bbcb0000 - 0x00007ff9bbcc7000 	C:\Program Files\Android\Android Studio\jbr\bin\jli.dll
0x00007ff9f69f0000 - 0x00007ff9f6b9e000 	C:\Windows\System32\USER32.dll
0x00007ff9f5a60000 - 0x00007ff9f5a86000 	C:\Windows\System32\win32u.dll
0x00007ff9f6490000 - 0x00007ff9f64b9000 	C:\Windows\System32\GDI32.dll
0x00007ff9f5b10000 - 0x00007ff9f5c28000 	C:\Windows\System32\gdi32full.dll
0x00007ff9f59c0000 - 0x00007ff9f5a5a000 	C:\Windows\System32\msvcp_win.dll
0x00007ff9e2c90000 - 0x00007ff9e2f23000 	C:\Windows\WinSxS\amd64_microsoft.windows.common-controls_6595b64144ccf1df_6.0.22621.2215_none_270d72677387dfc3\COMCTL32.dll
0x00007ff9bbb90000 - 0x00007ff9bbbab000 	C:\Program Files\Android\Android Studio\jbr\bin\VCRUNTIME140.dll
0x00007ff9f7080000 - 0x00007ff9f7127000 	C:\Windows\System32\msvcrt.dll
0x00007ff9f8470000 - 0x00007ff9f84a1000 	C:\Windows\System32\IMM32.DLL
0x00007ff9dd0d0000 - 0x00007ff9dd0dc000 	C:\Program Files\Android\Android Studio\jbr\bin\vcruntime140_1.dll
0x00007ff9b2910000 - 0x00007ff9b299d000 	C:\Program Files\Android\Android Studio\jbr\bin\msvcp140.dll
0x00007ff97a180000 - 0x00007ff97aded000 	C:\Program Files\Android\Android Studio\jbr\bin\server\jvm.dll
0x00007ff9f6c30000 - 0x00007ff9f6ce0000 	C:\Windows\System32\ADVAPI32.dll
0x00007ff9f6730000 - 0x00007ff9f67d6000 	C:\Windows\System32\sechost.dll
0x00007ff9f6610000 - 0x00007ff9f6727000 	C:\Windows\System32\RPCRT4.dll
0x00007ff9d8d30000 - 0x00007ff9d8d39000 	C:\Windows\SYSTEM32\WSOCK32.dll
0x00007ff9e8280000 - 0x00007ff9e82b4000 	C:\Windows\SYSTEM32\WINMM.dll
0x00007ff9f6970000 - 0x00007ff9f69e1000 	C:\Windows\System32\WS2_32.dll
0x00007ff9e6ec0000 - 0x00007ff9e6eca000 	C:\Windows\SYSTEM32\VERSION.dll
0x00007ff9f4ab0000 - 0x00007ff9f4ac8000 	C:\Windows\SYSTEM32\kernel.appcore.dll
0x00007ff9dce80000 - 0x00007ff9dce8a000 	C:\Program Files\Android\Android Studio\jbr\bin\jimage.dll
0x00007ff9f2af0000 - 0x00007ff9f2d1e000 	C:\Windows\SYSTEM32\DBGHELP.DLL
0x00007ff9f6ce0000 - 0x00007ff9f706a000 	C:\Windows\System32\combase.dll
0x00007ff9f6840000 - 0x00007ff9f6917000 	C:\Windows\System32\OLEAUT32.dll
0x00007ff9d3320000 - 0x00007ff9d3352000 	C:\Windows\SYSTEM32\dbgcore.DLL
0x00007ff9f5a90000 - 0x00007ff9f5b0a000 	C:\Windows\System32\bcryptPrimitives.dll
0x00007ff9b27f0000 - 0x00007ff9b2815000 	C:\Program Files\Android\Android Studio\jbr\bin\java.dll
0x00007ff9b14c0000 - 0x00007ff9b14d8000 	C:\Program Files\Android\Android Studio\jbr\bin\zip.dll
0x00007ff9f7700000 - 0x00007ff9f7f23000 	C:\Windows\System32\SHELL32.dll
0x00007ff9f3910000 - 0x00007ff9f41fa000 	C:\Windows\SYSTEM32\windows.storage.dll
0x00007ff9f37d0000 - 0x00007ff9f390e000 	C:\Windows\SYSTEM32\wintypes.dll
0x00007ff9f8370000 - 0x00007ff9f8463000 	C:\Windows\System32\SHCORE.dll
0x00007ff9f67e0000 - 0x00007ff9f683e000 	C:\Windows\System32\shlwapi.dll
0x00007ff9f58f0000 - 0x00007ff9f5916000 	C:\Windows\SYSTEM32\profapi.dll
0x00007ff9adea0000 - 0x00007ff9adeb9000 	C:\Program Files\Android\Android Studio\jbr\bin\net.dll
0x00007ff9e9850000 - 0x00007ff9e9987000 	C:\Windows\SYSTEM32\WINHTTP.dll
0x00007ff9f4f80000 - 0x00007ff9f4fe9000 	C:\Windows\system32\mswsock.dll
0x00007ff9ad0d0000 - 0x00007ff9ad0e6000 	C:\Program Files\Android\Android Studio\jbr\bin\nio.dll
0x00007ff9d2e90000 - 0x00007ff9d2ea0000 	C:\Program Files\Android\Android Studio\jbr\bin\verify.dll
0x00007ff9cad60000 - 0x00007ff9cad87000 	C:\Users\SuportSofh\.gradle\native\68d5fa5c4cc2d200863cafc0d521ce42e7d3e7ee720ec0a83991735586a16f82\windows-amd64\native-platform.dll
0x00007ff9ab110000 - 0x00007ff9ab254000 	C:\Users\SuportSofh\.gradle\native\e376f236ea51e6404a007f0833ffe2c6e607c4080706a723a18a27aeea778392\windows-amd64\native-platform-file-events.dll
0x00007ff9d83d0000 - 0x00007ff9d83d9000 	C:\Program Files\Android\Android Studio\jbr\bin\management.dll
0x00007ff9d83b0000 - 0x00007ff9d83bb000 	C:\Program Files\Android\Android Studio\jbr\bin\management_ext.dll
0x00007ff9f84b0000 - 0x00007ff9f84b8000 	C:\Windows\System32\PSAPI.DLL
0x00007ff9f51e0000 - 0x00007ff9f51fb000 	C:\Windows\SYSTEM32\CRYPTSP.dll
0x00007ff9f4a70000 - 0x00007ff9f4aa5000 	C:\Windows\system32\rsaenh.dll
0x00007ff9f5070000 - 0x00007ff9f509c000 	C:\Windows\SYSTEM32\USERENV.dll
0x00007ff9f5390000 - 0x00007ff9f53b8000 	C:\Windows\SYSTEM32\bcrypt.dll
0x00007ff9f51d0000 - 0x00007ff9f51dc000 	C:\Windows\SYSTEM32\CRYPTBASE.dll
0x00007ff9f44b0000 - 0x00007ff9f44dd000 	C:\Windows\SYSTEM32\IPHLPAPI.DLL
0x00007ff9f7f30000 - 0x00007ff9f7f39000 	C:\Windows\System32\NSI.dll
0x00007ff9e8d40000 - 0x00007ff9e8d59000 	C:\Windows\SYSTEM32\dhcpcsvc6.DLL
0x00007ff9e8ca0000 - 0x00007ff9e8cbf000 	C:\Windows\SYSTEM32\dhcpcsvc.DLL
0x00007ff9f44e0000 - 0x00007ff9f45d2000 	C:\Windows\SYSTEM32\DNSAPI.dll
0x00007ff9d23e0000 - 0x00007ff9d23e8000 	C:\Windows\system32\wshunix.dll
0x000000006eef0000 - 0x000000006ef16000 	C:\Program Files\Bonjour\mdnsNSP.dll
0x00007ff9e6790000 - 0x00007ff9e679a000 	C:\Windows\System32\rasadhlp.dll
0x00007ff9e7870000 - 0x00007ff9e78f4000 	C:\Windows\System32\fwpuclnt.dll

dbghelp: loaded successfully - version: 4.0.5 - missing functions: none
symbol engine: initialized successfully - sym options: 0x614 - pdb path: .;C:\Program Files\Android\Android Studio\jbr\bin;C:\Windows\SYSTEM32;C:\Windows\WinSxS\amd64_microsoft.windows.common-controls_6595b64144ccf1df_6.0.22621.2215_none_270d72677387dfc3;C:\Program Files\Android\Android Studio\jbr\bin\server;C:\Users\SuportSofh\.gradle\native\68d5fa5c4cc2d200863cafc0d521ce42e7d3e7ee720ec0a83991735586a16f82\windows-amd64;C:\Users\SuportSofh\.gradle\native\e376f236ea51e6404a007f0833ffe2c6e607c4080706a723a18a27aeea778392\windows-amd64;C:\Program Files\Bonjour

VM Arguments:
jvm_args: --add-opens=java.base/java.util=ALL-UNNAMED --add-opens=java.base/java.lang=ALL-UNNAMED --add-opens=java.base/java.lang.invoke=ALL-UNNAMED --add-opens=java.prefs/java.util.prefs=ALL-UNNAMED --add-opens=java.base/java.nio.charset=ALL-UNNAMED --add-opens=java.base/java.net=ALL-UNNAMED --add-opens=java.base/java.util.concurrent.atomic=ALL-UNNAMED -Xmx2048m -Dfile.encoding=UTF-8 -Duser.country=BR -Duser.language=pt -Duser.variant 
java_command: org.gradle.launcher.daemon.bootstrap.GradleDaemon 8.0
java_class_path (initial): C:\Users\SuportSofh\.gradle\wrapper\dists\gradle-8.0-bin\ca5e32bp14vu59qr306oxotwh\gradle-8.0\lib\gradle-launcher-8.0.jar
Launcher Type: SUN_STANDARD

[Global flags]
     intx CICompilerCount                          = 3                                         {product} {ergonomic}
     uint ConcGCThreads                            = 1                                         {product} {ergonomic}
     uint G1ConcRefinementThreads                  = 4                                         {product} {ergonomic}
   size_t G1HeapRegionSize                         = 1048576                                   {product} {ergonomic}
    uintx GCDrainStackTargetSize                   = 64                                        {product} {ergonomic}
   size_t InitialHeapSize                          = 62914560                                  {product} {ergonomic}
   size_t MarkStackSize                            = 4194304                                   {product} {ergonomic}
   size_t MaxHeapSize                              = 2147483648                                {product} {command line}
   size_t MaxNewSize                               = 1287651328                                {product} {ergonomic}
   size_t MinHeapDeltaBytes                        = 1048576                                   {product} {ergonomic}
   size_t MinHeapSize                              = 8388608                                   {product} {ergonomic}
    uintx NonNMethodCodeHeapSize                   = 5832780                                {pd product} {ergonomic}
    uintx NonProfiledCodeHeapSize                  = 122912730                              {pd product} {ergonomic}
    uintx ProfiledCodeHeapSize                     = 122912730                              {pd product} {ergonomic}
    uintx ReservedCodeCacheSize                    = 251658240                              {pd product} {ergonomic}
     bool SegmentedCodeCache                       = true                                      {product} {ergonomic}
   size_t SoftMaxHeapSize                          = 2147483648                             {manageable} {ergonomic}
     bool UseCompressedClassPointers               = true                           {product lp64_product} {ergonomic}
     bool UseCompressedOops                        = true                           {product lp64_product} {ergonomic}
     bool UseG1GC                                  = true                                      {product} {ergonomic}
     bool UseLargePagesIndividualAllocation        = false                                  {pd product} {ergonomic}

Logging:
Log output configuration:
 #0: stdout all=warning uptime,level,tags
 #1: stderr all=off uptime,level,tags

Environment Variables:
JAVA_HOME=C:\Program Files\Android\Android Studio\jbr
PATH=C:\Windows\System32;C:\Program Files\Eclipse Foundation\jdk-16.0.2.7-hotspot\bin;C:\Program Files\Eclipse Adoptium\jdk-11.0.20.8-hotspot\bin;C:\Program Files (x86)\Common Files\Intel\Shared Libraries\redist\intel64\compiler;C:\Windows\system32;C:\Windows;C:\Windows\System32\Wbem;C:\Windows\System32\WindowsPowerShell\v1.0\;C:\Windows\System32\OpenSSH\;C:\Program Files\Android\Android Studio\jbr\bin\;C:\Program Files\Git\cmd;C:\wamp64\bin\php\php8.1.13;C:\Program Files\Docker\Docker\resources\bin;C:\Program Files\Java\apache-maven-3.9.4\bin;C:\Users\SuportSofh\.m2\repository;C:\Program Files\MySQL\MySQL Shell 8.0\bin\;C:\Users\SuportSofh\AppData\Local\Programs\Python\Python311\Scripts\;C:\Users\SuportSofh\AppData\Local\Programs\Python\Python311\;C:\Users\SuportSofh\AppData\Local\Microsoft\WindowsApps;C:\Users\SuportSofh\AppData\Local\Programs\Microsoft VS Code\bin;C:\Program Files\JetBrains\IntelliJ IDEA Community Edition 2023.1.4\bin;;C:\Users\SuportSofh\AppData\Local\GitHubDesktop\bin;C:\Program Files\JetBrains\PyCharm Community Edition 2023.1.4\bin;
USERNAME=SuportSofh
OS=Windows_NT
PROCESSOR_IDENTIFIER=Intel64 Family 6 Model 140 Stepping 1, GenuineIntel
TMP=C:\Users\SUPORT~1\AppData\Local\Temp
TEMP=C:\Users\SUPORT~1\AppData\Local\Temp



---------------  S Y S T E M  ---------------

OS:
 Windows 11 , 64 bit Build 22621 (10.0.22621.2215)
OS uptime: 6 days 8:32 hours
Hyper-V role detected

CPU: total 4 (initial active 4) (2 cores per cpu, 2 threads per core) family 6 model 140 stepping 1 microcode 0x8a, cx8, cmov, fxsr, ht, mmx, 3dnowpref, sse, sse2, sse3, ssse3, sse4.1, sse4.2, popcnt, lzcnt, tsc, tscinvbit, avx, avx2, aes, erms, clmul, bmi1, bmi2, adx, avx512f, avx512dq, avx512cd, avx512bw, avx512vl, sha, fma, vzeroupper, avx512_vpopcntdq, avx512_vpclmulqdq, avx512_vaes, avx512_vnni, clflush, clflushopt, clwb, avx512_vbmi2, avx512_vbmi, hv

Memory: 4k page, system-wide physical 3819M (335M free)
TotalPageFile size 15595M (AvailPageFile size 275M)
current process WorkingSet (physical memory assigned to process): 306M, peak: 485M
current process commit charge ("private bytes"): 617M, peak: 1175M

vm_info: OpenJDK 64-Bit Server VM (17.0.6+0-b2043.56-9586694) for windows-amd64 JRE (17.0.6+0-b2043.56-9586694), built on Feb  9 2023 20:06:20 by "androidbuild" with MS VC++ 16.10 / 16.11 (VS2019)

END.
