#
# There is insufficient memory for the Java Runtime Environment to continue.
# Native memory allocation (malloc) failed to allocate 1715216 bytes for Chunk::new
# Possible reasons:
#   The system is out of physical RAM or swap space
#   The process is running with CompressedOops enabled, and the Java Heap may be blocking the growth of the native heap
# Possible solutions:
#   Reduce memory load on the system
#   Increase physical memory or swap space
#   Check if swap backing store is full
#   Decrease Java heap size (-Xmx/-Xms)
#   Decrease number of Java threads
#   Decrease Java thread stack sizes (-Xss)
#   Set larger code cache with -XX:ReservedCodeCacheSize=
#   JVM is running with Unscaled Compressed Oops mode in which the Java heap is
#     placed in the first 4GB address space. The Java Heap base address is the
#     maximum limit for the native heap growth. Please use -XX:HeapBaseMinAddress
#     to set the Java Heap base and to place the Java Heap above 4GB virtual address.
# This output file may be truncated or incomplete.
#
#  Out of Memory Error (arena.cpp:189), pid=17812, tid=1660
#
# JRE version: OpenJDK Runtime Environment (17.0.6) (build 17.0.6+0-b2043.56-9586694)
# Java VM: OpenJDK 64-Bit Server VM (17.0.6+0-b2043.56-9586694, mixed mode, tiered, compressed oops, compressed class ptrs, g1 gc, windows-amd64)
# No core dump will be written. Minidumps are not enabled by default on client versions of Windows
#

---------------  S U M M A R Y ------------

Command Line: --add-opens=java.base/java.util=ALL-UNNAMED --add-opens=java.base/java.lang=ALL-UNNAMED --add-opens=java.base/java.lang.invoke=ALL-UNNAMED --add-opens=java.prefs/java.util.prefs=ALL-UNNAMED --add-opens=java.base/java.nio.charset=ALL-UNNAMED --add-opens=java.base/java.net=ALL-UNNAMED --add-opens=java.base/java.util.concurrent.atomic=ALL-UNNAMED -Xmx2048m -Dfile.encoding=UTF-8 -Duser.country=BR -Duser.language=pt -Duser.variant org.gradle.launcher.daemon.bootstrap.GradleDaemon 8.0

Host: 11th Gen Intel(R) Core(TM) i3-1115G4 @ 3.00GHz, 4 cores, 3G,  Windows 11 , 64 bit Build 22621 (10.0.22621.2070)
Time: Tue Sep  5 19:15:46 2023 Hora oficial do Brasil elapsed time: 50.257334 seconds (0d 0h 0m 50s)

---------------  T H R E A D  ---------------

Current thread (0x0000022e96800970):  JavaThread "C2 CompilerThread0" daemon [_thread_in_native, id=1660, stack(0x0000007dd8600000,0x0000007dd8700000)]


Current CompileTask:
C2:  50257 8955       4       java.beans.Introspector::addMethod (196 bytes)

Stack: [0x0000007dd8600000,0x0000007dd8700000]
Native frames: (J=compiled Java code, j=interpreted, Vv=VM code, C=native code)
V  [jvm.dll+0x683b4a]
V  [jvm.dll+0x842654]
V  [jvm.dll+0x843dfe]
V  [jvm.dll+0x844463]
V  [jvm.dll+0x249b75]
V  [jvm.dll+0xabcac]
V  [jvm.dll+0xac27c]
V  [jvm.dll+0x368802]
V  [jvm.dll+0x1bced2]
V  [jvm.dll+0x21c359]
V  [jvm.dll+0x21b621]
V  [jvm.dll+0x1a4fdd]
V  [jvm.dll+0x22b098]
V  [jvm.dll+0x229159]
V  [jvm.dll+0x7f809c]
V  [jvm.dll+0x7f25fa]
V  [jvm.dll+0x682985]
C  [ucrtbase.dll+0x29363]
C  [KERNEL32.DLL+0x126ad]
C  [ntdll.dll+0x5aa68]


---------------  P R O C E S S  ---------------

Threads class SMR info:
_java_thread_list=0x0000022e97da49a0, length=86, elements={
0x0000022efc5d9a90, 0x0000022e95bd7e90, 0x0000022e95bd8650, 0x0000022e95c13590,
0x0000022e95bfb430, 0x0000022e95bfdef0, 0x0000022e96800080, 0x0000022e96800970,
0x0000022e968077b0, 0x0000022e96823040, 0x0000022e9699d360, 0x0000022e969b5010,
0x0000022e976a7a60, 0x0000022e975d67a0, 0x0000022e96cd9220, 0x0000022e97b24030,
0x0000022e9692a080, 0x0000022e97970ec0, 0x0000022e993eefd0, 0x0000022e972e99b0,
0x0000022e97b22550, 0x0000022e97b21210, 0x0000022e97b1f530, 0x0000022e97b22a20,
0x0000022e97b1fa00, 0x0000022e97b203a0, 0x0000022e97b1f060, 0x0000022e97b1fed0,
0x0000022e97b20d40, 0x0000022e97b21bb0, 0x0000022e97b22080, 0x0000022e97b20870,
0x0000022e9a843640, 0x0000022e9a83ee10, 0x0000022e9a83dfa0, 0x0000022e9a845320,
0x0000022e9a83e470, 0x0000022e9a842ca0, 0x0000022e9a8444b0, 0x0000022e9a842300,
0x0000022e9a8427d0, 0x0000022e9a83e940, 0x0000022e9a843b10, 0x0000022e9a83f7b0,
0x0000022e9a844e50, 0x0000022e9a83fc80, 0x0000022e9a840150, 0x0000022e9a840620,
0x0000022e9a840af0, 0x0000022e9a840fc0, 0x0000022e9a841960, 0x0000022e9a841490,
0x0000022e9a841e30, 0x0000022e9a843fe0, 0x0000022e96b04100, 0x0000022e96b02dc0,
0x0000022e96b015b0, 0x0000022e96b00270, 0x0000022e96affda0, 0x0000022e96b00740,
0x0000022e96afe0c0, 0x0000022e96b045d0, 0x0000022e96b02420, 0x0000022e96b05440,
0x0000022e96b00c10, 0x0000022e96b04aa0, 0x0000022e96b010e0, 0x0000022e96afe590,
0x0000022e96b03290, 0x0000022e96b01a80, 0x0000022e96b04f70, 0x0000022e96b01f50,
0x0000022e96b028f0, 0x0000022e96b05910, 0x0000022e96b03c30, 0x0000022e96b03760,
0x0000022e96afea60, 0x0000022e96afef30, 0x0000022e96aff400, 0x0000022e96aff8d0,
0x0000022e99151750, 0x0000022e9914f5a0, 0x0000022e9914ff40, 0x0000022e9914d3f0,
0x0000022e9914d8c0, 0x0000022e9914bbe0
}

Java Threads: ( => current thread )
  0x0000022efc5d9a90 JavaThread "main" [_thread_blocked, id=18440, stack(0x0000007dd7900000,0x0000007dd7a00000)]
  0x0000022e95bd7e90 JavaThread "Reference Handler" daemon [_thread_blocked, id=19220, stack(0x0000007dd8000000,0x0000007dd8100000)]
  0x0000022e95bd8650 JavaThread "Finalizer" daemon [_thread_blocked, id=11536, stack(0x0000007dd8100000,0x0000007dd8200000)]
  0x0000022e95c13590 JavaThread "Signal Dispatcher" daemon [_thread_blocked, id=6600, stack(0x0000007dd8200000,0x0000007dd8300000)]
  0x0000022e95bfb430 JavaThread "Attach Listener" daemon [_thread_blocked, id=17776, stack(0x0000007dd8300000,0x0000007dd8400000)]
  0x0000022e95bfdef0 JavaThread "Service Thread" daemon [_thread_blocked, id=20888, stack(0x0000007dd8400000,0x0000007dd8500000)]
  0x0000022e96800080 JavaThread "Monitor Deflation Thread" daemon [_thread_blocked, id=18916, stack(0x0000007dd8500000,0x0000007dd8600000)]
=>0x0000022e96800970 JavaThread "C2 CompilerThread0" daemon [_thread_in_native, id=1660, stack(0x0000007dd8600000,0x0000007dd8700000)]
  0x0000022e968077b0 JavaThread "C1 CompilerThread0" daemon [_thread_blocked, id=988, stack(0x0000007dd8700000,0x0000007dd8800000)]
  0x0000022e96823040 JavaThread "Sweeper thread" daemon [_thread_blocked, id=12152, stack(0x0000007dd8800000,0x0000007dd8900000)]
  0x0000022e9699d360 JavaThread "Common-Cleaner" daemon [_thread_blocked, id=13748, stack(0x0000007dd8900000,0x0000007dd8a00000)]
  0x0000022e969b5010 JavaThread "Notification Thread" daemon [_thread_blocked, id=16472, stack(0x0000007dd8a00000,0x0000007dd8b00000)]
  0x0000022e976a7a60 JavaThread "Daemon health stats" [_thread_blocked, id=7064, stack(0x0000007dd8f00000,0x0000007dd9000000)]
  0x0000022e975d67a0 JavaThread "Incoming local TCP Connector on port 57254" [_thread_in_native, id=6348, stack(0x0000007dd9000000,0x0000007dd9100000)]
  0x0000022e96cd9220 JavaThread "Daemon periodic checks" [_thread_blocked, id=15584, stack(0x0000007dd9100000,0x0000007dd9200000)]
  0x0000022e97b24030 JavaThread "Daemon" [_thread_blocked, id=13520, stack(0x0000007dd9200000,0x0000007dd9300000)]
  0x0000022e9692a080 JavaThread "Handler for socket connection from /127.0.0.1:57254 to /127.0.0.1:57257" [_thread_in_native, id=5268, stack(0x0000007dd9300000,0x0000007dd9400000)]
  0x0000022e97970ec0 JavaThread "Cancel handler" [_thread_blocked, id=16068, stack(0x0000007dd9400000,0x0000007dd9500000)]
  0x0000022e993eefd0 JavaThread "Daemon worker" [_thread_blocked, id=15280, stack(0x0000007dd9500000,0x0000007dd9600000)]
  0x0000022e972e99b0 JavaThread "Asynchronous log dispatcher for DefaultDaemonConnection: socket connection from /127.0.0.1:57254 to /127.0.0.1:57257" [_thread_blocked, id=2980, stack(0x0000007dd9600000,0x0000007dd9700000)]
  0x0000022e97b22550 JavaThread "Stdin handler" [_thread_blocked, id=21452, stack(0x0000007dd9700000,0x0000007dd9800000)]
  0x0000022e97b21210 JavaThread "Daemon client event forwarder" [_thread_blocked, id=7804, stack(0x0000007dd9800000,0x0000007dd9900000)]
  0x0000022e97b1f530 JavaThread "Cache worker for journal cache (C:\Users\SuportSofh\.gradle\caches\journal-1)" [_thread_blocked, id=13344, stack(0x0000007dd9900000,0x0000007dd9a00000)]
  0x0000022e97b22a20 JavaThread "File lock request listener" [_thread_in_native, id=3968, stack(0x0000007dd9a00000,0x0000007dd9b00000)]
  0x0000022e97b1fa00 JavaThread "Cache worker for file hash cache (C:\Users\SuportSofh\.gradle\caches\8.0\fileHashes)" [_thread_blocked, id=15940, stack(0x0000007dd9b00000,0x0000007dd9c00000)]
  0x0000022e97b203a0 JavaThread "File watcher server" daemon [_thread_in_native, id=11200, stack(0x0000007dd9c00000,0x0000007dd9d00000)]
  0x0000022e97b1f060 JavaThread "File watcher consumer" daemon [_thread_blocked, id=13824, stack(0x0000007dd9d00000,0x0000007dd9e00000)]
  0x0000022e97b1fed0 JavaThread "Cache worker for checksums cache (C:\AndroidStudio\Mechanic\.gradle\8.0\checksums)" [_thread_blocked, id=20612, stack(0x0000007dd9e00000,0x0000007dd9f00000)]
  0x0000022e97b20d40 JavaThread "Cache worker for cache directory md-rule (C:\Users\SuportSofh\.gradle\caches\8.0\md-rule)" [_thread_blocked, id=20584, stack(0x0000007dd9f00000,0x0000007dda000000)]
  0x0000022e97b21bb0 JavaThread "Cache worker for file content cache (C:\Users\SuportSofh\.gradle\caches\8.0\fileContent)" [_thread_blocked, id=15968, stack(0x0000007dda000000,0x0000007dda100000)]
  0x0000022e97b22080 JavaThread "Cache worker for file hash cache (C:\AndroidStudio\Mechanic\.gradle\8.0\fileHashes)" [_thread_blocked, id=13856, stack(0x0000007dda100000,0x0000007dda200000)]
  0x0000022e97b20870 JavaThread "Cache worker for cache directory md-supplier (C:\Users\SuportSofh\.gradle\caches\8.0\md-supplier)" [_thread_blocked, id=9672, stack(0x0000007dda200000,0x0000007dda300000)]
  0x0000022e9a843640 JavaThread "Cache worker for execution history cache (C:\Users\SuportSofh\.gradle\caches\8.0\executionHistory)" [_thread_blocked, id=20528, stack(0x0000007dda300000,0x0000007dda400000)]
  0x0000022e9a83ee10 JavaThread "jar transforms" [_thread_blocked, id=3464, stack(0x0000007dda400000,0x0000007dda500000)]
  0x0000022e9a83dfa0 JavaThread "jar transforms Thread 2" [_thread_blocked, id=9176, stack(0x0000007dda500000,0x0000007dda600000)]
  0x0000022e9a845320 JavaThread "jar transforms Thread 3" [_thread_blocked, id=10092, stack(0x0000007dda600000,0x0000007dda700000)]
  0x0000022e9a83e470 JavaThread "jar transforms Thread 4" [_thread_blocked, id=13428, stack(0x0000007dda700000,0x0000007dda800000)]
  0x0000022e9a842ca0 JavaThread "Cache worker for dependencies-accessors (C:\AndroidStudio\Mechanic\.gradle\8.0\dependencies-accessors)" [_thread_blocked, id=18480, stack(0x0000007dda800000,0x0000007dda900000)]
  0x0000022e9a8444b0 JavaThread "Cache worker for Build Output Cleanup Cache (C:\AndroidStudio\Mechanic\.gradle\buildOutputCleanup)" [_thread_blocked, id=9108, stack(0x0000007dda900000,0x0000007ddaa00000)]
  0x0000022e9a842300 JavaThread "Unconstrained build operations" [_thread_blocked, id=20384, stack(0x0000007ddaa00000,0x0000007ddab00000)]
  0x0000022e9a8427d0 JavaThread "Unconstrained build operations Thread 2" [_thread_blocked, id=14668, stack(0x0000007ddab00000,0x0000007ddac00000)]
  0x0000022e9a83e940 JavaThread "Unconstrained build operations Thread 3" [_thread_blocked, id=15996, stack(0x0000007ddac00000,0x0000007ddad00000)]
  0x0000022e9a843b10 JavaThread "Unconstrained build operations Thread 4" [_thread_blocked, id=18152, stack(0x0000007ddad00000,0x0000007ddae00000)]
  0x0000022e9a83f7b0 JavaThread "Unconstrained build operations Thread 5" [_thread_blocked, id=268, stack(0x0000007ddae00000,0x0000007ddaf00000)]
  0x0000022e9a844e50 JavaThread "Unconstrained build operations Thread 6" [_thread_blocked, id=20432, stack(0x0000007ddaf00000,0x0000007ddb000000)]
  0x0000022e9a83fc80 JavaThread "Unconstrained build operations Thread 7" [_thread_blocked, id=19396, stack(0x0000007ddb000000,0x0000007ddb100000)]
  0x0000022e9a840150 JavaThread "Unconstrained build operations Thread 8" [_thread_blocked, id=13336, stack(0x0000007ddb100000,0x0000007ddb200000)]
  0x0000022e9a840620 JavaThread "Unconstrained build operations Thread 9" [_thread_blocked, id=15040, stack(0x0000007ddb200000,0x0000007ddb300000)]
  0x0000022e9a840af0 JavaThread "Unconstrained build operations Thread 10" [_thread_blocked, id=20876, stack(0x0000007ddb300000,0x0000007ddb400000)]
  0x0000022e9a840fc0 JavaThread "Unconstrained build operations Thread 11" [_thread_blocked, id=3672, stack(0x0000007ddb400000,0x0000007ddb500000)]
  0x0000022e9a841960 JavaThread "Unconstrained build operations Thread 12" [_thread_blocked, id=7092, stack(0x0000007ddb500000,0x0000007ddb600000)]
  0x0000022e9a841490 JavaThread "Unconstrained build operations Thread 13" [_thread_blocked, id=15416, stack(0x0000007ddb600000,0x0000007ddb700000)]
  0x0000022e9a841e30 JavaThread "Unconstrained build operations Thread 14" [_thread_blocked, id=1880, stack(0x0000007ddb700000,0x0000007ddb800000)]
  0x0000022e9a843fe0 JavaThread "Unconstrained build operations Thread 15" [_thread_blocked, id=20396, stack(0x0000007ddb800000,0x0000007ddb900000)]
  0x0000022e96b04100 JavaThread "Unconstrained build operations Thread 16" [_thread_blocked, id=14132, stack(0x0000007ddb900000,0x0000007ddba00000)]
  0x0000022e96b02dc0 JavaThread "Unconstrained build operations Thread 17" [_thread_blocked, id=20072, stack(0x0000007ddba00000,0x0000007ddbb00000)]
  0x0000022e96b015b0 JavaThread "Unconstrained build operations Thread 18" [_thread_blocked, id=10544, stack(0x0000007ddbb00000,0x0000007ddbc00000)]
  0x0000022e96b00270 JavaThread "Unconstrained build operations Thread 19" [_thread_blocked, id=1912, stack(0x0000007ddbc00000,0x0000007ddbd00000)]
  0x0000022e96affda0 JavaThread "Unconstrained build operations Thread 20" [_thread_blocked, id=15020, stack(0x0000007ddbd00000,0x0000007ddbe00000)]
  0x0000022e96b00740 JavaThread "Unconstrained build operations Thread 21" [_thread_blocked, id=15236, stack(0x0000007ddbe00000,0x0000007ddbf00000)]
  0x0000022e96afe0c0 JavaThread "Unconstrained build operations Thread 22" [_thread_blocked, id=11516, stack(0x0000007ddbf00000,0x0000007ddc000000)]
  0x0000022e96b045d0 JavaThread "Unconstrained build operations Thread 23" [_thread_blocked, id=21412, stack(0x0000007ddc000000,0x0000007ddc100000)]
  0x0000022e96b02420 JavaThread "Unconstrained build operations Thread 24" [_thread_blocked, id=5044, stack(0x0000007ddc100000,0x0000007ddc200000)]
  0x0000022e96b05440 JavaThread "Unconstrained build operations Thread 25" [_thread_blocked, id=17168, stack(0x0000007ddc200000,0x0000007ddc300000)]
  0x0000022e96b00c10 JavaThread "Unconstrained build operations Thread 26" [_thread_blocked, id=19740, stack(0x0000007ddc300000,0x0000007ddc400000)]
  0x0000022e96b04aa0 JavaThread "Unconstrained build operations Thread 27" [_thread_blocked, id=5408, stack(0x0000007ddc400000,0x0000007ddc500000)]
  0x0000022e96b010e0 JavaThread "Unconstrained build operations Thread 28" [_thread_blocked, id=8988, stack(0x0000007ddc500000,0x0000007ddc600000)]
  0x0000022e96afe590 JavaThread "Unconstrained build operations Thread 29" [_thread_blocked, id=18652, stack(0x0000007ddc600000,0x0000007ddc700000)]
  0x0000022e96b03290 JavaThread "Unconstrained build operations Thread 30" [_thread_blocked, id=14360, stack(0x0000007ddc700000,0x0000007ddc800000)]
  0x0000022e96b01a80 JavaThread "Unconstrained build operations Thread 31" [_thread_blocked, id=19064, stack(0x0000007ddc800000,0x0000007ddc900000)]
  0x0000022e96b04f70 JavaThread "Unconstrained build operations Thread 32" [_thread_blocked, id=3496, stack(0x0000007ddc900000,0x0000007ddca00000)]
  0x0000022e96b01f50 JavaThread "Unconstrained build operations Thread 33" [_thread_blocked, id=8020, stack(0x0000007ddca00000,0x0000007ddcb00000)]
  0x0000022e96b028f0 JavaThread "Unconstrained build operations Thread 34" [_thread_blocked, id=3796, stack(0x0000007ddcb00000,0x0000007ddcc00000)]
  0x0000022e96b05910 JavaThread "Unconstrained build operations Thread 35" [_thread_blocked, id=4948, stack(0x0000007ddcc00000,0x0000007ddcd00000)]
  0x0000022e96b03c30 JavaThread "Unconstrained build operations Thread 36" [_thread_blocked, id=19532, stack(0x0000007ddcd00000,0x0000007ddce00000)]
  0x0000022e96b03760 JavaThread "Unconstrained build operations Thread 37" [_thread_blocked, id=11464, stack(0x0000007ddce00000,0x0000007ddcf00000)]
  0x0000022e96afea60 JavaThread "Unconstrained build operations Thread 38" [_thread_blocked, id=15780, stack(0x0000007ddcf00000,0x0000007ddd000000)]
  0x0000022e96afef30 JavaThread "Unconstrained build operations Thread 39" [_thread_blocked, id=8268, stack(0x0000007ddd000000,0x0000007ddd100000)]
  0x0000022e96aff400 JavaThread "Unconstrained build operations Thread 40" [_thread_blocked, id=16708, stack(0x0000007ddd100000,0x0000007ddd200000)]
  0x0000022e96aff8d0 JavaThread "build event listener" [_thread_blocked, id=14244, stack(0x0000007ddd200000,0x0000007ddd300000)]
  0x0000022e99151750 JavaThread "Memory manager" [_thread_blocked, id=11376, stack(0x0000007ddd300000,0x0000007ddd400000)]
  0x0000022e9914f5a0 JavaThread "included builds" [_thread_in_vm, id=13912, stack(0x0000007ddd600000,0x0000007ddd700000)]
  0x0000022e9914ff40 JavaThread "Execution worker" [_thread_blocked, id=6540, stack(0x0000007ddd700000,0x0000007ddd800000)]
  0x0000022e9914d3f0 JavaThread "Execution worker Thread 2" [_thread_blocked, id=6732, stack(0x0000007ddd800000,0x0000007ddd900000)]
  0x0000022e9914d8c0 JavaThread "Execution worker Thread 3" [_thread_blocked, id=2872, stack(0x0000007ddd900000,0x0000007ddda00000)]
  0x0000022e9914bbe0 JavaThread "Cache worker for execution history cache (C:\AndroidStudio\Mechanic\.gradle\8.0\executionHistory)" [_thread_blocked, id=5776, stack(0x0000007ddda00000,0x0000007dddb00000)]

Other Threads:
  0x0000022e95bad7f0 VMThread "VM Thread" [stack: 0x0000007dd7f00000,0x0000007dd8000000] [id=16732]
  0x0000022e9699b030 WatcherThread [stack: 0x0000007dd8b00000,0x0000007dd8c00000] [id=14324]
  0x0000022efc637010 GCTaskThread "GC Thread#0" [stack: 0x0000007dd7a00000,0x0000007dd7b00000] [id=15612]
  0x0000022e96eee090 GCTaskThread "GC Thread#1" [stack: 0x0000007dd8c00000,0x0000007dd8d00000] [id=6180]
  0x0000022e9711f9a0 GCTaskThread "GC Thread#2" [stack: 0x0000007dd8d00000,0x0000007dd8e00000] [id=4460]
  0x0000022e975fa470 GCTaskThread "GC Thread#3" [stack: 0x0000007dd8e00000,0x0000007dd8f00000] [id=2180]
  0x0000022efc647f50 ConcurrentGCThread "G1 Main Marker" [stack: 0x0000007dd7b00000,0x0000007dd7c00000] [id=21200]
  0x0000022efc649ad0 ConcurrentGCThread "G1 Conc#0" [stack: 0x0000007dd7c00000,0x0000007dd7d00000] [id=21088]
  0x0000022efc685f90 ConcurrentGCThread "G1 Refine#0" [stack: 0x0000007dd7d00000,0x0000007dd7e00000] [id=11400]
  0x0000022efc687860 ConcurrentGCThread "G1 Service" [stack: 0x0000007dd7e00000,0x0000007dd7f00000] [id=7340]

Threads with active compile tasks:
C2 CompilerThread0    50337 8955       4       java.beans.Introspector::addMethod (196 bytes)

VM state: not at safepoint (normal execution)

VM Mutex/Monitor currently owned by a thread: None

Heap address: 0x0000000080000000, size: 2048 MB, Compressed Oops mode: 32-bit

CDS archive(s) not mapped
Compressed class space mapped at: 0x0000000100000000-0x0000000140000000, reserved size: 1073741824
Narrow klass base: 0x0000000000000000, Narrow klass shift: 3, Narrow klass range: 0x140000000

GC Precious Log:
 CPUs: 4 total, 4 available
 Memory: 3819M
 Large Page Support: Disabled
 NUMA Support: Disabled
 Compressed Oops: Enabled (32-bit)
 Heap Region Size: 1M
 Heap Min Capacity: 8M
 Heap Initial Capacity: 60M
 Heap Max Capacity: 2G
 Pre-touch: Disabled
 Parallel Workers: 4
 Concurrent Workers: 1
 Concurrent Refinement Workers: 4
 Periodic GC: Disabled

Heap:
 garbage-first heap   total 104448K, used 81171K [0x0000000080000000, 0x0000000100000000)
  region size 1024K, 10 young (10240K), 3 survivors (3072K)
 Metaspace       used 83092K, committed 83712K, reserved 1122304K
  class space    used 11310K, committed 11584K, reserved 1048576K

Heap Regions: E=young(eden), S=young(survivor), O=old, HS=humongous(starts), HC=humongous(continues), CS=collection set, F=free, OA=open archive, CA=closed archive, TAMS=top-at-mark-start (previous, next)
|   0|0x0000000080000000, 0x0000000080100000, 0x0000000080100000|100%| O|  |TAMS 0x0000000080100000, 0x0000000080000000| Untracked 
|   1|0x0000000080100000, 0x0000000080200000, 0x0000000080200000|100%| O|  |TAMS 0x0000000080200000, 0x0000000080100000| Untracked 
|   2|0x0000000080200000, 0x0000000080300000, 0x0000000080300000|100%|HS|  |TAMS 0x0000000080300000, 0x0000000080200000| Complete 
|   3|0x0000000080300000, 0x0000000080400000, 0x0000000080400000|100%|HC|  |TAMS 0x0000000080400000, 0x0000000080300000| Complete 
|   4|0x0000000080400000, 0x0000000080500000, 0x0000000080500000|100%|HC|  |TAMS 0x0000000080500000, 0x0000000080400000| Complete 
|   5|0x0000000080500000, 0x0000000080600000, 0x0000000080600000|100%|HC|  |TAMS 0x0000000080600000, 0x0000000080500000| Complete 
|   6|0x0000000080600000, 0x0000000080700000, 0x0000000080700000|100%| O|  |TAMS 0x0000000080700000, 0x0000000080600000| Untracked 
|   7|0x0000000080700000, 0x0000000080800000, 0x0000000080800000|100%| O|  |TAMS 0x0000000080800000, 0x0000000080700000| Untracked 
|   8|0x0000000080800000, 0x0000000080900000, 0x0000000080900000|100%| O|  |TAMS 0x0000000080900000, 0x0000000080800000| Untracked 
|   9|0x0000000080900000, 0x0000000080a00000, 0x0000000080a00000|100%| O|  |TAMS 0x0000000080a00000, 0x0000000080900000| Untracked 
|  10|0x0000000080a00000, 0x0000000080b00000, 0x0000000080b00000|100%| O|  |TAMS 0x0000000080b00000, 0x0000000080a00000| Untracked 
|  11|0x0000000080b00000, 0x0000000080c00000, 0x0000000080c00000|100%| O|  |TAMS 0x0000000080b00000, 0x0000000080b00000| Untracked 
|  12|0x0000000080c00000, 0x0000000080d00000, 0x0000000080d00000|100%| O|  |TAMS 0x0000000080d00000, 0x0000000080c00000| Untracked 
|  13|0x0000000080d00000, 0x0000000080e00000, 0x0000000080e00000|100%| O|  |TAMS 0x0000000080e00000, 0x0000000080d00000| Untracked 
|  14|0x0000000080e00000, 0x0000000080f00000, 0x0000000080f00000|100%| O|  |TAMS 0x0000000080f00000, 0x0000000080e00000| Untracked 
|  15|0x0000000080f00000, 0x0000000081000000, 0x0000000081000000|100%| O|  |TAMS 0x0000000081000000, 0x0000000080f00000| Untracked 
|  16|0x0000000081000000, 0x0000000081100000, 0x0000000081100000|100%| O|  |TAMS 0x0000000081100000, 0x0000000081000000| Untracked 
|  17|0x0000000081100000, 0x0000000081200000, 0x0000000081200000|100%| O|  |TAMS 0x0000000081200000, 0x0000000081100000| Untracked 
|  18|0x0000000081200000, 0x0000000081300000, 0x0000000081300000|100%| O|  |TAMS 0x0000000081300000, 0x0000000081200000| Untracked 
|  19|0x0000000081300000, 0x0000000081400000, 0x0000000081400000|100%| O|  |TAMS 0x0000000081400000, 0x0000000081300000| Untracked 
|  20|0x0000000081400000, 0x0000000081500000, 0x0000000081500000|100%| O|  |TAMS 0x0000000081500000, 0x0000000081400000| Untracked 
|  21|0x0000000081500000, 0x0000000081600000, 0x0000000081600000|100%| O|  |TAMS 0x0000000081600000, 0x0000000081500000| Untracked 
|  22|0x0000000081600000, 0x0000000081700000, 0x0000000081700000|100%| O|  |TAMS 0x0000000081700000, 0x0000000081600000| Untracked 
|  23|0x0000000081700000, 0x0000000081800000, 0x0000000081800000|100%| O|  |TAMS 0x0000000081800000, 0x0000000081700000| Untracked 
|  24|0x0000000081800000, 0x0000000081900000, 0x0000000081900000|100%| O|  |TAMS 0x0000000081900000, 0x0000000081800000| Untracked 
|  25|0x0000000081900000, 0x0000000081a00000, 0x0000000081a00000|100%| O|  |TAMS 0x0000000081a00000, 0x0000000081900000| Untracked 
|  26|0x0000000081a00000, 0x0000000081b00000, 0x0000000081b00000|100%|HS|  |TAMS 0x0000000081b00000, 0x0000000081a00000| Complete 
|  27|0x0000000081b00000, 0x0000000081c00000, 0x0000000081c00000|100%| O|  |TAMS 0x0000000081c00000, 0x0000000081b00000| Untracked 
|  28|0x0000000081c00000, 0x0000000081d00000, 0x0000000081d00000|100%| O|  |TAMS 0x0000000081d00000, 0x0000000081c00000| Untracked 
|  29|0x0000000081d00000, 0x0000000081e00000, 0x0000000081e00000|100%| O|  |TAMS 0x0000000081e00000, 0x0000000081d00000| Untracked 
|  30|0x0000000081e00000, 0x0000000081f00000, 0x0000000081f00000|100%| O|  |TAMS 0x0000000081f00000, 0x0000000081e00000| Untracked 
|  31|0x0000000081f00000, 0x0000000082000000, 0x0000000082000000|100%| O|  |TAMS 0x0000000082000000, 0x0000000081f00000| Untracked 
|  32|0x0000000082000000, 0x0000000082100000, 0x0000000082100000|100%|HS|  |TAMS 0x0000000082100000, 0x0000000082000000| Complete 
|  33|0x0000000082100000, 0x0000000082200000, 0x0000000082200000|100%| O|  |TAMS 0x0000000082200000, 0x0000000082100000| Untracked 
|  34|0x0000000082200000, 0x0000000082300000, 0x0000000082300000|100%| O|  |TAMS 0x0000000082300000, 0x0000000082200000| Untracked 
|  35|0x0000000082300000, 0x0000000082400000, 0x0000000082400000|100%| O|  |TAMS 0x0000000082400000, 0x0000000082300000| Untracked 
|  36|0x0000000082400000, 0x0000000082500000, 0x0000000082500000|100%| O|  |TAMS 0x0000000082500000, 0x0000000082400000| Untracked 
|  37|0x0000000082500000, 0x0000000082600000, 0x0000000082600000|100%| O|  |TAMS 0x0000000082600000, 0x0000000082500000| Untracked 
|  38|0x0000000082600000, 0x0000000082700000, 0x0000000082700000|100%| O|  |TAMS 0x0000000082700000, 0x0000000082600000| Untracked 
|  39|0x0000000082700000, 0x0000000082800000, 0x0000000082800000|100%| O|  |TAMS 0x0000000082800000, 0x0000000082700000| Untracked 
|  40|0x0000000082800000, 0x0000000082900000, 0x0000000082900000|100%| O|  |TAMS 0x0000000082900000, 0x0000000082800000| Untracked 
|  41|0x0000000082900000, 0x0000000082a00000, 0x0000000082a00000|100%| O|  |TAMS 0x0000000082a00000, 0x0000000082900000| Untracked 
|  42|0x0000000082a00000, 0x0000000082b00000, 0x0000000082b00000|100%| O|  |TAMS 0x0000000082b00000, 0x0000000082a00000| Untracked 
|  43|0x0000000082b00000, 0x0000000082c00000, 0x0000000082c00000|100%| O|  |TAMS 0x0000000082be5a00, 0x0000000082b00000| Untracked 
|  44|0x0000000082c00000, 0x0000000082d00000, 0x0000000082d00000|100%| O|  |TAMS 0x0000000082d00000, 0x0000000082c00000| Untracked 
|  45|0x0000000082d00000, 0x0000000082e00000, 0x0000000082e00000|100%| O|  |TAMS 0x0000000082e00000, 0x0000000082d00000| Untracked 
|  46|0x0000000082e00000, 0x0000000082f00000, 0x0000000082f00000|100%| O|  |TAMS 0x0000000082f00000, 0x0000000082e00000| Untracked 
|  47|0x0000000082f00000, 0x0000000083000000, 0x0000000083000000|100%| O|  |TAMS 0x0000000082f00000, 0x0000000082f00000| Untracked 
|  48|0x0000000083000000, 0x0000000083100000, 0x0000000083100000|100%| O|  |TAMS 0x0000000083100000, 0x0000000083000000| Untracked 
|  49|0x0000000083100000, 0x0000000083200000, 0x0000000083200000|100%| O|  |TAMS 0x0000000083200000, 0x0000000083100000| Untracked 
|  50|0x0000000083200000, 0x0000000083300000, 0x0000000083300000|100%| O|  |TAMS 0x0000000083300000, 0x0000000083200000| Untracked 
|  51|0x0000000083300000, 0x0000000083400000, 0x0000000083400000|100%| O|  |TAMS 0x0000000083400000, 0x0000000083300000| Untracked 
|  52|0x0000000083400000, 0x0000000083500000, 0x0000000083500000|100%| O|  |TAMS 0x0000000083500000, 0x0000000083400000| Untracked 
|  53|0x0000000083500000, 0x0000000083600000, 0x0000000083600000|100%| O|  |TAMS 0x0000000083600000, 0x0000000083500000| Untracked 
|  54|0x0000000083600000, 0x0000000083700000, 0x0000000083700000|100%| O|  |TAMS 0x0000000083600000, 0x0000000083600000| Untracked 
|  55|0x0000000083700000, 0x0000000083800000, 0x0000000083800000|100%| O|  |TAMS 0x0000000083800000, 0x0000000083700000| Untracked 
|  56|0x0000000083800000, 0x0000000083900000, 0x0000000083900000|100%| O|  |TAMS 0x0000000083900000, 0x0000000083800000| Untracked 
|  57|0x0000000083900000, 0x0000000083a00000, 0x0000000083a00000|100%| O|  |TAMS 0x0000000083900000, 0x0000000083900000| Untracked 
|  58|0x0000000083a00000, 0x0000000083b00000, 0x0000000083b00000|100%| O|  |TAMS 0x0000000083a00000, 0x0000000083a00000| Untracked 
|  59|0x0000000083b00000, 0x0000000083c00000, 0x0000000083c00000|100%| O|  |TAMS 0x0000000083b00000, 0x0000000083b00000| Untracked 
|  60|0x0000000083c00000, 0x0000000083d00000, 0x0000000083d00000|100%| O|  |TAMS 0x0000000083c00000, 0x0000000083c00000| Untracked 
|  61|0x0000000083d00000, 0x0000000083e00000, 0x0000000083e00000|100%| O|  |TAMS 0x0000000083d00000, 0x0000000083d00000| Untracked 
|  62|0x0000000083e00000, 0x0000000083f00000, 0x0000000083f00000|100%| O|  |TAMS 0x0000000083e00000, 0x0000000083e00000| Untracked 
|  63|0x0000000083f00000, 0x0000000084000000, 0x0000000084000000|100%| O|  |TAMS 0x0000000083f00000, 0x0000000083f00000| Untracked 
|  64|0x0000000084000000, 0x0000000084100000, 0x0000000084100000|100%| O|  |TAMS 0x0000000084000000, 0x0000000084000000| Untracked 
|  65|0x0000000084100000, 0x0000000084200000, 0x0000000084200000|100%| O|  |TAMS 0x0000000084100000, 0x0000000084100000| Untracked 
|  66|0x0000000084200000, 0x0000000084300000, 0x0000000084300000|100%| O|  |TAMS 0x0000000084200000, 0x0000000084200000| Untracked 
|  67|0x0000000084300000, 0x0000000084400000, 0x0000000084400000|100%| O|  |TAMS 0x0000000084300000, 0x0000000084300000| Untracked 
|  68|0x0000000084400000, 0x0000000084500000, 0x0000000084500000|100%| O|  |TAMS 0x0000000084400000, 0x0000000084400000| Untracked 
|  69|0x0000000084500000, 0x0000000084600000, 0x0000000084600000|100%| O|  |TAMS 0x0000000084500000, 0x0000000084500000| Untracked 
|  70|0x0000000084600000, 0x0000000084673200, 0x0000000084700000| 44%| O|  |TAMS 0x0000000084600000, 0x0000000084600000| Untracked 
|  71|0x0000000084700000, 0x0000000084700000, 0x0000000084800000|  0%| F|  |TAMS 0x0000000084700000, 0x0000000084700000| Untracked 
|  72|0x0000000084800000, 0x0000000084800000, 0x0000000084900000|  0%| F|  |TAMS 0x0000000084800000, 0x0000000084800000| Untracked 
|  73|0x0000000084900000, 0x0000000084900000, 0x0000000084a00000|  0%| F|  |TAMS 0x0000000084900000, 0x0000000084900000| Untracked 
|  74|0x0000000084a00000, 0x0000000084a00000, 0x0000000084b00000|  0%| F|  |TAMS 0x0000000084a00000, 0x0000000084a00000| Untracked 
|  75|0x0000000084b00000, 0x0000000084b00000, 0x0000000084c00000|  0%| F|  |TAMS 0x0000000084b00000, 0x0000000084b00000| Untracked 
|  76|0x0000000084c00000, 0x0000000084c00000, 0x0000000084d00000|  0%| F|  |TAMS 0x0000000084c00000, 0x0000000084c00000| Untracked 
|  77|0x0000000084d00000, 0x0000000084d00000, 0x0000000084e00000|  0%| F|  |TAMS 0x0000000084d00000, 0x0000000084d00000| Untracked 
|  78|0x0000000084e00000, 0x0000000084e00000, 0x0000000084f00000|  0%| F|  |TAMS 0x0000000084e00000, 0x0000000084e00000| Untracked 
|  79|0x0000000084f00000, 0x0000000084f00000, 0x0000000085000000|  0%| F|  |TAMS 0x0000000084f00000, 0x0000000084f00000| Untracked 
|  80|0x0000000085000000, 0x0000000085000000, 0x0000000085100000|  0%| F|  |TAMS 0x0000000085000000, 0x0000000085000000| Untracked 
|  81|0x0000000085100000, 0x0000000085100000, 0x0000000085200000|  0%| F|  |TAMS 0x0000000085100000, 0x0000000085100000| Untracked 
|  82|0x0000000085200000, 0x0000000085200000, 0x0000000085300000|  0%| F|  |TAMS 0x0000000085200000, 0x0000000085200000| Untracked 
|  83|0x0000000085300000, 0x0000000085300000, 0x0000000085400000|  0%| F|  |TAMS 0x0000000085300000, 0x0000000085300000| Untracked 
|  84|0x0000000085400000, 0x0000000085400000, 0x0000000085500000|  0%| F|  |TAMS 0x0000000085400000, 0x0000000085400000| Untracked 
|  85|0x0000000085500000, 0x00000000855d1b50, 0x0000000085600000| 81%| S|CS|TAMS 0x0000000085500000, 0x0000000085500000| Complete 
|  86|0x0000000085600000, 0x0000000085700000, 0x0000000085700000|100%| S|CS|TAMS 0x0000000085600000, 0x0000000085600000| Complete 
|  87|0x0000000085700000, 0x0000000085800000, 0x0000000085800000|100%| S|CS|TAMS 0x0000000085700000, 0x0000000085700000| Complete 
|  88|0x0000000085800000, 0x0000000085800000, 0x0000000085900000|  0%| F|  |TAMS 0x0000000085800000, 0x0000000085800000| Untracked 
|  89|0x0000000085900000, 0x0000000085900000, 0x0000000085a00000|  0%| F|  |TAMS 0x0000000085900000, 0x0000000085900000| Untracked 
|  90|0x0000000085a00000, 0x0000000085a00000, 0x0000000085b00000|  0%| F|  |TAMS 0x0000000085a00000, 0x0000000085a00000| Untracked 
|  91|0x0000000085b00000, 0x0000000085b00000, 0x0000000085c00000|  0%| F|  |TAMS 0x0000000085b00000, 0x0000000085b00000| Untracked 
|  92|0x0000000085c00000, 0x0000000085c00000, 0x0000000085d00000|  0%| F|  |TAMS 0x0000000085c00000, 0x0000000085c00000| Untracked 
|  93|0x0000000085d00000, 0x0000000085d00000, 0x0000000085e00000|  0%| F|  |TAMS 0x0000000085d00000, 0x0000000085d00000| Untracked 
|  94|0x0000000085e00000, 0x0000000085e00000, 0x0000000085f00000|  0%| F|  |TAMS 0x0000000085e00000, 0x0000000085e00000| Untracked 
|  95|0x0000000085f00000, 0x0000000085f8e9d8, 0x0000000086000000| 55%| E|  |TAMS 0x0000000085f00000, 0x0000000085f00000| Complete 
|  96|0x0000000086000000, 0x0000000086100000, 0x0000000086100000|100%| E|CS|TAMS 0x0000000086000000, 0x0000000086000000| Complete 
|  97|0x0000000086100000, 0x0000000086200000, 0x0000000086200000|100%| E|CS|TAMS 0x0000000086100000, 0x0000000086100000| Complete 
|  98|0x0000000086200000, 0x0000000086300000, 0x0000000086300000|100%| E|CS|TAMS 0x0000000086200000, 0x0000000086200000| Complete 
|  99|0x0000000086300000, 0x0000000086400000, 0x0000000086400000|100%| E|CS|TAMS 0x0000000086300000, 0x0000000086300000| Complete 
| 100|0x0000000086400000, 0x0000000086500000, 0x0000000086500000|100%| E|CS|TAMS 0x0000000086400000, 0x0000000086400000| Complete 
| 101|0x0000000086500000, 0x0000000086600000, 0x0000000086600000|100%| E|CS|TAMS 0x0000000086500000, 0x0000000086500000| Complete 

Card table byte_map: [0x0000022e8f000000,0x0000022e8f400000] _byte_map_base: 0x0000022e8ec00000

Marking Bits (Prev, Next): (CMBitMap*) 0x0000022efc637620, (CMBitMap*) 0x0000022efc637660
 Prev Bits: [0x0000022e8f800000, 0x0000022e91800000)
 Next Bits: [0x0000022e91800000, 0x0000022e93800000)

Polling page: 0x0000022efa5e0000

Metaspace:

Usage:
  Non-class:     70.11 MB used.
      Class:     11.05 MB used.
       Both:     81.16 MB used.

Virtual space:
  Non-class space:       72.00 MB reserved,      70.44 MB ( 98%) committed,  9 nodes.
      Class space:        1.00 GB reserved,      11.31 MB (  1%) committed,  1 nodes.
             Both:        1.07 GB reserved,      81.75 MB (  7%) committed. 

Chunk freelists:
   Non-Class:  640.00 KB
       Class:  655.00 KB
        Both:  1.26 MB

MaxMetaspaceSize: unlimited
CompressedClassSpaceSize: 1.00 GB
Initial GC threshold: 21.00 MB
Current GC threshold: 111.69 MB
CDS: off
MetaspaceReclaimPolicy: balanced
 - commit_granule_bytes: 65536.
 - commit_granule_words: 8192.
 - virtual_space_node_default_size: 1048576.
 - enlarge_chunks_in_place: 1.
 - new_chunks_are_fully_committed: 0.
 - uncommit_free_chunks: 1.
 - use_allocation_guard: 0.
 - handle_deallocations: 1.


Internal statistics:

num_allocs_failed_limit: 6.
num_arena_births: 800.
num_arena_deaths: 0.
num_vsnodes_births: 10.
num_vsnodes_deaths: 0.
num_space_committed: 1308.
num_space_uncommitted: 0.
num_chunks_returned_to_freelist: 6.
num_chunks_taken_from_freelist: 3748.
num_chunk_merges: 6.
num_chunk_splits: 2457.
num_chunks_enlarged: 1646.
num_purges: 0.
num_inconsistent_stats: 0.

CodeHeap 'non-profiled nmethods': size=120000Kb used=4886Kb max_used=4886Kb free=115113Kb
 bounds [0x0000022e87ad0000, 0x0000022e87fa0000, 0x0000022e8f000000]
CodeHeap 'profiled nmethods': size=120000Kb used=16086Kb max_used=16086Kb free=103913Kb
 bounds [0x0000022e80000000, 0x0000022e80fc0000, 0x0000022e87530000]
CodeHeap 'non-nmethods': size=5760Kb used=2376Kb max_used=2432Kb free=3383Kb
 bounds [0x0000022e87530000, 0x0000022e877a0000, 0x0000022e87ad0000]
 total_blobs=9012 nmethods=8116 adapters=808
 compilation: enabled
              stopped_count=0, restarted_count=0
 full_count=0

Compilation events (20 events):
Event: 50.008 Thread 0x0000022e968077b0 9027       2       org.gradle.api.internal.artifacts.ivyservice.resolveengine.result.CachingDependencyResultFactory::createResolvedDependency (89 bytes)
Event: 50.009 Thread 0x0000022e968077b0 nmethod 9027 0x0000022e80fade10 code [0x0000022e80fae020, 0x0000022e80fae8f8]
Event: 50.009 Thread 0x0000022e968077b0 9028       2       org.gradle.api.internal.artifacts.result.DefaultResolvedDependencyResult::<init> (20 bytes)
Event: 50.009 Thread 0x0000022e968077b0 nmethod 9028 0x0000022e80faec10 code [0x0000022e80faedc0, 0x0000022e80faefc8]
Event: 50.009 Thread 0x0000022e968077b0 9029       2       org.gradle.api.internal.artifacts.result.AbstractDependencyResult::<init> (56 bytes)
Event: 50.009 Thread 0x0000022e968077b0 nmethod 9029 0x0000022e80faf090 code [0x0000022e80faf220, 0x0000022e80faf3d8]
Event: 50.009 Thread 0x0000022e968077b0 9030       2       org.gradle.api.internal.artifacts.result.DefaultResolvedComponentResult::addDependent (13 bytes)
Event: 50.009 Thread 0x0000022e968077b0 nmethod 9030 0x0000022e80faf490 code [0x0000022e80faf620, 0x0000022e80faf768]
Event: 50.009 Thread 0x0000022e968077b0 9031       2       org.gradle.api.internal.artifacts.result.DefaultResolvedComponentResult::addDependency (13 bytes)
Event: 50.009 Thread 0x0000022e968077b0 nmethod 9031 0x0000022e80faf810 code [0x0000022e80faf9a0, 0x0000022e80fafae8]
Event: 50.009 Thread 0x0000022e968077b0 9032       2       org.gradle.api.internal.artifacts.result.DefaultResolvedComponentResult::associateDependencyToVariant (13 bytes)
Event: 50.009 Thread 0x0000022e968077b0 nmethod 9032 0x0000022e80fafb90 code [0x0000022e80fafd20, 0x0000022e80fafe48]
Event: 50.055 Thread 0x0000022e968077b0 9033       2       org.gradle.internal.reflect.MutableClassDetails::getInstanceMethods (8 bytes)
Event: 50.055 Thread 0x0000022e968077b0 nmethod 9033 0x0000022e80faff10 code [0x0000022e80fb00e0, 0x0000022e80fb03d8]
Event: 50.116 Thread 0x0000022e968077b0 9034       2       org.gradle.internal.resources.DefaultResourceLockCoordinationService$DefaultResourceLockState::<init> (5 bytes)
Event: 50.116 Thread 0x0000022e968077b0 nmethod 9034 0x0000022e80fb0590 code [0x0000022e80fb0720, 0x0000022e80fb0818]
Event: 50.116 Thread 0x0000022e968077b0 9035       2       org.gradle.internal.resources.DefaultResourceLockCoordinationService$DefaultResourceLockState::<init> (5 bytes)
Event: 50.116 Thread 0x0000022e968077b0 nmethod 9035 0x0000022e80fb0890 code [0x0000022e80fb0a20, 0x0000022e80fb0b18]
Event: 50.142 Thread 0x0000022e968077b0 9036   !   2       org.gradle.internal.resources.DefaultResourceLockCoordinationService::withStateLock (219 bytes)
Event: 50.144 Thread 0x0000022e968077b0 nmethod 9036 0x0000022e80fb0b90 code [0x0000022e80fb0e80, 0x0000022e80fb1738]

GC Heap History (20 events):
Event: 29.893 GC heap before
{Heap before GC invocations=28 (full 0):
 garbage-first heap   total 104448K, used 79940K [0x0000000080000000, 0x0000000100000000)
  region size 1024K, 24 young (24576K), 1 survivors (1024K)
 Metaspace       used 68006K, committed 68544K, reserved 1114112K
  class space    used 8951K, committed 9216K, reserved 1048576K
}
Event: 29.902 GC heap after
{Heap after GC invocations=29 (full 0):
 garbage-first heap   total 104448K, used 58504K [0x0000000080000000, 0x0000000100000000)
  region size 1024K, 3 young (3072K), 3 survivors (3072K)
 Metaspace       used 68006K, committed 68544K, reserved 1114112K
  class space    used 8951K, committed 9216K, reserved 1048576K
}
Event: 31.609 GC heap before
{Heap before GC invocations=30 (full 0):
 garbage-first heap   total 104448K, used 82056K [0x0000000080000000, 0x0000000100000000)
  region size 1024K, 26 young (26624K), 3 survivors (3072K)
 Metaspace       used 70969K, committed 71552K, reserved 1114112K
  class space    used 9477K, committed 9728K, reserved 1048576K
}
Event: 31.619 GC heap after
{Heap after GC invocations=31 (full 0):
 garbage-first heap   total 104448K, used 59796K [0x0000000080000000, 0x0000000100000000)
  region size 1024K, 2 young (2048K), 2 survivors (2048K)
 Metaspace       used 70969K, committed 71552K, reserved 1114112K
  class space    used 9477K, committed 9728K, reserved 1048576K
}
Event: 32.285 GC heap before
{Heap before GC invocations=31 (full 0):
 garbage-first heap   total 104448K, used 62868K [0x0000000080000000, 0x0000000100000000)
  region size 1024K, 5 young (5120K), 2 survivors (2048K)
 Metaspace       used 71407K, committed 72000K, reserved 1114112K
  class space    used 9581K, committed 9856K, reserved 1048576K
}
Event: 32.289 GC heap after
{Heap after GC invocations=32 (full 0):
 garbage-first heap   total 104448K, used 59646K [0x0000000080000000, 0x0000000100000000)
  region size 1024K, 1 young (1024K), 1 survivors (1024K)
 Metaspace       used 71407K, committed 72000K, reserved 1114112K
  class space    used 9581K, committed 9856K, reserved 1048576K
}
Event: 35.715 GC heap before
{Heap before GC invocations=32 (full 0):
 garbage-first heap   total 104448K, used 83198K [0x0000000080000000, 0x0000000100000000)
  region size 1024K, 24 young (24576K), 1 survivors (1024K)
 Metaspace       used 73991K, committed 74560K, reserved 1114112K
  class space    used 9991K, committed 10240K, reserved 1048576K
}
Event: 35.720 GC heap after
{Heap after GC invocations=33 (full 0):
 garbage-first heap   total 104448K, used 61163K [0x0000000080000000, 0x0000000100000000)
  region size 1024K, 2 young (2048K), 2 survivors (2048K)
 Metaspace       used 73991K, committed 74560K, reserved 1114112K
  class space    used 9991K, committed 10240K, reserved 1048576K
}
Event: 40.215 GC heap before
{Heap before GC invocations=33 (full 0):
 garbage-first heap   total 104448K, used 84715K [0x0000000080000000, 0x0000000100000000)
  region size 1024K, 25 young (25600K), 2 survivors (2048K)
 Metaspace       used 76305K, committed 76864K, reserved 1122304K
  class space    used 10322K, committed 10560K, reserved 1048576K
}
Event: 40.225 GC heap after
{Heap after GC invocations=34 (full 0):
 garbage-first heap   total 104448K, used 63217K [0x0000000080000000, 0x0000000100000000)
  region size 1024K, 4 young (4096K), 4 survivors (4096K)
 Metaspace       used 76305K, committed 76864K, reserved 1122304K
  class space    used 10322K, committed 10560K, reserved 1048576K
}
Event: 43.170 GC heap before
{Heap before GC invocations=34 (full 0):
 garbage-first heap   total 104448K, used 85745K [0x0000000080000000, 0x0000000100000000)
  region size 1024K, 26 young (26624K), 4 survivors (4096K)
 Metaspace       used 78910K, committed 79488K, reserved 1122304K
  class space    used 10747K, committed 11008K, reserved 1048576K
}
Event: 43.189 GC heap after
{Heap after GC invocations=35 (full 0):
 garbage-first heap   total 104448K, used 64837K [0x0000000080000000, 0x0000000100000000)
  region size 1024K, 4 young (4096K), 4 survivors (4096K)
 Metaspace       used 78910K, committed 79488K, reserved 1122304K
  class space    used 10747K, committed 11008K, reserved 1048576K
}
Event: 46.582 GC heap before
{Heap before GC invocations=35 (full 0):
 garbage-first heap   total 104448K, used 86341K [0x0000000080000000, 0x0000000100000000)
  region size 1024K, 25 young (25600K), 4 survivors (4096K)
 Metaspace       used 81519K, committed 82112K, reserved 1122304K
  class space    used 11067K, committed 11328K, reserved 1048576K
}
Event: 46.640 GC heap after
{Heap after GC invocations=36 (full 0):
 garbage-first heap   total 104448K, used 66763K [0x0000000080000000, 0x0000000100000000)
  region size 1024K, 4 young (4096K), 4 survivors (4096K)
 Metaspace       used 81519K, committed 82112K, reserved 1122304K
  class space    used 11067K, committed 11328K, reserved 1048576K
}
Event: 48.554 GC heap before
{Heap before GC invocations=36 (full 0):
 garbage-first heap   total 104448K, used 86219K [0x0000000080000000, 0x0000000100000000)
  region size 1024K, 23 young (23552K), 4 survivors (4096K)
 Metaspace       used 82530K, committed 83136K, reserved 1122304K
  class space    used 11209K, committed 11456K, reserved 1048576K
}
Event: 48.644 GC heap after
{Heap after GC invocations=37 (full 0):
 garbage-first heap   total 104448K, used 69081K [0x0000000080000000, 0x0000000100000000)
  region size 1024K, 3 young (3072K), 3 survivors (3072K)
 Metaspace       used 82530K, committed 83136K, reserved 1122304K
  class space    used 11209K, committed 11456K, reserved 1048576K
}
Event: 49.373 GC heap before
{Heap before GC invocations=37 (full 0):
 garbage-first heap   total 104448K, used 86489K [0x0000000080000000, 0x0000000100000000)
  region size 1024K, 20 young (20480K), 3 survivors (3072K)
 Metaspace       used 82563K, committed 83136K, reserved 1122304K
  class space    used 11211K, committed 11456K, reserved 1048576K
}
Event: 49.448 GC heap after
{Heap after GC invocations=38 (full 0):
 garbage-first heap   total 104448K, used 72094K [0x0000000080000000, 0x0000000100000000)
  region size 1024K, 3 young (3072K), 3 survivors (3072K)
 Metaspace       used 82563K, committed 83136K, reserved 1122304K
  class space    used 11211K, committed 11456K, reserved 1048576K
}
Event: 49.811 GC heap before
{Heap before GC invocations=38 (full 0):
 garbage-first heap   total 104448K, used 86430K [0x0000000080000000, 0x0000000100000000)
  region size 1024K, 17 young (17408K), 3 survivors (3072K)
 Metaspace       used 82601K, committed 83200K, reserved 1122304K
  class space    used 11214K, committed 11456K, reserved 1048576K
}
Event: 49.824 GC heap after
{Heap after GC invocations=39 (full 0):
 garbage-first heap   total 104448K, used 75027K [0x0000000080000000, 0x0000000100000000)
  region size 1024K, 3 young (3072K), 3 survivors (3072K)
 Metaspace       used 82601K, committed 83200K, reserved 1122304K
  class space    used 11214K, committed 11456K, reserved 1048576K
}

Dll operation events (2 events):
Event: 0.015 Loaded shared library C:\Program Files\Android\Android Studio\jbr\bin\java.dll
Event: 0.604 Loaded shared library C:\Program Files\Android\Android Studio\jbr\bin\verify.dll

Deoptimization events (20 events):
Event: 49.963 Thread 0x0000022e993eefd0 Uncommon trap: trap_request=0xffffffde fr.pc=0x0000022e87f38250 relative=0x0000000000000230
Event: 49.963 Thread 0x0000022e993eefd0 Uncommon trap: reason=class_check action=maybe_recompile pc=0x0000022e87f38250 method=com.google.common.collect.NaturalOrdering.compare(Ljava/lang/Object;Ljava/lang/Object;)I @ 2 c2
Event: 49.963 Thread 0x0000022e993eefd0 DEOPT PACKING pc=0x0000022e87f38250 sp=0x0000007dd95f9020
Event: 49.963 Thread 0x0000022e993eefd0 DEOPT UNPACKING pc=0x0000022e8758a1a3 sp=0x0000007dd95f8fa0 mode 2
Event: 49.963 Thread 0x0000022e993eefd0 Uncommon trap: trap_request=0xffffffde fr.pc=0x0000022e87f38250 relative=0x0000000000000230
Event: 49.963 Thread 0x0000022e993eefd0 Uncommon trap: reason=class_check action=maybe_recompile pc=0x0000022e87f38250 method=com.google.common.collect.NaturalOrdering.compare(Ljava/lang/Object;Ljava/lang/Object;)I @ 2 c2
Event: 49.963 Thread 0x0000022e993eefd0 DEOPT PACKING pc=0x0000022e87f38250 sp=0x0000007dd95f91b0
Event: 49.963 Thread 0x0000022e993eefd0 DEOPT UNPACKING pc=0x0000022e8758a1a3 sp=0x0000007dd95f9130 mode 2
Event: 50.066 Thread 0x0000022e993eefd0 Uncommon trap: trap_request=0xffffffbe fr.pc=0x0000022e87f4cb2c relative=0x0000000000000b6c
Event: 50.066 Thread 0x0000022e993eefd0 Uncommon trap: reason=profile_predicate action=maybe_recompile pc=0x0000022e87f4cb2c method=org.gradle.tooling.internal.provider.runner.ClientBuildEventGenerator.started(Lorg/gradle/internal/operations/BuildOperationDescriptor;Lorg/gradle/internal/operati
Event: 50.066 Thread 0x0000022e993eefd0 DEOPT PACKING pc=0x0000022e87f4cb2c sp=0x0000007dd95fc500
Event: 50.066 Thread 0x0000022e993eefd0 DEOPT UNPACKING pc=0x0000022e8758a1a3 sp=0x0000007dd95fc4b8 mode 2
Event: 50.066 Thread 0x0000022e993eefd0 Uncommon trap: trap_request=0xffffffbe fr.pc=0x0000022e87f4cb2c relative=0x0000000000000b6c
Event: 50.066 Thread 0x0000022e993eefd0 Uncommon trap: reason=profile_predicate action=maybe_recompile pc=0x0000022e87f4cb2c method=org.gradle.tooling.internal.provider.runner.ClientBuildEventGenerator.started(Lorg/gradle/internal/operations/BuildOperationDescriptor;Lorg/gradle/internal/operati
Event: 50.066 Thread 0x0000022e993eefd0 DEOPT PACKING pc=0x0000022e87f4cb2c sp=0x0000007dd95fc500
Event: 50.066 Thread 0x0000022e993eefd0 DEOPT UNPACKING pc=0x0000022e8758a1a3 sp=0x0000007dd95fc4b8 mode 2
Event: 50.147 Thread 0x0000022e9914ff40 Uncommon trap: trap_request=0xffffff45 fr.pc=0x0000022e87ed63ec relative=0x000000000000034c
Event: 50.147 Thread 0x0000022e9914ff40 Uncommon trap: reason=unstable_if action=reinterpret pc=0x0000022e87ed63ec method=java.util.HashMap$HashIterator.<init>(Ljava/util/HashMap;)V @ 45 c2
Event: 50.147 Thread 0x0000022e9914ff40 DEOPT PACKING pc=0x0000022e87ed63ec sp=0x0000007ddd7fecc0
Event: 50.148 Thread 0x0000022e9914ff40 DEOPT UNPACKING pc=0x0000022e8758a1a3 sp=0x0000007ddd7fec78 mode 2

Classes unloaded (0 events):
No events

Classes redefined (0 events):
No events

Internal exceptions (20 events):
Event: 49.792 Thread 0x0000022e993eefd0 Exception <a 'java/lang/ClassNotFoundException'{0x00000000858002a0}: com/android/build/gradle/internal/tasks/AppMetadataTaskCustomizer> (0x00000000858002a0) 
thrown [s\src\hotspot\share\classfile\systemDictionary.cpp, line 256]
Event: 49.793 Thread 0x0000022e993eefd0 Exception <a 'java/lang/ClassNotFoundException'{0x0000000085821578}: com/android/build/gradle/internal/tasks/AppMetadataTask_DecoratedCustomizer> (0x0000000085821578) 
thrown [s\src\hotspot\share\classfile\systemDictionary.cpp, line 256]
Event: 49.799 Thread 0x0000022e993eefd0 Exception <a 'java/lang/ClassNotFoundException'{0x00000000858aa390}: com/android/build/gradle/internal/tasks/SigningConfigVersionsWriterTask_DecoratedBeanInfo> (0x00000000858aa390) 
thrown [s\src\hotspot\share\classfile\systemDictionary.cpp, line 256]
Event: 49.807 Thread 0x0000022e993eefd0 Exception <a 'java/lang/ClassNotFoundException'{0x00000000858b6100}: com/android/build/gradle/internal/tasks/SigningConfigVersionsWriterTaskBeanInfo> (0x00000000858b6100) 
thrown [s\src\hotspot\share\classfile\systemDictionary.cpp, line 256]
Event: 49.809 Thread 0x0000022e993eefd0 Exception <a 'java/lang/ClassNotFoundException'{0x00000000858c1be0}: com/android/build/gradle/internal/tasks/SigningConfigVersionsWriterTaskCustomizer> (0x00000000858c1be0) 
thrown [s\src\hotspot\share\classfile\systemDictionary.cpp, line 256]
Event: 49.811 Thread 0x0000022e993eefd0 Exception <a 'java/lang/ClassNotFoundException'{0x00000000858e86c0}: com/android/build/gradle/internal/tasks/SigningConfigVersionsWriterTask_DecoratedCustomizer> (0x00000000858e86c0) 
thrown [s\src\hotspot\share\classfile\systemDictionary.cpp, line 256]
Event: 49.859 Thread 0x0000022e993eefd0 Exception <a 'java/lang/ClassNotFoundException'{0x00000000865ba660}: com/android/build/gradle/tasks/PackageApplication_DecoratedBeanInfo> (0x00000000865ba660) 
thrown [s\src\hotspot\share\classfile\systemDictionary.cpp, line 256]
Event: 49.864 Thread 0x0000022e993eefd0 Exception <a 'java/lang/ClassNotFoundException'{0x00000000865c6048}: com/android/build/gradle/tasks/PackageApplicationBeanInfo> (0x00000000865c6048) 
thrown [s\src\hotspot\share\classfile\systemDictionary.cpp, line 256]
Event: 49.877 Thread 0x0000022e993eefd0 Exception <a 'java/lang/ClassNotFoundException'{0x00000000865d2790}: com/android/build/gradle/tasks/PackageAndroidArtifactBeanInfo> (0x00000000865d2790) 
thrown [s\src\hotspot\share\classfile\systemDictionary.cpp, line 256]
Event: 49.878 Thread 0x0000022e993eefd0 Exception <a 'java/lang/ClassNotFoundException'{0x00000000865de1d0}: com/android/build/gradle/tasks/PackageAndroidArtifactCustomizer> (0x00000000865de1d0) 
thrown [s\src\hotspot\share\classfile\systemDictionary.cpp, line 256]
Event: 49.881 Thread 0x0000022e993eefd0 Exception <a 'java/lang/ClassNotFoundException'{0x0000000086434470}: com/android/build/gradle/tasks/PackageApplicationCustomizer> (0x0000000086434470) 
thrown [s\src\hotspot\share\classfile\systemDictionary.cpp, line 256]
Event: 49.889 Thread 0x0000022e993eefd0 Exception <a 'java/lang/ClassNotFoundException'{0x000000008645b860}: com/android/build/gradle/tasks/PackageApplication_DecoratedCustomizer> (0x000000008645b860) 
thrown [s\src\hotspot\share\classfile\systemDictionary.cpp, line 256]
Event: 49.909 Thread 0x0000022e993eefd0 Exception <a 'java/lang/ClassNotFoundException'{0x000000008632cfc8}: com/android/build/gradle/internal/tasks/ListingFileRedirectTask_DecoratedBeanInfo> (0x000000008632cfc8) 
thrown [s\src\hotspot\share\classfile\systemDictionary.cpp, line 256]
Event: 49.910 Thread 0x0000022e993eefd0 Exception <a 'java/lang/ClassNotFoundException'{0x0000000086338c48}: com/android/build/gradle/internal/tasks/ListingFileRedirectTaskBeanInfo> (0x0000000086338c48) 
thrown [s\src\hotspot\share\classfile\systemDictionary.cpp, line 256]
Event: 49.910 Thread 0x0000022e993eefd0 Exception <a 'java/lang/ClassNotFoundException'{0x00000000863448d0}: com/android/build/gradle/internal/tasks/ListingFileRedirectTaskCustomizer> (0x00000000863448d0) 
thrown [s\src\hotspot\share\classfile\systemDictionary.cpp, line 256]
Event: 49.912 Thread 0x0000022e993eefd0 Exception <a 'java/lang/ClassNotFoundException'{0x0000000086361290}: com/android/build/gradle/internal/tasks/ListingFileRedirectTask_DecoratedCustomizer> (0x0000000086361290) 
thrown [s\src\hotspot\share\classfile\systemDictionary.cpp, line 256]
Event: 49.943 Thread 0x0000022e993eefd0 Exception <a 'java/lang/NoSuchMethodError'{0x00000000863c7648}: 'java.lang.Object java.lang.invoke.DirectMethodHandle$Holder.newInvokeSpecial(java.lang.Object, java.lang.Object, java.lang.Object, java.lang.Object, int, java.lang.Object)'> (0x00000000863c7648) 
thrown [s\src\hotspot\share\interpreter\linkResolver.cpp, line 771]
Event: 49.943 Thread 0x0000022e993eefd0 Exception <a 'java/lang/NoSuchMethodError'{0x00000000863cc408}: 'java.lang.Object java.lang.invoke.Invokers$Holder.linkToTargetMethod(java.lang.Object, java.lang.Object, java.lang.Object, int, java.lang.Object, java.lang.Object)'> (0x00000000863cc408) 
thrown [s\src\hotspot\share\interpreter\linkResolver.cpp, line 771]
Event: 50.066 Thread 0x0000022e993eefd0 Implicit null exception at 0x0000022e87f4c36c to 0x0000022e87f4cb18
Event: 50.066 Thread 0x0000022e993eefd0 Implicit null exception at 0x0000022e87f4c36c to 0x0000022e87f4cb18

VM Operations (20 events):
Event: 44.148 Executing VM operation: HandshakeAllThreads
Event: 44.148 Executing VM operation: HandshakeAllThreads done
Event: 44.873 Executing VM operation: HandshakeAllThreads
Event: 44.873 Executing VM operation: HandshakeAllThreads done
Event: 44.873 Executing VM operation: Cleanup
Event: 44.873 Executing VM operation: Cleanup done
Event: 45.608 Executing VM operation: HandshakeAllThreads
Event: 45.608 Executing VM operation: HandshakeAllThreads done
Event: 46.582 Executing VM operation: G1CollectForAllocation
Event: 46.641 Executing VM operation: G1CollectForAllocation done
Event: 47.647 Executing VM operation: Cleanup
Event: 47.788 Executing VM operation: Cleanup done
Event: 48.294 Executing VM operation: HandshakeAllThreads
Event: 48.295 Executing VM operation: HandshakeAllThreads done
Event: 48.554 Executing VM operation: G1CollectForAllocation
Event: 48.658 Executing VM operation: G1CollectForAllocation done
Event: 49.362 Executing VM operation: G1CollectForAllocation
Event: 49.454 Executing VM operation: G1CollectForAllocation done
Event: 49.811 Executing VM operation: G1CollectForAllocation
Event: 49.824 Executing VM operation: G1CollectForAllocation done

Events (20 events):
Event: 44.835 loading class jdk/internal/reflect/UnsafeBooleanFieldAccessorImpl
Event: 44.837 loading class jdk/internal/reflect/UnsafeBooleanFieldAccessorImpl done
Event: 48.081 loading class java/util/IdentityHashMap$KeyIterator
Event: 48.082 loading class java/util/IdentityHashMap$IdentityHashMapIterator
Event: 48.082 loading class java/util/IdentityHashMap$IdentityHashMapIterator done
Event: 48.082 loading class java/util/IdentityHashMap$KeyIterator done
Event: 48.523 loading class java/lang/ClassBeanInfo
Event: 48.523 loading class java/lang/ClassBeanInfo done
Event: 48.524 loading class java/lang/ClassBeanInfo
Event: 48.524 loading class java/lang/ClassBeanInfo done
Event: 48.524 loading class java/lang/ClassCustomizer
Event: 48.524 loading class java/lang/ClassCustomizer done
Event: 48.524 loading class java/lang/ClassCustomizer
Event: 48.524 loading class java/lang/ClassCustomizer done
Event: 49.647 loading class java/io/FilterReader
Event: 49.648 loading class java/io/FilterReader done
Event: 50.076 Thread 0x0000022e9914f5a0 Thread added: 0x0000022e9914f5a0
Event: 50.114 Thread 0x0000022e9914ff40 Thread added: 0x0000022e9914ff40
Event: 50.115 Thread 0x0000022e9914d3f0 Thread added: 0x0000022e9914d3f0
Event: 50.115 Thread 0x0000022e9914d8c0 Thread added: 0x0000022e9914d8c0


Dynamic libraries:
0x00007ff6cb830000 - 0x00007ff6cb83a000 	C:\Program Files\Android\Android Studio\jbr\bin\java.exe
0x00007ff815c70000 - 0x00007ff815e84000 	C:\Windows\SYSTEM32\ntdll.dll
0x00007ff814320000 - 0x00007ff8143e4000 	C:\Windows\System32\KERNEL32.DLL
0x00007ff813280000 - 0x00007ff813624000 	C:\Windows\System32\KERNELBASE.dll
0x00007ff8138e0000 - 0x00007ff8139f1000 	C:\Windows\System32\ucrtbase.dll
0x00007ff80de20000 - 0x00007ff80de3b000 	C:\Program Files\Android\Android Studio\jbr\bin\VCRUNTIME140.dll
0x00007ff80dec0000 - 0x00007ff80ded7000 	C:\Program Files\Android\Android Studio\jbr\bin\jli.dll
0x00007ff814e60000 - 0x00007ff81500a000 	C:\Windows\System32\USER32.dll
0x00007ff813a00000 - 0x00007ff813a26000 	C:\Windows\System32\win32u.dll
0x00007ff814e30000 - 0x00007ff814e59000 	C:\Windows\System32\GDI32.dll
0x00007ff813160000 - 0x00007ff813279000 	C:\Windows\System32\gdi32full.dll
0x00007ff8130c0000 - 0x00007ff81315a000 	C:\Windows\System32\msvcp_win.dll
0x00007ff809430000 - 0x00007ff8096bf000 	C:\Windows\WinSxS\amd64_microsoft.windows.common-controls_6595b64144ccf1df_6.0.22621.2070_none_2713e6537381f706\COMCTL32.dll
0x00007ff814440000 - 0x00007ff8144e7000 	C:\Windows\System32\msvcrt.dll
0x00007ff813ec0000 - 0x00007ff813ef1000 	C:\Windows\System32\IMM32.DLL
0x00007ff80faf0000 - 0x00007ff80fafc000 	C:\Program Files\Android\Android Studio\jbr\bin\vcruntime140_1.dll
0x00007ffffdee0000 - 0x00007ffffdf6d000 	C:\Program Files\Android\Android Studio\jbr\bin\msvcp140.dll
0x00007fffb3230000 - 0x00007fffb3e9d000 	C:\Program Files\Android\Android Studio\jbr\bin\server\jvm.dll
0x00007ff815a80000 - 0x00007ff815b30000 	C:\Windows\System32\ADVAPI32.dll
0x00007ff813fe0000 - 0x00007ff814086000 	C:\Windows\System32\sechost.dll
0x00007ff815960000 - 0x00007ff815a77000 	C:\Windows\System32\RPCRT4.dll
0x00007ffffaed0000 - 0x00007ffffaed9000 	C:\Windows\SYSTEM32\WSOCK32.dll
0x00007ff815b30000 - 0x00007ff815ba1000 	C:\Windows\System32\WS2_32.dll
0x00007ff80cb80000 - 0x00007ff80cb8a000 	C:\Windows\SYSTEM32\VERSION.dll
0x00007ff809f50000 - 0x00007ff809f84000 	C:\Windows\SYSTEM32\WINMM.dll
0x00007ff8120f0000 - 0x00007ff812108000 	C:\Windows\SYSTEM32\kernel.appcore.dll
0x00007ff80bac0000 - 0x00007ff80baca000 	C:\Program Files\Android\Android Studio\jbr\bin\jimage.dll
0x00007ff8109b0000 - 0x00007ff810bde000 	C:\Windows\SYSTEM32\DBGHELP.DLL
0x00007ff813b30000 - 0x00007ff813eba000 	C:\Windows\System32\combase.dll
0x00007ff813f00000 - 0x00007ff813fd7000 	C:\Windows\System32\OLEAUT32.dll
0x00007ff800220000 - 0x00007ff800252000 	C:\Windows\SYSTEM32\dbgcore.DLL
0x00007ff813630000 - 0x00007ff8136aa000 	C:\Windows\System32\bcryptPrimitives.dll
0x00007fffff210000 - 0x00007fffff235000 	C:\Program Files\Android\Android Studio\jbr\bin\java.dll
0x00007ffffd750000 - 0x00007ffffd768000 	C:\Program Files\Android\Android Studio\jbr\bin\zip.dll
0x00007ff8145c0000 - 0x00007ff814dd6000 	C:\Windows\System32\SHELL32.dll
0x00007ff810fd0000 - 0x00007ff8118ba000 	C:\Windows\SYSTEM32\windows.storage.dll
0x00007ff810e90000 - 0x00007ff810fce000 	C:\Windows\SYSTEM32\wintypes.dll
0x00007ff813a30000 - 0x00007ff813b23000 	C:\Windows\System32\SHCORE.dll
0x00007ff814090000 - 0x00007ff8140ee000 	C:\Windows\System32\shlwapi.dll
0x00007ff812f80000 - 0x00007ff812fa6000 	C:\Windows\SYSTEM32\profapi.dll
0x00007ffffd6d0000 - 0x00007ffffd6e9000 	C:\Program Files\Android\Android Studio\jbr\bin\net.dll
0x00007ff80b070000 - 0x00007ff80b1a7000 	C:\Windows\SYSTEM32\WINHTTP.dll
0x00007ff812600000 - 0x00007ff812669000 	C:\Windows\system32\mswsock.dll
0x00007ffffd5f0000 - 0x00007ffffd606000 	C:\Program Files\Android\Android Studio\jbr\bin\nio.dll
0x00007ff80a0b0000 - 0x00007ff80a0c0000 	C:\Program Files\Android\Android Studio\jbr\bin\verify.dll
0x00007ff80b9d0000 - 0x00007ff80b9f7000 	C:\Users\SuportSofh\.gradle\native\68d5fa5c4cc2d200863cafc0d521ce42e7d3e7ee720ec0a83991735586a16f82\windows-amd64\native-platform.dll
0x00007fffcd910000 - 0x00007fffcda54000 	C:\Users\SuportSofh\.gradle\native\e376f236ea51e6404a007f0833ffe2c6e607c4080706a723a18a27aeea778392\windows-amd64\native-platform-file-events.dll
0x00007ff80b7f0000 - 0x00007ff80b7f9000 	C:\Program Files\Android\Android Studio\jbr\bin\management.dll
0x00007ff80b720000 - 0x00007ff80b72b000 	C:\Program Files\Android\Android Studio\jbr\bin\management_ext.dll
0x00007ff815680000 - 0x00007ff815688000 	C:\Windows\System32\PSAPI.DLL
0x00007ff812850000 - 0x00007ff81286b000 	C:\Windows\SYSTEM32\CRYPTSP.dll
0x00007ff812050000 - 0x00007ff812085000 	C:\Windows\system32\rsaenh.dll
0x00007ff8126f0000 - 0x00007ff81271c000 	C:\Windows\SYSTEM32\USERENV.dll
0x00007ff812a10000 - 0x00007ff812a38000 	C:\Windows\SYSTEM32\bcrypt.dll
0x00007ff812870000 - 0x00007ff81287c000 	C:\Windows\SYSTEM32\CRYPTBASE.dll
0x00007ff811b60000 - 0x00007ff811b8d000 	C:\Windows\SYSTEM32\IPHLPAPI.DLL
0x00007ff814430000 - 0x00007ff814439000 	C:\Windows\System32\NSI.dll
0x00007ff808d20000 - 0x00007ff808d39000 	C:\Windows\SYSTEM32\dhcpcsvc6.DLL
0x00007ff8093f0000 - 0x00007ff80940f000 	C:\Windows\SYSTEM32\dhcpcsvc.DLL
0x00007ff811b90000 - 0x00007ff811c83000 	C:\Windows\SYSTEM32\DNSAPI.dll
0x00007ff80a040000 - 0x00007ff80a048000 	C:\Windows\system32\wshunix.dll

dbghelp: loaded successfully - version: 4.0.5 - missing functions: none
symbol engine: initialized successfully - sym options: 0x614 - pdb path: .;C:\Program Files\Android\Android Studio\jbr\bin;C:\Windows\SYSTEM32;C:\Windows\WinSxS\amd64_microsoft.windows.common-controls_6595b64144ccf1df_6.0.22621.2070_none_2713e6537381f706;C:\Program Files\Android\Android Studio\jbr\bin\server;C:\Users\SuportSofh\.gradle\native\68d5fa5c4cc2d200863cafc0d521ce42e7d3e7ee720ec0a83991735586a16f82\windows-amd64;C:\Users\SuportSofh\.gradle\native\e376f236ea51e6404a007f0833ffe2c6e607c4080706a723a18a27aeea778392\windows-amd64

VM Arguments:
jvm_args: --add-opens=java.base/java.util=ALL-UNNAMED --add-opens=java.base/java.lang=ALL-UNNAMED --add-opens=java.base/java.lang.invoke=ALL-UNNAMED --add-opens=java.prefs/java.util.prefs=ALL-UNNAMED --add-opens=java.base/java.nio.charset=ALL-UNNAMED --add-opens=java.base/java.net=ALL-UNNAMED --add-opens=java.base/java.util.concurrent.atomic=ALL-UNNAMED -Xmx2048m -Dfile.encoding=UTF-8 -Duser.country=BR -Duser.language=pt -Duser.variant 
java_command: org.gradle.launcher.daemon.bootstrap.GradleDaemon 8.0
java_class_path (initial): C:\Users\SuportSofh\.gradle\wrapper\dists\gradle-8.0-bin\ca5e32bp14vu59qr306oxotwh\gradle-8.0\lib\gradle-launcher-8.0.jar
Launcher Type: SUN_STANDARD

[Global flags]
     intx CICompilerCount                          = 3                                         {product} {ergonomic}
     uint ConcGCThreads                            = 1                                         {product} {ergonomic}
     uint G1ConcRefinementThreads                  = 4                                         {product} {ergonomic}
   size_t G1HeapRegionSize                         = 1048576                                   {product} {ergonomic}
    uintx GCDrainStackTargetSize                   = 64                                        {product} {ergonomic}
   size_t InitialHeapSize                          = 62914560                                  {product} {ergonomic}
   size_t MarkStackSize                            = 4194304                                   {product} {ergonomic}
   size_t MaxHeapSize                              = 2147483648                                {product} {command line}
   size_t MaxNewSize                               = 1287651328                                {product} {ergonomic}
   size_t MinHeapDeltaBytes                        = 1048576                                   {product} {ergonomic}
   size_t MinHeapSize                              = 8388608                                   {product} {ergonomic}
    uintx NonNMethodCodeHeapSize                   = 5832780                                {pd product} {ergonomic}
    uintx NonProfiledCodeHeapSize                  = 122912730                              {pd product} {ergonomic}
    uintx ProfiledCodeHeapSize                     = 122912730                              {pd product} {ergonomic}
    uintx ReservedCodeCacheSize                    = 251658240                              {pd product} {ergonomic}
     bool SegmentedCodeCache                       = true                                      {product} {ergonomic}
   size_t SoftMaxHeapSize                          = 2147483648                             {manageable} {ergonomic}
     bool UseCompressedClassPointers               = true                           {product lp64_product} {ergonomic}
     bool UseCompressedOops                        = true                           {product lp64_product} {ergonomic}
     bool UseG1GC                                  = true                                      {product} {ergonomic}
     bool UseLargePagesIndividualAllocation        = false                                  {pd product} {ergonomic}

Logging:
Log output configuration:
 #0: stdout all=warning uptime,level,tags
 #1: stderr all=off uptime,level,tags

Environment Variables:
JAVA_HOME=C:\Program Files\Android\Android Studio\jbr
PATH=C:\Windows\System32;C:\Program Files\Eclipse Foundation\jdk-16.0.2.7-hotspot\bin;C:\Program Files\Eclipse Adoptium\jdk-11.0.20.8-hotspot\bin;C:\Program Files (x86)\Common Files\Intel\Shared Libraries\redist\intel64\compiler;C:\Windows\system32;C:\Windows;C:\Windows\System32\Wbem;C:\Windows\System32\WindowsPowerShell\v1.0\;C:\Windows\System32\OpenSSH\;C:\Program Files\Android\Android Studio\jbr\bin\;C:\Program Files\Git\cmd;C:\wamp64\bin\php\php8.1.13;C:\Program Files\Docker\Docker\resources\bin;C:\Program Files\Java\apache-maven-3.9.4\bin;C:\Users\SuportSofh\.m2\repository;C:\Program Files\MySQL\MySQL Shell 8.0\bin\;C:\Users\SuportSofh\AppData\Local\Programs\Python\Python311\Scripts\;C:\Users\SuportSofh\AppData\Local\Programs\Python\Python311\;C:\Users\SuportSofh\AppData\Local\Microsoft\WindowsApps;C:\Users\SuportSofh\AppData\Local\Programs\Microsoft VS Code\bin;C:\Program Files\JetBrains\IntelliJ IDEA Community Edition 2023.1.4\bin;;C:\Users\SuportSofh\AppData\Local\GitHubDesktop\bin;C:\Program Files\JetBrains\PyCharm Community Edition 2023.1.4\bin;
USERNAME=SuportSofh
OS=Windows_NT
PROCESSOR_IDENTIFIER=Intel64 Family 6 Model 140 Stepping 1, GenuineIntel
TMP=C:\Users\SUPORT~1\AppData\Local\Temp
TEMP=C:\Users\SUPORT~1\AppData\Local\Temp



---------------  S Y S T E M  ---------------

OS:
 Windows 11 , 64 bit Build 22621 (10.0.22621.2070)
OS uptime: 7 days 4:11 hours
Hyper-V role detected

CPU: total 4 (initial active 4) (2 cores per cpu, 2 threads per core) family 6 model 140 stepping 1 microcode 0x8a, cx8, cmov, fxsr, ht, mmx, 3dnowpref, sse, sse2, sse3, ssse3, sse4.1, sse4.2, popcnt, lzcnt, tsc, tscinvbit, avx, avx2, aes, erms, clmul, bmi1, bmi2, adx, avx512f, avx512dq, avx512cd, avx512bw, avx512vl, sha, fma, vzeroupper, avx512_vpopcntdq, avx512_vpclmulqdq, avx512_vaes, avx512_vnni, clflush, clflushopt, clwb, avx512_vbmi2, avx512_vbmi, hv

Memory: 4k page, system-wide physical 3819M (138M free)
TotalPageFile size 15595M (AvailPageFile size 8M)
current process WorkingSet (physical memory assigned to process): 206M, peak: 241M
current process commit charge ("private bytes"): 348M, peak: 351M

vm_info: OpenJDK 64-Bit Server VM (17.0.6+0-b2043.56-9586694) for windows-amd64 JRE (17.0.6+0-b2043.56-9586694), built on Feb  9 2023 20:06:20 by "androidbuild" with MS VC++ 16.10 / 16.11 (VS2019)

END.
