#
# There is insufficient memory for the Java Runtime Environment to continue.
# Native memory allocation (mmap) failed to map 25165824 bytes for G1 virtual space
# Possible reasons:
#   The system is out of physical RAM or swap space
#   The process is running with CompressedOops enabled, and the Java Heap may be blocking the growth of the native heap
# Possible solutions:
#   Reduce memory load on the system
#   Increase physical memory or swap space
#   Check if swap backing store is full
#   Decrease Java heap size (-Xmx/-Xms)
#   Decrease number of Java threads
#   Decrease Java thread stack sizes (-Xss)
#   Set larger code cache with -XX:ReservedCodeCacheSize=
#   JVM is running with Unscaled Compressed Oops mode in which the Java heap is
#     placed in the first 4GB address space. The Java Heap base address is the
#     maximum limit for the native heap growth. Please use -XX:HeapBaseMinAddress
#     to set the Java Heap base and to place the Java Heap above 4GB virtual address.
# This output file may be truncated or incomplete.
#
#  Out of Memory Error (os_windows.cpp:3769), pid=4012, tid=11376
#
# JRE version: OpenJDK Runtime Environment (17.0.6) (build 17.0.6+0-b2043.56-9586694)
# Java VM: OpenJDK 64-Bit Server VM (17.0.6+0-b2043.56-9586694, mixed mode, tiered, compressed oops, compressed class ptrs, g1 gc, windows-amd64)
# No core dump will be written. Minidumps are not enabled by default on client versions of Windows
#

---------------  S U M M A R Y ------------

Command Line: --add-opens=java.base/java.util=ALL-UNNAMED --add-opens=java.base/java.lang=ALL-UNNAMED --add-opens=java.base/java.lang.invoke=ALL-UNNAMED --add-opens=java.prefs/java.util.prefs=ALL-UNNAMED --add-opens=java.base/java.nio.charset=ALL-UNNAMED --add-opens=java.base/java.net=ALL-UNNAMED --add-opens=java.base/java.util.concurrent.atomic=ALL-UNNAMED -Xmx2048m -Dfile.encoding=UTF-8 -Duser.country=BR -Duser.language=pt -Duser.variant org.gradle.launcher.daemon.bootstrap.GradleDaemon 8.0

Host: 11th Gen Intel(R) Core(TM) i3-1115G4 @ 3.00GHz, 4 cores, 3G,  Windows 11 , 64 bit Build 22621 (10.0.22621.3672)
Time: Thu Aug  1 13:34:58 2024 Hora oficial do Brasil elapsed time: 36.790333 seconds (0d 0h 0m 36s)

---------------  T H R E A D  ---------------

Current thread (0x000001a47e7bed50):  VMThread "VM Thread" [stack: 0x0000001aeeb00000,0x0000001aeec00000] [id=11376]

Stack: [0x0000001aeeb00000,0x0000001aeec00000]
Native frames: (J=compiled Java code, j=interpreted, Vv=VM code, C=native code)
V  [jvm.dll+0x683b4a]
V  [jvm.dll+0x842654]
V  [jvm.dll+0x843dfe]
V  [jvm.dll+0x844463]
V  [jvm.dll+0x249b75]
V  [jvm.dll+0x680a19]
V  [jvm.dll+0x674f0a]
V  [jvm.dll+0x309acb]
V  [jvm.dll+0x310f86]
V  [jvm.dll+0x3608ee]
V  [jvm.dll+0x360b1f]
V  [jvm.dll+0x2dfbf8]
V  [jvm.dll+0x2e2ce6]
V  [jvm.dll+0x2ed478]
V  [jvm.dll+0x322150]
V  [jvm.dll+0x84893b]
V  [jvm.dll+0x849674]
V  [jvm.dll+0x849b8d]
V  [jvm.dll+0x849f64]
V  [jvm.dll+0x84a030]
V  [jvm.dll+0x7f25fa]
V  [jvm.dll+0x682985]
C  [ucrtbase.dll+0x29333]
C  [KERNEL32.DLL+0x1257d]
C  [ntdll.dll+0x5af28]

VM_Operation (0x0000001aee7ff590): G1Concurrent, mode: safepoint, requested by thread 0x000001a47d67cee0


---------------  P R O C E S S  ---------------

Threads class SMR info:
_java_thread_list=0x000001a41ec46210, length=81, elements={
0x000001a47d6119b0, 0x000001a47e7d4260, 0x000001a47e78e810, 0x000001a47e79d330,
0x000001a47e79dee0, 0x000001a47e7f3710, 0x000001a47f12b090, 0x000001a47f12bd30,
0x000001a47f12c6e0, 0x000001a47f139500, 0x000001a47f2bf010, 0x000001a47f2c4510,
0x000001a4188730d0, 0x000001a418fda2d0, 0x000001a418ec2df0, 0x000001a4185c2c50,
0x000001a418fd8aa0, 0x000001a47fa5dbe0, 0x000001a47fa5e480, 0x000001a418fe2920,
0x000001a418fe4130, 0x000001a418fe1f80, 0x000001a418fe2df0, 0x000001a418fe32c0,
0x000001a418fe4ad0, 0x000001a418fe3790, 0x000001a418fe3c60, 0x000001a418fe4600,
0x000001a418fe4fa0, 0x000001a418fe5470, 0x000001a418fe1ab0, 0x000001a418fe2450,
0x000001a419d7db30, 0x000001a419d78490, 0x000001a419d7ee70, 0x000001a419d7ab10,
0x000001a419d7e000, 0x000001a419d7a170, 0x000001a419d79300, 0x000001a419d797d0,
0x000001a419d7e4d0, 0x000001a419d77af0, 0x000001a419d7a640, 0x000001a419d7f340,
0x000001a419d7b4b0, 0x000001a419d7c320, 0x000001a419d77fc0, 0x000001a419d7c7f0,
0x000001a419d78e30, 0x000001a419d7ccc0, 0x000001a419d7d190, 0x000001a419d7e9a0,
0x000001a4191d0f30, 0x000001a4191d2270, 0x000001a4191cf250, 0x000001a4191d2740,
0x000001a4191d0590, 0x000001a4191cd0a0, 0x000001a4191cd570, 0x000001a4191cda40,
0x000001a4191d2c10, 0x000001a4191d35b0, 0x000001a4191ce8b0, 0x000001a4191cf720,
0x000001a4191ccbd0, 0x000001a4191d30e0, 0x000001a4191cdf10, 0x000001a4191cfbf0,
0x000001a4191d3a80, 0x000001a4191cc230, 0x000001a4191ce3e0, 0x000001a4191d18d0,
0x000001a4191d00c0, 0x000001a4191cc700, 0x000001a4191ced80, 0x000001a4191d0a60,
0x000001a4191d1400, 0x000001a4191d1da0, 0x000001a41bfa13a0, 0x000001a41bfa2210,
0x000001a41bfa3ef0
}

Java Threads: ( => current thread )
  0x000001a47d6119b0 JavaThread "main" [_thread_blocked, id=4700, stack(0x0000001aee500000,0x0000001aee600000)]
  0x000001a47e7d4260 JavaThread "Reference Handler" daemon [_thread_blocked, id=2284, stack(0x0000001aeec00000,0x0000001aeed00000)]
  0x000001a47e78e810 JavaThread "Finalizer" daemon [_thread_blocked, id=10060, stack(0x0000001aeed00000,0x0000001aeee00000)]
  0x000001a47e79d330 JavaThread "Signal Dispatcher" daemon [_thread_blocked, id=13116, stack(0x0000001aeee00000,0x0000001aeef00000)]
  0x000001a47e79dee0 JavaThread "Attach Listener" daemon [_thread_blocked, id=10892, stack(0x0000001aeef00000,0x0000001aef000000)]
  0x000001a47e7f3710 JavaThread "Service Thread" daemon [_thread_blocked, id=17932, stack(0x0000001aef000000,0x0000001aef100000)]
  0x000001a47f12b090 JavaThread "Monitor Deflation Thread" daemon [_thread_blocked, id=11276, stack(0x0000001aef100000,0x0000001aef200000)]
  0x000001a47f12bd30 JavaThread "C2 CompilerThread0" daemon [_thread_blocked, id=13216, stack(0x0000001aef200000,0x0000001aef300000)]
  0x000001a47f12c6e0 JavaThread "C1 CompilerThread0" daemon [_thread_blocked, id=14736, stack(0x0000001aef300000,0x0000001aef400000)]
  0x000001a47f139500 JavaThread "Sweeper thread" daemon [_thread_blocked, id=15544, stack(0x0000001aef400000,0x0000001aef500000)]
  0x000001a47f2bf010 JavaThread "Common-Cleaner" daemon [_thread_blocked, id=16480, stack(0x0000001aef500000,0x0000001aef600000)]
  0x000001a47f2c4510 JavaThread "Notification Thread" daemon [_thread_blocked, id=4372, stack(0x0000001aef600000,0x0000001aef700000)]
  0x000001a4188730d0 JavaThread "Daemon health stats" [_thread_blocked, id=16776, stack(0x0000001aefb00000,0x0000001aefc00000)]
  0x000001a418fda2d0 JavaThread "Incoming local TCP Connector on port 58780" [_thread_in_native, id=17276, stack(0x0000001aefc00000,0x0000001aefd00000)]
  0x000001a418ec2df0 JavaThread "Daemon periodic checks" [_thread_blocked, id=11952, stack(0x0000001aefd00000,0x0000001aefe00000)]
  0x000001a4185c2c50 JavaThread "Daemon" [_thread_blocked, id=14644, stack(0x0000001aefe00000,0x0000001aeff00000)]
  0x000001a418fd8aa0 JavaThread "Handler for socket connection from /127.0.0.1:58780 to /127.0.0.1:58781" [_thread_in_native, id=4896, stack(0x0000001aeff00000,0x0000001af0000000)]
  0x000001a47fa5dbe0 JavaThread "Cancel handler" [_thread_blocked, id=17732, stack(0x0000001af0000000,0x0000001af0100000)]
  0x000001a47fa5e480 JavaThread "Daemon worker" [_thread_blocked, id=13348, stack(0x0000001af0100000,0x0000001af0200000)]
  0x000001a418fe2920 JavaThread "Asynchronous log dispatcher for DefaultDaemonConnection: socket connection from /127.0.0.1:58780 to /127.0.0.1:58781" [_thread_blocked, id=6972, stack(0x0000001af0200000,0x0000001af0300000)]
  0x000001a418fe4130 JavaThread "Stdin handler" [_thread_blocked, id=8372, stack(0x0000001af0300000,0x0000001af0400000)]
  0x000001a418fe1f80 JavaThread "Daemon client event forwarder" [_thread_blocked, id=7368, stack(0x0000001af0400000,0x0000001af0500000)]
  0x000001a418fe2df0 JavaThread "Cache worker for journal cache (C:\Users\SuportSofh\.gradle\caches\journal-1)" [_thread_blocked, id=13512, stack(0x0000001af0500000,0x0000001af0600000)]
  0x000001a418fe32c0 JavaThread "File lock request listener" [_thread_in_native, id=5296, stack(0x0000001af0600000,0x0000001af0700000)]
  0x000001a418fe4ad0 JavaThread "Cache worker for file hash cache (C:\Users\SuportSofh\.gradle\caches\8.0\fileHashes)" [_thread_blocked, id=632, stack(0x0000001af0700000,0x0000001af0800000)]
  0x000001a418fe3790 JavaThread "File watcher server" daemon [_thread_in_native, id=1052, stack(0x0000001af0800000,0x0000001af0900000)]
  0x000001a418fe3c60 JavaThread "File watcher consumer" daemon [_thread_blocked, id=15804, stack(0x0000001af0900000,0x0000001af0a00000)]
  0x000001a418fe4600 JavaThread "Cache worker for checksums cache (C:\AndroidStudio\Mechanic\.gradle\8.0\checksums)" [_thread_blocked, id=9092, stack(0x0000001af0a00000,0x0000001af0b00000)]
  0x000001a418fe4fa0 JavaThread "Cache worker for cache directory md-rule (C:\Users\SuportSofh\.gradle\caches\8.0\md-rule)" [_thread_blocked, id=1744, stack(0x0000001af0b00000,0x0000001af0c00000)]
  0x000001a418fe5470 JavaThread "Cache worker for file content cache (C:\Users\SuportSofh\.gradle\caches\8.0\fileContent)" [_thread_blocked, id=10300, stack(0x0000001af0c00000,0x0000001af0d00000)]
  0x000001a418fe1ab0 JavaThread "Cache worker for file hash cache (C:\AndroidStudio\Mechanic\.gradle\8.0\fileHashes)" [_thread_blocked, id=16076, stack(0x0000001af0d00000,0x0000001af0e00000)]
  0x000001a418fe2450 JavaThread "Cache worker for cache directory md-supplier (C:\Users\SuportSofh\.gradle\caches\8.0\md-supplier)" [_thread_blocked, id=12636, stack(0x0000001af0e00000,0x0000001af0f00000)]
  0x000001a419d7db30 JavaThread "Cache worker for execution history cache (C:\Users\SuportSofh\.gradle\caches\8.0\executionHistory)" [_thread_blocked, id=12112, stack(0x0000001af0f00000,0x0000001af1000000)]
  0x000001a419d78490 JavaThread "jar transforms" [_thread_blocked, id=15508, stack(0x0000001af1000000,0x0000001af1100000)]
  0x000001a419d7ee70 JavaThread "jar transforms Thread 2" [_thread_blocked, id=9048, stack(0x0000001af1100000,0x0000001af1200000)]
  0x000001a419d7ab10 JavaThread "jar transforms Thread 3" [_thread_blocked, id=12628, stack(0x0000001af1200000,0x0000001af1300000)]
  0x000001a419d7e000 JavaThread "jar transforms Thread 4" [_thread_blocked, id=14564, stack(0x0000001af1300000,0x0000001af1400000)]
  0x000001a419d7a170 JavaThread "Cache worker for dependencies-accessors (C:\AndroidStudio\Mechanic\.gradle\8.0\dependencies-accessors)" [_thread_blocked, id=1232, stack(0x0000001af1400000,0x0000001af1500000)]
  0x000001a419d79300 JavaThread "Cache worker for Build Output Cleanup Cache (C:\AndroidStudio\Mechanic\.gradle\buildOutputCleanup)" [_thread_blocked, id=14160, stack(0x0000001af1500000,0x0000001af1600000)]
  0x000001a419d797d0 JavaThread "Unconstrained build operations" [_thread_blocked, id=18372, stack(0x0000001af1600000,0x0000001af1700000)]
  0x000001a419d7e4d0 JavaThread "Unconstrained build operations Thread 2" [_thread_blocked, id=10276, stack(0x0000001af1700000,0x0000001af1800000)]
  0x000001a419d77af0 JavaThread "Unconstrained build operations Thread 3" [_thread_blocked, id=7356, stack(0x0000001af1800000,0x0000001af1900000)]
  0x000001a419d7a640 JavaThread "Unconstrained build operations Thread 4" [_thread_blocked, id=12408, stack(0x0000001af1900000,0x0000001af1a00000)]
  0x000001a419d7f340 JavaThread "Unconstrained build operations Thread 5" [_thread_blocked, id=17840, stack(0x0000001af1a00000,0x0000001af1b00000)]
  0x000001a419d7b4b0 JavaThread "Unconstrained build operations Thread 6" [_thread_blocked, id=14468, stack(0x0000001af1b00000,0x0000001af1c00000)]
  0x000001a419d7c320 JavaThread "Unconstrained build operations Thread 7" [_thread_blocked, id=3116, stack(0x0000001af1c00000,0x0000001af1d00000)]
  0x000001a419d77fc0 JavaThread "Unconstrained build operations Thread 8" [_thread_blocked, id=9620, stack(0x0000001af1d00000,0x0000001af1e00000)]
  0x000001a419d7c7f0 JavaThread "Unconstrained build operations Thread 9" [_thread_blocked, id=15628, stack(0x0000001af1e00000,0x0000001af1f00000)]
  0x000001a419d78e30 JavaThread "Unconstrained build operations Thread 10" [_thread_blocked, id=8220, stack(0x0000001af1f00000,0x0000001af2000000)]
  0x000001a419d7ccc0 JavaThread "Unconstrained build operations Thread 11" [_thread_blocked, id=16128, stack(0x0000001af2000000,0x0000001af2100000)]
  0x000001a419d7d190 JavaThread "Unconstrained build operations Thread 12" [_thread_blocked, id=1372, stack(0x0000001af2100000,0x0000001af2200000)]
  0x000001a419d7e9a0 JavaThread "Unconstrained build operations Thread 13" [_thread_blocked, id=5660, stack(0x0000001af2200000,0x0000001af2300000)]
  0x000001a4191d0f30 JavaThread "Unconstrained build operations Thread 14" [_thread_blocked, id=16820, stack(0x0000001af2300000,0x0000001af2400000)]
  0x000001a4191d2270 JavaThread "Unconstrained build operations Thread 15" [_thread_blocked, id=14072, stack(0x0000001af2400000,0x0000001af2500000)]
  0x000001a4191cf250 JavaThread "Unconstrained build operations Thread 16" [_thread_blocked, id=11332, stack(0x0000001af2500000,0x0000001af2600000)]
  0x000001a4191d2740 JavaThread "Unconstrained build operations Thread 17" [_thread_blocked, id=1912, stack(0x0000001af2600000,0x0000001af2700000)]
  0x000001a4191d0590 JavaThread "Unconstrained build operations Thread 18" [_thread_blocked, id=13984, stack(0x0000001af2700000,0x0000001af2800000)]
  0x000001a4191cd0a0 JavaThread "Unconstrained build operations Thread 19" [_thread_blocked, id=9468, stack(0x0000001af2800000,0x0000001af2900000)]
  0x000001a4191cd570 JavaThread "Unconstrained build operations Thread 20" [_thread_blocked, id=10360, stack(0x0000001af2900000,0x0000001af2a00000)]
  0x000001a4191cda40 JavaThread "Unconstrained build operations Thread 21" [_thread_blocked, id=17896, stack(0x0000001af2a00000,0x0000001af2b00000)]
  0x000001a4191d2c10 JavaThread "Unconstrained build operations Thread 22" [_thread_blocked, id=4560, stack(0x0000001af2b00000,0x0000001af2c00000)]
  0x000001a4191d35b0 JavaThread "Unconstrained build operations Thread 23" [_thread_blocked, id=17820, stack(0x0000001af2c00000,0x0000001af2d00000)]
  0x000001a4191ce8b0 JavaThread "Unconstrained build operations Thread 24" [_thread_blocked, id=12120, stack(0x0000001af2d00000,0x0000001af2e00000)]
  0x000001a4191cf720 JavaThread "Unconstrained build operations Thread 25" [_thread_blocked, id=4140, stack(0x0000001af2e00000,0x0000001af2f00000)]
  0x000001a4191ccbd0 JavaThread "Unconstrained build operations Thread 26" [_thread_blocked, id=16288, stack(0x0000001af2f00000,0x0000001af3000000)]
  0x000001a4191d30e0 JavaThread "Unconstrained build operations Thread 27" [_thread_blocked, id=10320, stack(0x0000001af3000000,0x0000001af3100000)]
  0x000001a4191cdf10 JavaThread "Unconstrained build operations Thread 28" [_thread_blocked, id=14100, stack(0x0000001af3100000,0x0000001af3200000)]
  0x000001a4191cfbf0 JavaThread "Unconstrained build operations Thread 29" [_thread_blocked, id=16084, stack(0x0000001af3200000,0x0000001af3300000)]
  0x000001a4191d3a80 JavaThread "Unconstrained build operations Thread 30" [_thread_blocked, id=2748, stack(0x0000001af3300000,0x0000001af3400000)]
  0x000001a4191cc230 JavaThread "Unconstrained build operations Thread 31" [_thread_blocked, id=17612, stack(0x0000001af3400000,0x0000001af3500000)]
  0x000001a4191ce3e0 JavaThread "Unconstrained build operations Thread 32" [_thread_blocked, id=9748, stack(0x0000001af3500000,0x0000001af3600000)]
  0x000001a4191d18d0 JavaThread "Unconstrained build operations Thread 33" [_thread_blocked, id=3932, stack(0x0000001af3600000,0x0000001af3700000)]
  0x000001a4191d00c0 JavaThread "Unconstrained build operations Thread 34" [_thread_blocked, id=17072, stack(0x0000001af3700000,0x0000001af3800000)]
  0x000001a4191cc700 JavaThread "Unconstrained build operations Thread 35" [_thread_blocked, id=9812, stack(0x0000001af3800000,0x0000001af3900000)]
  0x000001a4191ced80 JavaThread "Unconstrained build operations Thread 36" [_thread_blocked, id=3404, stack(0x0000001af3900000,0x0000001af3a00000)]
  0x000001a4191d0a60 JavaThread "Unconstrained build operations Thread 37" [_thread_blocked, id=11948, stack(0x0000001af3a00000,0x0000001af3b00000)]
  0x000001a4191d1400 JavaThread "Unconstrained build operations Thread 38" [_thread_blocked, id=2096, stack(0x0000001af3b00000,0x0000001af3c00000)]
  0x000001a4191d1da0 JavaThread "Unconstrained build operations Thread 39" [_thread_blocked, id=10780, stack(0x0000001af3c00000,0x0000001af3d00000)]
  0x000001a41bfa13a0 JavaThread "Unconstrained build operations Thread 40" [_thread_blocked, id=7592, stack(0x0000001af3d00000,0x0000001af3e00000)]
  0x000001a41bfa2210 JavaThread "build event listener" [_thread_blocked, id=8388, stack(0x0000001af3e00000,0x0000001af3f00000)]
  0x000001a41bfa3ef0 JavaThread "Memory manager" [_thread_blocked, id=12848, stack(0x0000001af4100000,0x0000001af4200000)]

Other Threads:
=>0x000001a47e7bed50 VMThread "VM Thread" [stack: 0x0000001aeeb00000,0x0000001aeec00000] [id=11376]
  0x000001a47f2c49e0 WatcherThread [stack: 0x0000001aef700000,0x0000001aef800000] [id=4496]
  0x000001a47d66bd90 GCTaskThread "GC Thread#0" [stack: 0x0000001aee600000,0x0000001aee700000] [id=11312]
  0x000001a47fa29f30 GCTaskThread "GC Thread#1" [stack: 0x0000001aef800000,0x0000001aef900000] [id=9396]
  0x000001a47fa2a5f0 GCTaskThread "GC Thread#2" [stack: 0x0000001aef900000,0x0000001aefa00000] [id=15244]
  0x000001a418522270 GCTaskThread "GC Thread#3" [stack: 0x0000001aefa00000,0x0000001aefb00000] [id=14228]
  0x000001a47d67cee0 ConcurrentGCThread "G1 Main Marker" [stack: 0x0000001aee700000,0x0000001aee800000] [id=16576]
  0x000001a47d67e900 ConcurrentGCThread "G1 Conc#0" [stack: 0x0000001aee800000,0x0000001aee900000] [id=1800]
  0x000001a47d6c05c0 ConcurrentGCThread "G1 Refine#0" [stack: 0x0000001aee900000,0x0000001aeea00000] [id=12936]
  0x000001a47d6c0fe0 ConcurrentGCThread "G1 Service" [stack: 0x0000001aeea00000,0x0000001aeeb00000] [id=12400]

Threads with active compile tasks:
C2 CompilerThread0    36862 6376 %     4       java.math.BigInteger::implMultiplyToLen @ 135 (216 bytes)

VM state: at safepoint (normal execution)

VM Mutex/Monitor currently owned by a thread:  ([mutex/lock_event])
[0x000001a47d60d530] Threads_lock - owner thread: 0x000001a47e7bed50
[0x000001a47d60e190] Heap_lock - owner thread: 0x000001a47d67cee0

Heap address: 0x0000000080000000, size: 2048 MB, Compressed Oops mode: 32-bit

CDS archive(s) not mapped
Compressed class space mapped at: 0x0000000100000000-0x0000000140000000, reserved size: 1073741824
Narrow klass base: 0x0000000000000000, Narrow klass shift: 3, Narrow klass range: 0x140000000

GC Precious Log:
 CPUs: 4 total, 4 available
 Memory: 3819M
 Large Page Support: Disabled
 NUMA Support: Disabled
 Compressed Oops: Enabled (32-bit)
 Heap Region Size: 1M
 Heap Min Capacity: 8M
 Heap Initial Capacity: 60M
 Heap Max Capacity: 2G
 Pre-touch: Disabled
 Parallel Workers: 4
 Concurrent Workers: 1
 Concurrent Refinement Workers: 4
 Periodic GC: Disabled

Heap:
 garbage-first heap   total 81920K, used 61123K [0x0000000080000000, 0x0000000100000000)
  region size 1024K, 11 young (11264K), 2 survivors (2048K)
 Metaspace       used 62801K, committed 63360K, reserved 1105920K
  class space    used 8277K, committed 8576K, reserved 1048576K

Heap Regions: E=young(eden), S=young(survivor), O=old, HS=humongous(starts), HC=humongous(continues), CS=collection set, F=free, OA=open archive, CA=closed archive, TAMS=top-at-mark-start (previous, next)
|   0|0x0000000080000000, 0x0000000080100000, 0x0000000080100000|100%| O|  |TAMS 0x0000000080100000, 0x0000000080000000| Untracked 
|   1|0x0000000080100000, 0x0000000080200000, 0x0000000080200000|100%| O|  |TAMS 0x0000000080200000, 0x0000000080100000| Untracked 
|   2|0x0000000080200000, 0x0000000080300000, 0x0000000080300000|100%|HS|  |TAMS 0x0000000080300000, 0x0000000080200000| Complete 
|   3|0x0000000080300000, 0x0000000080400000, 0x0000000080400000|100%|HC|  |TAMS 0x0000000080400000, 0x0000000080300000| Complete 
|   4|0x0000000080400000, 0x0000000080500000, 0x0000000080500000|100%|HC|  |TAMS 0x0000000080500000, 0x0000000080400000| Complete 
|   5|0x0000000080500000, 0x0000000080600000, 0x0000000080600000|100%|HC|  |TAMS 0x0000000080600000, 0x0000000080500000| Complete 
|   6|0x0000000080600000, 0x0000000080700000, 0x0000000080700000|100%| O|  |TAMS 0x0000000080700000, 0x0000000080600000| Untracked 
|   7|0x0000000080700000, 0x0000000080800000, 0x0000000080800000|100%| O|  |TAMS 0x0000000080800000, 0x0000000080700000| Untracked 
|   8|0x0000000080800000, 0x0000000080900000, 0x0000000080900000|100%| O|  |TAMS 0x0000000080900000, 0x0000000080800000| Untracked 
|   9|0x0000000080900000, 0x0000000080a00000, 0x0000000080a00000|100%| O|  |TAMS 0x0000000080a00000, 0x0000000080900000| Untracked 
|  10|0x0000000080a00000, 0x0000000080b00000, 0x0000000080b00000|100%| O|  |TAMS 0x0000000080b00000, 0x0000000080a00000| Untracked 
|  11|0x0000000080b00000, 0x0000000080c00000, 0x0000000080c00000|100%| O|  |TAMS 0x0000000080c00000, 0x0000000080b00000| Untracked 
|  12|0x0000000080c00000, 0x0000000080d00000, 0x0000000080d00000|100%| O|  |TAMS 0x0000000080d00000, 0x0000000080c00000| Untracked 
|  13|0x0000000080d00000, 0x0000000080e00000, 0x0000000080e00000|100%| O|  |TAMS 0x0000000080e00000, 0x0000000080d00000| Untracked 
|  14|0x0000000080e00000, 0x0000000080f00000, 0x0000000080f00000|100%| O|  |TAMS 0x0000000080f00000, 0x0000000080e00000| Untracked 
|  15|0x0000000080f00000, 0x0000000081000000, 0x0000000081000000|100%| O|  |TAMS 0x0000000081000000, 0x0000000080f00000| Untracked 
|  16|0x0000000081000000, 0x0000000081100000, 0x0000000081100000|100%| O|  |TAMS 0x0000000081100000, 0x0000000081000000| Untracked 
|  17|0x0000000081100000, 0x0000000081200000, 0x0000000081200000|100%| O|  |TAMS 0x0000000081200000, 0x0000000081100000| Updating 
|  18|0x0000000081200000, 0x0000000081300000, 0x0000000081300000|100%| O|  |TAMS 0x0000000081300000, 0x0000000081200000| Untracked 
|  19|0x0000000081300000, 0x0000000081400000, 0x0000000081400000|100%| O|  |TAMS 0x0000000081400000, 0x0000000081300000| Untracked 
|  20|0x0000000081400000, 0x0000000081500000, 0x0000000081500000|100%| O|  |TAMS 0x0000000081500000, 0x0000000081400000| Untracked 
|  21|0x0000000081500000, 0x0000000081600000, 0x0000000081600000|100%| O|  |TAMS 0x0000000081600000, 0x0000000081500000| Updating 
|  22|0x0000000081600000, 0x0000000081700000, 0x0000000081700000|100%| O|  |TAMS 0x0000000081700000, 0x0000000081600000| Updating 
|  23|0x0000000081700000, 0x0000000081800000, 0x0000000081800000|100%| O|  |TAMS 0x0000000081800000, 0x0000000081700000| Untracked 
|  24|0x0000000081800000, 0x0000000081900000, 0x0000000081900000|100%| O|  |TAMS 0x0000000081900000, 0x0000000081800000| Updating 
|  25|0x0000000081900000, 0x0000000081a00000, 0x0000000081a00000|100%| O|  |TAMS 0x0000000081a00000, 0x0000000081900000| Updating 
|  26|0x0000000081a00000, 0x0000000081b00000, 0x0000000081b00000|100%| O|  |TAMS 0x0000000081b00000, 0x0000000081a00000| Untracked 
|  27|0x0000000081b00000, 0x0000000081c00000, 0x0000000081c00000|100%| O|  |TAMS 0x0000000081c00000, 0x0000000081b00000| Untracked 
|  28|0x0000000081c00000, 0x0000000081d00000, 0x0000000081d00000|100%| O|  |TAMS 0x0000000081d00000, 0x0000000081c00000| Untracked 
|  29|0x0000000081d00000, 0x0000000081e00000, 0x0000000081e00000|100%| O|  |TAMS 0x0000000081e00000, 0x0000000081d00000| Untracked 
|  30|0x0000000081e00000, 0x0000000081f00000, 0x0000000081f00000|100%| O|  |TAMS 0x0000000081f00000, 0x0000000081e00000| Untracked 
|  31|0x0000000081f00000, 0x0000000082000000, 0x0000000082000000|100%| O|  |TAMS 0x0000000082000000, 0x0000000081f00000| Updating 
|  32|0x0000000082000000, 0x0000000082100000, 0x0000000082100000|100%| O|  |TAMS 0x0000000082100000, 0x0000000082000000| Untracked 
|  33|0x0000000082100000, 0x0000000082200000, 0x0000000082200000|100%| O|  |TAMS 0x0000000082200000, 0x0000000082100000| Untracked 
|  34|0x0000000082200000, 0x0000000082300000, 0x0000000082300000|100%| O|  |TAMS 0x0000000082300000, 0x0000000082200000| Untracked 
|  35|0x0000000082300000, 0x0000000082400000, 0x0000000082400000|100%| O|  |TAMS 0x0000000082400000, 0x0000000082300000| Untracked 
|  36|0x0000000082400000, 0x0000000082500000, 0x0000000082500000|100%|HS|  |TAMS 0x0000000082500000, 0x0000000082400000| Complete 
|  37|0x0000000082500000, 0x0000000082600000, 0x0000000082600000|100%| O|  |TAMS 0x0000000082600000, 0x0000000082500000| Updating 
|  38|0x0000000082600000, 0x0000000082700000, 0x0000000082700000|100%|HS|  |TAMS 0x0000000082700000, 0x0000000082600000| Complete 
|  39|0x0000000082700000, 0x0000000082800000, 0x0000000082800000|100%| O|  |TAMS 0x0000000082800000, 0x0000000082700000| Untracked 
|  40|0x0000000082800000, 0x0000000082900000, 0x0000000082900000|100%|HS|  |TAMS 0x0000000082800000, 0x0000000082800000| Complete 
|  41|0x0000000082900000, 0x0000000082a00000, 0x0000000082a00000|100%| O|  |TAMS 0x0000000082a00000, 0x0000000082900000| Updating 
|  42|0x0000000082a00000, 0x0000000082b00000, 0x0000000082b00000|100%| O|  |TAMS 0x0000000082b00000, 0x0000000082a00000| Untracked 
|  43|0x0000000082b00000, 0x0000000082c00000, 0x0000000082c00000|100%| O|  |TAMS 0x0000000082c00000, 0x0000000082b00000| Untracked 
|  44|0x0000000082c00000, 0x0000000082d00000, 0x0000000082d00000|100%| O|  |TAMS 0x0000000082d00000, 0x0000000082c00000| Untracked 
|  45|0x0000000082d00000, 0x0000000082e00000, 0x0000000082e00000|100%| O|  |TAMS 0x0000000082e00000, 0x0000000082d00000| Untracked 
|  46|0x0000000082e00000, 0x0000000082f00000, 0x0000000082f00000|100%| O|  |TAMS 0x0000000082f00000, 0x0000000082e00000| Untracked 
|  47|0x0000000082f00000, 0x0000000082f37400, 0x0000000083000000| 21%| O|  |TAMS 0x0000000082f37400, 0x0000000082f00000| Updating 
|  48|0x0000000083000000, 0x0000000083100000, 0x0000000083100000|100%|HS|  |TAMS 0x0000000083000000, 0x0000000083000000| Complete 
|  49|0x0000000083100000, 0x0000000083200000, 0x0000000083200000|100%|HS|  |TAMS 0x0000000083100000, 0x0000000083100000| Complete 
|  50|0x0000000083200000, 0x0000000083300000, 0x0000000083300000|100%|HS|  |TAMS 0x0000000083200000, 0x0000000083200000| Complete 
|  51|0x0000000083300000, 0x0000000083300000, 0x0000000083400000|  0%| F|  |TAMS 0x0000000083300000, 0x0000000083300000| Untracked 
|  52|0x0000000083400000, 0x0000000083400000, 0x0000000083500000|  0%| F|  |TAMS 0x0000000083400000, 0x0000000083400000| Untracked 
|  53|0x0000000083500000, 0x0000000083500000, 0x0000000083600000|  0%| F|  |TAMS 0x0000000083500000, 0x0000000083500000| Untracked 
|  54|0x0000000083600000, 0x0000000083600000, 0x0000000083700000|  0%| F|  |TAMS 0x0000000083600000, 0x0000000083600000| Untracked 
|  55|0x0000000083700000, 0x0000000083700000, 0x0000000083800000|  0%| F|  |TAMS 0x0000000083700000, 0x0000000083700000| Untracked 
|  56|0x0000000083800000, 0x0000000083800000, 0x0000000083900000|  0%| F|  |TAMS 0x0000000083800000, 0x0000000083800000| Untracked 
|  57|0x0000000083900000, 0x0000000083900000, 0x0000000083a00000|  0%| F|  |TAMS 0x0000000083900000, 0x0000000083900000| Untracked 
|  58|0x0000000083a00000, 0x0000000083a00000, 0x0000000083b00000|  0%| F|  |TAMS 0x0000000083a00000, 0x0000000083a00000| Untracked 
|  59|0x0000000083b00000, 0x0000000083b00000, 0x0000000083c00000|  0%| F|  |TAMS 0x0000000083b00000, 0x0000000083b00000| Untracked 
|  60|0x0000000083c00000, 0x0000000083c00000, 0x0000000083d00000|  0%| F|  |TAMS 0x0000000083c00000, 0x0000000083c00000| Untracked 
|  61|0x0000000083d00000, 0x0000000083d00000, 0x0000000083e00000|  0%| F|  |TAMS 0x0000000083d00000, 0x0000000083d00000| Untracked 
|  62|0x0000000083e00000, 0x0000000083e00000, 0x0000000083f00000|  0%| F|  |TAMS 0x0000000083e00000, 0x0000000083e00000| Untracked 
|  63|0x0000000083f00000, 0x0000000083f00000, 0x0000000084000000|  0%| F|  |TAMS 0x0000000083f00000, 0x0000000083f00000| Untracked 
|  64|0x0000000084000000, 0x0000000084000000, 0x0000000084100000|  0%| F|  |TAMS 0x0000000084000000, 0x0000000084000000| Untracked 
|  65|0x0000000084100000, 0x0000000084100000, 0x0000000084200000|  0%| F|  |TAMS 0x0000000084100000, 0x0000000084100000| Untracked 
|  66|0x0000000084200000, 0x0000000084200000, 0x0000000084300000|  0%| F|  |TAMS 0x0000000084200000, 0x0000000084200000| Untracked 
|  67|0x0000000084300000, 0x0000000084300000, 0x0000000084400000|  0%| F|  |TAMS 0x0000000084300000, 0x0000000084300000| Untracked 
|  68|0x0000000084400000, 0x0000000084479bb0, 0x0000000084500000| 47%| S|CS|TAMS 0x0000000084400000, 0x0000000084400000| Complete 
|  69|0x0000000084500000, 0x0000000084600000, 0x0000000084600000|100%| S|CS|TAMS 0x0000000084500000, 0x0000000084500000| Complete 
|  70|0x0000000084600000, 0x0000000084600000, 0x0000000084700000|  0%| F|  |TAMS 0x0000000084600000, 0x0000000084600000| Untracked 
|  71|0x0000000084700000, 0x0000000084700800, 0x0000000084800000|  0%| E|  |TAMS 0x0000000084700000, 0x0000000084700000| Complete 
|  72|0x0000000084800000, 0x0000000084900000, 0x0000000084900000|100%| E|CS|TAMS 0x0000000084800000, 0x0000000084800000| Complete 
|  73|0x0000000084900000, 0x0000000084a00000, 0x0000000084a00000|100%| E|CS|TAMS 0x0000000084900000, 0x0000000084900000| Complete 
|  74|0x0000000084a00000, 0x0000000084b00000, 0x0000000084b00000|100%| E|CS|TAMS 0x0000000084a00000, 0x0000000084a00000| Complete 
|  75|0x0000000084b00000, 0x0000000084c00000, 0x0000000084c00000|100%| E|CS|TAMS 0x0000000084b00000, 0x0000000084b00000| Complete 
|  76|0x0000000084c00000, 0x0000000084d00000, 0x0000000084d00000|100%| E|CS|TAMS 0x0000000084c00000, 0x0000000084c00000| Complete 
|  77|0x0000000084d00000, 0x0000000084e00000, 0x0000000084e00000|100%| E|CS|TAMS 0x0000000084d00000, 0x0000000084d00000| Complete 
|  78|0x0000000084e00000, 0x0000000084f00000, 0x0000000084f00000|100%| E|CS|TAMS 0x0000000084e00000, 0x0000000084e00000| Complete 
|  79|0x0000000084f00000, 0x0000000085000000, 0x0000000085000000|100%| E|CS|TAMS 0x0000000084f00000, 0x0000000084f00000| Complete 

Card table byte_map: [0x000001a47dad0000,0x000001a47ded0000] _byte_map_base: 0x000001a47d6d0000

Marking Bits (Prev, Next): (CMBitMap*) 0x000001a47d66c3e0, (CMBitMap*) 0x000001a47d66c3a0
 Prev Bits: [0x000001a414400000, 0x000001a416400000)
 Next Bits: [0x000001a412400000, 0x000001a414400000)

Polling page: 0x000001a47b590000

Metaspace:

Usage:
  Non-class:     53.25 MB used.
      Class:      8.08 MB used.
       Both:     61.33 MB used.

Virtual space:
  Non-class space:       56.00 MB reserved,      53.50 MB ( 96%) committed,  7 nodes.
      Class space:        1.00 GB reserved,       8.38 MB ( <1%) committed,  1 nodes.
             Both:        1.05 GB reserved,      61.88 MB (  6%) committed. 

Chunk freelists:
   Non-Class:  2.53 MB
       Class:  3.62 MB
        Both:  6.15 MB

MaxMetaspaceSize: unlimited
CompressedClassSpaceSize: 1.00 GB
Initial GC threshold: 21.00 MB
Current GC threshold: 95.62 MB
CDS: off
MetaspaceReclaimPolicy: balanced
 - commit_granule_bytes: 65536.
 - commit_granule_words: 8192.
 - virtual_space_node_default_size: 1048576.
 - enlarge_chunks_in_place: 1.
 - new_chunks_are_fully_committed: 0.
 - uncommit_free_chunks: 1.
 - use_allocation_guard: 0.
 - handle_deallocations: 1.


Internal statistics:

num_allocs_failed_limit: 6.
num_arena_births: 588.
num_arena_deaths: 0.
num_vsnodes_births: 8.
num_vsnodes_deaths: 0.
num_space_committed: 990.
num_space_uncommitted: 0.
num_chunks_returned_to_freelist: 6.
num_chunks_taken_from_freelist: 2564.
num_chunk_merges: 6.
num_chunk_splits: 1723.
num_chunks_enlarged: 1185.
num_purges: 0.
num_inconsistent_stats: 0.

CodeHeap 'non-profiled nmethods': size=120000Kb used=2876Kb max_used=3294Kb free=117123Kb
 bounds [0x000001a40aed0000, 0x000001a40b210000, 0x000001a412400000]
CodeHeap 'profiled nmethods': size=120000Kb used=10648Kb max_used=11738Kb free=109351Kb
 bounds [0x000001a403400000, 0x000001a403f80000, 0x000001a40a930000]
CodeHeap 'non-nmethods': size=5760Kb used=2350Kb max_used=2389Kb free=3409Kb
 bounds [0x000001a40a930000, 0x000001a40aba0000, 0x000001a40aed0000]
 total_blobs=6438 nmethods=5575 adapters=775
 compilation: enabled
              stopped_count=0, restarted_count=0
 full_count=0

Compilation events (20 events):
Event: 36.769 Thread 0x000001a47f12bd30 nmethod 6332% 0x000001a40af3e410 code [0x000001a40af3e5a0, 0x000001a40af3eb78]
Event: 36.769 Thread 0x000001a47f12bd30 6310 %     4       sun.security.util.ManifestDigester::findSection @ 27 (181 bytes)
Event: 36.771 Thread 0x000001a47f12bd30 nmethod 6310% 0x000001a40b0af390 code [0x000001a40b0af520, 0x000001a40b0af858]
Event: 36.771 Thread 0x000001a47f12bd30 6328       4       java.math.BigInteger::implMulAdd (81 bytes)
Event: 36.775 Thread 0x000001a47f12bd30 nmethod 6328 0x000001a40af3df10 code [0x000001a40af3e080, 0x000001a40af3e2f8]
Event: 36.775 Thread 0x000001a47f12bd30 6386       4       sun.security.util.ManifestDigester::findSection (181 bytes)
Event: 36.777 Thread 0x000001a47f12c6e0 6387       2       sun.security.util.DerValue::toDigit (51 bytes)
Event: 36.777 Thread 0x000001a47f12bd30 nmethod 6386 0x000001a40b0aed10 code [0x000001a40b0aeea0, 0x000001a40b0af158]
Event: 36.778 Thread 0x000001a47f12c6e0 nmethod 6387 0x000001a403425390 code [0x000001a403425580, 0x000001a4034258a8]
Event: 36.778 Thread 0x000001a47f12bd30 6376 %     4       java.math.BigInteger::implMultiplyToLen @ 135 (216 bytes)
Event: 36.778 Thread 0x000001a47f12c6e0 6388       3       sun.security.util.DerValue::getOID (76 bytes)
Event: 36.778 Thread 0x000001a47f12c6e0 nmethod 6388 0x000001a403424710 code [0x000001a403424960, 0x000001a4034250b8]
Event: 36.778 Thread 0x000001a47f12c6e0 6389       3       sun.security.util.ObjectIdentifier::check (80 bytes)
Event: 36.779 Thread 0x000001a47f12c6e0 nmethod 6389 0x000001a4034e2290 code [0x000001a4034e2460, 0x000001a4034e28f8]
Event: 36.779 Thread 0x000001a47f12c6e0 6390       3       java.util.concurrent.ConcurrentHashMap::isEmpty (15 bytes)
Event: 36.780 Thread 0x000001a47f12c6e0 nmethod 6390 0x000001a403424090 code [0x000001a403424240, 0x000001a4034243e8]
Event: 36.780 Thread 0x000001a47f12c6e0 6391       3       java.util.Date::<init> (10 bytes)
Event: 36.780 Thread 0x000001a47f12c6e0 nmethod 6391 0x000001a4034e1e90 code [0x000001a4034e2020, 0x000001a4034e2198]
Event: 36.780 Thread 0x000001a47f12c6e0 6392       3       java.lang.StringBuilder::charAt (6 bytes)
Event: 36.780 Thread 0x000001a47f12c6e0 nmethod 6392 0x000001a403d5fa90 code [0x000001a403d5fc20, 0x000001a403d5fd68]

GC Heap History (20 events):
Event: 30.086 GC heap before
{Heap before GC invocations=23 (full 0):
 garbage-first heap   total 63488K, used 46940K [0x0000000080000000, 0x0000000100000000)
  region size 1024K, 15 young (15360K), 3 survivors (3072K)
 Metaspace       used 52052K, committed 52480K, reserved 1097728K
  class space    used 6858K, committed 7040K, reserved 1048576K
}
Event: 30.090 GC heap after
{Heap after GC invocations=24 (full 0):
 garbage-first heap   total 63488K, used 38010K [0x0000000080000000, 0x0000000100000000)
  region size 1024K, 2 young (2048K), 2 survivors (2048K)
 Metaspace       used 52052K, committed 52480K, reserved 1097728K
  class space    used 6858K, committed 7040K, reserved 1048576K
}
Event: 30.189 GC heap before
{Heap before GC invocations=25 (full 0):
 garbage-first heap   total 68608K, used 40058K [0x0000000080000000, 0x0000000100000000)
  region size 1024K, 4 young (4096K), 2 survivors (2048K)
 Metaspace       used 52138K, committed 52544K, reserved 1097728K
  class space    used 6865K, committed 7040K, reserved 1048576K
}
Event: 30.192 GC heap after
{Heap after GC invocations=26 (full 0):
 garbage-first heap   total 68608K, used 40142K [0x0000000080000000, 0x0000000100000000)
  region size 1024K, 2 young (2048K), 2 survivors (2048K)
 Metaspace       used 52138K, committed 52544K, reserved 1097728K
  class space    used 6865K, committed 7040K, reserved 1048576K
}
Event: 30.385 GC heap before
{Heap before GC invocations=27 (full 0):
 garbage-first heap   total 71680K, used 43214K [0x0000000080000000, 0x0000000100000000)
  region size 1024K, 6 young (6144K), 2 survivors (2048K)
 Metaspace       used 52148K, committed 52608K, reserved 1097728K
  class space    used 6865K, committed 7040K, reserved 1048576K
}
Event: 30.388 GC heap after
{Heap after GC invocations=28 (full 0):
 garbage-first heap   total 71680K, used 43862K [0x0000000080000000, 0x0000000100000000)
  region size 1024K, 2 young (2048K), 2 survivors (2048K)
 Metaspace       used 52148K, committed 52608K, reserved 1097728K
  class space    used 6865K, committed 7040K, reserved 1048576K
}
Event: 30.795 GC heap before
{Heap before GC invocations=29 (full 0):
 garbage-first heap   total 76800K, used 52054K [0x0000000080000000, 0x0000000100000000)
  region size 1024K, 10 young (10240K), 2 survivors (2048K)
 Metaspace       used 53056K, committed 53504K, reserved 1097728K
  class space    used 6975K, committed 7168K, reserved 1048576K
}
Event: 30.797 GC heap after
{Heap after GC invocations=30 (full 0):
 garbage-first heap   total 76800K, used 45741K [0x0000000080000000, 0x0000000100000000)
  region size 1024K, 2 young (2048K), 2 survivors (2048K)
 Metaspace       used 53056K, committed 53504K, reserved 1097728K
  class space    used 6975K, committed 7168K, reserved 1048576K
}
Event: 31.000 GC heap before
{Heap before GC invocations=30 (full 0):
 garbage-first heap   total 76800K, used 53933K [0x0000000080000000, 0x0000000100000000)
  region size 1024K, 11 young (11264K), 2 survivors (2048K)
 Metaspace       used 54219K, committed 54656K, reserved 1097728K
  class space    used 7151K, committed 7360K, reserved 1048576K
}
Event: 31.002 GC heap after
{Heap after GC invocations=31 (full 0):
 garbage-first heap   total 76800K, used 46331K [0x0000000080000000, 0x0000000100000000)
  region size 1024K, 1 young (1024K), 1 survivors (1024K)
 Metaspace       used 54219K, committed 54656K, reserved 1097728K
  class space    used 7151K, committed 7360K, reserved 1048576K
}
Event: 31.962 GC heap before
{Heap before GC invocations=32 (full 0):
 garbage-first heap   total 81920K, used 55547K [0x0000000080000000, 0x0000000100000000)
  region size 1024K, 11 young (11264K), 1 survivors (1024K)
 Metaspace       used 55648K, committed 56128K, reserved 1097728K
  class space    used 7357K, committed 7552K, reserved 1048576K
}
Event: 31.964 GC heap after
{Heap after GC invocations=33 (full 0):
 garbage-first heap   total 81920K, used 46811K [0x0000000080000000, 0x0000000100000000)
  region size 1024K, 1 young (1024K), 1 survivors (1024K)
 Metaspace       used 55648K, committed 56128K, reserved 1097728K
  class space    used 7357K, committed 7552K, reserved 1048576K
}
Event: 32.432 GC heap before
{Heap before GC invocations=33 (full 0):
 garbage-first heap   total 81920K, used 60123K [0x0000000080000000, 0x0000000100000000)
  region size 1024K, 14 young (14336K), 1 survivors (1024K)
 Metaspace       used 58142K, committed 58624K, reserved 1105920K
  class space    used 7647K, committed 7872K, reserved 1048576K
}
Event: 32.436 GC heap after
{Heap after GC invocations=34 (full 0):
 garbage-first heap   total 81920K, used 47153K [0x0000000080000000, 0x0000000100000000)
  region size 1024K, 2 young (2048K), 2 survivors (2048K)
 Metaspace       used 58142K, committed 58624K, reserved 1105920K
  class space    used 7647K, committed 7872K, reserved 1048576K
}
Event: 35.011 GC heap before
{Heap before GC invocations=35 (full 0):
 garbage-first heap   total 81920K, used 61489K [0x0000000080000000, 0x0000000100000000)
  region size 1024K, 16 young (16384K), 2 survivors (2048K)
 Metaspace       used 60673K, committed 61120K, reserved 1105920K
  class space    used 8012K, committed 8192K, reserved 1048576K
}
Event: 35.015 GC heap after
{Heap after GC invocations=36 (full 0):
 garbage-first heap   total 81920K, used 48121K [0x0000000080000000, 0x0000000100000000)
  region size 1024K, 2 young (2048K), 2 survivors (2048K)
 Metaspace       used 60673K, committed 61120K, reserved 1105920K
  class space    used 8012K, committed 8192K, reserved 1048576K
}
Event: 36.451 GC heap before
{Heap before GC invocations=36 (full 0):
 garbage-first heap   total 81920K, used 50169K [0x0000000080000000, 0x0000000100000000)
  region size 1024K, 4 young (4096K), 2 survivors (2048K)
 Metaspace       used 60862K, committed 61376K, reserved 1105920K
  class space    used 8047K, committed 8256K, reserved 1048576K
}
Event: 36.454 GC heap after
{Heap after GC invocations=37 (full 0):
 garbage-first heap   total 81920K, used 47632K [0x0000000080000000, 0x0000000100000000)
  region size 1024K, 1 young (1024K), 1 survivors (1024K)
 Metaspace       used 60862K, committed 61376K, reserved 1105920K
  class space    used 8047K, committed 8256K, reserved 1048576K
}
Event: 36.721 GC heap before
{Heap before GC invocations=37 (full 0):
 garbage-first heap   total 81920K, used 54800K [0x0000000080000000, 0x0000000100000000)
  region size 1024K, 10 young (10240K), 1 survivors (1024K)
 Metaspace       used 62797K, committed 63360K, reserved 1105920K
  class space    used 8277K, committed 8576K, reserved 1048576K
}
Event: 36.724 GC heap after
{Heap after GC invocations=38 (full 0):
 garbage-first heap   total 81920K, used 48835K [0x0000000080000000, 0x0000000100000000)
  region size 1024K, 2 young (2048K), 2 survivors (2048K)
 Metaspace       used 62797K, committed 63360K, reserved 1105920K
  class space    used 8277K, committed 8576K, reserved 1048576K
}

Dll operation events (2 events):
Event: 0.024 Loaded shared library C:\Program Files\Android\Android Studio\jbr\bin\java.dll
Event: 0.570 Loaded shared library C:\Program Files\Android\Android Studio\jbr\bin\verify.dll

Deoptimization events (20 events):
Event: 36.772 Thread 0x000001a47fa5e480 DEOPT PACKING pc=0x000001a403cd9880 sp=0x0000001af01f2eb0
Event: 36.772 Thread 0x000001a47fa5e480 DEOPT UNPACKING pc=0x000001a40a98ace3 sp=0x0000001af01f2320 mode 0
Event: 36.772 Thread 0x000001a47fa5e480 DEOPT PACKING pc=0x000001a403cd9880 sp=0x0000001af01f2eb0
Event: 36.772 Thread 0x000001a47fa5e480 DEOPT UNPACKING pc=0x000001a40a98ace3 sp=0x0000001af01f2320 mode 0
Event: 36.772 Thread 0x000001a47fa5e480 DEOPT PACKING pc=0x000001a403cd9880 sp=0x0000001af01f2eb0
Event: 36.772 Thread 0x000001a47fa5e480 DEOPT UNPACKING pc=0x000001a40a98ace3 sp=0x0000001af01f2320 mode 0
Event: 36.772 Thread 0x000001a47fa5e480 DEOPT PACKING pc=0x000001a403cd9880 sp=0x0000001af01f2eb0
Event: 36.772 Thread 0x000001a47fa5e480 DEOPT UNPACKING pc=0x000001a40a98ace3 sp=0x0000001af01f2320 mode 0
Event: 36.773 Thread 0x000001a47fa5e480 DEOPT PACKING pc=0x000001a403cd9880 sp=0x0000001af01f2eb0
Event: 36.773 Thread 0x000001a47fa5e480 DEOPT UNPACKING pc=0x000001a40a98ace3 sp=0x0000001af01f2320 mode 0
Event: 36.773 Thread 0x000001a47fa5e480 DEOPT PACKING pc=0x000001a403cd9880 sp=0x0000001af01f2eb0
Event: 36.773 Thread 0x000001a47fa5e480 DEOPT UNPACKING pc=0x000001a40a98ace3 sp=0x0000001af01f2320 mode 0
Event: 36.773 Thread 0x000001a47fa5e480 DEOPT PACKING pc=0x000001a403cd9880 sp=0x0000001af01f2eb0
Event: 36.773 Thread 0x000001a47fa5e480 DEOPT UNPACKING pc=0x000001a40a98ace3 sp=0x0000001af01f2320 mode 0
Event: 36.774 Thread 0x000001a47fa5e480 Uncommon trap: trap_request=0xffffff45 fr.pc=0x000001a40b1a1548 relative=0x00000000000002a8
Event: 36.774 Thread 0x000001a47fa5e480 Uncommon trap: reason=unstable_if action=reinterpret pc=0x000001a40b1a1548 method=java.util.LinkedHashMap.get(Ljava/lang/Object;)Ljava/lang/Object; @ 16 c2
Event: 36.774 Thread 0x000001a47fa5e480 DEOPT PACKING pc=0x000001a40b1a1548 sp=0x0000001af01f2a80
Event: 36.774 Thread 0x000001a47fa5e480 DEOPT UNPACKING pc=0x000001a40a98a1a3 sp=0x0000001af01f2a38 mode 2
Event: 36.780 Thread 0x000001a47fa5e480 DEOPT PACKING pc=0x000001a40371d0c9 sp=0x0000001af01f2890
Event: 36.780 Thread 0x000001a47fa5e480 DEOPT UNPACKING pc=0x000001a40a98ace3 sp=0x0000001af01f1d08 mode 0

Classes unloaded (0 events):
No events

Classes redefined (0 events):
No events

Internal exceptions (20 events):
Event: 30.030 Thread 0x000001a47fa5e480 Exception <a 'java/lang/NoSuchMethodError'{0x0000000083319e88}: 'long java.lang.invoke.DirectMethodHandle$Holder.invokeVirtual(java.lang.Object, java.lang.Object)'> (0x0000000083319e88) 
thrown [s\src\hotspot\share\interpreter\linkResolver.cpp, line 771]
Event: 30.042 Thread 0x000001a418fe1f80 Exception <a 'java/lang/NoSuchMethodError'{0x000000008334fad0}: static Lorg/gradle/internal/build/event/types/DefaultOperationFinishedProgressEvent;.<clinit>()V> (0x000000008334fad0) 
thrown [s\src\hotspot\share\prims\jni.cpp, line 1108]
Event: 30.047 Thread 0x000001a418fe1f80 Exception <a 'java/lang/NoSuchMethodError'{0x00000000833785a0}: static Lorg/gradle/internal/build/event/types/DefaultProjectConfigurationSuccessResult;.<clinit>()V> (0x00000000833785a0) 
thrown [s\src\hotspot\share\prims\jni.cpp, line 1108]
Event: 30.047 Thread 0x000001a418fe1f80 Exception <a 'java/lang/NoSuchMethodError'{0x0000000083379b20}: static Lorg/gradle/internal/build/event/types/AbstractProjectConfigurationResult;.<clinit>()V> (0x0000000083379b20) 
thrown [s\src\hotspot\share\prims\jni.cpp, line 1108]
Event: 30.047 Thread 0x000001a418fe1f80 Exception <a 'java/lang/NoSuchMethodError'{0x000000008337b278}: static Lorg/gradle/internal/build/event/types/AbstractOperationResult;.<clinit>()V> (0x000000008337b278) 
thrown [s\src\hotspot\share\prims\jni.cpp, line 1108]
Event: 30.047 Thread 0x000001a418fe1f80 Exception <a 'java/lang/NoSuchMethodError'{0x000000008337c6f0}: static Lorg/gradle/internal/build/event/types/AbstractResult;.<clinit>()V> (0x000000008337c6f0) 
thrown [s\src\hotspot\share\prims\jni.cpp, line 1108]
Event: 30.049 Thread 0x000001a418fe1f80 Exception <a 'java/lang/NoSuchMethodError'{0x00000000833944c0}: static Lorg/gradle/internal/build/event/types/DefaultPluginApplicationResult;.<clinit>()V> (0x00000000833944c0) 
thrown [s\src\hotspot\share\prims\jni.cpp, line 1108]
Event: 30.050 Thread 0x000001a418fe1f80 Exception <a 'java/lang/NoSuchMethodError'{0x00000000833e41a0}: static Lorg/gradle/internal/build/event/types/DefaultBinaryPluginIdentifier;.<clinit>()V> (0x00000000833e41a0) 
thrown [s\src\hotspot\share\prims\jni.cpp, line 1108]
Event: 30.052 Thread 0x000001a418fe1f80 Exception <a 'java/lang/NoSuchMethodError'{0x00000000833fc288}: static Lorg/gradle/internal/build/event/types/DefaultScriptPluginIdentifier;.<clinit>()V> (0x00000000833fc288) 
thrown [s\src\hotspot\share\prims\jni.cpp, line 1108]
Event: 30.074 Thread 0x000001a47fa5e480 Exception <a 'java/lang/ClassNotFoundException'{0x0000000083242ec0}: build_8mgtjbasrtjy4mctwuxws4l6nBeanInfo> (0x0000000083242ec0) 
thrown [s\src\hotspot\share\classfile\systemDictionary.cpp, line 256]
Event: 30.075 Thread 0x000001a47fa5e480 Exception <a 'java/lang/ClassNotFoundException'{0x00000000832496f8}: build_8mgtjbasrtjy4mctwuxws4l6nCustomizer> (0x00000000832496f8) 
thrown [s\src\hotspot\share\classfile\systemDictionary.cpp, line 256]
Event: 30.650 Thread 0x000001a47fa5e480 Exception <a 'java/lang/ClassNotFoundException'{0x0000000084953ca8}: org/gradle/api/internal/plugins/DefaultObjectConfigurationActionBeanInfo> (0x0000000084953ca8) 
thrown [s\src\hotspot\share\classfile\systemDictionary.cpp, line 256]
Event: 30.652 Thread 0x000001a47fa5e480 Exception <a 'java/lang/ClassNotFoundException'{0x0000000084966280}: org/gradle/api/internal/plugins/DefaultObjectConfigurationActionCustomizer> (0x0000000084966280) 
thrown [s\src\hotspot\share\classfile\systemDictionary.cpp, line 256]
Event: 30.893 Thread 0x000001a47fa5e480 Exception <a 'java/lang/NoSuchMethodError'{0x000000008451c0f0}: 'java.lang.Object java.lang.invoke.DirectMethodHandle$Holder.newInvokeSpecial(java.lang.Object, java.lang.Object, java.lang.Object, java.lang.Object, int)'> (0x000000008451c0f0) 
thrown [s\src\hotspot\share\interpreter\linkResolver.cpp, line 771]
Event: 30.893 Thread 0x000001a47fa5e480 Exception <a 'java/lang/NoSuchMethodError'{0x0000000084521290}: 'java.lang.Object java.lang.invoke.DirectMethodHandle$Holder.invokeSpecial(java.lang.Object, java.lang.Object, java.lang.Object, java.lang.Object, java.lang.Object, int)'> (0x0000000084521290) 
thrown [s\src\hotspot\share\interpreter\linkResolver.cpp, line 771]
Event: 30.894 Thread 0x000001a47fa5e480 Exception <a 'java/lang/NoSuchMethodError'{0x0000000084526020}: 'java.lang.Object java.lang.invoke.Invokers$Holder.linkToTargetMethod(java.lang.Object, java.lang.Object, java.lang.Object, int, java.lang.Object)'> (0x0000000084526020) 
thrown [s\src\hotspot\share\interpreter\linkResolver.cpp, line 771]
Event: 31.971 Thread 0x000001a47fa5e480 Exception <a 'java/lang/NoSuchMethodError'{0x0000000084f15290}: 'int java.lang.invoke.DirectMethodHandle$Holder.invokeInterface(java.lang.Object, java.lang.Object, java.lang.Object, java.lang.Object)'> (0x0000000084f15290) 
thrown [s\src\hotspot\share\interpreter\linkResolver.cpp, line 771]
Event: 33.390 Thread 0x000001a47fa5e480 Exception <a 'java/lang/IncompatibleClassChangeError'{0x00000000844654e0}: Found class java.lang.Object, but interface was expected> (0x00000000844654e0) 
thrown [s\src\hotspot\share\interpreter\linkResolver.cpp, line 838]
Event: 34.715 Thread 0x000001a47fa5e480 Implicit null exception at 0x000001a40b1ddb59 to 0x000001a40b1ddcf4
Event: 36.646 Thread 0x000001a47fa5e480 Implicit null exception at 0x000001a40b07798c to 0x000001a40b077abe

VM Operations (20 events):
Event: 32.436 Executing VM operation: G1CollectForAllocation done
Event: 32.500 Executing VM operation: G1Concurrent
Event: 32.504 Executing VM operation: G1Concurrent done
Event: 32.529 Executing VM operation: G1Concurrent
Event: 32.531 Executing VM operation: G1Concurrent done
Event: 34.537 Executing VM operation: Cleanup
Event: 34.617 Executing VM operation: Cleanup done
Event: 35.011 Executing VM operation: G1CollectForAllocation
Event: 35.015 Executing VM operation: G1CollectForAllocation done
Event: 36.022 Executing VM operation: Cleanup
Event: 36.022 Executing VM operation: Cleanup done
Event: 36.451 Executing VM operation: G1CollectForAllocation
Event: 36.454 Executing VM operation: G1CollectForAllocation done
Event: 36.618 Executing VM operation: HandshakeAllThreads
Event: 36.618 Executing VM operation: HandshakeAllThreads done
Event: 36.653 Executing VM operation: HandshakeAllThreads
Event: 36.653 Executing VM operation: HandshakeAllThreads done
Event: 36.721 Executing VM operation: G1TryInitiateConcMark
Event: 36.725 Executing VM operation: G1TryInitiateConcMark done
Event: 36.780 Executing VM operation: G1Concurrent

Events (20 events):
Event: 36.677 loading class java/security/cert/CertPathValidatorException$BasicReason
Event: 36.677 loading class java/security/cert/CertPathValidatorException$Reason
Event: 36.677 loading class java/security/cert/CertPathValidatorException$Reason done
Event: 36.677 loading class java/security/cert/CertPathValidatorException$BasicReason done
Event: 36.677 loading class java/security/SignatureException
Event: 36.677 loading class java/security/SignatureException done
Event: 36.681 loading class sun/security/rsa/RSASignature$SHA256withRSA
Event: 36.681 loading class sun/security/rsa/RSASignature$SHA256withRSA done
Event: 36.682 loading class sun/security/provider/DSA$SHA256withDSA
Event: 36.682 loading class sun/security/provider/DSA$SHA256withDSA done
Event: 36.714 loading class java/util/Base64
Event: 36.715 loading class java/util/Base64 done
Event: 36.715 loading class java/util/Base64$Decoder
Event: 36.715 loading class java/util/Base64$Decoder done
Event: 36.715 loading class java/util/Base64$Encoder
Event: 36.715 loading class java/util/Base64$Encoder done
Event: 36.716 loading class java/util/jar/JarVerifier$VerifierStream
Event: 36.716 loading class java/util/jar/JarVerifier$VerifierStream done
Event: 36.717 loading class sun/security/util/ManifestEntryVerifier$SunProviderHolder
Event: 36.717 loading class sun/security/util/ManifestEntryVerifier$SunProviderHolder done


Dynamic libraries:
0x00007ff7fddf0000 - 0x00007ff7fddfa000 	C:\Program Files\Android\Android Studio\jbr\bin\java.exe
0x00007ff964650000 - 0x00007ff964867000 	C:\Windows\SYSTEM32\ntdll.dll
0x00007ff962ca0000 - 0x00007ff962d64000 	C:\Windows\System32\KERNEL32.DLL
0x00007ff961c50000 - 0x00007ff961ffd000 	C:\Windows\System32\KERNELBASE.dll
0x00007ff962080000 - 0x00007ff962191000 	C:\Windows\System32\ucrtbase.dll
0x00007ff951c80000 - 0x00007ff951c9b000 	C:\Program Files\Android\Android Studio\jbr\bin\VCRUNTIME140.dll
0x00007ff951ca0000 - 0x00007ff951cb7000 	C:\Program Files\Android\Android Studio\jbr\bin\jli.dll
0x00007ff962af0000 - 0x00007ff962c9e000 	C:\Windows\System32\USER32.dll
0x00007ff9621a0000 - 0x00007ff9621c6000 	C:\Windows\System32\win32u.dll
0x00007ff952c00000 - 0x00007ff952e93000 	C:\Windows\WinSxS\amd64_microsoft.windows.common-controls_6595b64144ccf1df_6.0.22621.3672_none_2713b9d173822955\COMCTL32.dll
0x00007ff9645e0000 - 0x00007ff964609000 	C:\Windows\System32\GDI32.dll
0x00007ff963fb0000 - 0x00007ff964057000 	C:\Windows\System32\msvcrt.dll
0x00007ff9621d0000 - 0x00007ff9622e9000 	C:\Windows\System32\gdi32full.dll
0x00007ff9622f0000 - 0x00007ff96238a000 	C:\Windows\System32\msvcp_win.dll
0x00007ff962e50000 - 0x00007ff962e81000 	C:\Windows\System32\IMM32.DLL
0x00007ff951ce0000 - 0x00007ff951cec000 	C:\Program Files\Android\Android Studio\jbr\bin\vcruntime140_1.dll
0x00007ff9198f0000 - 0x00007ff91997d000 	C:\Program Files\Android\Android Studio\jbr\bin\msvcp140.dll
0x00007ff90db20000 - 0x00007ff90e78d000 	C:\Program Files\Android\Android Studio\jbr\bin\server\jvm.dll
0x00007ff9628f0000 - 0x00007ff9629a2000 	C:\Windows\System32\ADVAPI32.dll
0x00007ff962ef0000 - 0x00007ff962f99000 	C:\Windows\System32\sechost.dll
0x00007ff961c20000 - 0x00007ff961c48000 	C:\Windows\System32\bcrypt.dll
0x00007ff9641f0000 - 0x00007ff964304000 	C:\Windows\System32\RPCRT4.dll
0x00007ff958060000 - 0x00007ff958094000 	C:\Windows\SYSTEM32\WINMM.dll
0x00007ff9457d0000 - 0x00007ff9457d9000 	C:\Windows\SYSTEM32\WSOCK32.dll
0x00007ff9543d0000 - 0x00007ff9543da000 	C:\Windows\SYSTEM32\VERSION.dll
0x00007ff9623f0000 - 0x00007ff962461000 	C:\Windows\System32\WS2_32.dll
0x00007ff960a00000 - 0x00007ff960a18000 	C:\Windows\SYSTEM32\kernel.appcore.dll
0x00007ff95bfe0000 - 0x00007ff95bfea000 	C:\Program Files\Android\Android Studio\jbr\bin\jimage.dll
0x00007ff95f400000 - 0x00007ff95f632000 	C:\Windows\SYSTEM32\DBGHELP.DLL
0x00007ff962470000 - 0x00007ff9627f8000 	C:\Windows\System32\combase.dll
0x00007ff962810000 - 0x00007ff9628e7000 	C:\Windows\System32\OLEAUT32.dll
0x00007ff93e520000 - 0x00007ff93e552000 	C:\Windows\SYSTEM32\dbgcore.DLL
0x00007ff962000000 - 0x00007ff96207b000 	C:\Windows\System32\bcryptPrimitives.dll
0x00007ff951ac0000 - 0x00007ff951ae5000 	C:\Program Files\Android\Android Studio\jbr\bin\java.dll
0x00007ff958140000 - 0x00007ff958158000 	C:\Program Files\Android\Android Studio\jbr\bin\zip.dll
0x00007ff962fa0000 - 0x00007ff9637ff000 	C:\Windows\System32\SHELL32.dll
0x00007ff95f880000 - 0x00007ff96017c000 	C:\Windows\SYSTEM32\windows.storage.dll
0x00007ff95f740000 - 0x00007ff95f87f000 	C:\Windows\SYSTEM32\wintypes.dll
0x00007ff9629d0000 - 0x00007ff962ac4000 	C:\Windows\System32\SHCORE.dll
0x00007ff962390000 - 0x00007ff9623ee000 	C:\Windows\System32\shlwapi.dll
0x00007ff9618b0000 - 0x00007ff9618d1000 	C:\Windows\SYSTEM32\profapi.dll
0x00007ff951c60000 - 0x00007ff951c79000 	C:\Program Files\Android\Android Studio\jbr\bin\net.dll
0x00007ff95b920000 - 0x00007ff95ba56000 	C:\Windows\SYSTEM32\WINHTTP.dll
0x00007ff960f10000 - 0x00007ff960f79000 	C:\Windows\system32\mswsock.dll
0x00007ff951930000 - 0x00007ff951946000 	C:\Program Files\Android\Android Studio\jbr\bin\nio.dll
0x00007ff959040000 - 0x00007ff959050000 	C:\Program Files\Android\Android Studio\jbr\bin\verify.dll
0x00007ff951cf0000 - 0x00007ff951d17000 	C:\Users\SuportSofh\.gradle\native\68d5fa5c4cc2d200863cafc0d521ce42e7d3e7ee720ec0a83991735586a16f82\windows-amd64\native-platform.dll
0x00007ff912310000 - 0x00007ff912454000 	C:\Users\SuportSofh\.gradle\native\e376f236ea51e6404a007f0833ffe2c6e607c4080706a723a18a27aeea778392\windows-amd64\native-platform-file-events.dll
0x00007ff95b020000 - 0x00007ff95b029000 	C:\Program Files\Android\Android Studio\jbr\bin\management.dll
0x00007ff959170000 - 0x00007ff95917b000 	C:\Program Files\Android\Android Studio\jbr\bin\management_ext.dll
0x00007ff963fa0000 - 0x00007ff963fa8000 	C:\Windows\System32\PSAPI.DLL
0x00007ff961180000 - 0x00007ff96119b000 	C:\Windows\SYSTEM32\CRYPTSP.dll
0x00007ff960950000 - 0x00007ff960985000 	C:\Windows\system32\rsaenh.dll
0x00007ff961010000 - 0x00007ff961038000 	C:\Windows\SYSTEM32\USERENV.dll
0x00007ff961170000 - 0x00007ff96117c000 	C:\Windows\SYSTEM32\CRYPTBASE.dll
0x00007ff9603d0000 - 0x00007ff9603fd000 	C:\Windows\SYSTEM32\IPHLPAPI.DLL
0x00007ff963960000 - 0x00007ff963969000 	C:\Windows\System32\NSI.dll
0x00007ff95bad0000 - 0x00007ff95bae9000 	C:\Windows\SYSTEM32\dhcpcsvc6.DLL
0x00007ff95b900000 - 0x00007ff95b91f000 	C:\Windows\SYSTEM32\dhcpcsvc.DLL
0x00007ff960400000 - 0x00007ff9604f8000 	C:\Windows\SYSTEM32\DNSAPI.dll
0x00007ff958280000 - 0x00007ff958288000 	C:\Windows\system32\wshunix.dll

dbghelp: loaded successfully - version: 4.0.5 - missing functions: none
symbol engine: initialized successfully - sym options: 0x614 - pdb path: .;C:\Program Files\Android\Android Studio\jbr\bin;C:\Windows\SYSTEM32;C:\Windows\WinSxS\amd64_microsoft.windows.common-controls_6595b64144ccf1df_6.0.22621.3672_none_2713b9d173822955;C:\Program Files\Android\Android Studio\jbr\bin\server;C:\Users\SuportSofh\.gradle\native\68d5fa5c4cc2d200863cafc0d521ce42e7d3e7ee720ec0a83991735586a16f82\windows-amd64;C:\Users\SuportSofh\.gradle\native\e376f236ea51e6404a007f0833ffe2c6e607c4080706a723a18a27aeea778392\windows-amd64

VM Arguments:
jvm_args: --add-opens=java.base/java.util=ALL-UNNAMED --add-opens=java.base/java.lang=ALL-UNNAMED --add-opens=java.base/java.lang.invoke=ALL-UNNAMED --add-opens=java.prefs/java.util.prefs=ALL-UNNAMED --add-opens=java.base/java.nio.charset=ALL-UNNAMED --add-opens=java.base/java.net=ALL-UNNAMED --add-opens=java.base/java.util.concurrent.atomic=ALL-UNNAMED -Xmx2048m -Dfile.encoding=UTF-8 -Duser.country=BR -Duser.language=pt -Duser.variant 
java_command: org.gradle.launcher.daemon.bootstrap.GradleDaemon 8.0
java_class_path (initial): C:\Users\SuportSofh\.gradle\wrapper\dists\gradle-8.0-bin\ca5e32bp14vu59qr306oxotwh\gradle-8.0\lib\gradle-launcher-8.0.jar
Launcher Type: SUN_STANDARD

[Global flags]
     intx CICompilerCount                          = 3                                         {product} {ergonomic}
     uint ConcGCThreads                            = 1                                         {product} {ergonomic}
     uint G1ConcRefinementThreads                  = 4                                         {product} {ergonomic}
   size_t G1HeapRegionSize                         = 1048576                                   {product} {ergonomic}
    uintx GCDrainStackTargetSize                   = 64                                        {product} {ergonomic}
   size_t InitialHeapSize                          = 62914560                                  {product} {ergonomic}
   size_t MarkStackSize                            = 4194304                                   {product} {ergonomic}
   size_t MaxHeapSize                              = 2147483648                                {product} {command line}
   size_t MaxNewSize                               = 1287651328                                {product} {ergonomic}
   size_t MinHeapDeltaBytes                        = 1048576                                   {product} {ergonomic}
   size_t MinHeapSize                              = 8388608                                   {product} {ergonomic}
    uintx NonNMethodCodeHeapSize                   = 5832780                                {pd product} {ergonomic}
    uintx NonProfiledCodeHeapSize                  = 122912730                              {pd product} {ergonomic}
    uintx ProfiledCodeHeapSize                     = 122912730                              {pd product} {ergonomic}
    uintx ReservedCodeCacheSize                    = 251658240                              {pd product} {ergonomic}
     bool SegmentedCodeCache                       = true                                      {product} {ergonomic}
   size_t SoftMaxHeapSize                          = 2147483648                             {manageable} {ergonomic}
     bool UseCompressedClassPointers               = true                           {product lp64_product} {ergonomic}
     bool UseCompressedOops                        = true                           {product lp64_product} {ergonomic}
     bool UseG1GC                                  = true                                      {product} {ergonomic}
     bool UseLargePagesIndividualAllocation        = false                                  {pd product} {ergonomic}

Logging:
Log output configuration:
 #0: stdout all=warning uptime,level,tags
 #1: stderr all=off uptime,level,tags

Environment Variables:
JAVA_HOME=C:\Program Files\Android\Android Studio\jbr
PATH=C:\Python27\;C:\Python27\Scripts;C:\Program Files\Espressif\ESP-IDF Tools\mconf-idf;C:\Program Files\Espressif\ESP-IDF Tools\tools\bin;C:\Windows\System32;C:\Program Files (x86)\Common Files\Intel\Shared Libraries\redist\intel64\compiler;C:\Windows\system32;C:\Windows;C:\Windows\System32\Wbem;C:\Windows\System32\WindowsPowerShell\v1.0\;C:\Windows\System32\OpenSSH\;C:\Program Files\Android\Android Studio\jbr\bin\;C:\Program Files\Git\cmd;C:\wamp64\bin\php\php8.1.13;C:\Program Files\Docker\Docker\resources\bin;C:\Program Files\Java\apache-maven-3.9.4\bin;C:\Users\SuportSofh\.m2\repository;C:\Program Files\dotnet\;C:\Program Files\CMake\bin;C:\Users\SuportSofh\Documents\api_backend;C:\ProgramData\ComposerSetup\bin;C:\Program Files\MySQL\MySQL Shell 8.0\bin\;C:\Users\SuportSofh\AppData\Local\Programs\Python\Python311\Scripts\;C:\Users\SuportSofh\AppData\Local\Programs\Python\Python311\;C:\Users\SuportSofh\AppData\Local\Microsoft\WindowsApps;C:\Users\SuportSofh\AppData\Local\Programs\Microsoft VS Code\bin;C:\Program Files\JetBrains\IntelliJ IDEA Community Edition 2023.1.4\bin;;C:\Users\SuportSofh\AppData\Local\GitHubDesktop\bin;C:\Program Files\JetBrains\PyCharm Community Edition 2023.1.4\bin;;C:\Program Files\heroku\bin;C:\Users\SuportSofh\Documents\api_backend;C:\Users\SuportSofh\AppData\Roaming\Composer\vendor\bin
USERNAME=SuportSofh
OS=Windows_NT
PROCESSOR_IDENTIFIER=Intel64 Family 6 Model 140 Stepping 1, GenuineIntel
TMP=C:\Users\SUPORT~1\AppData\Local\Temp
TEMP=C:\Users\SUPORT~1\AppData\Local\Temp



---------------  S Y S T E M  ---------------

OS:
 Windows 11 , 64 bit Build 22621 (10.0.22621.3672)
OS uptime: 0 days 15:22 hours
Hyper-V role detected

CPU: total 4 (initial active 4) (2 cores per cpu, 2 threads per core) family 6 model 140 stepping 1 microcode 0x8a, cx8, cmov, fxsr, ht, mmx, 3dnowpref, sse, sse2, sse3, ssse3, sse4.1, sse4.2, popcnt, lzcnt, tsc, tscinvbit, avx, avx2, aes, erms, clmul, bmi1, bmi2, adx, avx512f, avx512dq, avx512cd, avx512bw, avx512vl, sha, fma, vzeroupper, avx512_vpopcntdq, avx512_vpclmulqdq, avx512_vaes, avx512_vnni, clflush, clflushopt, clwb, avx512_vbmi2, avx512_vbmi, hv

Memory: 4k page, system-wide physical 3819M (102M free)
TotalPageFile size 15595M (AvailPageFile size 13M)
current process WorkingSet (physical memory assigned to process): 174M, peak: 203M
current process commit charge ("private bytes"): 283M, peak: 307M

vm_info: OpenJDK 64-Bit Server VM (17.0.6+0-b2043.56-9586694) for windows-amd64 JRE (17.0.6+0-b2043.56-9586694), built on Feb  9 2023 20:06:20 by "androidbuild" with MS VC++ 16.10 / 16.11 (VS2019)

END.
