#
# There is insufficient memory for the Java Runtime Environment to continue.
# Native memory allocation (malloc) failed to allocate 1633936 bytes for Chunk::new
# Possible reasons:
#   The system is out of physical RAM or swap space
#   The process is running with CompressedOops enabled, and the Java Heap may be blocking the growth of the native heap
# Possible solutions:
#   Reduce memory load on the system
#   Increase physical memory or swap space
#   Check if swap backing store is full
#   Decrease Java heap size (-Xmx/-Xms)
#   Decrease number of Java threads
#   Decrease Java thread stack sizes (-Xss)
#   Set larger code cache with -XX:ReservedCodeCacheSize=
#   JVM is running with Unscaled Compressed Oops mode in which the Java heap is
#     placed in the first 4GB address space. The Java Heap base address is the
#     maximum limit for the native heap growth. Please use -XX:HeapBaseMinAddress
#     to set the Java Heap base and to place the Java Heap above 4GB virtual address.
# This output file may be truncated or incomplete.
#
#  Out of Memory Error (arena.cpp:189), pid=2440, tid=12868
#
# JRE version: OpenJDK Runtime Environment (17.0.6) (build 17.0.6+0-b2043.56-9586694)
# Java VM: OpenJDK 64-Bit Server VM (17.0.6+0-b2043.56-9586694, mixed mode, tiered, compressed oops, compressed class ptrs, g1 gc, windows-amd64)
# No core dump will be written. Minidumps are not enabled by default on client versions of Windows
#

---------------  S U M M A R Y ------------

Command Line: --add-opens=java.base/java.util=ALL-UNNAMED --add-opens=java.base/java.lang=ALL-UNNAMED --add-opens=java.base/java.lang.invoke=ALL-UNNAMED --add-opens=java.prefs/java.util.prefs=ALL-UNNAMED --add-opens=java.base/java.nio.charset=ALL-UNNAMED --add-opens=java.base/java.net=ALL-UNNAMED --add-opens=java.base/java.util.concurrent.atomic=ALL-UNNAMED -Xmx2048m -Dfile.encoding=UTF-8 -Duser.country=BR -Duser.language=pt -Duser.variant org.gradle.launcher.daemon.bootstrap.GradleDaemon 8.0

Host: 11th Gen Intel(R) Core(TM) i3-1115G4 @ 3.00GHz, 4 cores, 3G,  Windows 11 , 64 bit Build 22621 (10.0.22621.2070)
Time: Tue Sep  5 19:14:12 2023 Hora oficial do Brasil elapsed time: 45.171195 seconds (0d 0h 0m 45s)

---------------  T H R E A D  ---------------

Current thread (0x0000016b309bdd60):  JavaThread "C2 CompilerThread0" daemon [_thread_in_native, id=12868, stack(0x0000000d72700000,0x0000000d72800000)]


Current CompileTask:
C2:  45171 6785 %     4       org.gradle.internal.instantiation.generator.AbstractClassGenerator::inspectType @ 207 (560 bytes)

Stack: [0x0000000d72700000,0x0000000d72800000]
Native frames: (J=compiled Java code, j=interpreted, Vv=VM code, C=native code)
V  [jvm.dll+0x683b4a]
V  [jvm.dll+0x842654]
V  [jvm.dll+0x843dfe]
V  [jvm.dll+0x844463]
V  [jvm.dll+0x249b75]
V  [jvm.dll+0xabcac]
V  [jvm.dll+0xac27c]
V  [jvm.dll+0x368802]
V  [jvm.dll+0x332f31]
V  [jvm.dll+0x3323da]
V  [jvm.dll+0x21c201]
V  [jvm.dll+0x21b621]
V  [jvm.dll+0x1a4fdd]
V  [jvm.dll+0x22b098]
V  [jvm.dll+0x229159]
V  [jvm.dll+0x7f809c]
V  [jvm.dll+0x7f25fa]
V  [jvm.dll+0x682985]
C  [ucrtbase.dll+0x29363]
C  [KERNEL32.DLL+0x126ad]
C  [ntdll.dll+0x5aa68]


---------------  P R O C E S S  ---------------

Threads class SMR info:
_java_thread_list=0x0000016b3657f480, length=81, elements={
0x0000016b173da6b0, 0x0000016b30993660, 0x0000016b30996220, 0x0000016b30964bb0,
0x0000016b309ba000, 0x0000016b309bc6d0, 0x0000016b309bd080, 0x0000016b309bdd60,
0x0000016b309c8300, 0x0000016b309ce4f0, 0x0000016b31584410, 0x0000016b3158c910,
0x0000016b324480d0, 0x0000016b32c337f0, 0x0000016b32241ad0, 0x0000016b32c25bd0,
0x0000016b3275a550, 0x0000016b31a01e90, 0x0000016b338b36e0, 0x0000016b32341f50,
0x0000016b323410e0, 0x0000016b32340740, 0x0000016b32342420, 0x0000016b3233f400,
0x0000016b323415b0, 0x0000016b323428f0, 0x0000016b32342dc0, 0x0000016b3233fda0,
0x0000016b32340270, 0x0000016b329e6230, 0x0000016b329e70a0, 0x0000016b329e4080,
0x0000016b329e83e0, 0x0000016b329e5890, 0x0000016b329e3bb0, 0x0000016b329e7f10,
0x0000016b329e88b0, 0x0000016b329e4550, 0x0000016b329e3210, 0x0000016b329e7a40,
0x0000016b329e1530, 0x0000016b329e1ed0, 0x0000016b329e36e0, 0x0000016b329e23a0,
0x0000016b329e4a20, 0x0000016b329e4ef0, 0x0000016b329e53c0, 0x0000016b346ca700,
0x0000016b346c5ed0, 0x0000016b346c5a00, 0x0000016b346c63a0, 0x0000016b346c6870,
0x0000016b346c8a20, 0x0000016b346c6d40, 0x0000016b346c9d60, 0x0000016b346c7210,
0x0000016b346cc3e0, 0x0000016b346ca230, 0x0000016b346c9890, 0x0000016b346cabd0,
0x0000016b346c76e0, 0x0000016b346c7bb0, 0x0000016b346c93c0, 0x0000016b346c5530,
0x0000016b346c8ef0, 0x0000016b346c5060, 0x0000016b346c8080, 0x0000016b346c8550,
0x0000016b346cb0a0, 0x0000016b346cc8b0, 0x0000016b346cb570, 0x0000016b346cba40,
0x0000016b346cbf10, 0x0000016b3186acc0, 0x0000016b31868fe0, 0x0000016b3186e680,
0x0000016b3186c9a0, 0x0000016b3186c000, 0x0000016b3186f4f0, 0x0000016b3186c4d0,
0x0000016b3186d340
}

Java Threads: ( => current thread )
  0x0000016b173da6b0 JavaThread "main" [_thread_blocked, id=772, stack(0x0000000d71a00000,0x0000000d71b00000)]
  0x0000016b30993660 JavaThread "Reference Handler" daemon [_thread_blocked, id=12720, stack(0x0000000d72100000,0x0000000d72200000)]
  0x0000016b30996220 JavaThread "Finalizer" daemon [_thread_blocked, id=19032, stack(0x0000000d72200000,0x0000000d72300000)]
  0x0000016b30964bb0 JavaThread "Signal Dispatcher" daemon [_thread_blocked, id=13704, stack(0x0000000d72300000,0x0000000d72400000)]
  0x0000016b309ba000 JavaThread "Attach Listener" daemon [_thread_blocked, id=13232, stack(0x0000000d72400000,0x0000000d72500000)]
  0x0000016b309bc6d0 JavaThread "Service Thread" daemon [_thread_blocked, id=3160, stack(0x0000000d72500000,0x0000000d72600000)]
  0x0000016b309bd080 JavaThread "Monitor Deflation Thread" daemon [_thread_blocked, id=4436, stack(0x0000000d72600000,0x0000000d72700000)]
=>0x0000016b309bdd60 JavaThread "C2 CompilerThread0" daemon [_thread_in_native, id=12868, stack(0x0000000d72700000,0x0000000d72800000)]
  0x0000016b309c8300 JavaThread "C1 CompilerThread0" daemon [_thread_in_native, id=14424, stack(0x0000000d72800000,0x0000000d72900000)]
  0x0000016b309ce4f0 JavaThread "Sweeper thread" daemon [_thread_blocked, id=1108, stack(0x0000000d72900000,0x0000000d72a00000)]
  0x0000016b31584410 JavaThread "Common-Cleaner" daemon [_thread_blocked, id=10952, stack(0x0000000d72a00000,0x0000000d72b00000)]
  0x0000016b3158c910 JavaThread "Notification Thread" daemon [_thread_blocked, id=9680, stack(0x0000000d72b00000,0x0000000d72c00000)]
  0x0000016b324480d0 JavaThread "Daemon health stats" [_thread_blocked, id=11044, stack(0x0000000d73000000,0x0000000d73100000)]
  0x0000016b32c337f0 JavaThread "Incoming local TCP Connector on port 57143" [_thread_in_native, id=20780, stack(0x0000000d73100000,0x0000000d73200000)]
  0x0000016b32241ad0 JavaThread "Daemon periodic checks" [_thread_blocked, id=11540, stack(0x0000000d73200000,0x0000000d73300000)]
  0x0000016b32c25bd0 JavaThread "Daemon" [_thread_blocked, id=7604, stack(0x0000000d73300000,0x0000000d73400000)]
  0x0000016b3275a550 JavaThread "Handler for socket connection from /127.0.0.1:57143 to /127.0.0.1:57144" [_thread_in_native, id=20708, stack(0x0000000d73400000,0x0000000d73500000)]
  0x0000016b31a01e90 JavaThread "Cancel handler" [_thread_blocked, id=17972, stack(0x0000000d73500000,0x0000000d73600000)]
  0x0000016b338b36e0 JavaThread "Daemon worker" [_thread_in_vm, id=10388, stack(0x0000000d73600000,0x0000000d73700000)]
  0x0000016b32341f50 JavaThread "Asynchronous log dispatcher for DefaultDaemonConnection: socket connection from /127.0.0.1:57143 to /127.0.0.1:57144" [_thread_blocked, id=9868, stack(0x0000000d73700000,0x0000000d73800000)]
  0x0000016b323410e0 JavaThread "Stdin handler" [_thread_blocked, id=9192, stack(0x0000000d73800000,0x0000000d73900000)]
  0x0000016b32340740 JavaThread "Daemon client event forwarder" [_thread_blocked, id=13940, stack(0x0000000d73900000,0x0000000d73a00000)]
  0x0000016b32342420 JavaThread "Cache worker for journal cache (C:\Users\SuportSofh\.gradle\caches\journal-1)" [_thread_blocked, id=2796, stack(0x0000000d73a00000,0x0000000d73b00000)]
  0x0000016b3233f400 JavaThread "File lock request listener" [_thread_in_native, id=7832, stack(0x0000000d73b00000,0x0000000d73c00000)]
  0x0000016b323415b0 JavaThread "Cache worker for file hash cache (C:\Users\SuportSofh\.gradle\caches\8.0\fileHashes)" [_thread_blocked, id=15420, stack(0x0000000d73c00000,0x0000000d73d00000)]
  0x0000016b323428f0 JavaThread "File watcher server" daemon [_thread_in_native, id=7712, stack(0x0000000d73d00000,0x0000000d73e00000)]
  0x0000016b32342dc0 JavaThread "File watcher consumer" daemon [_thread_blocked, id=14372, stack(0x0000000d73e00000,0x0000000d73f00000)]
  0x0000016b3233fda0 JavaThread "Cache worker for checksums cache (C:\AndroidStudio\Mechanic\.gradle\8.0\checksums)" [_thread_blocked, id=12040, stack(0x0000000d73f00000,0x0000000d74000000)]
  0x0000016b32340270 JavaThread "Cache worker for cache directory md-rule (C:\Users\SuportSofh\.gradle\caches\8.0\md-rule)" [_thread_blocked, id=2800, stack(0x0000000d74000000,0x0000000d74100000)]
  0x0000016b329e6230 JavaThread "Cache worker for file content cache (C:\Users\SuportSofh\.gradle\caches\8.0\fileContent)" [_thread_blocked, id=9372, stack(0x0000000d74100000,0x0000000d74200000)]
  0x0000016b329e70a0 JavaThread "Cache worker for file hash cache (C:\AndroidStudio\Mechanic\.gradle\8.0\fileHashes)" [_thread_blocked, id=2768, stack(0x0000000d74200000,0x0000000d74300000)]
  0x0000016b329e4080 JavaThread "Cache worker for cache directory md-supplier (C:\Users\SuportSofh\.gradle\caches\8.0\md-supplier)" [_thread_blocked, id=15588, stack(0x0000000d74300000,0x0000000d74400000)]
  0x0000016b329e83e0 JavaThread "Cache worker for execution history cache (C:\Users\SuportSofh\.gradle\caches\8.0\executionHistory)" [_thread_blocked, id=3724, stack(0x0000000d74400000,0x0000000d74500000)]
  0x0000016b329e5890 JavaThread "jar transforms" [_thread_blocked, id=15548, stack(0x0000000d74500000,0x0000000d74600000)]
  0x0000016b329e3bb0 JavaThread "jar transforms Thread 2" [_thread_blocked, id=21032, stack(0x0000000d74600000,0x0000000d74700000)]
  0x0000016b329e7f10 JavaThread "jar transforms Thread 3" [_thread_blocked, id=15084, stack(0x0000000d74700000,0x0000000d74800000)]
  0x0000016b329e88b0 JavaThread "jar transforms Thread 4" [_thread_blocked, id=11528, stack(0x0000000d74800000,0x0000000d74900000)]
  0x0000016b329e4550 JavaThread "Cache worker for dependencies-accessors (C:\AndroidStudio\Mechanic\.gradle\8.0\dependencies-accessors)" [_thread_blocked, id=7188, stack(0x0000000d74900000,0x0000000d74a00000)]
  0x0000016b329e3210 JavaThread "Cache worker for Build Output Cleanup Cache (C:\AndroidStudio\Mechanic\.gradle\buildOutputCleanup)" [_thread_blocked, id=17860, stack(0x0000000d74a00000,0x0000000d74b00000)]
  0x0000016b329e7a40 JavaThread "Unconstrained build operations" [_thread_blocked, id=18188, stack(0x0000000d74b00000,0x0000000d74c00000)]
  0x0000016b329e1530 JavaThread "Unconstrained build operations Thread 2" [_thread_blocked, id=17784, stack(0x0000000d74c00000,0x0000000d74d00000)]
  0x0000016b329e1ed0 JavaThread "Unconstrained build operations Thread 3" [_thread_blocked, id=14644, stack(0x0000000d74d00000,0x0000000d74e00000)]
  0x0000016b329e36e0 JavaThread "Unconstrained build operations Thread 4" [_thread_blocked, id=6132, stack(0x0000000d74e00000,0x0000000d74f00000)]
  0x0000016b329e23a0 JavaThread "Unconstrained build operations Thread 5" [_thread_blocked, id=12628, stack(0x0000000d74f00000,0x0000000d75000000)]
  0x0000016b329e4a20 JavaThread "Unconstrained build operations Thread 6" [_thread_blocked, id=15424, stack(0x0000000d75000000,0x0000000d75100000)]
  0x0000016b329e4ef0 JavaThread "Unconstrained build operations Thread 7" [_thread_blocked, id=19500, stack(0x0000000d75100000,0x0000000d75200000)]
  0x0000016b329e53c0 JavaThread "Unconstrained build operations Thread 8" [_thread_blocked, id=17032, stack(0x0000000d75200000,0x0000000d75300000)]
  0x0000016b346ca700 JavaThread "Unconstrained build operations Thread 9" [_thread_blocked, id=9688, stack(0x0000000d75300000,0x0000000d75400000)]
  0x0000016b346c5ed0 JavaThread "Unconstrained build operations Thread 10" [_thread_blocked, id=13272, stack(0x0000000d75400000,0x0000000d75500000)]
  0x0000016b346c5a00 JavaThread "Unconstrained build operations Thread 11" [_thread_blocked, id=9932, stack(0x0000000d75500000,0x0000000d75600000)]
  0x0000016b346c63a0 JavaThread "Unconstrained build operations Thread 12" [_thread_blocked, id=9924, stack(0x0000000d75600000,0x0000000d75700000)]
  0x0000016b346c6870 JavaThread "Unconstrained build operations Thread 13" [_thread_blocked, id=12280, stack(0x0000000d75700000,0x0000000d75800000)]
  0x0000016b346c8a20 JavaThread "Unconstrained build operations Thread 14" [_thread_blocked, id=20728, stack(0x0000000d75800000,0x0000000d75900000)]
  0x0000016b346c6d40 JavaThread "Unconstrained build operations Thread 15" [_thread_blocked, id=2552, stack(0x0000000d75900000,0x0000000d75a00000)]
  0x0000016b346c9d60 JavaThread "Unconstrained build operations Thread 16" [_thread_blocked, id=8948, stack(0x0000000d75a00000,0x0000000d75b00000)]
  0x0000016b346c7210 JavaThread "Unconstrained build operations Thread 17" [_thread_blocked, id=8248, stack(0x0000000d75b00000,0x0000000d75c00000)]
  0x0000016b346cc3e0 JavaThread "Unconstrained build operations Thread 18" [_thread_blocked, id=17160, stack(0x0000000d75c00000,0x0000000d75d00000)]
  0x0000016b346ca230 JavaThread "Unconstrained build operations Thread 19" [_thread_blocked, id=11488, stack(0x0000000d75d00000,0x0000000d75e00000)]
  0x0000016b346c9890 JavaThread "Unconstrained build operations Thread 20" [_thread_blocked, id=17748, stack(0x0000000d75e00000,0x0000000d75f00000)]
  0x0000016b346cabd0 JavaThread "Unconstrained build operations Thread 21" [_thread_blocked, id=14068, stack(0x0000000d75f00000,0x0000000d76000000)]
  0x0000016b346c76e0 JavaThread "Unconstrained build operations Thread 22" [_thread_blocked, id=8500, stack(0x0000000d76000000,0x0000000d76100000)]
  0x0000016b346c7bb0 JavaThread "Unconstrained build operations Thread 23" [_thread_blocked, id=8488, stack(0x0000000d76100000,0x0000000d76200000)]
  0x0000016b346c93c0 JavaThread "Unconstrained build operations Thread 24" [_thread_blocked, id=21436, stack(0x0000000d76200000,0x0000000d76300000)]
  0x0000016b346c5530 JavaThread "Unconstrained build operations Thread 25" [_thread_blocked, id=21120, stack(0x0000000d76300000,0x0000000d76400000)]
  0x0000016b346c8ef0 JavaThread "Unconstrained build operations Thread 26" [_thread_blocked, id=20824, stack(0x0000000d76400000,0x0000000d76500000)]
  0x0000016b346c5060 JavaThread "Unconstrained build operations Thread 27" [_thread_blocked, id=9760, stack(0x0000000d76500000,0x0000000d76600000)]
  0x0000016b346c8080 JavaThread "Unconstrained build operations Thread 28" [_thread_blocked, id=17740, stack(0x0000000d76600000,0x0000000d76700000)]
  0x0000016b346c8550 JavaThread "Unconstrained build operations Thread 29" [_thread_blocked, id=3756, stack(0x0000000d76700000,0x0000000d76800000)]
  0x0000016b346cb0a0 JavaThread "Unconstrained build operations Thread 30" [_thread_blocked, id=18280, stack(0x0000000d76800000,0x0000000d76900000)]
  0x0000016b346cc8b0 JavaThread "Unconstrained build operations Thread 31" [_thread_blocked, id=16232, stack(0x0000000d76900000,0x0000000d76a00000)]
  0x0000016b346cb570 JavaThread "Unconstrained build operations Thread 32" [_thread_blocked, id=1792, stack(0x0000000d76a00000,0x0000000d76b00000)]
  0x0000016b346cba40 JavaThread "Unconstrained build operations Thread 33" [_thread_blocked, id=17300, stack(0x0000000d76b00000,0x0000000d76c00000)]
  0x0000016b346cbf10 JavaThread "Unconstrained build operations Thread 34" [_thread_blocked, id=3736, stack(0x0000000d76c00000,0x0000000d76d00000)]
  0x0000016b3186acc0 JavaThread "Unconstrained build operations Thread 35" [_thread_blocked, id=492, stack(0x0000000d76d00000,0x0000000d76e00000)]
  0x0000016b31868fe0 JavaThread "Unconstrained build operations Thread 36" [_thread_blocked, id=6712, stack(0x0000000d76e00000,0x0000000d76f00000)]
  0x0000016b3186e680 JavaThread "Unconstrained build operations Thread 37" [_thread_blocked, id=11532, stack(0x0000000d76f00000,0x0000000d77000000)]
  0x0000016b3186c9a0 JavaThread "Unconstrained build operations Thread 38" [_thread_blocked, id=5620, stack(0x0000000d77000000,0x0000000d77100000)]
  0x0000016b3186c000 JavaThread "Unconstrained build operations Thread 39" [_thread_blocked, id=13048, stack(0x0000000d77100000,0x0000000d77200000)]
  0x0000016b3186f4f0 JavaThread "Unconstrained build operations Thread 40" [_thread_blocked, id=20964, stack(0x0000000d77200000,0x0000000d77300000)]
  0x0000016b3186c4d0 JavaThread "build event listener" [_thread_blocked, id=14520, stack(0x0000000d77300000,0x0000000d77400000)]
  0x0000016b3186d340 JavaThread "Memory manager" [_thread_blocked, id=15256, stack(0x0000000d77400000,0x0000000d77500000)]

Other Threads:
  0x0000016b3097e950 VMThread "VM Thread" [stack: 0x0000000d72000000,0x0000000d72100000] [id=20084]
  0x0000016b3158cde0 WatcherThread [stack: 0x0000000d72c00000,0x0000000d72d00000] [id=8368]
  0x0000016b17433c10 GCTaskThread "GC Thread#0" [stack: 0x0000000d71b00000,0x0000000d71c00000] [id=13864]
  0x0000016b3165c360 GCTaskThread "GC Thread#1" [stack: 0x0000000d72d00000,0x0000000d72e00000] [id=10684]
  0x0000016b317f78f0 GCTaskThread "GC Thread#2" [stack: 0x0000000d72e00000,0x0000000d72f00000] [id=8608]
  0x0000016b319abc60 GCTaskThread "GC Thread#3" [stack: 0x0000000d72f00000,0x0000000d73000000] [id=16640]
  0x0000016b17444b50 ConcurrentGCThread "G1 Main Marker" [stack: 0x0000000d71c00000,0x0000000d71d00000] [id=18600]
  0x0000016b174466d0 ConcurrentGCThread "G1 Conc#0" [stack: 0x0000000d71d00000,0x0000000d71e00000] [id=15680]
  0x0000016b174811e0 ConcurrentGCThread "G1 Refine#0" [stack: 0x0000000d71e00000,0x0000000d71f00000] [id=13168]
  0x0000016b17481c00 ConcurrentGCThread "G1 Service" [stack: 0x0000000d71f00000,0x0000000d72000000] [id=20352]

Threads with active compile tasks:
C2 CompilerThread0    45230 6785 %     4       org.gradle.internal.instantiation.generator.AbstractClassGenerator::inspectType @ 207 (560 bytes)

VM state: not at safepoint (normal execution)

VM Mutex/Monitor currently owned by a thread: None

Heap address: 0x0000000080000000, size: 2048 MB, Compressed Oops mode: 32-bit

CDS archive(s) not mapped
Compressed class space mapped at: 0x0000000100000000-0x0000000140000000, reserved size: 1073741824
Narrow klass base: 0x0000000000000000, Narrow klass shift: 3, Narrow klass range: 0x140000000

GC Precious Log:
 CPUs: 4 total, 4 available
 Memory: 3819M
 Large Page Support: Disabled
 NUMA Support: Disabled
 Compressed Oops: Enabled (32-bit)
 Heap Region Size: 1M
 Heap Min Capacity: 8M
 Heap Initial Capacity: 60M
 Heap Max Capacity: 2G
 Pre-touch: Disabled
 Parallel Workers: 4
 Concurrent Workers: 1
 Concurrent Refinement Workers: 4
 Periodic GC: Disabled

Heap:
 garbage-first heap   total 99328K, used 73657K [0x0000000080000000, 0x0000000100000000)
  region size 1024K, 24 young (24576K), 1 survivors (1024K)
 Metaspace       used 66943K, committed 67520K, reserved 1114112K
  class space    used 8780K, committed 9024K, reserved 1048576K

Heap Regions: E=young(eden), S=young(survivor), O=old, HS=humongous(starts), HC=humongous(continues), CS=collection set, F=free, OA=open archive, CA=closed archive, TAMS=top-at-mark-start (previous, next)
|   0|0x0000000080000000, 0x0000000080100000, 0x0000000080100000|100%| O|  |TAMS 0x0000000080100000, 0x0000000080000000| Untracked 
|   1|0x0000000080100000, 0x0000000080200000, 0x0000000080200000|100%| O|  |TAMS 0x0000000080200000, 0x0000000080100000| Untracked 
|   2|0x0000000080200000, 0x0000000080300000, 0x0000000080300000|100%|HS|  |TAMS 0x0000000080300000, 0x0000000080200000| Complete 
|   3|0x0000000080300000, 0x0000000080400000, 0x0000000080400000|100%|HC|  |TAMS 0x0000000080400000, 0x0000000080300000| Complete 
|   4|0x0000000080400000, 0x0000000080500000, 0x0000000080500000|100%|HC|  |TAMS 0x0000000080500000, 0x0000000080400000| Complete 
|   5|0x0000000080500000, 0x0000000080600000, 0x0000000080600000|100%|HC|  |TAMS 0x0000000080600000, 0x0000000080500000| Complete 
|   6|0x0000000080600000, 0x0000000080700000, 0x0000000080700000|100%| O|  |TAMS 0x0000000080700000, 0x0000000080600000| Untracked 
|   7|0x0000000080700000, 0x0000000080800000, 0x0000000080800000|100%| O|  |TAMS 0x0000000080800000, 0x0000000080700000| Untracked 
|   8|0x0000000080800000, 0x0000000080900000, 0x0000000080900000|100%| O|  |TAMS 0x0000000080900000, 0x0000000080800000| Untracked 
|   9|0x0000000080900000, 0x0000000080a00000, 0x0000000080a00000|100%| O|  |TAMS 0x0000000080a00000, 0x0000000080900000| Untracked 
|  10|0x0000000080a00000, 0x0000000080b00000, 0x0000000080b00000|100%| O|  |TAMS 0x0000000080b00000, 0x0000000080a00000| Untracked 
|  11|0x0000000080b00000, 0x0000000080c00000, 0x0000000080c00000|100%| O|  |TAMS 0x0000000080c00000, 0x0000000080b00000| Untracked 
|  12|0x0000000080c00000, 0x0000000080d00000, 0x0000000080d00000|100%| O|  |TAMS 0x0000000080d00000, 0x0000000080c00000| Untracked 
|  13|0x0000000080d00000, 0x0000000080e00000, 0x0000000080e00000|100%| O|  |TAMS 0x0000000080e00000, 0x0000000080d00000| Untracked 
|  14|0x0000000080e00000, 0x0000000080f00000, 0x0000000080f00000|100%| O|  |TAMS 0x0000000080f00000, 0x0000000080e00000| Untracked 
|  15|0x0000000080f00000, 0x0000000081000000, 0x0000000081000000|100%| O|  |TAMS 0x0000000081000000, 0x0000000080f00000| Untracked 
|  16|0x0000000081000000, 0x0000000081100000, 0x0000000081100000|100%| O|  |TAMS 0x0000000081100000, 0x0000000081000000| Untracked 
|  17|0x0000000081100000, 0x0000000081200000, 0x0000000081200000|100%| O|  |TAMS 0x0000000081200000, 0x0000000081100000| Untracked 
|  18|0x0000000081200000, 0x0000000081300000, 0x0000000081300000|100%| O|  |TAMS 0x0000000081300000, 0x0000000081200000| Untracked 
|  19|0x0000000081300000, 0x0000000081400000, 0x0000000081400000|100%| O|  |TAMS 0x0000000081400000, 0x0000000081300000| Untracked 
|  20|0x0000000081400000, 0x0000000081500000, 0x0000000081500000|100%| O|  |TAMS 0x0000000081500000, 0x0000000081400000| Untracked 
|  21|0x0000000081500000, 0x0000000081600000, 0x0000000081600000|100%| O|  |TAMS 0x0000000081600000, 0x0000000081500000| Untracked 
|  22|0x0000000081600000, 0x0000000081700000, 0x0000000081700000|100%|HS|  |TAMS 0x0000000081700000, 0x0000000081600000| Complete 
|  23|0x0000000081700000, 0x0000000081800000, 0x0000000081800000|100%| O|  |TAMS 0x0000000081800000, 0x0000000081700000| Untracked 
|  24|0x0000000081800000, 0x0000000081900000, 0x0000000081900000|100%| O|  |TAMS 0x0000000081900000, 0x0000000081800000| Untracked 
|  25|0x0000000081900000, 0x0000000081a00000, 0x0000000081a00000|100%| O|  |TAMS 0x0000000081a00000, 0x0000000081900000| Untracked 
|  26|0x0000000081a00000, 0x0000000081b00000, 0x0000000081b00000|100%| O|  |TAMS 0x0000000081b00000, 0x0000000081a00000| Untracked 
|  27|0x0000000081b00000, 0x0000000081c00000, 0x0000000081c00000|100%| O|  |TAMS 0x0000000081c00000, 0x0000000081b00000| Untracked 
|  28|0x0000000081c00000, 0x0000000081d00000, 0x0000000081d00000|100%| O|  |TAMS 0x0000000081d00000, 0x0000000081c00000| Untracked 
|  29|0x0000000081d00000, 0x0000000081e00000, 0x0000000081e00000|100%| O|  |TAMS 0x0000000081e00000, 0x0000000081d00000| Untracked 
|  30|0x0000000081e00000, 0x0000000081f00000, 0x0000000081f00000|100%| O|  |TAMS 0x0000000081f00000, 0x0000000081e00000| Untracked 
|  31|0x0000000081f00000, 0x0000000082000000, 0x0000000082000000|100%| O|  |TAMS 0x0000000082000000, 0x0000000081f00000| Untracked 
|  32|0x0000000082000000, 0x0000000082100000, 0x0000000082100000|100%| O|  |TAMS 0x0000000082100000, 0x0000000082000000| Untracked 
|  33|0x0000000082100000, 0x0000000082200000, 0x0000000082200000|100%| O|  |TAMS 0x0000000082200000, 0x0000000082100000| Untracked 
|  34|0x0000000082200000, 0x0000000082300000, 0x0000000082300000|100%| O|  |TAMS 0x0000000082300000, 0x0000000082200000| Untracked 
|  35|0x0000000082300000, 0x0000000082300000, 0x0000000082400000|  0%| F|  |TAMS 0x0000000082300000, 0x0000000082300000| Untracked 
|  36|0x0000000082400000, 0x0000000082500000, 0x0000000082500000|100%| O|  |TAMS 0x0000000082500000, 0x0000000082400000| Untracked 
|  37|0x0000000082500000, 0x0000000082600000, 0x0000000082600000|100%|HS|  |TAMS 0x0000000082600000, 0x0000000082500000| Complete 
|  38|0x0000000082600000, 0x0000000082700000, 0x0000000082700000|100%| O|  |TAMS 0x0000000082700000, 0x0000000082600000| Untracked 
|  39|0x0000000082700000, 0x0000000082800000, 0x0000000082800000|100%| O|  |TAMS 0x0000000082800000, 0x0000000082700000| Untracked 
|  40|0x0000000082800000, 0x0000000082900000, 0x0000000082900000|100%| O|  |TAMS 0x0000000082900000, 0x0000000082800000| Untracked 
|  41|0x0000000082900000, 0x0000000082a00000, 0x0000000082a00000|100%| O|  |TAMS 0x0000000082a00000, 0x0000000082900000| Untracked 
|  42|0x0000000082a00000, 0x0000000082b00000, 0x0000000082b00000|100%| O|  |TAMS 0x0000000082b00000, 0x0000000082a00000| Untracked 
|  43|0x0000000082b00000, 0x0000000082c00000, 0x0000000082c00000|100%| O|  |TAMS 0x0000000082c00000, 0x0000000082b00000| Untracked 
|  44|0x0000000082c00000, 0x0000000082d00000, 0x0000000082d00000|100%| O|  |TAMS 0x0000000082c74c00, 0x0000000082c00000| Untracked 
|  45|0x0000000082d00000, 0x0000000082e00000, 0x0000000082e00000|100%| O|  |TAMS 0x0000000082d00000, 0x0000000082d00000| Untracked 
|  46|0x0000000082e00000, 0x0000000082f00000, 0x0000000082f00000|100%| O|  |TAMS 0x0000000082e00000, 0x0000000082e00000| Untracked 
|  47|0x0000000082f00000, 0x0000000083000000, 0x0000000083000000|100%| O|  |TAMS 0x0000000082f00000, 0x0000000082f00000| Untracked 
|  48|0x0000000083000000, 0x0000000083100000, 0x0000000083100000|100%| O|  |TAMS 0x0000000083000000, 0x0000000083000000| Untracked 
|  49|0x0000000083100000, 0x0000000083171200, 0x0000000083200000| 44%| O|  |TAMS 0x0000000083100000, 0x0000000083100000| Untracked 
|  50|0x0000000083200000, 0x0000000083200000, 0x0000000083300000|  0%| F|  |TAMS 0x0000000083200000, 0x0000000083200000| Untracked 
|  51|0x0000000083300000, 0x0000000083400000, 0x0000000083400000|100%| O|  |TAMS 0x0000000083300000, 0x0000000083300000| Untracked 
|  52|0x0000000083400000, 0x0000000083400000, 0x0000000083500000|  0%| F|  |TAMS 0x0000000083400000, 0x0000000083400000| Untracked 
|  53|0x0000000083500000, 0x0000000083500000, 0x0000000083600000|  0%| F|  |TAMS 0x0000000083500000, 0x0000000083500000| Untracked 
|  54|0x0000000083600000, 0x0000000083600000, 0x0000000083700000|  0%| F|  |TAMS 0x0000000083600000, 0x0000000083600000| Untracked 
|  55|0x0000000083700000, 0x0000000083700000, 0x0000000083800000|  0%| F|  |TAMS 0x0000000083700000, 0x0000000083700000| Untracked 
|  56|0x0000000083800000, 0x0000000083800000, 0x0000000083900000|  0%| F|  |TAMS 0x0000000083800000, 0x0000000083800000| Untracked 
|  57|0x0000000083900000, 0x0000000083900000, 0x0000000083a00000|  0%| F|  |TAMS 0x0000000083900000, 0x0000000083900000| Untracked 
|  58|0x0000000083a00000, 0x0000000083a00000, 0x0000000083b00000|  0%| F|  |TAMS 0x0000000083a00000, 0x0000000083a00000| Untracked 
|  59|0x0000000083b00000, 0x0000000083b00000, 0x0000000083c00000|  0%| F|  |TAMS 0x0000000083b00000, 0x0000000083b00000| Untracked 
|  60|0x0000000083c00000, 0x0000000083c00000, 0x0000000083d00000|  0%| F|  |TAMS 0x0000000083c00000, 0x0000000083c00000| Untracked 
|  61|0x0000000083d00000, 0x0000000083d00000, 0x0000000083e00000|  0%| F|  |TAMS 0x0000000083d00000, 0x0000000083d00000| Untracked 
|  62|0x0000000083e00000, 0x0000000083e00000, 0x0000000083f00000|  0%| F|  |TAMS 0x0000000083e00000, 0x0000000083e00000| Untracked 
|  63|0x0000000083f00000, 0x0000000083f00000, 0x0000000084000000|  0%| F|  |TAMS 0x0000000083f00000, 0x0000000083f00000| Untracked 
|  64|0x0000000084000000, 0x0000000084000000, 0x0000000084100000|  0%| F|  |TAMS 0x0000000084000000, 0x0000000084000000| Untracked 
|  65|0x0000000084100000, 0x0000000084100000, 0x0000000084200000|  0%| F|  |TAMS 0x0000000084100000, 0x0000000084100000| Untracked 
|  66|0x0000000084200000, 0x0000000084200000, 0x0000000084300000|  0%| F|  |TAMS 0x0000000084200000, 0x0000000084200000| Untracked 
|  67|0x0000000084300000, 0x0000000084300000, 0x0000000084400000|  0%| F|  |TAMS 0x0000000084300000, 0x0000000084300000| Untracked 
|  68|0x0000000084400000, 0x0000000084400000, 0x0000000084500000|  0%| F|  |TAMS 0x0000000084400000, 0x0000000084400000| Untracked 
|  69|0x0000000084500000, 0x0000000084500000, 0x0000000084600000|  0%| F|  |TAMS 0x0000000084500000, 0x0000000084500000| Untracked 
|  70|0x0000000084600000, 0x0000000084600000, 0x0000000084700000|  0%| F|  |TAMS 0x0000000084600000, 0x0000000084600000| Untracked 
|  71|0x0000000084700000, 0x0000000084700000, 0x0000000084800000|  0%| F|  |TAMS 0x0000000084700000, 0x0000000084700000| Untracked 
|  72|0x0000000084800000, 0x0000000084800000, 0x0000000084900000|  0%| F|  |TAMS 0x0000000084800000, 0x0000000084800000| Untracked 
|  73|0x0000000084900000, 0x000000008498bce8, 0x0000000084a00000| 54%| E|  |TAMS 0x0000000084900000, 0x0000000084900000| Complete 
|  74|0x0000000084a00000, 0x0000000084b00000, 0x0000000084b00000|100%| E|CS|TAMS 0x0000000084a00000, 0x0000000084a00000| Complete 
|  75|0x0000000084b00000, 0x0000000084c00000, 0x0000000084c00000|100%| E|CS|TAMS 0x0000000084b00000, 0x0000000084b00000| Complete 
|  76|0x0000000084c00000, 0x0000000084d00000, 0x0000000084d00000|100%| E|CS|TAMS 0x0000000084c00000, 0x0000000084c00000| Complete 
|  77|0x0000000084d00000, 0x0000000084e00000, 0x0000000084e00000|100%| E|CS|TAMS 0x0000000084d00000, 0x0000000084d00000| Complete 
|  78|0x0000000084e00000, 0x0000000084f00000, 0x0000000084f00000|100%| E|CS|TAMS 0x0000000084e00000, 0x0000000084e00000| Complete 
|  79|0x0000000084f00000, 0x0000000085000000, 0x0000000085000000|100%| E|CS|TAMS 0x0000000084f00000, 0x0000000084f00000| Complete 
|  80|0x0000000085000000, 0x0000000085100000, 0x0000000085100000|100%| E|CS|TAMS 0x0000000085000000, 0x0000000085000000| Complete 
|  81|0x0000000085100000, 0x0000000085200000, 0x0000000085200000|100%| E|CS|TAMS 0x0000000085100000, 0x0000000085100000| Complete 
|  82|0x0000000085200000, 0x0000000085300000, 0x0000000085300000|100%| E|CS|TAMS 0x0000000085200000, 0x0000000085200000| Complete 
|  83|0x0000000085300000, 0x0000000085400000, 0x0000000085400000|100%| E|CS|TAMS 0x0000000085300000, 0x0000000085300000| Complete 
|  84|0x0000000085400000, 0x0000000085500000, 0x0000000085500000|100%| E|CS|TAMS 0x0000000085400000, 0x0000000085400000| Complete 
|  85|0x0000000085500000, 0x0000000085600000, 0x0000000085600000|100%| E|CS|TAMS 0x0000000085500000, 0x0000000085500000| Complete 
|  86|0x0000000085600000, 0x0000000085700000, 0x0000000085700000|100%| E|CS|TAMS 0x0000000085600000, 0x0000000085600000| Complete 
|  87|0x0000000085700000, 0x0000000085800000, 0x0000000085800000|100%| E|CS|TAMS 0x0000000085700000, 0x0000000085700000| Complete 
|  88|0x0000000085800000, 0x0000000085900000, 0x0000000085900000|100%| E|CS|TAMS 0x0000000085800000, 0x0000000085800000| Complete 
|  89|0x0000000085900000, 0x0000000085a00000, 0x0000000085a00000|100%| E|CS|TAMS 0x0000000085900000, 0x0000000085900000| Complete 
|  90|0x0000000085a00000, 0x0000000085b00000, 0x0000000085b00000|100%| E|CS|TAMS 0x0000000085a00000, 0x0000000085a00000| Complete 
|  91|0x0000000085b00000, 0x0000000085c00000, 0x0000000085c00000|100%| E|CS|TAMS 0x0000000085b00000, 0x0000000085b00000| Complete 
|  92|0x0000000085c00000, 0x0000000085d00000, 0x0000000085d00000|100%| E|CS|TAMS 0x0000000085c00000, 0x0000000085c00000| Complete 
|  93|0x0000000085d00000, 0x0000000085e00000, 0x0000000085e00000|100%| E|CS|TAMS 0x0000000085d00000, 0x0000000085d00000| Complete 
|  94|0x0000000085e00000, 0x0000000085f00000, 0x0000000085f00000|100%| E|CS|TAMS 0x0000000085e00000, 0x0000000085e00000| Complete 
|  95|0x0000000085f00000, 0x0000000085f7d3d0, 0x0000000086000000| 48%| S|CS|TAMS 0x0000000085f00000, 0x0000000085f00000| Complete 
|  96|0x0000000086000000, 0x0000000086100000, 0x0000000086100000|100%| E|CS|TAMS 0x0000000086000000, 0x0000000086000000| Complete 

Card table byte_map: [0x0000016b29ca0000,0x0000016b2a0a0000] _byte_map_base: 0x0000016b298a0000

Marking Bits (Prev, Next): (CMBitMap*) 0x0000016b17434220, (CMBitMap*) 0x0000016b17434260
 Prev Bits: [0x0000016b2a4a0000, 0x0000016b2c4a0000)
 Next Bits: [0x0000016b2c4a0000, 0x0000016b2e4a0000)

Polling page: 0x0000016b15310000

Metaspace:

Usage:
  Non-class:     56.80 MB used.
      Class:      8.57 MB used.
       Both:     65.37 MB used.

Virtual space:
  Non-class space:       64.00 MB reserved,      57.12 MB ( 89%) committed,  8 nodes.
      Class space:        1.00 GB reserved,       8.81 MB ( <1%) committed,  1 nodes.
             Both:        1.06 GB reserved,      65.94 MB (  6%) committed. 

Chunk freelists:
   Non-Class:  2.04 MB
       Class:  3.14 MB
        Both:  5.18 MB

MaxMetaspaceSize: unlimited
CompressedClassSpaceSize: 1.00 GB
Initial GC threshold: 21.00 MB
Current GC threshold: 103.12 MB
CDS: off
MetaspaceReclaimPolicy: balanced
 - commit_granule_bytes: 65536.
 - commit_granule_words: 8192.
 - virtual_space_node_default_size: 1048576.
 - enlarge_chunks_in_place: 1.
 - new_chunks_are_fully_committed: 0.
 - uncommit_free_chunks: 1.
 - use_allocation_guard: 0.
 - handle_deallocations: 1.


Internal statistics:

num_allocs_failed_limit: 6.
num_arena_births: 614.
num_arena_deaths: 0.
num_vsnodes_births: 9.
num_vsnodes_deaths: 0.
num_space_committed: 1055.
num_space_uncommitted: 0.
num_chunks_returned_to_freelist: 6.
num_chunks_taken_from_freelist: 2804.
num_chunk_merges: 3.
num_chunk_splits: 1882.
num_chunks_enlarged: 1268.
num_purges: 0.
num_inconsistent_stats: 0.

CodeHeap 'non-profiled nmethods': size=120000Kb used=3202Kb max_used=3459Kb free=116797Kb
 bounds [0x0000016b22370000, 0x0000016b226e0000, 0x0000016b298a0000]
CodeHeap 'profiled nmethods': size=120000Kb used=12009Kb max_used=12779Kb free=107990Kb
 bounds [0x0000016b1a8a0000, 0x0000016b1b540000, 0x0000016b21dd0000]
CodeHeap 'non-nmethods': size=5760Kb used=2356Kb max_used=2397Kb free=3403Kb
 bounds [0x0000016b21dd0000, 0x0000016b22040000, 0x0000016b22370000]
 total_blobs=6893 nmethods=6022 adapters=783
 compilation: enabled
              stopped_count=0, restarted_count=0
 full_count=0

Compilation events (20 events):
Event: 45.106 Thread 0x0000016b309c8300 6811       3       org.gradle.internal.operations.DefaultBuildOperationIdFactory::nextId (8 bytes)
Event: 45.106 Thread 0x0000016b309c8300 nmethod 6811 0x0000016b1ab22e10 code [0x0000016b1ab22fc0, 0x0000016b1ab23108]
Event: 45.106 Thread 0x0000016b309c8300 6812       3       org.gradle.internal.operations.DefaultBuildOperationExecutor$$Lambda$151/0x00000001002f64d0::getCurrentTime (10 bytes)
Event: 45.106 Thread 0x0000016b309c8300 nmethod 6812 0x0000016b1ab22990 code [0x0000016b1ab22b40, 0x0000016b1ab22cc8]
Event: 45.111 Thread 0x0000016b309c8300 6813       3       java.lang.ThreadLocal::<init> (12 bytes)
Event: 45.112 Thread 0x0000016b309c8300 nmethod 6813 0x0000016b1ab22490 code [0x0000016b1ab22640, 0x0000016b1ab22868]
Event: 45.123 Thread 0x0000016b309c8300 6814       3       org.gradle.internal.operations.DefaultBuildOperationRunner$BuildOperationTrackingListener::stop (36 bytes)
Event: 45.123 Thread 0x0000016b309c8300 nmethod 6814 0x0000016b1ab21d10 code [0x0000016b1ab21f00, 0x0000016b1ab222c8]
Event: 45.123 Thread 0x0000016b309c8300 6815       3       org.gradle.internal.operations.DefaultBuildOperationExecutor$ListenerAdapter::stop (92 bytes)
Event: 45.124 Thread 0x0000016b309c8300 nmethod 6815 0x0000016b1ae18090 code [0x0000016b1ae182c0, 0x0000016b1ae18b38]
Event: 45.124 Thread 0x0000016b309c8300 6816       3       org.gradle.internal.logging.progress.DefaultProgressLoggerFactory$ProgressLoggerImpl::completed (61 bytes)
Event: 45.125 Thread 0x0000016b309c8300 nmethod 6816 0x0000016b1ae17310 code [0x0000016b1ae17540, 0x0000016b1ae17d38]
Event: 45.129 Thread 0x0000016b309c8300 6817       3       org.gradle.api.internal.DefaultNamedDomainObjectCollection$UnfilteredIndex::get (11 bytes)
Event: 45.129 Thread 0x0000016b309c8300 nmethod 6817 0x0000016b1ab21890 code [0x0000016b1ab21a40, 0x0000016b1ab21c08]
Event: 45.153 Thread 0x0000016b309c8300 6818       1       org.gradle.api.internal.collections.AbstractIterationOrderRetainingElementSource::getMutationGuard (5 bytes)
Event: 45.153 Thread 0x0000016b309c8300 nmethod 6818 0x0000016b225cad10 code [0x0000016b225caea0, 0x0000016b225caf78]
Event: 45.154 Thread 0x0000016b309c8300 6819       3       java.lang.StringConcatHelper::simpleConcat (94 bytes)
Event: 45.155 Thread 0x0000016b309c8300 nmethod 6819 0x0000016b1a94cb90 code [0x0000016b1a94cee0, 0x0000016b1a94e3c8]
Event: 45.156 Thread 0x0000016b309c8300 6820       3       java.util.ArrayList::clear (43 bytes)
Event: 45.156 Thread 0x0000016b309c8300 nmethod 6820 0x0000016b1aa69e10 code [0x0000016b1aa69fc0, 0x0000016b1aa6a338]

GC Heap History (20 events):
Event: 30.130 GC heap before
{Heap before GC invocations=18 (full 0):
 garbage-first heap   total 61440K, used 50287K [0x0000000080000000, 0x0000000100000000)
  region size 1024K, 17 young (17408K), 2 survivors (2048K)
 Metaspace       used 48766K, committed 49152K, reserved 1097728K
  class space    used 6429K, committed 6592K, reserved 1048576K
}
Event: 30.138 GC heap after
{Heap after GC invocations=19 (full 0):
 garbage-first heap   total 61440K, used 34281K [0x0000000080000000, 0x0000000100000000)
  region size 1024K, 1 young (1024K), 1 survivors (1024K)
 Metaspace       used 48766K, committed 49152K, reserved 1097728K
  class space    used 6429K, committed 6592K, reserved 1048576K
}
Event: 31.095 GC heap before
{Heap before GC invocations=19 (full 0):
 garbage-first heap   total 61440K, used 49641K [0x0000000080000000, 0x0000000100000000)
  region size 1024K, 16 young (16384K), 1 survivors (1024K)
 Metaspace       used 50900K, committed 51328K, reserved 1097728K
  class space    used 6733K, committed 6912K, reserved 1048576K
}
Event: 31.103 GC heap after
{Heap after GC invocations=20 (full 0):
 garbage-first heap   total 61440K, used 34874K [0x0000000080000000, 0x0000000100000000)
  region size 1024K, 2 young (2048K), 2 survivors (2048K)
 Metaspace       used 50900K, committed 51328K, reserved 1097728K
  class space    used 6733K, committed 6912K, reserved 1048576K
}
Event: 32.506 GC heap before
{Heap before GC invocations=21 (full 0):
 garbage-first heap   total 61440K, used 50234K [0x0000000080000000, 0x0000000100000000)
  region size 1024K, 17 young (17408K), 2 survivors (2048K)
 Metaspace       used 51634K, committed 52032K, reserved 1097728K
  class space    used 6807K, committed 6976K, reserved 1048576K
}
Event: 32.517 GC heap after
{Heap after GC invocations=22 (full 0):
 garbage-first heap   total 61440K, used 36471K [0x0000000080000000, 0x0000000100000000)
  region size 1024K, 3 young (3072K), 3 survivors (3072K)
 Metaspace       used 51634K, committed 52032K, reserved 1097728K
  class space    used 6807K, committed 6976K, reserved 1048576K
}
Event: 32.575 GC heap before
{Heap before GC invocations=22 (full 0):
 garbage-first heap   total 61440K, used 37495K [0x0000000080000000, 0x0000000100000000)
  region size 1024K, 4 young (4096K), 3 survivors (3072K)
 Metaspace       used 51657K, committed 52096K, reserved 1097728K
  class space    used 6807K, committed 6976K, reserved 1048576K
}
Event: 32.587 GC heap after
{Heap after GC invocations=23 (full 0):
 garbage-first heap   total 61440K, used 36392K [0x0000000080000000, 0x0000000100000000)
  region size 1024K, 1 young (1024K), 1 survivors (1024K)
 Metaspace       used 51657K, committed 52096K, reserved 1097728K
  class space    used 6807K, committed 6976K, reserved 1048576K
}
Event: 34.056 GC heap before
{Heap before GC invocations=23 (full 0):
 garbage-first heap   total 61440K, used 45608K [0x0000000080000000, 0x0000000100000000)
  region size 1024K, 12 young (12288K), 1 survivors (1024K)
 Metaspace       used 52066K, committed 52480K, reserved 1097728K
  class space    used 6853K, committed 7040K, reserved 1048576K
}
Event: 34.062 GC heap after
{Heap after GC invocations=24 (full 0):
 garbage-first heap   total 96256K, used 37274K [0x0000000080000000, 0x0000000100000000)
  region size 1024K, 2 young (2048K), 2 survivors (2048K)
 Metaspace       used 52066K, committed 52480K, reserved 1097728K
  class space    used 6853K, committed 7040K, reserved 1048576K
}
Event: 36.393 GC heap before
{Heap before GC invocations=24 (full 0):
 garbage-first heap   total 96256K, used 76186K [0x0000000080000000, 0x0000000100000000)
  region size 1024K, 38 young (38912K), 2 survivors (2048K)
 Metaspace       used 56072K, committed 56576K, reserved 1105920K
  class space    used 7407K, committed 7616K, reserved 1048576K
}
Event: 36.405 GC heap after
{Heap after GC invocations=25 (full 0):
 garbage-first heap   total 96256K, used 45725K [0x0000000080000000, 0x0000000100000000)
  region size 1024K, 5 young (5120K), 5 survivors (5120K)
 Metaspace       used 56072K, committed 56576K, reserved 1105920K
  class space    used 7407K, committed 7616K, reserved 1048576K
}
Event: 38.511 GC heap before
{Heap before GC invocations=25 (full 0):
 garbage-first heap   total 96256K, used 75421K [0x0000000080000000, 0x0000000100000000)
  region size 1024K, 34 young (34816K), 5 survivors (5120K)
 Metaspace       used 61312K, committed 61824K, reserved 1105920K
  class space    used 8098K, committed 8320K, reserved 1048576K
}
Event: 38.525 GC heap after
{Heap after GC invocations=26 (full 0):
 garbage-first heap   total 96256K, used 47015K [0x0000000080000000, 0x0000000100000000)
  region size 1024K, 2 young (2048K), 2 survivors (2048K)
 Metaspace       used 61312K, committed 61824K, reserved 1105920K
  class space    used 8098K, committed 8320K, reserved 1048576K
}
Event: 39.389 GC heap before
{Heap before GC invocations=26 (full 0):
 garbage-first heap   total 96256K, used 51111K [0x0000000080000000, 0x0000000100000000)
  region size 1024K, 8 young (8192K), 2 survivors (2048K)
 Metaspace       used 62841K, committed 63360K, reserved 1105920K
  class space    used 8269K, committed 8512K, reserved 1048576K
}
Event: 39.396 GC heap after
{Heap after GC invocations=27 (full 0):
 garbage-first heap   total 96256K, used 48212K [0x0000000080000000, 0x0000000100000000)
  region size 1024K, 3 young (3072K), 3 survivors (3072K)
 Metaspace       used 62841K, committed 63360K, reserved 1105920K
  class space    used 8269K, committed 8512K, reserved 1048576K
}
Event: 43.258 GC heap before
{Heap before GC invocations=28 (full 0):
 garbage-first heap   total 99328K, used 84052K [0x0000000080000000, 0x0000000100000000)
  region size 1024K, 32 young (32768K), 3 survivors (3072K)
 Metaspace       used 64948K, committed 65536K, reserved 1114112K
  class space    used 8542K, committed 8832K, reserved 1048576K
}
Event: 43.292 GC heap after
{Heap after GC invocations=29 (full 0):
 garbage-first heap   total 99328K, used 51046K [0x0000000080000000, 0x0000000100000000)
  region size 1024K, 4 young (4096K), 4 survivors (4096K)
 Metaspace       used 64948K, committed 65536K, reserved 1114112K
  class space    used 8542K, committed 8832K, reserved 1048576K
}
Event: 43.376 GC heap before
{Heap before GC invocations=29 (full 0):
 garbage-first heap   total 99328K, used 52070K [0x0000000080000000, 0x0000000100000000)
  region size 1024K, 5 young (5120K), 4 survivors (4096K)
 Metaspace       used 65039K, committed 65600K, reserved 1114112K
  class space    used 8556K, committed 8832K, reserved 1048576K
}
Event: 43.395 GC heap after
{Heap after GC invocations=30 (full 0):
 garbage-first heap   total 99328K, used 51129K [0x0000000080000000, 0x0000000100000000)
  region size 1024K, 1 young (1024K), 1 survivors (1024K)
 Metaspace       used 65039K, committed 65600K, reserved 1114112K
  class space    used 8556K, committed 8832K, reserved 1048576K
}

Dll operation events (2 events):
Event: 0.090 Loaded shared library C:\Program Files\Android\Android Studio\jbr\bin\java.dll
Event: 3.195 Loaded shared library C:\Program Files\Android\Android Studio\jbr\bin\verify.dll

Deoptimization events (20 events):
Event: 45.043 Thread 0x0000016b338b36e0 Uncommon trap: trap_request=0xffffff45 fr.pc=0x0000016b22571108 relative=0x00000000000009c8
Event: 45.043 Thread 0x0000016b338b36e0 Uncommon trap: reason=unstable_if action=reinterpret pc=0x0000016b22571108 method=org.objectweb.asm.Label.resolve([BI)Z @ 80 c2
Event: 45.043 Thread 0x0000016b338b36e0 DEOPT PACKING pc=0x0000016b22571108 sp=0x0000000d736f5b00
Event: 45.043 Thread 0x0000016b338b36e0 DEOPT UNPACKING pc=0x0000016b21e2a1a3 sp=0x0000000d736f5a20 mode 2
Event: 45.043 Thread 0x0000016b338b36e0 Uncommon trap: trap_request=0xffffff45 fr.pc=0x0000016b226be588 relative=0x00000000000001e8
Event: 45.043 Thread 0x0000016b338b36e0 Uncommon trap: reason=unstable_if action=reinterpret pc=0x0000016b226be588 method=org.objectweb.asm.Label.resolve([BI)Z @ 80 c2
Event: 45.043 Thread 0x0000016b338b36e0 DEOPT PACKING pc=0x0000016b226be588 sp=0x0000000d736f5a90
Event: 45.043 Thread 0x0000016b338b36e0 DEOPT UNPACKING pc=0x0000016b21e2a1a3 sp=0x0000000d736f5a10 mode 2
Event: 45.057 Thread 0x0000016b338b36e0 Uncommon trap: trap_request=0xffffff45 fr.pc=0x0000016b224fc344 relative=0x0000000000001164
Event: 45.057 Thread 0x0000016b338b36e0 Uncommon trap: reason=unstable_if action=reinterpret pc=0x0000016b224fc344 method=org.objectweb.asm.MethodWriter.<init>(Lorg/objectweb/asm/SymbolTable;ILjava/lang/String;Ljava/lang/String;Ljava/lang/String;[Ljava/lang/String;I)V @ 94 c2
Event: 45.057 Thread 0x0000016b338b36e0 DEOPT PACKING pc=0x0000016b224fc344 sp=0x0000000d736f5c20
Event: 45.057 Thread 0x0000016b338b36e0 DEOPT UNPACKING pc=0x0000016b21e2a1a3 sp=0x0000000d736f5af8 mode 2
Event: 45.057 Thread 0x0000016b338b36e0 Uncommon trap: trap_request=0xffffff45 fr.pc=0x0000016b223c6954 relative=0x0000000000000494
Event: 45.057 Thread 0x0000016b338b36e0 Uncommon trap: reason=unstable_if action=reinterpret pc=0x0000016b223c6954 method=org.objectweb.asm.MethodWriter.computeMethodInfoSize()I @ 342 c2
Event: 45.057 Thread 0x0000016b338b36e0 DEOPT PACKING pc=0x0000016b223c6954 sp=0x0000000d736f5e70
Event: 45.057 Thread 0x0000016b338b36e0 DEOPT UNPACKING pc=0x0000016b21e2a1a3 sp=0x0000000d736f5e08 mode 2
Event: 45.058 Thread 0x0000016b338b36e0 Uncommon trap: trap_request=0xffffff45 fr.pc=0x0000016b22526f5c relative=0x0000000000001abc
Event: 45.058 Thread 0x0000016b338b36e0 Uncommon trap: reason=unstable_if action=reinterpret pc=0x0000016b22526f5c method=org.objectweb.asm.MethodWriter.putMethodInfo(Lorg/objectweb/asm/ByteVector;)V @ 108 c2
Event: 45.058 Thread 0x0000016b338b36e0 DEOPT PACKING pc=0x0000016b22526f5c sp=0x0000000d736f5e20
Event: 45.058 Thread 0x0000016b338b36e0 DEOPT UNPACKING pc=0x0000016b21e2a1a3 sp=0x0000000d736f5dd8 mode 2

Classes unloaded (0 events):
No events

Classes redefined (0 events):
No events

Internal exceptions (20 events):
Event: 38.126 Thread 0x0000016b338b36e0 Implicit null exception at 0x0000016b22699775 to 0x0000016b2269b3f8
Event: 39.080 Thread 0x0000016b338b36e0 Implicit null exception at 0x0000016b22532d8c to 0x0000016b22532ec2
Event: 40.636 Thread 0x0000016b338b36e0 Exception <a 'sun/nio/fs/WindowsException'{0x00000000851f0768}> (0x00000000851f0768) 
thrown [s\src\hotspot\share\prims\jni.cpp, line 517]
Event: 44.013 Thread 0x0000016b338b36e0 Exception <a 'java/lang/ClassNotFoundException'{0x000000008588dcd8}: org/gradle/api/internal/project/DefaultProject_DecoratedBeanInfo> (0x000000008588dcd8) 
thrown [s\src\hotspot\share\classfile\systemDictionary.cpp, line 256]
Event: 44.021 Thread 0x0000016b338b36e0 Exception <a 'java/lang/ClassNotFoundException'{0x00000000858a3910}: org/gradle/api/internal/project/DefaultProjectBeanInfo> (0x00000000858a3910) 
thrown [s\src\hotspot\share\classfile\systemDictionary.cpp, line 256]
Event: 44.023 Thread 0x0000016b338b36e0 Exception <a 'java/lang/ClassNotFoundException'{0x00000000858b9898}: org/gradle/api/internal/project/DefaultProjectCustomizer> (0x00000000858b9898) 
thrown [s\src\hotspot\share\classfile\systemDictionary.cpp, line 256]
Event: 44.042 Thread 0x0000016b338b36e0 Exception <a 'java/lang/ClassNotFoundException'{0x000000008576bc80}: org/gradle/api/internal/project/DefaultProject_DecoratedCustomizer> (0x000000008576bc80) 
thrown [s\src\hotspot\share\classfile\systemDictionary.cpp, line 256]
Event: 44.093 Thread 0x0000016b338b36e0 Exception <a 'java/lang/ClassNotFoundException'{0x000000008564c658}: org/gradle/api/plugins/internal/DefaultBasePluginConvention_DecoratedBeanInfo> (0x000000008564c658) 
thrown [s\src\hotspot\share\classfile\systemDictionary.cpp, line 256]
Event: 44.097 Thread 0x0000016b338b36e0 Exception <a 'java/lang/ClassNotFoundException'{0x0000000085665048}: org/gradle/api/plugins/internal/DefaultBasePluginConventionBeanInfo> (0x0000000085665048) 
thrown [s\src\hotspot\share\classfile\systemDictionary.cpp, line 256]
Event: 44.102 Thread 0x0000016b338b36e0 Exception <a 'java/lang/ClassNotFoundException'{0x000000008567d360}: org/gradle/api/plugins/BasePluginConventionBeanInfo> (0x000000008567d360) 
thrown [s\src\hotspot\share\classfile\systemDictionary.cpp, line 256]
Event: 44.104 Thread 0x0000016b338b36e0 Exception <a 'java/lang/ClassNotFoundException'{0x00000000856958a0}: org/gradle/api/plugins/BasePluginConventionCustomizer> (0x00000000856958a0) 
thrown [s\src\hotspot\share\classfile\systemDictionary.cpp, line 256]
Event: 44.106 Thread 0x0000016b338b36e0 Exception <a 'java/lang/ClassNotFoundException'{0x00000000856b8370}: org/gradle/api/plugins/internal/DefaultBasePluginConventionCustomizer> (0x00000000856b8370) 
thrown [s\src\hotspot\share\classfile\systemDictionary.cpp, line 256]
Event: 44.111 Thread 0x0000016b338b36e0 Exception <a 'java/lang/ClassNotFoundException'{0x00000000856e3288}: org/gradle/api/plugins/internal/DefaultBasePluginConvention_DecoratedCustomizer> (0x00000000856e3288) 
thrown [s\src\hotspot\share\classfile\systemDictionary.cpp, line 256]
Event: 44.140 Thread 0x0000016b338b36e0 Exception <a 'java/lang/ClassNotFoundException'{0x0000000085554858}: org/gradle/api/plugins/internal/DefaultJavaPluginConvention_DecoratedBeanInfo> (0x0000000085554858) 
thrown [s\src\hotspot\share\classfile\systemDictionary.cpp, line 256]
Event: 44.142 Thread 0x0000016b338b36e0 Exception <a 'java/lang/ClassNotFoundException'{0x000000008556d248}: org/gradle/api/plugins/internal/DefaultJavaPluginConventionBeanInfo> (0x000000008556d248) 
thrown [s\src\hotspot\share\classfile\systemDictionary.cpp, line 256]
Event: 44.154 Thread 0x0000016b338b36e0 Exception <a 'java/lang/ClassNotFoundException'{0x0000000085585828}: org/gradle/api/plugins/JavaPluginConventionBeanInfo> (0x0000000085585828) 
thrown [s\src\hotspot\share\classfile\systemDictionary.cpp, line 256]
Event: 44.156 Thread 0x0000016b338b36e0 Exception <a 'java/lang/ClassNotFoundException'{0x000000008559db08}: org/gradle/api/plugins/JavaPluginConventionCustomizer> (0x000000008559db08) 
thrown [s\src\hotspot\share\classfile\systemDictionary.cpp, line 256]
Event: 44.158 Thread 0x0000016b338b36e0 Exception <a 'java/lang/ClassNotFoundException'{0x00000000855ca278}: org/gradle/api/plugins/internal/DefaultJavaPluginConventionCustomizer> (0x00000000855ca278) 
thrown [s\src\hotspot\share\classfile\systemDictionary.cpp, line 256]
Event: 44.161 Thread 0x0000016b338b36e0 Exception <a 'java/lang/ClassNotFoundException'{0x00000000854099c0}: org/gradle/api/plugins/internal/DefaultJavaPluginConvention_DecoratedCustomizer> (0x00000000854099c0) 
thrown [s\src\hotspot\share\classfile\systemDictionary.cpp, line 256]
Event: 45.043 Thread 0x0000016b338b36e0 Implicit null exception at 0x0000016b22401048 to 0x0000016b22401134

VM Operations (20 events):
Event: 39.131 Executing VM operation: HandshakeAllThreads
Event: 39.131 Executing VM operation: HandshakeAllThreads done
Event: 39.389 Executing VM operation: G1TryInitiateConcMark
Event: 39.396 Executing VM operation: G1TryInitiateConcMark done
Event: 39.541 Executing VM operation: G1Concurrent
Event: 39.552 Executing VM operation: G1Concurrent done
Event: 39.642 Executing VM operation: G1Concurrent
Event: 39.658 Executing VM operation: G1Concurrent done
Event: 40.667 Executing VM operation: Cleanup
Event: 40.668 Executing VM operation: Cleanup done
Event: 41.680 Executing VM operation: Cleanup
Event: 41.709 Executing VM operation: Cleanup done
Event: 42.723 Executing VM operation: Cleanup
Event: 42.760 Executing VM operation: Cleanup done
Event: 43.258 Executing VM operation: G1CollectForAllocation
Event: 43.293 Executing VM operation: G1CollectForAllocation done
Event: 43.376 Executing VM operation: G1CollectForAllocation
Event: 43.396 Executing VM operation: G1CollectForAllocation done
Event: 44.402 Executing VM operation: Cleanup
Event: 44.402 Executing VM operation: Cleanup done

Events (20 events):
Event: 44.054 loading class org/xml/sax/Locator
Event: 44.061 loading class org/xml/sax/Locator done
Event: 44.072 loading class org/xml/sax/Attributes
Event: 44.073 loading class org/xml/sax/Attributes done
Event: 44.074 loading class org/xml/sax/SAXParseException
Event: 44.075 loading class org/xml/sax/SAXParseException done
Event: 44.357 loading class javax/management/InstanceAlreadyExistsException
Event: 44.358 loading class javax/management/InstanceAlreadyExistsException done
Event: 44.358 loading class javax/management/MBeanRegistrationException
Event: 44.359 loading class javax/management/MBeanRegistrationException done
Event: 44.359 loading class javax/management/NotCompliantMBeanException
Event: 44.360 loading class javax/management/NotCompliantMBeanException done
Event: 44.370 loading class com/sun/jmx/mbeanserver/StandardMBeanSupport
Event: 44.372 loading class com/sun/jmx/mbeanserver/StandardMBeanSupport done
Event: 44.372 loading class com/sun/jmx/mbeanserver/StandardMBeanIntrospector
Event: 44.373 loading class com/sun/jmx/mbeanserver/StandardMBeanIntrospector done
Event: 44.556 loading class javax/xml/stream/XMLStreamException
Event: 44.557 loading class javax/xml/stream/XMLStreamException done
Event: 44.705 loading class sun/reflect/annotation/AnnotationInvocationHandler$1
Event: 44.707 loading class sun/reflect/annotation/AnnotationInvocationHandler$1 done


Dynamic libraries:
0x00007ff657130000 - 0x00007ff65713a000 	C:\Program Files\Android\Android Studio\jbr\bin\java.exe
0x00007ff815c70000 - 0x00007ff815e84000 	C:\Windows\SYSTEM32\ntdll.dll
0x00007ff814320000 - 0x00007ff8143e4000 	C:\Windows\System32\KERNEL32.DLL
0x00007ff813280000 - 0x00007ff813624000 	C:\Windows\System32\KERNELBASE.dll
0x00007ff8138e0000 - 0x00007ff8139f1000 	C:\Windows\System32\ucrtbase.dll
0x00007ff80dec0000 - 0x00007ff80ded7000 	C:\Program Files\Android\Android Studio\jbr\bin\jli.dll
0x00007ff80de20000 - 0x00007ff80de3b000 	C:\Program Files\Android\Android Studio\jbr\bin\VCRUNTIME140.dll
0x00007ff814e60000 - 0x00007ff81500a000 	C:\Windows\System32\USER32.dll
0x00007ff813a00000 - 0x00007ff813a26000 	C:\Windows\System32\win32u.dll
0x00007ff814e30000 - 0x00007ff814e59000 	C:\Windows\System32\GDI32.dll
0x00007ff813160000 - 0x00007ff813279000 	C:\Windows\System32\gdi32full.dll
0x00007ff8130c0000 - 0x00007ff81315a000 	C:\Windows\System32\msvcp_win.dll
0x00007ff809430000 - 0x00007ff8096bf000 	C:\Windows\WinSxS\amd64_microsoft.windows.common-controls_6595b64144ccf1df_6.0.22621.2070_none_2713e6537381f706\COMCTL32.dll
0x00007ff814440000 - 0x00007ff8144e7000 	C:\Windows\System32\msvcrt.dll
0x00007ff813ec0000 - 0x00007ff813ef1000 	C:\Windows\System32\IMM32.DLL
0x00007ff80faf0000 - 0x00007ff80fafc000 	C:\Program Files\Android\Android Studio\jbr\bin\vcruntime140_1.dll
0x00007ffffdee0000 - 0x00007ffffdf6d000 	C:\Program Files\Android\Android Studio\jbr\bin\msvcp140.dll
0x00007fffb3230000 - 0x00007fffb3e9d000 	C:\Program Files\Android\Android Studio\jbr\bin\server\jvm.dll
0x00007ff815a80000 - 0x00007ff815b30000 	C:\Windows\System32\ADVAPI32.dll
0x00007ff813fe0000 - 0x00007ff814086000 	C:\Windows\System32\sechost.dll
0x00007ff815960000 - 0x00007ff815a77000 	C:\Windows\System32\RPCRT4.dll
0x00007ff809f50000 - 0x00007ff809f84000 	C:\Windows\SYSTEM32\WINMM.dll
0x00007ff80cb80000 - 0x00007ff80cb8a000 	C:\Windows\SYSTEM32\VERSION.dll
0x00007ffffaed0000 - 0x00007ffffaed9000 	C:\Windows\SYSTEM32\WSOCK32.dll
0x00007ff815b30000 - 0x00007ff815ba1000 	C:\Windows\System32\ws2_32.DLL
0x00007ff8120f0000 - 0x00007ff812108000 	C:\Windows\SYSTEM32\kernel.appcore.dll
0x00007ff80bac0000 - 0x00007ff80baca000 	C:\Program Files\Android\Android Studio\jbr\bin\jimage.dll
0x00007ff8109b0000 - 0x00007ff810bde000 	C:\Windows\SYSTEM32\DBGHELP.DLL
0x00007ff813b30000 - 0x00007ff813eba000 	C:\Windows\System32\combase.dll
0x00007ff813f00000 - 0x00007ff813fd7000 	C:\Windows\System32\OLEAUT32.dll
0x00007ff800220000 - 0x00007ff800252000 	C:\Windows\SYSTEM32\dbgcore.DLL
0x00007ff813630000 - 0x00007ff8136aa000 	C:\Windows\System32\bcryptPrimitives.dll
0x00007fffff210000 - 0x00007fffff235000 	C:\Program Files\Android\Android Studio\jbr\bin\java.dll
0x00007ffffd750000 - 0x00007ffffd768000 	C:\Program Files\Android\Android Studio\jbr\bin\zip.dll
0x00007ff8145c0000 - 0x00007ff814dd6000 	C:\Windows\System32\SHELL32.dll
0x00007ff810fd0000 - 0x00007ff8118ba000 	C:\Windows\SYSTEM32\windows.storage.dll
0x00007ff810e90000 - 0x00007ff810fce000 	C:\Windows\SYSTEM32\wintypes.dll
0x00007ff813a30000 - 0x00007ff813b23000 	C:\Windows\System32\SHCORE.dll
0x00007ff814090000 - 0x00007ff8140ee000 	C:\Windows\System32\shlwapi.dll
0x00007ff812f80000 - 0x00007ff812fa6000 	C:\Windows\SYSTEM32\profapi.dll
0x00007ffffd6d0000 - 0x00007ffffd6e9000 	C:\Program Files\Android\Android Studio\jbr\bin\net.dll
0x00007ff80b070000 - 0x00007ff80b1a7000 	C:\Windows\SYSTEM32\WINHTTP.dll
0x00007ff812600000 - 0x00007ff812669000 	C:\Windows\system32\mswsock.dll
0x00007ffffd5f0000 - 0x00007ffffd606000 	C:\Program Files\Android\Android Studio\jbr\bin\nio.dll
0x00007ff80a0b0000 - 0x00007ff80a0c0000 	C:\Program Files\Android\Android Studio\jbr\bin\verify.dll
0x00007ff80b9d0000 - 0x00007ff80b9f7000 	C:\Users\SuportSofh\.gradle\native\68d5fa5c4cc2d200863cafc0d521ce42e7d3e7ee720ec0a83991735586a16f82\windows-amd64\native-platform.dll
0x00007fffcd910000 - 0x00007fffcda54000 	C:\Users\SuportSofh\.gradle\native\e376f236ea51e6404a007f0833ffe2c6e607c4080706a723a18a27aeea778392\windows-amd64\native-platform-file-events.dll
0x00007ff80b7f0000 - 0x00007ff80b7f9000 	C:\Program Files\Android\Android Studio\jbr\bin\management.dll
0x00007ff80b720000 - 0x00007ff80b72b000 	C:\Program Files\Android\Android Studio\jbr\bin\management_ext.dll
0x00007ff815680000 - 0x00007ff815688000 	C:\Windows\System32\PSAPI.DLL
0x00007ff812850000 - 0x00007ff81286b000 	C:\Windows\SYSTEM32\CRYPTSP.dll
0x00007ff812050000 - 0x00007ff812085000 	C:\Windows\system32\rsaenh.dll
0x00007ff8126f0000 - 0x00007ff81271c000 	C:\Windows\SYSTEM32\USERENV.dll
0x00007ff812a10000 - 0x00007ff812a38000 	C:\Windows\SYSTEM32\bcrypt.dll
0x00007ff812870000 - 0x00007ff81287c000 	C:\Windows\SYSTEM32\CRYPTBASE.dll
0x00007ff811b60000 - 0x00007ff811b8d000 	C:\Windows\SYSTEM32\IPHLPAPI.DLL
0x00007ff814430000 - 0x00007ff814439000 	C:\Windows\System32\NSI.dll
0x00007ff808d20000 - 0x00007ff808d39000 	C:\Windows\SYSTEM32\dhcpcsvc6.DLL
0x00007ff8093f0000 - 0x00007ff80940f000 	C:\Windows\SYSTEM32\dhcpcsvc.DLL
0x00007ff811b90000 - 0x00007ff811c83000 	C:\Windows\SYSTEM32\DNSAPI.dll
0x00007ff80a040000 - 0x00007ff80a048000 	C:\Windows\system32\wshunix.dll

dbghelp: loaded successfully - version: 4.0.5 - missing functions: none
symbol engine: initialized successfully - sym options: 0x614 - pdb path: .;C:\Program Files\Android\Android Studio\jbr\bin;C:\Windows\SYSTEM32;C:\Windows\WinSxS\amd64_microsoft.windows.common-controls_6595b64144ccf1df_6.0.22621.2070_none_2713e6537381f706;C:\Program Files\Android\Android Studio\jbr\bin\server;C:\Users\SuportSofh\.gradle\native\68d5fa5c4cc2d200863cafc0d521ce42e7d3e7ee720ec0a83991735586a16f82\windows-amd64;C:\Users\SuportSofh\.gradle\native\e376f236ea51e6404a007f0833ffe2c6e607c4080706a723a18a27aeea778392\windows-amd64

VM Arguments:
jvm_args: --add-opens=java.base/java.util=ALL-UNNAMED --add-opens=java.base/java.lang=ALL-UNNAMED --add-opens=java.base/java.lang.invoke=ALL-UNNAMED --add-opens=java.prefs/java.util.prefs=ALL-UNNAMED --add-opens=java.base/java.nio.charset=ALL-UNNAMED --add-opens=java.base/java.net=ALL-UNNAMED --add-opens=java.base/java.util.concurrent.atomic=ALL-UNNAMED -Xmx2048m -Dfile.encoding=UTF-8 -Duser.country=BR -Duser.language=pt -Duser.variant 
java_command: org.gradle.launcher.daemon.bootstrap.GradleDaemon 8.0
java_class_path (initial): C:\Users\SuportSofh\.gradle\wrapper\dists\gradle-8.0-bin\ca5e32bp14vu59qr306oxotwh\gradle-8.0\lib\gradle-launcher-8.0.jar
Launcher Type: SUN_STANDARD

[Global flags]
     intx CICompilerCount                          = 3                                         {product} {ergonomic}
     uint ConcGCThreads                            = 1                                         {product} {ergonomic}
     uint G1ConcRefinementThreads                  = 4                                         {product} {ergonomic}
   size_t G1HeapRegionSize                         = 1048576                                   {product} {ergonomic}
    uintx GCDrainStackTargetSize                   = 64                                        {product} {ergonomic}
   size_t InitialHeapSize                          = 62914560                                  {product} {ergonomic}
   size_t MarkStackSize                            = 4194304                                   {product} {ergonomic}
   size_t MaxHeapSize                              = 2147483648                                {product} {command line}
   size_t MaxNewSize                               = 1287651328                                {product} {ergonomic}
   size_t MinHeapDeltaBytes                        = 1048576                                   {product} {ergonomic}
   size_t MinHeapSize                              = 8388608                                   {product} {ergonomic}
    uintx NonNMethodCodeHeapSize                   = 5832780                                {pd product} {ergonomic}
    uintx NonProfiledCodeHeapSize                  = 122912730                              {pd product} {ergonomic}
    uintx ProfiledCodeHeapSize                     = 122912730                              {pd product} {ergonomic}
    uintx ReservedCodeCacheSize                    = 251658240                              {pd product} {ergonomic}
     bool SegmentedCodeCache                       = true                                      {product} {ergonomic}
   size_t SoftMaxHeapSize                          = 2147483648                             {manageable} {ergonomic}
     bool UseCompressedClassPointers               = true                           {product lp64_product} {ergonomic}
     bool UseCompressedOops                        = true                           {product lp64_product} {ergonomic}
     bool UseG1GC                                  = true                                      {product} {ergonomic}
     bool UseLargePagesIndividualAllocation        = false                                  {pd product} {ergonomic}

Logging:
Log output configuration:
 #0: stdout all=warning uptime,level,tags
 #1: stderr all=off uptime,level,tags

Environment Variables:
JAVA_HOME=C:\Program Files\Android\Android Studio\jbr
PATH=C:\Windows\System32;C:\Program Files\Eclipse Foundation\jdk-16.0.2.7-hotspot\bin;C:\Program Files\Eclipse Adoptium\jdk-11.0.20.8-hotspot\bin;C:\Program Files (x86)\Common Files\Intel\Shared Libraries\redist\intel64\compiler;C:\Windows\system32;C:\Windows;C:\Windows\System32\Wbem;C:\Windows\System32\WindowsPowerShell\v1.0\;C:\Windows\System32\OpenSSH\;C:\Program Files\Android\Android Studio\jbr\bin\;C:\Program Files\Git\cmd;C:\wamp64\bin\php\php8.1.13;C:\Program Files\Docker\Docker\resources\bin;C:\Program Files\Java\apache-maven-3.9.4\bin;C:\Users\SuportSofh\.m2\repository;C:\Program Files\MySQL\MySQL Shell 8.0\bin\;C:\Users\SuportSofh\AppData\Local\Programs\Python\Python311\Scripts\;C:\Users\SuportSofh\AppData\Local\Programs\Python\Python311\;C:\Users\SuportSofh\AppData\Local\Microsoft\WindowsApps;C:\Users\SuportSofh\AppData\Local\Programs\Microsoft VS Code\bin;C:\Program Files\JetBrains\IntelliJ IDEA Community Edition 2023.1.4\bin;;C:\Users\SuportSofh\AppData\Local\GitHubDesktop\bin;C:\Program Files\JetBrains\PyCharm Community Edition 2023.1.4\bin;
USERNAME=SuportSofh
OS=Windows_NT
PROCESSOR_IDENTIFIER=Intel64 Family 6 Model 140 Stepping 1, GenuineIntel
TMP=C:\Users\SUPORT~1\AppData\Local\Temp
TEMP=C:\Users\SUPORT~1\AppData\Local\Temp



---------------  S Y S T E M  ---------------

OS:
 Windows 11 , 64 bit Build 22621 (10.0.22621.2070)
OS uptime: 7 days 4:09 hours
Hyper-V role detected

CPU: total 4 (initial active 4) (2 cores per cpu, 2 threads per core) family 6 model 140 stepping 1 microcode 0x8a, cx8, cmov, fxsr, ht, mmx, 3dnowpref, sse, sse2, sse3, ssse3, sse4.1, sse4.2, popcnt, lzcnt, tsc, tscinvbit, avx, avx2, aes, erms, clmul, bmi1, bmi2, adx, avx512f, avx512dq, avx512cd, avx512bw, avx512vl, sha, fma, vzeroupper, avx512_vpopcntdq, avx512_vpclmulqdq, avx512_vaes, avx512_vnni, clflush, clflushopt, clwb, avx512_vbmi2, avx512_vbmi, hv

Memory: 4k page, system-wide physical 3819M (88M free)
TotalPageFile size 15595M (AvailPageFile size 8M)
current process WorkingSet (physical memory assigned to process): 161M, peak: 239M
current process commit charge ("private bytes"): 308M, peak: 310M

vm_info: OpenJDK 64-Bit Server VM (17.0.6+0-b2043.56-9586694) for windows-amd64 JRE (17.0.6+0-b2043.56-9586694), built on Feb  9 2023 20:06:20 by "androidbuild" with MS VC++ 16.10 / 16.11 (VS2019)

END.
