#
# There is insufficient memory for the Java Runtime Environment to continue.
# Native memory allocation (mmap) failed to map 125829120 bytes for G1 virtual space
# Possible reasons:
#   The system is out of physical RAM or swap space
#   The process is running with CompressedOops enabled, and the Java Heap may be blocking the growth of the native heap
# Possible solutions:
#   Reduce memory load on the system
#   Increase physical memory or swap space
#   Check if swap backing store is full
#   Decrease Java heap size (-Xmx/-Xms)
#   Decrease number of Java threads
#   Decrease Java thread stack sizes (-Xss)
#   Set larger code cache with -XX:ReservedCodeCacheSize=
#   JVM is running with Unscaled Compressed Oops mode in which the Java heap is
#     placed in the first 4GB address space. The Java Heap base address is the
#     maximum limit for the native heap growth. Please use -XX:HeapBaseMinAddress
#     to set the Java Heap base and to place the Java Heap above 4GB virtual address.
# This output file may be truncated or incomplete.
#
#  Out of Memory Error (os_windows.cpp:3769), pid=20584, tid=20612
#
# JRE version: OpenJDK Runtime Environment (17.0.6) (build 17.0.6+0-b2043.56-9586694)
# Java VM: OpenJDK 64-Bit Server VM (17.0.6+0-b2043.56-9586694, mixed mode, tiered, compressed oops, compressed class ptrs, g1 gc, windows-amd64)
# No core dump will be written. Minidumps are not enabled by default on client versions of Windows
#

---------------  S U M M A R Y ------------

Command Line: --add-opens=java.base/java.util=ALL-UNNAMED --add-opens=java.base/java.lang=ALL-UNNAMED --add-opens=java.base/java.lang.invoke=ALL-UNNAMED --add-opens=java.prefs/java.util.prefs=ALL-UNNAMED --add-opens=java.base/java.nio.charset=ALL-UNNAMED --add-opens=java.base/java.net=ALL-UNNAMED --add-opens=java.base/java.util.concurrent.atomic=ALL-UNNAMED -Xmx2048m -Dfile.encoding=UTF-8 -Duser.country=BR -Duser.language=pt -Duser.variant org.gradle.launcher.daemon.bootstrap.GradleDaemon 8.0

Host: 11th Gen Intel(R) Core(TM) i3-1115G4 @ 3.00GHz, 4 cores, 3G,  Windows 11 , 64 bit Build 22621 (10.0.22621.2070)
Time: Tue Sep  5 19:10:16 2023 Hora oficial do Brasil elapsed time: 37.330128 seconds (0d 0h 0m 37s)

---------------  T H R E A D  ---------------

Current thread (0x0000020e3445cc40):  VMThread "VM Thread" [stack: 0x0000006f59a00000,0x0000006f59b00000] [id=20612]

Stack: [0x0000006f59a00000,0x0000006f59b00000]
Native frames: (J=compiled Java code, j=interpreted, Vv=VM code, C=native code)
V  [jvm.dll+0x683b4a]
V  [jvm.dll+0x842654]
V  [jvm.dll+0x843dfe]
V  [jvm.dll+0x844463]
V  [jvm.dll+0x249b75]
V  [jvm.dll+0x680a19]
V  [jvm.dll+0x674f0a]
V  [jvm.dll+0x309acb]
V  [jvm.dll+0x310f86]
V  [jvm.dll+0x3608ee]
V  [jvm.dll+0x360b1f]
V  [jvm.dll+0x2dfbf8]
V  [jvm.dll+0x2ddec4]
V  [jvm.dll+0x2dd4cc]
V  [jvm.dll+0x321f3b]
V  [jvm.dll+0x84893b]
V  [jvm.dll+0x849674]
V  [jvm.dll+0x849b8d]
V  [jvm.dll+0x849f64]
V  [jvm.dll+0x84a030]
V  [jvm.dll+0x7f25fa]
V  [jvm.dll+0x682985]
C  [ucrtbase.dll+0x29363]
C  [KERNEL32.DLL+0x126ad]
C  [ntdll.dll+0x5aa68]

VM_Operation (0x0000006f5b0f7c60): G1CollectForAllocation, mode: safepoint, requested by thread 0x0000020e36342980


---------------  P R O C E S S  ---------------

Threads class SMR info:
_java_thread_list=0x0000020e3be40ef0, length=81, elements={
0x0000020e1aebc570, 0x0000020e34444c30, 0x0000020e344455e0, 0x0000020e344973a0,
0x0000020e34497d50, 0x0000020e34498700, 0x0000020e344990b0, 0x0000020e350105b0,
0x0000020e35012ec0, 0x0000020e3502bf70, 0x0000020e35182530, 0x0000020e35182e00,
0x0000020e366e1260, 0x0000020e35548c10, 0x0000020e361c03c0, 0x0000020e361c3420,
0x0000020e3566a810, 0x0000020e36341170, 0x0000020e36342980, 0x0000020e36341640,
0x0000020e363437f0, 0x0000020e36343320, 0x0000020e36344660, 0x0000020e36342e50,
0x0000020e36340ca0, 0x0000020e36341b10, 0x0000020e36341fe0, 0x0000020e363424b0,
0x0000020e36343cc0, 0x0000020e36344190, 0x0000020e394b6bd0, 0x0000020e394b3210,
0x0000020e394b36e0, 0x0000020e394b23a0, 0x0000020e394b4550, 0x0000020e394b1060,
0x0000020e394b5d60, 0x0000020e394b1a00, 0x0000020e394b4080, 0x0000020e394b1530,
0x0000020e394b2870, 0x0000020e394b4ef0, 0x0000020e394b1ed0, 0x0000020e394b3bb0,
0x0000020e394b70a0, 0x0000020e394b6230, 0x0000020e394b7570, 0x0000020e394b7a40,
0x0000020e394b7f10, 0x0000020e394b83e0, 0x0000020e394b88b0, 0x0000020e388f6ec0,
0x0000020e388f6050, 0x0000020e388f7860, 0x0000020e388f3500, 0x0000020e388f69f0,
0x0000020e388f1cf0, 0x0000020e388f3030, 0x0000020e388f4d10, 0x0000020e388f39d0,
0x0000020e388f1350, 0x0000020e388f7d30, 0x0000020e388f0e80, 0x0000020e388f6520,
0x0000020e388f51e0, 0x0000020e388f3ea0, 0x0000020e388f4370, 0x0000020e388f2b60,
0x0000020e388f1820, 0x0000020e388f21c0, 0x0000020e388f2690, 0x0000020e388f4840,
0x0000020e388f56b0, 0x0000020e388f09b0, 0x0000020e388f8200, 0x0000020e388f5b80,
0x0000020e388f7390, 0x0000020e359ddd90, 0x0000020e359e4770, 0x0000020e359dec00,
0x0000020e359e0db0
}

Java Threads: ( => current thread )
  0x0000020e1aebc570 JavaThread "main" [_thread_blocked, id=18012, stack(0x0000006f59400000,0x0000006f59500000)]
  0x0000020e34444c30 JavaThread "Reference Handler" daemon [_thread_blocked, id=17028, stack(0x0000006f59b00000,0x0000006f59c00000)]
  0x0000020e344455e0 JavaThread "Finalizer" daemon [_thread_blocked, id=8560, stack(0x0000006f59c00000,0x0000006f59d00000)]
  0x0000020e344973a0 JavaThread "Signal Dispatcher" daemon [_thread_blocked, id=18000, stack(0x0000006f59d00000,0x0000006f59e00000)]
  0x0000020e34497d50 JavaThread "Attach Listener" daemon [_thread_blocked, id=7956, stack(0x0000006f59e00000,0x0000006f59f00000)]
  0x0000020e34498700 JavaThread "Service Thread" daemon [_thread_blocked, id=19404, stack(0x0000006f59f00000,0x0000006f5a000000)]
  0x0000020e344990b0 JavaThread "Monitor Deflation Thread" daemon [_thread_blocked, id=4036, stack(0x0000006f5a000000,0x0000006f5a100000)]
  0x0000020e350105b0 JavaThread "C2 CompilerThread0" daemon [_thread_blocked, id=14896, stack(0x0000006f5a100000,0x0000006f5a200000)]
  0x0000020e35012ec0 JavaThread "C1 CompilerThread0" daemon [_thread_blocked, id=3296, stack(0x0000006f5a200000,0x0000006f5a300000)]
  0x0000020e3502bf70 JavaThread "Sweeper thread" daemon [_thread_blocked, id=3096, stack(0x0000006f5a300000,0x0000006f5a400000)]
  0x0000020e35182530 JavaThread "Common-Cleaner" daemon [_thread_blocked, id=8828, stack(0x0000006f5a400000,0x0000006f5a500000)]
  0x0000020e35182e00 JavaThread "Notification Thread" daemon [_thread_blocked, id=14744, stack(0x0000006f5a500000,0x0000006f5a600000)]
  0x0000020e366e1260 JavaThread "Daemon health stats" [_thread_blocked, id=19128, stack(0x0000006f5aa00000,0x0000006f5ab00000)]
  0x0000020e35548c10 JavaThread "Incoming local TCP Connector on port 56839" [_thread_in_native, id=16928, stack(0x0000006f5ab00000,0x0000006f5ac00000)]
  0x0000020e361c03c0 JavaThread "Daemon periodic checks" [_thread_blocked, id=10972, stack(0x0000006f5ac00000,0x0000006f5ad00000)]
  0x0000020e361c3420 JavaThread "Daemon" [_thread_blocked, id=17812, stack(0x0000006f5ad00000,0x0000006f5ae00000)]
  0x0000020e3566a810 JavaThread "Handler for socket connection from /127.0.0.1:56839 to /127.0.0.1:56840" [_thread_in_native, id=5844, stack(0x0000006f5ae00000,0x0000006f5af00000)]
  0x0000020e36341170 JavaThread "Cancel handler" [_thread_blocked, id=17512, stack(0x0000006f5af00000,0x0000006f5b000000)]
  0x0000020e36342980 JavaThread "Daemon worker" [_thread_blocked, id=15152, stack(0x0000006f5b000000,0x0000006f5b100000)]
  0x0000020e36341640 JavaThread "Asynchronous log dispatcher for DefaultDaemonConnection: socket connection from /127.0.0.1:56839 to /127.0.0.1:56840" [_thread_blocked, id=4140, stack(0x0000006f5b100000,0x0000006f5b200000)]
  0x0000020e363437f0 JavaThread "Stdin handler" [_thread_blocked, id=1712, stack(0x0000006f5b200000,0x0000006f5b300000)]
  0x0000020e36343320 JavaThread "Daemon client event forwarder" [_thread_blocked, id=11536, stack(0x0000006f5b300000,0x0000006f5b400000)]
  0x0000020e36344660 JavaThread "Cache worker for journal cache (C:\Users\SuportSofh\.gradle\caches\journal-1)" [_thread_blocked, id=10880, stack(0x0000006f5b400000,0x0000006f5b500000)]
  0x0000020e36342e50 JavaThread "File lock request listener" [_thread_in_native, id=6436, stack(0x0000006f5b500000,0x0000006f5b600000)]
  0x0000020e36340ca0 JavaThread "Cache worker for file hash cache (C:\Users\SuportSofh\.gradle\caches\8.0\fileHashes)" [_thread_blocked, id=3076, stack(0x0000006f5b600000,0x0000006f5b700000)]
  0x0000020e36341b10 JavaThread "File watcher server" daemon [_thread_in_native, id=10248, stack(0x0000006f5b700000,0x0000006f5b800000)]
  0x0000020e36341fe0 JavaThread "File watcher consumer" daemon [_thread_blocked, id=19836, stack(0x0000006f5b800000,0x0000006f5b900000)]
  0x0000020e363424b0 JavaThread "Cache worker for checksums cache (C:\AndroidStudio\Mechanic\.gradle\8.0\checksums)" [_thread_blocked, id=10976, stack(0x0000006f5b900000,0x0000006f5ba00000)]
  0x0000020e36343cc0 JavaThread "Cache worker for cache directory md-rule (C:\Users\SuportSofh\.gradle\caches\8.0\md-rule)" [_thread_blocked, id=13416, stack(0x0000006f5ba00000,0x0000006f5bb00000)]
  0x0000020e36344190 JavaThread "Cache worker for file content cache (C:\Users\SuportSofh\.gradle\caches\8.0\fileContent)" [_thread_blocked, id=5384, stack(0x0000006f5bb00000,0x0000006f5bc00000)]
  0x0000020e394b6bd0 JavaThread "Cache worker for file hash cache (C:\AndroidStudio\Mechanic\.gradle\8.0\fileHashes)" [_thread_blocked, id=21256, stack(0x0000006f5bc00000,0x0000006f5bd00000)]
  0x0000020e394b3210 JavaThread "Cache worker for cache directory md-supplier (C:\Users\SuportSofh\.gradle\caches\8.0\md-supplier)" [_thread_blocked, id=18440, stack(0x0000006f5bd00000,0x0000006f5be00000)]
  0x0000020e394b36e0 JavaThread "Cache worker for execution history cache (C:\Users\SuportSofh\.gradle\caches\8.0\executionHistory)" [_thread_blocked, id=15612, stack(0x0000006f5be00000,0x0000006f5bf00000)]
  0x0000020e394b23a0 JavaThread "jar transforms" [_thread_blocked, id=21088, stack(0x0000006f5c000000,0x0000006f5c100000)]
  0x0000020e394b4550 JavaThread "jar transforms Thread 2" [_thread_blocked, id=11400, stack(0x0000006f5c100000,0x0000006f5c200000)]
  0x0000020e394b1060 JavaThread "jar transforms Thread 3" [_thread_blocked, id=7340, stack(0x0000006f5c200000,0x0000006f5c300000)]
  0x0000020e394b5d60 JavaThread "jar transforms Thread 4" [_thread_blocked, id=16732, stack(0x0000006f5c300000,0x0000006f5c400000)]
  0x0000020e394b1a00 JavaThread "Cache worker for dependencies-accessors (C:\AndroidStudio\Mechanic\.gradle\8.0\dependencies-accessors)" [_thread_blocked, id=19220, stack(0x0000006f5c400000,0x0000006f5c500000)]
  0x0000020e394b4080 JavaThread "Cache worker for Build Output Cleanup Cache (C:\AndroidStudio\Mechanic\.gradle\buildOutputCleanup)" [_thread_blocked, id=6600, stack(0x0000006f5c500000,0x0000006f5c600000)]
  0x0000020e394b1530 JavaThread "Unconstrained build operations" [_thread_blocked, id=20888, stack(0x0000006f5c600000,0x0000006f5c700000)]
  0x0000020e394b2870 JavaThread "Unconstrained build operations Thread 2" [_thread_blocked, id=17776, stack(0x0000006f5c700000,0x0000006f5c800000)]
  0x0000020e394b4ef0 JavaThread "Unconstrained build operations Thread 3" [_thread_blocked, id=18916, stack(0x0000006f5c800000,0x0000006f5c900000)]
  0x0000020e394b1ed0 JavaThread "Unconstrained build operations Thread 4" [_thread_blocked, id=1660, stack(0x0000006f5c900000,0x0000006f5ca00000)]
  0x0000020e394b3bb0 JavaThread "Unconstrained build operations Thread 5" [_thread_blocked, id=988, stack(0x0000006f5ca00000,0x0000006f5cb00000)]
  0x0000020e394b70a0 JavaThread "Unconstrained build operations Thread 6" [_thread_blocked, id=12152, stack(0x0000006f5cb00000,0x0000006f5cc00000)]
  0x0000020e394b6230 JavaThread "Unconstrained build operations Thread 7" [_thread_blocked, id=13748, stack(0x0000006f5cc00000,0x0000006f5cd00000)]
  0x0000020e394b7570 JavaThread "Unconstrained build operations Thread 8" [_thread_blocked, id=16472, stack(0x0000006f5cd00000,0x0000006f5ce00000)]
  0x0000020e394b7a40 JavaThread "Unconstrained build operations Thread 9" [_thread_blocked, id=14324, stack(0x0000006f5ce00000,0x0000006f5cf00000)]
  0x0000020e394b7f10 JavaThread "Unconstrained build operations Thread 10" [_thread_blocked, id=8408, stack(0x0000006f5cf00000,0x0000006f5d000000)]
  0x0000020e394b83e0 JavaThread "Unconstrained build operations Thread 11" [_thread_blocked, id=6180, stack(0x0000006f5d000000,0x0000006f5d100000)]
  0x0000020e394b88b0 JavaThread "Unconstrained build operations Thread 12" [_thread_blocked, id=4460, stack(0x0000006f5d100000,0x0000006f5d200000)]
  0x0000020e388f6ec0 JavaThread "Unconstrained build operations Thread 13" [_thread_blocked, id=12276, stack(0x0000006f5d200000,0x0000006f5d300000)]
  0x0000020e388f6050 JavaThread "Unconstrained build operations Thread 14" [_thread_blocked, id=2180, stack(0x0000006f5d300000,0x0000006f5d400000)]
  0x0000020e388f7860 JavaThread "Unconstrained build operations Thread 15" [_thread_blocked, id=7756, stack(0x0000006f5d400000,0x0000006f5d500000)]
  0x0000020e388f3500 JavaThread "Unconstrained build operations Thread 16" [_thread_blocked, id=15964, stack(0x0000006f5d500000,0x0000006f5d600000)]
  0x0000020e388f69f0 JavaThread "Unconstrained build operations Thread 17" [_thread_blocked, id=18940, stack(0x0000006f5d600000,0x0000006f5d700000)]
  0x0000020e388f1cf0 JavaThread "Unconstrained build operations Thread 18" [_thread_blocked, id=17708, stack(0x0000006f5d700000,0x0000006f5d800000)]
  0x0000020e388f3030 JavaThread "Unconstrained build operations Thread 19" [_thread_blocked, id=9652, stack(0x0000006f5d800000,0x0000006f5d900000)]
  0x0000020e388f4d10 JavaThread "Unconstrained build operations Thread 20" [_thread_blocked, id=16452, stack(0x0000006f5d900000,0x0000006f5da00000)]
  0x0000020e388f39d0 JavaThread "Unconstrained build operations Thread 21" [_thread_blocked, id=1688, stack(0x0000006f5da00000,0x0000006f5db00000)]
  0x0000020e388f1350 JavaThread "Unconstrained build operations Thread 22" [_thread_blocked, id=7064, stack(0x0000006f5db00000,0x0000006f5dc00000)]
  0x0000020e388f7d30 JavaThread "Unconstrained build operations Thread 23" [_thread_blocked, id=7088, stack(0x0000006f5dc00000,0x0000006f5dd00000)]
  0x0000020e388f0e80 JavaThread "Unconstrained build operations Thread 24" [_thread_blocked, id=18204, stack(0x0000006f5dd00000,0x0000006f5de00000)]
  0x0000020e388f6520 JavaThread "Unconstrained build operations Thread 25" [_thread_blocked, id=6348, stack(0x0000006f5de00000,0x0000006f5df00000)]
  0x0000020e388f51e0 JavaThread "Unconstrained build operations Thread 26" [_thread_blocked, id=15584, stack(0x0000006f5df00000,0x0000006f5e000000)]
  0x0000020e388f3ea0 JavaThread "Unconstrained build operations Thread 27" [_thread_blocked, id=13520, stack(0x0000006f5e000000,0x0000006f5e100000)]
  0x0000020e388f4370 JavaThread "Unconstrained build operations Thread 28" [_thread_blocked, id=5268, stack(0x0000006f5e100000,0x0000006f5e200000)]
  0x0000020e388f2b60 JavaThread "Unconstrained build operations Thread 29" [_thread_blocked, id=16068, stack(0x0000006f5e200000,0x0000006f5e300000)]
  0x0000020e388f1820 JavaThread "Unconstrained build operations Thread 30" [_thread_blocked, id=15280, stack(0x0000006f5e300000,0x0000006f5e400000)]
  0x0000020e388f21c0 JavaThread "Unconstrained build operations Thread 31" [_thread_blocked, id=19296, stack(0x0000006f5e400000,0x0000006f5e500000)]
  0x0000020e388f2690 JavaThread "Unconstrained build operations Thread 32" [_thread_blocked, id=2980, stack(0x0000006f5e500000,0x0000006f5e600000)]
  0x0000020e388f4840 JavaThread "Unconstrained build operations Thread 33" [_thread_blocked, id=16192, stack(0x0000006f5e600000,0x0000006f5e700000)]
  0x0000020e388f56b0 JavaThread "Unconstrained build operations Thread 34" [_thread_blocked, id=21452, stack(0x0000006f5e700000,0x0000006f5e800000)]
  0x0000020e388f09b0 JavaThread "Unconstrained build operations Thread 35" [_thread_blocked, id=7804, stack(0x0000006f5e800000,0x0000006f5e900000)]
  0x0000020e388f8200 JavaThread "Unconstrained build operations Thread 36" [_thread_blocked, id=14924, stack(0x0000006f5e900000,0x0000006f5ea00000)]
  0x0000020e388f5b80 JavaThread "Unconstrained build operations Thread 37" [_thread_blocked, id=20252, stack(0x0000006f5ea00000,0x0000006f5eb00000)]
  0x0000020e388f7390 JavaThread "Unconstrained build operations Thread 38" [_thread_blocked, id=2756, stack(0x0000006f5eb00000,0x0000006f5ec00000)]
  0x0000020e359ddd90 JavaThread "Unconstrained build operations Thread 39" [_thread_blocked, id=13344, stack(0x0000006f5ec00000,0x0000006f5ed00000)]
  0x0000020e359e4770 JavaThread "Unconstrained build operations Thread 40" [_thread_blocked, id=3968, stack(0x0000006f5ed00000,0x0000006f5ee00000)]
  0x0000020e359dec00 JavaThread "build event listener" [_thread_blocked, id=15940, stack(0x0000006f5ee00000,0x0000006f5ef00000)]
  0x0000020e359e0db0 JavaThread "Memory manager" [_thread_blocked, id=11200, stack(0x0000006f5ef00000,0x0000006f5f000000)]

Other Threads:
=>0x0000020e3445cc40 VMThread "VM Thread" [stack: 0x0000006f59a00000,0x0000006f59b00000] [id=20612]
  0x0000020e351832d0 WatcherThread [stack: 0x0000006f5a600000,0x0000006f5a700000] [id=3256]
  0x0000020e1af158d0 GCTaskThread "GC Thread#0" [stack: 0x0000006f59500000,0x0000006f59600000] [id=11568]
  0x0000020e35582690 GCTaskThread "GC Thread#1" [stack: 0x0000006f5a700000,0x0000006f5a800000] [id=11564]
  0x0000020e353a5190 GCTaskThread "GC Thread#2" [stack: 0x0000006f5a800000,0x0000006f5a900000] [id=14900]
  0x0000020e35d36670 GCTaskThread "GC Thread#3" [stack: 0x0000006f5a900000,0x0000006f5aa00000] [id=8272]
  0x0000020e1af26710 ConcurrentGCThread "G1 Main Marker" [stack: 0x0000006f59600000,0x0000006f59700000] [id=12352]
  0x0000020e1af28030 ConcurrentGCThread "G1 Conc#0" [stack: 0x0000006f59700000,0x0000006f59800000] [id=7128]
  0x0000020e1af63600 ConcurrentGCThread "G1 Refine#0" [stack: 0x0000006f59800000,0x0000006f59900000] [id=7744]
  0x0000020e3923e560 ConcurrentGCThread "G1 Refine#1" [stack: 0x0000006f5bf00000,0x0000006f5c000000] [id=21200]
  0x0000020e1af64dd0 ConcurrentGCThread "G1 Service" [stack: 0x0000006f59900000,0x0000006f59a00000] [id=18240]

Threads with active compile tasks:
C2 CompilerThread0    37442 7955       4       java.util.LinkedHashMap::get (29 bytes)

VM state: at safepoint (normal execution)

VM Mutex/Monitor currently owned by a thread:  ([mutex/lock_event])
[0x0000020e1aeb71b0] Threads_lock - owner thread: 0x0000020e3445cc40
[0x0000020e1aeb72d0] Heap_lock - owner thread: 0x0000020e36342980

Heap address: 0x0000000080000000, size: 2048 MB, Compressed Oops mode: 32-bit

CDS archive(s) not mapped
Compressed class space mapped at: 0x0000000100000000-0x0000000140000000, reserved size: 1073741824
Narrow klass base: 0x0000000000000000, Narrow klass shift: 3, Narrow klass range: 0x140000000

GC Precious Log:
 CPUs: 4 total, 4 available
 Memory: 3819M
 Large Page Support: Disabled
 NUMA Support: Disabled
 Compressed Oops: Enabled (32-bit)
 Heap Region Size: 1M
 Heap Min Capacity: 8M
 Heap Initial Capacity: 60M
 Heap Max Capacity: 2G
 Pre-touch: Disabled
 Parallel Workers: 4
 Concurrent Workers: 1
 Concurrent Refinement Workers: 4
 Periodic GC: Disabled

Heap:
 garbage-first heap   total 122880K, used 62836K [0x0000000080000000, 0x0000000100000000)
  region size 1024K, 5 young (5120K), 5 survivors (5120K)
 Metaspace       used 76608K, committed 77184K, reserved 1122304K
  class space    used 10371K, committed 10624K, reserved 1048576K

Heap Regions: E=young(eden), S=young(survivor), O=old, HS=humongous(starts), HC=humongous(continues), CS=collection set, F=free, OA=open archive, CA=closed archive, TAMS=top-at-mark-start (previous, next)
|   0|0x0000000080000000, 0x0000000080100000, 0x0000000080100000|100%| O|  |TAMS 0x0000000080100000, 0x0000000080000000| Untracked 
|   1|0x0000000080100000, 0x0000000080200000, 0x0000000080200000|100%| O|  |TAMS 0x0000000080200000, 0x0000000080100000| Untracked 
|   2|0x0000000080200000, 0x0000000080300000, 0x0000000080300000|100%|HS|  |TAMS 0x0000000080300000, 0x0000000080200000| Complete 
|   3|0x0000000080300000, 0x0000000080400000, 0x0000000080400000|100%|HC|  |TAMS 0x0000000080400000, 0x0000000080300000| Complete 
|   4|0x0000000080400000, 0x0000000080500000, 0x0000000080500000|100%|HC|  |TAMS 0x0000000080500000, 0x0000000080400000| Complete 
|   5|0x0000000080500000, 0x0000000080600000, 0x0000000080600000|100%|HC|  |TAMS 0x0000000080600000, 0x0000000080500000| Complete 
|   6|0x0000000080600000, 0x0000000080700000, 0x0000000080700000|100%| O|  |TAMS 0x0000000080700000, 0x0000000080600000| Untracked 
|   7|0x0000000080700000, 0x0000000080800000, 0x0000000080800000|100%| O|  |TAMS 0x0000000080800000, 0x0000000080700000| Untracked 
|   8|0x0000000080800000, 0x0000000080900000, 0x0000000080900000|100%| O|  |TAMS 0x0000000080900000, 0x0000000080800000| Untracked 
|   9|0x0000000080900000, 0x0000000080a00000, 0x0000000080a00000|100%| O|  |TAMS 0x0000000080a00000, 0x0000000080900000| Untracked 
|  10|0x0000000080a00000, 0x0000000080b00000, 0x0000000080b00000|100%| O|  |TAMS 0x0000000080b00000, 0x0000000080a00000| Untracked 
|  11|0x0000000080b00000, 0x0000000080c00000, 0x0000000080c00000|100%| O|  |TAMS 0x0000000080c00000, 0x0000000080b00000| Untracked 
|  12|0x0000000080c00000, 0x0000000080d00000, 0x0000000080d00000|100%| O|  |TAMS 0x0000000080d00000, 0x0000000080c00000| Untracked 
|  13|0x0000000080d00000, 0x0000000080e00000, 0x0000000080e00000|100%| O|  |TAMS 0x0000000080e00000, 0x0000000080d00000| Untracked 
|  14|0x0000000080e00000, 0x0000000080f00000, 0x0000000080f00000|100%| O|  |TAMS 0x0000000080f00000, 0x0000000080e00000| Untracked 
|  15|0x0000000080f00000, 0x0000000081000000, 0x0000000081000000|100%| O|  |TAMS 0x0000000081000000, 0x0000000080f00000| Untracked 
|  16|0x0000000081000000, 0x0000000081100000, 0x0000000081100000|100%| O|  |TAMS 0x0000000081100000, 0x0000000081000000| Untracked 
|  17|0x0000000081100000, 0x0000000081200000, 0x0000000081200000|100%| O|  |TAMS 0x0000000081200000, 0x0000000081100000| Untracked 
|  18|0x0000000081200000, 0x0000000081300000, 0x0000000081300000|100%| O|  |TAMS 0x0000000081300000, 0x0000000081200000| Untracked 
|  19|0x0000000081300000, 0x0000000081400000, 0x0000000081400000|100%| O|  |TAMS 0x0000000081400000, 0x0000000081300000| Untracked 
|  20|0x0000000081400000, 0x0000000081500000, 0x0000000081500000|100%| O|  |TAMS 0x0000000081500000, 0x0000000081400000| Untracked 
|  21|0x0000000081500000, 0x0000000081600000, 0x0000000081600000|100%| O|  |TAMS 0x0000000081600000, 0x0000000081500000| Untracked 
|  22|0x0000000081600000, 0x0000000081700000, 0x0000000081700000|100%| O|  |TAMS 0x0000000081600000, 0x0000000081600000| Untracked 
|  23|0x0000000081700000, 0x0000000081800000, 0x0000000081800000|100%| O|  |TAMS 0x0000000081800000, 0x0000000081700000| Untracked 
|  24|0x0000000081800000, 0x0000000081900000, 0x0000000081900000|100%| O|  |TAMS 0x0000000081900000, 0x0000000081800000| Untracked 
|  25|0x0000000081900000, 0x0000000081a00000, 0x0000000081a00000|100%| O|  |TAMS 0x0000000081900000, 0x0000000081900000| Untracked 
|  26|0x0000000081a00000, 0x0000000081b00000, 0x0000000081b00000|100%| O|  |TAMS 0x0000000081b00000, 0x0000000081a00000| Untracked 
|  27|0x0000000081b00000, 0x0000000081c00000, 0x0000000081c00000|100%| O|  |TAMS 0x0000000081c00000, 0x0000000081b00000| Untracked 
|  28|0x0000000081c00000, 0x0000000081d00000, 0x0000000081d00000|100%| O|  |TAMS 0x0000000081d00000, 0x0000000081c00000| Untracked 
|  29|0x0000000081d00000, 0x0000000081e00000, 0x0000000081e00000|100%| O|  |TAMS 0x0000000081e00000, 0x0000000081d00000| Untracked 
|  30|0x0000000081e00000, 0x0000000081f00000, 0x0000000081f00000|100%| O|  |TAMS 0x0000000081f00000, 0x0000000081e00000| Untracked 
|  31|0x0000000081f00000, 0x0000000082000000, 0x0000000082000000|100%| O|  |TAMS 0x0000000082000000, 0x0000000081f00000| Untracked 
|  32|0x0000000082000000, 0x0000000082100000, 0x0000000082100000|100%| O|  |TAMS 0x0000000082100000, 0x0000000082000000| Untracked 
|  33|0x0000000082100000, 0x0000000082200000, 0x0000000082200000|100%| O|  |TAMS 0x0000000082200000, 0x0000000082100000| Untracked 
|  34|0x0000000082200000, 0x0000000082300000, 0x0000000082300000|100%| O|  |TAMS 0x0000000082300000, 0x0000000082200000| Untracked 
|  35|0x0000000082300000, 0x0000000082400000, 0x0000000082400000|100%| O|  |TAMS 0x0000000082400000, 0x0000000082300000| Untracked 
|  36|0x0000000082400000, 0x0000000082500000, 0x0000000082500000|100%|HS|  |TAMS 0x0000000082500000, 0x0000000082400000| Complete 
|  37|0x0000000082500000, 0x0000000082600000, 0x0000000082600000|100%|HS|  |TAMS 0x0000000082600000, 0x0000000082500000| Complete 
|  38|0x0000000082600000, 0x0000000082700000, 0x0000000082700000|100%| O|  |TAMS 0x0000000082700000, 0x0000000082600000| Untracked 
|  39|0x0000000082700000, 0x0000000082800000, 0x0000000082800000|100%| O|  |TAMS 0x0000000082800000, 0x0000000082700000| Untracked 
|  40|0x0000000082800000, 0x0000000082900000, 0x0000000082900000|100%| O|  |TAMS 0x0000000082813000, 0x0000000082800000| Untracked 
|  41|0x0000000082900000, 0x0000000082a00000, 0x0000000082a00000|100%| O|  |TAMS 0x0000000082a00000, 0x0000000082900000| Untracked 
|  42|0x0000000082a00000, 0x0000000082b00000, 0x0000000082b00000|100%| O|  |TAMS 0x0000000082b00000, 0x0000000082a00000| Untracked 
|  43|0x0000000082b00000, 0x0000000082c00000, 0x0000000082c00000|100%| O|  |TAMS 0x0000000082c00000, 0x0000000082b00000| Untracked 
|  44|0x0000000082c00000, 0x0000000082d00000, 0x0000000082d00000|100%| O|  |TAMS 0x0000000082d00000, 0x0000000082c00000| Untracked 
|  45|0x0000000082d00000, 0x0000000082e00000, 0x0000000082e00000|100%| O|  |TAMS 0x0000000082e00000, 0x0000000082d00000| Untracked 
|  46|0x0000000082e00000, 0x0000000082f00000, 0x0000000082f00000|100%| O|  |TAMS 0x0000000082f00000, 0x0000000082e00000| Untracked 
|  47|0x0000000082f00000, 0x0000000083000000, 0x0000000083000000|100%| O|  |TAMS 0x0000000083000000, 0x0000000082f00000| Untracked 
|  48|0x0000000083000000, 0x0000000083100000, 0x0000000083100000|100%| O|  |TAMS 0x0000000083100000, 0x0000000083000000| Untracked 
|  49|0x0000000083100000, 0x0000000083200000, 0x0000000083200000|100%| O|  |TAMS 0x0000000083200000, 0x0000000083100000| Untracked 
|  50|0x0000000083200000, 0x0000000083300000, 0x0000000083300000|100%| O|  |TAMS 0x0000000083200000, 0x0000000083200000| Untracked 
|  51|0x0000000083300000, 0x0000000083400000, 0x0000000083400000|100%| O|  |TAMS 0x0000000083300000, 0x0000000083300000| Untracked 
|  52|0x0000000083400000, 0x0000000083500000, 0x0000000083500000|100%| O|  |TAMS 0x0000000083500000, 0x0000000083400000| Untracked 
|  53|0x0000000083500000, 0x0000000083600000, 0x0000000083600000|100%| O|  |TAMS 0x0000000083600000, 0x0000000083500000| Untracked 
|  54|0x0000000083600000, 0x0000000083700000, 0x0000000083700000|100%| O|  |TAMS 0x0000000083600000, 0x0000000083600000| Untracked 
|  55|0x0000000083700000, 0x0000000083800000, 0x0000000083800000|100%| O|  |TAMS 0x0000000083700000, 0x0000000083700000| Untracked 
|  56|0x0000000083800000, 0x000000008385d400, 0x0000000083900000| 36%| O|  |TAMS 0x0000000083800000, 0x0000000083800000| Untracked 
|  57|0x0000000083900000, 0x0000000083900000, 0x0000000083a00000|  0%| F|  |TAMS 0x0000000083900000, 0x0000000083900000| Untracked 
|  58|0x0000000083a00000, 0x0000000083a00000, 0x0000000083b00000|  0%| F|  |TAMS 0x0000000083a00000, 0x0000000083a00000| Untracked 
|  59|0x0000000083b00000, 0x0000000083b00000, 0x0000000083c00000|  0%| F|  |TAMS 0x0000000083b00000, 0x0000000083b00000| Untracked 
|  60|0x0000000083c00000, 0x0000000083c00000, 0x0000000083d00000|  0%| F|  |TAMS 0x0000000083c00000, 0x0000000083c00000| Untracked 
|  61|0x0000000083d00000, 0x0000000083d00000, 0x0000000083e00000|  0%| F|  |TAMS 0x0000000083d00000, 0x0000000083d00000| Untracked 
|  62|0x0000000083e00000, 0x0000000083e00000, 0x0000000083f00000|  0%| F|  |TAMS 0x0000000083e00000, 0x0000000083e00000| Untracked 
|  63|0x0000000083f00000, 0x0000000083f00000, 0x0000000084000000|  0%| F|  |TAMS 0x0000000083f00000, 0x0000000083f00000| Untracked 
|  64|0x0000000084000000, 0x0000000084000000, 0x0000000084100000|  0%| F|  |TAMS 0x0000000084000000, 0x0000000084000000| Untracked 
|  65|0x0000000084100000, 0x0000000084100000, 0x0000000084200000|  0%| F|  |TAMS 0x0000000084100000, 0x0000000084100000| Untracked 
|  66|0x0000000084200000, 0x0000000084200000, 0x0000000084300000|  0%| F|  |TAMS 0x0000000084200000, 0x0000000084200000| Untracked 
|  67|0x0000000084300000, 0x0000000084300000, 0x0000000084400000|  0%| F|  |TAMS 0x0000000084300000, 0x0000000084300000| Untracked 
|  68|0x0000000084400000, 0x0000000084400000, 0x0000000084500000|  0%| F|  |TAMS 0x0000000084400000, 0x0000000084400000| Untracked 
|  69|0x0000000084500000, 0x0000000084500000, 0x0000000084600000|  0%| F|  |TAMS 0x0000000084500000, 0x0000000084500000| Untracked 
|  70|0x0000000084600000, 0x0000000084600000, 0x0000000084700000|  0%| F|  |TAMS 0x0000000084600000, 0x0000000084600000| Untracked 
|  71|0x0000000084700000, 0x0000000084700000, 0x0000000084800000|  0%| F|  |TAMS 0x0000000084700000, 0x0000000084700000| Untracked 
|  72|0x0000000084800000, 0x0000000084800000, 0x0000000084900000|  0%| F|  |TAMS 0x0000000084800000, 0x0000000084800000| Untracked 
|  73|0x0000000084900000, 0x0000000084900000, 0x0000000084a00000|  0%| F|  |TAMS 0x0000000084900000, 0x0000000084900000| Untracked 
|  74|0x0000000084a00000, 0x0000000084a00000, 0x0000000084b00000|  0%| F|  |TAMS 0x0000000084a00000, 0x0000000084a00000| Untracked 
|  75|0x0000000084b00000, 0x0000000084b00000, 0x0000000084c00000|  0%| F|  |TAMS 0x0000000084b00000, 0x0000000084b00000| Untracked 
|  76|0x0000000084c00000, 0x0000000084c00000, 0x0000000084d00000|  0%| F|  |TAMS 0x0000000084c00000, 0x0000000084c00000| Untracked 
|  77|0x0000000084d00000, 0x0000000084d00000, 0x0000000084e00000|  0%| F|  |TAMS 0x0000000084d00000, 0x0000000084d00000| Untracked 
|  78|0x0000000084e00000, 0x0000000084e00000, 0x0000000084f00000|  0%| F|  |TAMS 0x0000000084e00000, 0x0000000084e00000| Untracked 
|  79|0x0000000084f00000, 0x0000000084ffff00, 0x0000000085000000| 99%| S|CS|TAMS 0x0000000084f00000, 0x0000000084f00000| Complete 
|  80|0x0000000085000000, 0x0000000085000000, 0x0000000085100000|  0%| F|  |TAMS 0x0000000085000000, 0x0000000085000000| Untracked 
|  81|0x0000000085100000, 0x0000000085100000, 0x0000000085200000|  0%| F|  |TAMS 0x0000000085100000, 0x0000000085100000| Untracked 
|  82|0x0000000085200000, 0x0000000085200000, 0x0000000085300000|  0%| F|  |TAMS 0x0000000085200000, 0x0000000085200000| Untracked 
|  83|0x0000000085300000, 0x0000000085400000, 0x0000000085400000|100%| S|CS|TAMS 0x0000000085300000, 0x0000000085300000| Complete 
|  84|0x0000000085400000, 0x0000000085500000, 0x0000000085500000|100%| S|CS|TAMS 0x0000000085400000, 0x0000000085400000| Complete 
|  85|0x0000000085500000, 0x0000000085600000, 0x0000000085600000|100%| S|CS|TAMS 0x0000000085500000, 0x0000000085500000| Complete 
|  86|0x0000000085600000, 0x0000000085700000, 0x0000000085700000|100%| S|CS|TAMS 0x0000000085600000, 0x0000000085600000| Complete 
|  87|0x0000000085700000, 0x0000000085700000, 0x0000000085800000|  0%| F|  |TAMS 0x0000000085700000, 0x0000000085700000| Untracked 
|  88|0x0000000085800000, 0x0000000085800000, 0x0000000085900000|  0%| F|  |TAMS 0x0000000085800000, 0x0000000085800000| Untracked 
|  89|0x0000000085900000, 0x0000000085900000, 0x0000000085a00000|  0%| F|  |TAMS 0x0000000085900000, 0x0000000085900000| Untracked 
|  90|0x0000000085a00000, 0x0000000085a00000, 0x0000000085b00000|  0%| F|  |TAMS 0x0000000085a00000, 0x0000000085a00000| Untracked 
|  91|0x0000000085b00000, 0x0000000085b00000, 0x0000000085c00000|  0%| F|  |TAMS 0x0000000085b00000, 0x0000000085b00000| Untracked 
|  92|0x0000000085c00000, 0x0000000085c00000, 0x0000000085d00000|  0%| F|  |TAMS 0x0000000085c00000, 0x0000000085c00000| Untracked 
|  93|0x0000000085d00000, 0x0000000085d00000, 0x0000000085e00000|  0%| F|  |TAMS 0x0000000085d00000, 0x0000000085d00000| Untracked 
|  94|0x0000000085e00000, 0x0000000085e00000, 0x0000000085f00000|  0%| F|  |TAMS 0x0000000085e00000, 0x0000000085e00000| Untracked 
|  95|0x0000000085f00000, 0x0000000085f00000, 0x0000000086000000|  0%| F|  |TAMS 0x0000000085f00000, 0x0000000085f00000| Untracked 
|  96|0x0000000086000000, 0x0000000086000000, 0x0000000086100000|  0%| F|  |TAMS 0x0000000086000000, 0x0000000086000000| Untracked 
|  97|0x0000000086100000, 0x0000000086100000, 0x0000000086200000|  0%| F|  |TAMS 0x0000000086100000, 0x0000000086100000| Untracked 
|  98|0x0000000086200000, 0x0000000086200000, 0x0000000086300000|  0%| F|  |TAMS 0x0000000086200000, 0x0000000086200000| Untracked 
|  99|0x0000000086300000, 0x0000000086300000, 0x0000000086400000|  0%| F|  |TAMS 0x0000000086300000, 0x0000000086300000| Untracked 
| 100|0x0000000086400000, 0x0000000086400000, 0x0000000086500000|  0%| F|  |TAMS 0x0000000086400000, 0x0000000086400000| Untracked 
| 101|0x0000000086500000, 0x0000000086500000, 0x0000000086600000|  0%| F|  |TAMS 0x0000000086500000, 0x0000000086500000| Untracked 
| 102|0x0000000086600000, 0x0000000086600000, 0x0000000086700000|  0%| F|  |TAMS 0x0000000086600000, 0x0000000086600000| Untracked 
| 103|0x0000000086700000, 0x0000000086700000, 0x0000000086800000|  0%| F|  |TAMS 0x0000000086700000, 0x0000000086700000| Untracked 
| 104|0x0000000086800000, 0x0000000086800000, 0x0000000086900000|  0%| F|  |TAMS 0x0000000086800000, 0x0000000086800000| Untracked 
| 105|0x0000000086900000, 0x0000000086900000, 0x0000000086a00000|  0%| F|  |TAMS 0x0000000086900000, 0x0000000086900000| Untracked 
| 106|0x0000000086a00000, 0x0000000086a00000, 0x0000000086b00000|  0%| F|  |TAMS 0x0000000086a00000, 0x0000000086a00000| Untracked 
| 107|0x0000000086b00000, 0x0000000086b00000, 0x0000000086c00000|  0%| F|  |TAMS 0x0000000086b00000, 0x0000000086b00000| Untracked 
| 108|0x0000000086c00000, 0x0000000086c00000, 0x0000000086d00000|  0%| F|  |TAMS 0x0000000086c00000, 0x0000000086c00000| Untracked 
| 109|0x0000000086d00000, 0x0000000086d00000, 0x0000000086e00000|  0%| F|  |TAMS 0x0000000086d00000, 0x0000000086d00000| Untracked 
| 110|0x0000000086e00000, 0x0000000086e00000, 0x0000000086f00000|  0%| F|  |TAMS 0x0000000086e00000, 0x0000000086e00000| Untracked 
| 111|0x0000000086f00000, 0x0000000086f00000, 0x0000000087000000|  0%| F|  |TAMS 0x0000000086f00000, 0x0000000086f00000| Untracked 
| 112|0x0000000087000000, 0x0000000087000000, 0x0000000087100000|  0%| F|  |TAMS 0x0000000087000000, 0x0000000087000000| Untracked 
| 113|0x0000000087100000, 0x0000000087100000, 0x0000000087200000|  0%| F|  |TAMS 0x0000000087100000, 0x0000000087100000| Untracked 
| 114|0x0000000087200000, 0x0000000087200000, 0x0000000087300000|  0%| F|  |TAMS 0x0000000087200000, 0x0000000087200000| Untracked 
| 115|0x0000000087300000, 0x0000000087300000, 0x0000000087400000|  0%| F|  |TAMS 0x0000000087300000, 0x0000000087300000| Untracked 
| 116|0x0000000087400000, 0x0000000087400000, 0x0000000087500000|  0%| F|  |TAMS 0x0000000087400000, 0x0000000087400000| Untracked 
| 117|0x0000000087500000, 0x0000000087500000, 0x0000000087600000|  0%| F|  |TAMS 0x0000000087500000, 0x0000000087500000| Untracked 
| 118|0x0000000087600000, 0x0000000087600000, 0x0000000087700000|  0%| F|  |TAMS 0x0000000087600000, 0x0000000087600000| Untracked 
| 119|0x0000000087700000, 0x0000000087700000, 0x0000000087800000|  0%| F|  |TAMS 0x0000000087700000, 0x0000000087700000| Untracked 

Card table byte_map: [0x0000020e2d780000,0x0000020e2db80000] _byte_map_base: 0x0000020e2d380000

Marking Bits (Prev, Next): (CMBitMap*) 0x0000020e1af15de0, (CMBitMap*) 0x0000020e1af15e20
 Prev Bits: [0x0000020e2df80000, 0x0000020e2ff80000)
 Next Bits: [0x0000020e2ff80000, 0x0000020e31f80000)

Polling page: 0x0000020e18e90000

Metaspace:

Usage:
  Non-class:     64.68 MB used.
      Class:     10.13 MB used.
       Both:     74.81 MB used.

Virtual space:
  Non-class space:       72.00 MB reserved,      65.00 MB ( 90%) committed,  9 nodes.
      Class space:        1.00 GB reserved,      10.38 MB (  1%) committed,  1 nodes.
             Both:        1.07 GB reserved,      75.38 MB (  7%) committed. 

Chunk freelists:
   Non-Class:  2.95 MB
       Class:  1.57 MB
        Both:  4.52 MB

MaxMetaspaceSize: unlimited
CompressedClassSpaceSize: 1.00 GB
Initial GC threshold: 21.00 MB
Current GC threshold: 109.06 MB
CDS: off
MetaspaceReclaimPolicy: balanced
 - commit_granule_bytes: 65536.
 - commit_granule_words: 8192.
 - virtual_space_node_default_size: 1048576.
 - enlarge_chunks_in_place: 1.
 - new_chunks_are_fully_committed: 0.
 - uncommit_free_chunks: 1.
 - use_allocation_guard: 0.
 - handle_deallocations: 1.


Internal statistics:

num_allocs_failed_limit: 6.
num_arena_births: 684.
num_arena_deaths: 0.
num_vsnodes_births: 10.
num_vsnodes_deaths: 0.
num_space_committed: 1206.
num_space_uncommitted: 0.
num_chunks_returned_to_freelist: 6.
num_chunks_taken_from_freelist: 3346.
num_chunk_merges: 6.
num_chunk_splits: 2233.
num_chunks_enlarged: 1503.
num_purges: 0.
num_inconsistent_stats: 0.

CodeHeap 'non-profiled nmethods': size=120000Kb used=3502Kb max_used=3502Kb free=116497Kb
 bounds [0x0000020e25e50000, 0x0000020e261c0000, 0x0000020e2d380000]
CodeHeap 'profiled nmethods': size=120000Kb used=13896Kb max_used=13896Kb free=106103Kb
 bounds [0x0000020e1e380000, 0x0000020e1f120000, 0x0000020e258b0000]
CodeHeap 'non-nmethods': size=5760Kb used=2369Kb max_used=2419Kb free=3390Kb
 bounds [0x0000020e258b0000, 0x0000020e25b20000, 0x0000020e25e50000]
 total_blobs=7944 nmethods=7057 adapters=798
 compilation: enabled
              stopped_count=0, restarted_count=0
 full_count=0

Compilation events (20 events):
Event: 37.259 Thread 0x0000020e350105b0 7950       4       java.util.HashMap::getNode (150 bytes)
Event: 37.261 Thread 0x0000020e35012ec0 nmethod 7945 0x0000020e1f10a910 code [0x0000020e1f10ace0, 0x0000020e1f10cb38]
Event: 37.261 Thread 0x0000020e35012ec0 7948       1       org.gradle.internal.component.local.model.DefaultLocalComponentMetadata$DefaultLocalConfigurationMetadata::getName (5 bytes)
Event: 37.261 Thread 0x0000020e35012ec0 nmethod 7948 0x0000020e261bb190 code [0x0000020e261bb320, 0x0000020e261bb3f8]
Event: 37.261 Thread 0x0000020e35012ec0 7949       3       org.gradle.api.internal.artifacts.result.DefaultResolvedVariantResult::computeHashCode (69 bytes)
Event: 37.262 Thread 0x0000020e35012ec0 nmethod 7949 0x0000020e1f10d590 code [0x0000020e1f10d780, 0x0000020e1f10dce8]
Event: 37.262 Thread 0x0000020e35012ec0 7946       3       org.gradle.api.internal.artifacts.ivyservice.resolveengine.graph.builder.NodeState::collectAncestorsStrictVersions (39 bytes)
Event: 37.263 Thread 0x0000020e35012ec0 nmethod 7946 0x0000020e1f10de90 code [0x0000020e1f10e080, 0x0000020e1f10e4b8]
Event: 37.263 Thread 0x0000020e35012ec0 7947       3       org.gradle.api.internal.artifacts.ivyservice.resolveengine.graph.builder.NodeState::dependencies (46 bytes)
Event: 37.264 Thread 0x0000020e35012ec0 nmethod 7947 0x0000020e1f10e610 code [0x0000020e1f10e7e0, 0x0000020e1f10eae8]
Event: 37.264 Thread 0x0000020e35012ec0 7951       3       org.gradle.api.internal.artifacts.ivyservice.resolveengine.graph.builder.NodeState::desugar (9 bytes)
Event: 37.265 Thread 0x0000020e35012ec0 nmethod 7951 0x0000020e1f10ec10 code [0x0000020e1f10ee40, 0x0000020e1f10f748]
Event: 37.265 Thread 0x0000020e35012ec0 7952       3       org.gradle.api.internal.artifacts.ivyservice.resolveengine.graph.builder.ResolveState::desugar (9 bytes)
Event: 37.265 Thread 0x0000020e35012ec0 nmethod 7952 0x0000020e1f10fa90 code [0x0000020e1f10fcc0, 0x0000020e1f110548]
Event: 37.266 Thread 0x0000020e350105b0 nmethod 7950 0x0000020e261bb490 code [0x0000020e261bb620, 0x0000020e261bb8e8]
Event: 37.266 Thread 0x0000020e35012ec0 7953       3       org.gradle.api.internal.artifacts.DefaultProjectComponentIdentifier::equals (41 bytes)
Event: 37.266 Thread 0x0000020e35012ec0 nmethod 7953 0x0000020e1f110890 code [0x0000020e1f110a60, 0x0000020e1f110e08]
Event: 37.275 Thread 0x0000020e35012ec0 7954   !   3       org.gradle.api.internal.provider.AbstractProperty::doCalculateValue (48 bytes)
Event: 37.277 Thread 0x0000020e35012ec0 nmethod 7954 0x0000020e1f110f10 code [0x0000020e1f1111a0, 0x0000020e1f111e98]
Event: 37.294 Thread 0x0000020e350105b0 7955       4       java.util.LinkedHashMap::get (29 bytes)

GC Heap History (20 events):
Event: 29.014 GC heap after
{Heap after GC invocations=31 (full 0):
 garbage-first heap   total 86016K, used 49697K [0x0000000080000000, 0x0000000100000000)
  region size 1024K, 1 young (1024K), 1 survivors (1024K)
 Metaspace       used 62741K, committed 63232K, reserved 1105920K
  class space    used 8270K, committed 8512K, reserved 1048576K
}
Event: 29.038 GC heap before
{Heap before GC invocations=31 (full 0):
 garbage-first heap   total 86016K, used 52769K [0x0000000080000000, 0x0000000100000000)
  region size 1024K, 5 young (5120K), 1 survivors (1024K)
 Metaspace       used 62741K, committed 63232K, reserved 1105920K
  class space    used 8270K, committed 8512K, reserved 1048576K
}
Event: 29.043 GC heap after
{Heap after GC invocations=32 (full 0):
 garbage-first heap   total 86016K, used 51796K [0x0000000080000000, 0x0000000100000000)
  region size 1024K, 2 young (2048K), 2 survivors (2048K)
 Metaspace       used 62741K, committed 63232K, reserved 1105920K
  class space    used 8270K, committed 8512K, reserved 1048576K
}
Event: 29.365 GC heap before
{Heap before GC invocations=33 (full 0):
 garbage-first heap   total 102400K, used 58964K [0x0000000080000000, 0x0000000100000000)
  region size 1024K, 8 young (8192K), 2 survivors (2048K)
 Metaspace       used 62749K, committed 63232K, reserved 1105920K
  class space    used 8270K, committed 8512K, reserved 1048576K
}
Event: 29.371 GC heap after
{Heap after GC invocations=34 (full 0):
 garbage-first heap   total 102400K, used 55275K [0x0000000080000000, 0x0000000100000000)
  region size 1024K, 2 young (2048K), 2 survivors (2048K)
 Metaspace       used 62749K, committed 63232K, reserved 1105920K
  class space    used 8270K, committed 8512K, reserved 1048576K
}
Event: 30.339 GC heap before
{Heap before GC invocations=35 (full 0):
 garbage-first heap   total 102400K, used 73707K [0x0000000080000000, 0x0000000100000000)
  region size 1024K, 18 young (18432K), 2 survivors (2048K)
 Metaspace       used 64443K, committed 64896K, reserved 1105920K
  class space    used 8475K, committed 8704K, reserved 1048576K
}
Event: 30.343 GC heap after
{Heap after GC invocations=36 (full 0):
 garbage-first heap   total 102400K, used 54857K [0x0000000080000000, 0x0000000100000000)
  region size 1024K, 2 young (2048K), 2 survivors (2048K)
 Metaspace       used 64443K, committed 64896K, reserved 1105920K
  class space    used 8475K, committed 8704K, reserved 1048576K
}
Event: 30.472 GC heap before
{Heap before GC invocations=36 (full 0):
 garbage-first heap   total 102400K, used 57929K [0x0000000080000000, 0x0000000100000000)
  region size 1024K, 5 young (5120K), 2 survivors (2048K)
 Metaspace       used 64677K, committed 65216K, reserved 1105920K
  class space    used 8514K, committed 8768K, reserved 1048576K
}
Event: 30.482 GC heap after
{Heap after GC invocations=37 (full 0):
 garbage-first heap   total 102400K, used 55012K [0x0000000080000000, 0x0000000100000000)
  region size 1024K, 1 young (1024K), 1 survivors (1024K)
 Metaspace       used 64677K, committed 65216K, reserved 1105920K
  class space    used 8514K, committed 8768K, reserved 1048576K
}
Event: 31.106 GC heap before
{Heap before GC invocations=37 (full 0):
 garbage-first heap   total 102400K, used 73444K [0x0000000080000000, 0x0000000100000000)
  region size 1024K, 19 young (19456K), 1 survivors (1024K)
 Metaspace       used 65926K, committed 66432K, reserved 1114112K
  class space    used 8663K, committed 8896K, reserved 1048576K
}
Event: 31.115 GC heap after
{Heap after GC invocations=38 (full 0):
 garbage-first heap   total 122880K, used 56396K [0x0000000080000000, 0x0000000100000000)
  region size 1024K, 2 young (2048K), 2 survivors (2048K)
 Metaspace       used 65926K, committed 66432K, reserved 1114112K
  class space    used 8663K, committed 8896K, reserved 1048576K
}
Event: 32.151 GC heap before
{Heap before GC invocations=39 (full 0):
 garbage-first heap   total 122880K, used 83020K [0x0000000080000000, 0x0000000100000000)
  region size 1024K, 31 young (31744K), 2 survivors (2048K)
 Metaspace       used 67841K, committed 68352K, reserved 1114112K
  class space    used 8927K, committed 9152K, reserved 1048576K
}
Event: 32.164 GC heap after
{Heap after GC invocations=40 (full 0):
 garbage-first heap   total 122880K, used 55360K [0x0000000080000000, 0x0000000100000000)
  region size 1024K, 4 young (4096K), 4 survivors (4096K)
 Metaspace       used 67841K, committed 68352K, reserved 1114112K
  class space    used 8927K, committed 9152K, reserved 1048576K
}
Event: 32.193 GC heap before
{Heap before GC invocations=40 (full 0):
 garbage-first heap   total 122880K, used 57408K [0x0000000080000000, 0x0000000100000000)
  region size 1024K, 6 young (6144K), 4 survivors (4096K)
 Metaspace       used 67841K, committed 68352K, reserved 1114112K
  class space    used 8927K, committed 9152K, reserved 1048576K
}
Event: 32.206 GC heap after
{Heap after GC invocations=41 (full 0):
 garbage-first heap   total 122880K, used 55460K [0x0000000080000000, 0x0000000100000000)
  region size 1024K, 1 young (1024K), 1 survivors (1024K)
 Metaspace       used 67841K, committed 68352K, reserved 1114112K
  class space    used 8927K, committed 9152K, reserved 1048576K
}
Event: 33.049 GC heap before
{Heap before GC invocations=41 (full 0):
 garbage-first heap   total 122880K, used 88228K [0x0000000080000000, 0x0000000100000000)
  region size 1024K, 33 young (33792K), 1 survivors (1024K)
 Metaspace       used 69403K, committed 70016K, reserved 1114112K
  class space    used 9149K, committed 9408K, reserved 1048576K
}
Event: 33.059 GC heap after
{Heap after GC invocations=42 (full 0):
 garbage-first heap   total 122880K, used 57729K [0x0000000080000000, 0x0000000100000000)
  region size 1024K, 3 young (3072K), 3 survivors (3072K)
 Metaspace       used 69403K, committed 70016K, reserved 1114112K
  class space    used 9149K, committed 9408K, reserved 1048576K
}
Event: 35.192 GC heap before
{Heap before GC invocations=42 (full 0):
 garbage-first heap   total 122880K, used 92545K [0x0000000080000000, 0x0000000100000000)
  region size 1024K, 37 young (37888K), 3 survivors (3072K)
 Metaspace       used 73677K, committed 74240K, reserved 1114112K
  class space    used 9947K, committed 10176K, reserved 1048576K
}
Event: 35.216 GC heap after
{Heap after GC invocations=43 (full 0):
 garbage-first heap   total 122880K, used 60029K [0x0000000080000000, 0x0000000100000000)
  region size 1024K, 3 young (3072K), 3 survivors (3072K)
 Metaspace       used 73677K, committed 74240K, reserved 1114112K
  class space    used 9947K, committed 10176K, reserved 1048576K
}
Event: 37.298 GC heap before
{Heap before GC invocations=43 (full 0):
 garbage-first heap   total 122880K, used 93821K [0x0000000080000000, 0x0000000100000000)
  region size 1024K, 36 young (36864K), 3 survivors (3072K)
 Metaspace       used 76608K, committed 77184K, reserved 1122304K
  class space    used 10371K, committed 10624K, reserved 1048576K
}

Dll operation events (2 events):
Event: 0.100 Loaded shared library C:\Program Files\Android\Android Studio\jbr\bin\java.dll
Event: 1.921 Loaded shared library C:\Program Files\Android\Android Studio\jbr\bin\verify.dll

Deoptimization events (20 events):
Event: 36.559 Thread 0x0000020e36342980 DEOPT PACKING pc=0x0000020e260fa960 sp=0x0000006f5b0f98d0
Event: 36.560 Thread 0x0000020e36342980 DEOPT UNPACKING pc=0x0000020e2590a1a3 sp=0x0000006f5b0f9860 mode 2
Event: 36.656 Thread 0x0000020e36342980 DEOPT PACKING pc=0x0000020e1e75ea18 sp=0x0000006f5b0f8d30
Event: 36.656 Thread 0x0000020e36342980 DEOPT UNPACKING pc=0x0000020e2590ace3 sp=0x0000006f5b0f8210 mode 0
Event: 36.708 Thread 0x0000020e36342980 Uncommon trap: trap_request=0xffffff45 fr.pc=0x0000020e25eba570 relative=0x0000000000000990
Event: 36.708 Thread 0x0000020e36342980 Uncommon trap: reason=unstable_if action=reinterpret pc=0x0000020e25eba570 method=java.util.HashMap.resize()[Ljava/util/HashMap$Node; @ 203 c2
Event: 36.708 Thread 0x0000020e36342980 DEOPT PACKING pc=0x0000020e25eba570 sp=0x0000006f5b0f8e00
Event: 36.708 Thread 0x0000020e36342980 DEOPT UNPACKING pc=0x0000020e2590a1a3 sp=0x0000006f5b0f8da0 mode 2
Event: 36.708 Thread 0x0000020e36342980 Uncommon trap: trap_request=0xffffff45 fr.pc=0x0000020e25f1a7ac relative=0x00000000000028ec
Event: 36.708 Thread 0x0000020e36342980 Uncommon trap: reason=unstable_if action=reinterpret pc=0x0000020e25f1a7ac method=java.util.HashMap.getNode(Ljava/lang/Object;)Ljava/util/HashMap$Node; @ 85 c2
Event: 36.708 Thread 0x0000020e36342980 DEOPT PACKING pc=0x0000020e25f1a7ac sp=0x0000006f5b0f8ea0
Event: 36.708 Thread 0x0000020e36342980 DEOPT UNPACKING pc=0x0000020e2590a1a3 sp=0x0000006f5b0f8d88 mode 2
Event: 36.708 Thread 0x0000020e36342980 Uncommon trap: trap_request=0xffffff45 fr.pc=0x0000020e25e6816c relative=0x00000000000002cc
Event: 36.708 Thread 0x0000020e36342980 Uncommon trap: reason=unstable_if action=reinterpret pc=0x0000020e25e6816c method=java.util.HashMap.getNode(Ljava/lang/Object;)Ljava/util/HashMap$Node; @ 85 c2
Event: 36.708 Thread 0x0000020e36342980 DEOPT PACKING pc=0x0000020e25e6816c sp=0x0000006f5b0f8e50
Event: 36.708 Thread 0x0000020e36342980 DEOPT UNPACKING pc=0x0000020e2590a1a3 sp=0x0000006f5b0f8d70 mode 2
Event: 36.708 Thread 0x0000020e36342980 Uncommon trap: trap_request=0xffffff45 fr.pc=0x0000020e25fd37c4 relative=0x0000000000000224
Event: 36.708 Thread 0x0000020e36342980 Uncommon trap: reason=unstable_if action=reinterpret pc=0x0000020e25fd37c4 method=java.util.HashMap.getNode(Ljava/lang/Object;)Ljava/util/HashMap$Node; @ 85 c2
Event: 36.708 Thread 0x0000020e36342980 DEOPT PACKING pc=0x0000020e25fd37c4 sp=0x0000006f5b0f8df0
Event: 36.708 Thread 0x0000020e36342980 DEOPT UNPACKING pc=0x0000020e2590a1a3 sp=0x0000006f5b0f8d70 mode 2

Classes unloaded (0 events):
No events

Classes redefined (0 events):
No events

Internal exceptions (20 events):
Event: 32.476 Thread 0x0000020e36342980 Exception <a 'java/lang/ClassNotFoundException'{0x00000000865b3b08}: com/android/build/gradle/internal/CompileOptions$AgpDecorated_DecoratedCustomizer> (0x00000000865b3b08) 
thrown [s\src\hotspot\share\classfile\systemDictionary.cpp, line 256]
Event: 32.491 Thread 0x0000020e36342980 Exception <a 'java/lang/ClassNotFoundException'{0x0000000086436248}: com/android/build/gradle/internal/dsl/ApplicationBuildFeaturesImpl_DecoratedBeanInfo> (0x0000000086436248) 
thrown [s\src\hotspot\share\classfile\systemDictionary.cpp, line 256]
Event: 32.491 Thread 0x0000020e36342980 Exception <a 'java/lang/ClassNotFoundException'{0x0000000086443a20}: com/android/build/gradle/internal/dsl/ApplicationBuildFeaturesImplBeanInfo> (0x0000000086443a20) 
thrown [s\src\hotspot\share\classfile\systemDictionary.cpp, line 256]
Event: 32.491 Thread 0x0000020e36342980 Exception <a 'java/lang/ClassNotFoundException'{0x0000000086451010}: com/android/build/gradle/internal/dsl/BuildFeaturesImplBeanInfo> (0x0000000086451010) 
thrown [s\src\hotspot\share\classfile\systemDictionary.cpp, line 256]
Event: 32.492 Thread 0x0000020e36342980 Exception <a 'java/lang/ClassNotFoundException'{0x000000008645e618}: com/android/build/gradle/internal/dsl/BuildFeaturesImplCustomizer> (0x000000008645e618) 
thrown [s\src\hotspot\share\classfile\systemDictionary.cpp, line 256]
Event: 32.493 Thread 0x0000020e36342980 Exception <a 'java/lang/ClassNotFoundException'{0x00000000864778f0}: com/android/build/gradle/internal/dsl/ApplicationBuildFeaturesImplCustomizer> (0x00000000864778f0) 
thrown [s\src\hotspot\share\classfile\systemDictionary.cpp, line 256]
Event: 32.493 Thread 0x0000020e36342980 Exception <a 'java/lang/ClassNotFoundException'{0x000000008648b3d0}: com/android/build/gradle/internal/dsl/ApplicationBuildFeaturesImpl_DecoratedCustomizer> (0x000000008648b3d0) 
thrown [s\src\hotspot\share\classfile\systemDictionary.cpp, line 256]
Event: 32.505 Thread 0x0000020e36342980 Exception <a 'java/lang/ClassNotFoundException'{0x000000008631d550}: org/gradle/api/internal/artifacts/dsl/dependencies/DefaultDependencyHandler_DecoratedBeanInfo> (0x000000008631d550) 
thrown [s\src\hotspot\share\classfile\systemDictionary.cpp, line 256]
Event: 32.505 Thread 0x0000020e36342980 Exception <a 'java/lang/ClassNotFoundException'{0x00000000863374d8}: org/gradle/api/internal/artifacts/dsl/dependencies/DefaultDependencyHandlerBeanInfo> (0x00000000863374d8) 
thrown [s\src\hotspot\share\classfile\systemDictionary.cpp, line 256]
Event: 32.507 Thread 0x0000020e36342980 Exception <a 'java/lang/ClassNotFoundException'{0x0000000086351420}: org/gradle/api/internal/artifacts/dsl/dependencies/DefaultDependencyHandlerCustomizer> (0x0000000086351420) 
thrown [s\src\hotspot\share\classfile\systemDictionary.cpp, line 256]
Event: 32.509 Thread 0x0000020e36342980 Exception <a 'java/lang/ClassNotFoundException'{0x0000000086392bb8}: org/gradle/api/internal/artifacts/dsl/dependencies/DefaultDependencyHandler_DecoratedCustomizer> (0x0000000086392bb8) 
thrown [s\src\hotspot\share\classfile\systemDictionary.cpp, line 256]
Event: 34.403 Thread 0x0000020e36342980 Exception <a 'java/lang/NoSuchMethodError'{0x00000000862f5fb0}: 'int java.lang.invoke.DirectMethodHandle$Holder.invokeSpecialIFC(java.lang.Object, java.lang.Object, java.lang.Object, java.lang.Object, java.lang.Object)'> (0x00000000862f5fb0) 
thrown [s\src\hotspot\share\interpreter\linkResolver.cpp, line 771]
Event: 35.259 Thread 0x0000020e36342980 Exception <a 'java/lang/ClassNotFoundException'{0x00000000877d6e88}: com/android/build/gradle/internal/api/ApkVariantOutputImpl_DecoratedBeanInfo> (0x00000000877d6e88) 
thrown [s\src\hotspot\share\classfile\systemDictionary.cpp, line 256]
Event: 35.260 Thread 0x0000020e36342980 Exception <a 'java/lang/ClassNotFoundException'{0x00000000877e3a60}: com/android/build/gradle/internal/api/ApkVariantOutputImplBeanInfo> (0x00000000877e3a60) 
thrown [s\src\hotspot\share\classfile\systemDictionary.cpp, line 256]
Event: 35.268 Thread 0x0000020e36342980 Exception <a 'java/lang/ClassNotFoundException'{0x00000000877f0648}: com/android/build/gradle/internal/api/BaseVariantOutputImplBeanInfo> (0x00000000877f0648) 
thrown [s\src\hotspot\share\classfile\systemDictionary.cpp, line 256]
Event: 35.270 Thread 0x0000020e36342980 Exception <a 'java/lang/ClassNotFoundException'{0x00000000877fd4b0}: com/android/build/gradle/internal/api/BaseVariantOutputImplCustomizer> (0x00000000877fd4b0) 
thrown [s\src\hotspot\share\classfile\systemDictionary.cpp, line 256]
Event: 35.275 Thread 0x0000020e36342980 Exception <a 'java/lang/ClassNotFoundException'{0x00000000876208e0}: com/android/build/gradle/internal/api/ApkVariantOutputImplCustomizer> (0x00000000876208e0) 
thrown [s\src\hotspot\share\classfile\systemDictionary.cpp, line 256]
Event: 35.276 Thread 0x0000020e36342980 Exception <a 'java/lang/ClassNotFoundException'{0x000000008763a0d8}: com/android/build/gradle/internal/api/ApkVariantOutputImpl_DecoratedCustomizer> (0x000000008763a0d8) 
thrown [s\src\hotspot\share\classfile\systemDictionary.cpp, line 256]
Event: 35.341 Thread 0x0000020e36342980 Exception <a 'java/lang/NoClassDefFoundError'{0x000000008755f3b8}: org/jetbrains/kotlin/gradle/plugin/KotlinBasePluginWrapper> (0x000000008755f3b8) 
thrown [s\src\hotspot\share\classfile\systemDictionary.cpp, line 245]
Event: 36.000 Thread 0x0000020e36342980 Implicit null exception at 0x0000020e260c2892 to 0x0000020e260c2efc

VM Operations (20 events):
Event: 32.165 Executing VM operation: G1CollectForAllocation done
Event: 32.193 Executing VM operation: G1CollectForAllocation
Event: 32.206 Executing VM operation: G1CollectForAllocation done
Event: 32.576 Executing VM operation: HandshakeAllThreads
Event: 32.576 Executing VM operation: HandshakeAllThreads done
Event: 33.049 Executing VM operation: G1CollectForAllocation
Event: 33.059 Executing VM operation: G1CollectForAllocation done
Event: 34.072 Executing VM operation: Cleanup
Event: 34.073 Executing VM operation: Cleanup done
Event: 34.999 Executing VM operation: ICBufferFull
Event: 34.999 Executing VM operation: ICBufferFull done
Event: 35.192 Executing VM operation: G1CollectForAllocation
Event: 35.216 Executing VM operation: G1CollectForAllocation done
Event: 36.222 Executing VM operation: Cleanup
Event: 36.223 Executing VM operation: Cleanup done
Event: 36.771 Executing VM operation: HandshakeAllThreads
Event: 36.772 Executing VM operation: HandshakeAllThreads done
Event: 37.244 Executing VM operation: ICBufferFull
Event: 37.245 Executing VM operation: ICBufferFull done
Event: 37.298 Executing VM operation: G1CollectForAllocation

Events (20 events):
Event: 31.143 loading class com/sun/jmx/mbeanserver/StandardMBeanSupport
Event: 31.143 loading class com/sun/jmx/mbeanserver/StandardMBeanSupport done
Event: 31.143 loading class com/sun/jmx/mbeanserver/StandardMBeanIntrospector
Event: 31.143 loading class com/sun/jmx/mbeanserver/StandardMBeanIntrospector done
Event: 31.278 loading class javax/xml/stream/XMLStreamException
Event: 31.281 loading class javax/xml/stream/XMLStreamException done
Event: 31.356 loading class sun/reflect/annotation/AnnotationInvocationHandler$1
Event: 31.357 loading class sun/reflect/annotation/AnnotationInvocationHandler$1 done
Event: 31.508 loading class sun/reflect/generics/repository/FieldRepository
Event: 31.508 loading class sun/reflect/generics/repository/FieldRepository done
Event: 31.536 loading class jdk/internal/vm/annotation/ForceInline
Event: 31.536 loading class jdk/internal/vm/annotation/ForceInline done
Event: 31.671 loading class java/util/regex/Pattern$Caret
Event: 31.672 loading class java/util/regex/Pattern$Caret done
Event: 32.251 loading class java/beans/IntrospectionException
Event: 32.251 loading class java/beans/IntrospectionException done
Event: 35.336 loading class java/io/CharArrayWriter
Event: 35.337 loading class java/io/CharArrayWriter done
Event: 36.253 loading class java/util/zip/ZipOutputStream
Event: 36.254 loading class java/util/zip/ZipOutputStream done


Dynamic libraries:
0x00007ff778580000 - 0x00007ff77858a000 	C:\Program Files\Android\Android Studio\jbr\bin\java.exe
0x00007ff815c70000 - 0x00007ff815e84000 	C:\Windows\SYSTEM32\ntdll.dll
0x00007ff814320000 - 0x00007ff8143e4000 	C:\Windows\System32\KERNEL32.DLL
0x00007ff813280000 - 0x00007ff813624000 	C:\Windows\System32\KERNELBASE.dll
0x00007ff8138e0000 - 0x00007ff8139f1000 	C:\Windows\System32\ucrtbase.dll
0x00007ff80dec0000 - 0x00007ff80ded7000 	C:\Program Files\Android\Android Studio\jbr\bin\jli.dll
0x00007ff814e60000 - 0x00007ff81500a000 	C:\Windows\System32\USER32.dll
0x00007ff813a00000 - 0x00007ff813a26000 	C:\Windows\System32\win32u.dll
0x00007ff814e30000 - 0x00007ff814e59000 	C:\Windows\System32\GDI32.dll
0x00007ff813160000 - 0x00007ff813279000 	C:\Windows\System32\gdi32full.dll
0x00007ff8130c0000 - 0x00007ff81315a000 	C:\Windows\System32\msvcp_win.dll
0x00007ff809430000 - 0x00007ff8096bf000 	C:\Windows\WinSxS\amd64_microsoft.windows.common-controls_6595b64144ccf1df_6.0.22621.2070_none_2713e6537381f706\COMCTL32.dll
0x00007ff80de20000 - 0x00007ff80de3b000 	C:\Program Files\Android\Android Studio\jbr\bin\VCRUNTIME140.dll
0x00007ff814440000 - 0x00007ff8144e7000 	C:\Windows\System32\msvcrt.dll
0x00007ff813ec0000 - 0x00007ff813ef1000 	C:\Windows\System32\IMM32.DLL
0x00007ff80faf0000 - 0x00007ff80fafc000 	C:\Program Files\Android\Android Studio\jbr\bin\vcruntime140_1.dll
0x00007ffffdee0000 - 0x00007ffffdf6d000 	C:\Program Files\Android\Android Studio\jbr\bin\msvcp140.dll
0x00007fffb3230000 - 0x00007fffb3e9d000 	C:\Program Files\Android\Android Studio\jbr\bin\server\jvm.dll
0x00007ff815a80000 - 0x00007ff815b30000 	C:\Windows\System32\ADVAPI32.dll
0x00007ff813fe0000 - 0x00007ff814086000 	C:\Windows\System32\sechost.dll
0x00007ff815960000 - 0x00007ff815a77000 	C:\Windows\System32\RPCRT4.dll
0x00007ff809f50000 - 0x00007ff809f84000 	C:\Windows\SYSTEM32\WINMM.dll
0x00007ffffaed0000 - 0x00007ffffaed9000 	C:\Windows\SYSTEM32\WSOCK32.dll
0x00007ff815b30000 - 0x00007ff815ba1000 	C:\Windows\System32\WS2_32.dll
0x00007ff80cb80000 - 0x00007ff80cb8a000 	C:\Windows\SYSTEM32\VERSION.dll
0x00007ff8120f0000 - 0x00007ff812108000 	C:\Windows\SYSTEM32\kernel.appcore.dll
0x00007ff80bac0000 - 0x00007ff80baca000 	C:\Program Files\Android\Android Studio\jbr\bin\jimage.dll
0x00007ff8109b0000 - 0x00007ff810bde000 	C:\Windows\SYSTEM32\DBGHELP.DLL
0x00007ff813b30000 - 0x00007ff813eba000 	C:\Windows\System32\combase.dll
0x00007ff813f00000 - 0x00007ff813fd7000 	C:\Windows\System32\OLEAUT32.dll
0x00007ff800220000 - 0x00007ff800252000 	C:\Windows\SYSTEM32\dbgcore.DLL
0x00007ff813630000 - 0x00007ff8136aa000 	C:\Windows\System32\bcryptPrimitives.dll
0x00007fffff210000 - 0x00007fffff235000 	C:\Program Files\Android\Android Studio\jbr\bin\java.dll
0x00007ffffd750000 - 0x00007ffffd768000 	C:\Program Files\Android\Android Studio\jbr\bin\zip.dll
0x00007ff8145c0000 - 0x00007ff814dd6000 	C:\Windows\System32\SHELL32.dll
0x00007ff810fd0000 - 0x00007ff8118ba000 	C:\Windows\SYSTEM32\windows.storage.dll
0x00007ff810e90000 - 0x00007ff810fce000 	C:\Windows\SYSTEM32\wintypes.dll
0x00007ff813a30000 - 0x00007ff813b23000 	C:\Windows\System32\SHCORE.dll
0x00007ff814090000 - 0x00007ff8140ee000 	C:\Windows\System32\shlwapi.dll
0x00007ff812f80000 - 0x00007ff812fa6000 	C:\Windows\SYSTEM32\profapi.dll
0x00007ffffd6d0000 - 0x00007ffffd6e9000 	C:\Program Files\Android\Android Studio\jbr\bin\net.dll
0x00007ff80b070000 - 0x00007ff80b1a7000 	C:\Windows\SYSTEM32\WINHTTP.dll
0x00007ff812600000 - 0x00007ff812669000 	C:\Windows\system32\mswsock.dll
0x00007ffffd5f0000 - 0x00007ffffd606000 	C:\Program Files\Android\Android Studio\jbr\bin\nio.dll
0x00007ff80a0b0000 - 0x00007ff80a0c0000 	C:\Program Files\Android\Android Studio\jbr\bin\verify.dll
0x00007ff80b9d0000 - 0x00007ff80b9f7000 	C:\Users\SuportSofh\.gradle\native\68d5fa5c4cc2d200863cafc0d521ce42e7d3e7ee720ec0a83991735586a16f82\windows-amd64\native-platform.dll
0x00007fffcd7b0000 - 0x00007fffcd8f4000 	C:\Users\SuportSofh\.gradle\native\e376f236ea51e6404a007f0833ffe2c6e607c4080706a723a18a27aeea778392\windows-amd64\native-platform-file-events.dll
0x00007ff80b7f0000 - 0x00007ff80b7f9000 	C:\Program Files\Android\Android Studio\jbr\bin\management.dll
0x00007ff80b720000 - 0x00007ff80b72b000 	C:\Program Files\Android\Android Studio\jbr\bin\management_ext.dll
0x00007ff815680000 - 0x00007ff815688000 	C:\Windows\System32\PSAPI.DLL
0x00007ff812850000 - 0x00007ff81286b000 	C:\Windows\SYSTEM32\CRYPTSP.dll
0x00007ff812050000 - 0x00007ff812085000 	C:\Windows\system32\rsaenh.dll
0x00007ff8126f0000 - 0x00007ff81271c000 	C:\Windows\SYSTEM32\USERENV.dll
0x00007ff812a10000 - 0x00007ff812a38000 	C:\Windows\SYSTEM32\bcrypt.dll
0x00007ff812870000 - 0x00007ff81287c000 	C:\Windows\SYSTEM32\CRYPTBASE.dll
0x00007ff811b60000 - 0x00007ff811b8d000 	C:\Windows\SYSTEM32\IPHLPAPI.DLL
0x00007ff814430000 - 0x00007ff814439000 	C:\Windows\System32\NSI.dll
0x00007ff808d20000 - 0x00007ff808d39000 	C:\Windows\SYSTEM32\dhcpcsvc6.DLL
0x00007ff8093f0000 - 0x00007ff80940f000 	C:\Windows\SYSTEM32\dhcpcsvc.DLL
0x00007ff811b90000 - 0x00007ff811c83000 	C:\Windows\SYSTEM32\DNSAPI.dll
0x00007ff80a040000 - 0x00007ff80a048000 	C:\Windows\system32\wshunix.dll

dbghelp: loaded successfully - version: 4.0.5 - missing functions: none
symbol engine: initialized successfully - sym options: 0x614 - pdb path: .;C:\Program Files\Android\Android Studio\jbr\bin;C:\Windows\SYSTEM32;C:\Windows\WinSxS\amd64_microsoft.windows.common-controls_6595b64144ccf1df_6.0.22621.2070_none_2713e6537381f706;C:\Program Files\Android\Android Studio\jbr\bin\server;C:\Users\SuportSofh\.gradle\native\68d5fa5c4cc2d200863cafc0d521ce42e7d3e7ee720ec0a83991735586a16f82\windows-amd64;C:\Users\SuportSofh\.gradle\native\e376f236ea51e6404a007f0833ffe2c6e607c4080706a723a18a27aeea778392\windows-amd64

VM Arguments:
jvm_args: --add-opens=java.base/java.util=ALL-UNNAMED --add-opens=java.base/java.lang=ALL-UNNAMED --add-opens=java.base/java.lang.invoke=ALL-UNNAMED --add-opens=java.prefs/java.util.prefs=ALL-UNNAMED --add-opens=java.base/java.nio.charset=ALL-UNNAMED --add-opens=java.base/java.net=ALL-UNNAMED --add-opens=java.base/java.util.concurrent.atomic=ALL-UNNAMED -Xmx2048m -Dfile.encoding=UTF-8 -Duser.country=BR -Duser.language=pt -Duser.variant 
java_command: org.gradle.launcher.daemon.bootstrap.GradleDaemon 8.0
java_class_path (initial): C:\Users\SuportSofh\.gradle\wrapper\dists\gradle-8.0-bin\ca5e32bp14vu59qr306oxotwh\gradle-8.0\lib\gradle-launcher-8.0.jar
Launcher Type: SUN_STANDARD

[Global flags]
     intx CICompilerCount                          = 3                                         {product} {ergonomic}
     uint ConcGCThreads                            = 1                                         {product} {ergonomic}
     uint G1ConcRefinementThreads                  = 4                                         {product} {ergonomic}
   size_t G1HeapRegionSize                         = 1048576                                   {product} {ergonomic}
    uintx GCDrainStackTargetSize                   = 64                                        {product} {ergonomic}
   size_t InitialHeapSize                          = 62914560                                  {product} {ergonomic}
   size_t MarkStackSize                            = 4194304                                   {product} {ergonomic}
   size_t MaxHeapSize                              = 2147483648                                {product} {command line}
   size_t MaxNewSize                               = 1287651328                                {product} {ergonomic}
   size_t MinHeapDeltaBytes                        = 1048576                                   {product} {ergonomic}
   size_t MinHeapSize                              = 8388608                                   {product} {ergonomic}
    uintx NonNMethodCodeHeapSize                   = 5832780                                {pd product} {ergonomic}
    uintx NonProfiledCodeHeapSize                  = 122912730                              {pd product} {ergonomic}
    uintx ProfiledCodeHeapSize                     = 122912730                              {pd product} {ergonomic}
    uintx ReservedCodeCacheSize                    = 251658240                              {pd product} {ergonomic}
     bool SegmentedCodeCache                       = true                                      {product} {ergonomic}
   size_t SoftMaxHeapSize                          = 2147483648                             {manageable} {ergonomic}
     bool UseCompressedClassPointers               = true                           {product lp64_product} {ergonomic}
     bool UseCompressedOops                        = true                           {product lp64_product} {ergonomic}
     bool UseG1GC                                  = true                                      {product} {ergonomic}
     bool UseLargePagesIndividualAllocation        = false                                  {pd product} {ergonomic}

Logging:
Log output configuration:
 #0: stdout all=warning uptime,level,tags
 #1: stderr all=off uptime,level,tags

Environment Variables:
JAVA_HOME=C:\Program Files\Android\Android Studio\jbr
PATH=C:\Windows\System32;C:\Program Files\Eclipse Foundation\jdk-16.0.2.7-hotspot\bin;C:\Program Files\Eclipse Adoptium\jdk-11.0.20.8-hotspot\bin;C:\Program Files (x86)\Common Files\Intel\Shared Libraries\redist\intel64\compiler;C:\Windows\system32;C:\Windows;C:\Windows\System32\Wbem;C:\Windows\System32\WindowsPowerShell\v1.0\;C:\Windows\System32\OpenSSH\;C:\Program Files\Android\Android Studio\jbr\bin\;C:\Program Files\Git\cmd;C:\wamp64\bin\php\php8.1.13;C:\Program Files\Docker\Docker\resources\bin;C:\Program Files\Java\apache-maven-3.9.4\bin;C:\Users\SuportSofh\.m2\repository;C:\Program Files\MySQL\MySQL Shell 8.0\bin\;C:\Users\SuportSofh\AppData\Local\Programs\Python\Python311\Scripts\;C:\Users\SuportSofh\AppData\Local\Programs\Python\Python311\;C:\Users\SuportSofh\AppData\Local\Microsoft\WindowsApps;C:\Users\SuportSofh\AppData\Local\Programs\Microsoft VS Code\bin;C:\Program Files\JetBrains\IntelliJ IDEA Community Edition 2023.1.4\bin;;C:\Users\SuportSofh\AppData\Local\GitHubDesktop\bin;C:\Program Files\JetBrains\PyCharm Community Edition 2023.1.4\bin;
USERNAME=SuportSofh
OS=Windows_NT
PROCESSOR_IDENTIFIER=Intel64 Family 6 Model 140 Stepping 1, GenuineIntel
TMP=C:\Users\SUPORT~1\AppData\Local\Temp
TEMP=C:\Users\SUPORT~1\AppData\Local\Temp



---------------  S Y S T E M  ---------------

OS:
 Windows 11 , 64 bit Build 22621 (10.0.22621.2070)
OS uptime: 7 days 4:06 hours
Hyper-V role detected

CPU: total 4 (initial active 4) (2 cores per cpu, 2 threads per core) family 6 model 140 stepping 1 microcode 0x8a, cx8, cmov, fxsr, ht, mmx, 3dnowpref, sse, sse2, sse3, ssse3, sse4.1, sse4.2, popcnt, lzcnt, tsc, tscinvbit, avx, avx2, aes, erms, clmul, bmi1, bmi2, adx, avx512f, avx512dq, avx512cd, avx512bw, avx512vl, sha, fma, vzeroupper, avx512_vpopcntdq, avx512_vpclmulqdq, avx512_vaes, avx512_vnni, clflush, clflushopt, clwb, avx512_vbmi2, avx512_vbmi, hv

Memory: 4k page, system-wide physical 3819M (266M free)
TotalPageFile size 15595M (AvailPageFile size 27M)
current process WorkingSet (physical memory assigned to process): 228M, peak: 258M
current process commit charge ("private bytes"): 339M, peak: 459M

vm_info: OpenJDK 64-Bit Server VM (17.0.6+0-b2043.56-9586694) for windows-amd64 JRE (17.0.6+0-b2043.56-9586694), built on Feb  9 2023 20:06:20 by "androidbuild" with MS VC++ 16.10 / 16.11 (VS2019)

END.
